[ 2015-05-12T09:10:22+08:00 ] 127.0.0.1 /qis/
INFO: [ app_init ] --START--
INFO: Run Behavior\BuildLiteBehavior [ RunTime:0.000085s ]
INFO: [ app_init ] --END-- [ RunTime:0.034651s ]
INFO: [ app_begin ] --START--
INFO: Run Behavior\ReadHtmlCacheBehavior [ RunTime:0.012067s ]
INFO: [ app_begin ] --END-- [ RunTime:0.012472s ]
INFO: [ view_parse ] --START--
INFO: [ template_filter ] --START--
INFO: Run Behavior\ContentReplaceBehavior [ RunTime:0.000358s ]
INFO: [ template_filter ] --END-- [ RunTime:0.000503s ]
NOTIC: [8] Undefined index: authId E:\xampp\htdocs\QIS\Application\Runtime\Cache\Home\2a94b8bda04ff446dcedd42276fc99ee.php 第 140 行.
INFO: Run Behavior\ParseTemplateBehavior [ RunTime:0.494392s ]
INFO: [ view_parse ] --END-- [ RunTime:0.494713s ]
INFO: [ view_filter ] --START--
INFO: Run Behavior\WriteHtmlCacheBehavior [ RunTime:0.091846s ]
INFO: [ view_filter ] --END-- [ RunTime:0.092015s ]
INFO: [ app_end ] --START--
INFO: Run Behavior\ShowPageTraceBehavior [ RunTime:0.081382s ]
INFO: [ app_end ] --END-- [ RunTime:0.081594s ]

[ 2015-05-12T09:10:28+08:00 ] 127.0.0.1 /qis/index.php/Home/Index/announcement
INFO: [ app_init ] --START--
INFO: Run Behavior\BuildLiteBehavior [ RunTime:0.000046s ]
INFO: [ app_init ] --END-- [ RunTime:0.001454s ]
INFO: [ app_begin ] --START--
INFO: Run Behavior\ReadHtmlCacheBehavior [ RunTime:0.001707s ]
INFO: [ app_begin ] --END-- [ RunTime:0.001904s ]
SQL: SHOW COLUMNS FROM `think_announcement` [ RunTime:0.264229s ]
SQL: SELECT * FROM `think_announcement`  [ RunTime:0.000993s ]
INFO: [ app_end ] --START--
INFO: Run Behavior\ShowPageTraceBehavior [ RunTime:0.001663s ]
INFO: [ app_end ] --END-- [ RunTime:0.001860s ]

[ 2015-05-12T09:10:28+08:00 ] 127.0.0.1 /qis/index.php/Home/Index/announcement
INFO: [ app_init ] --START--
INFO: Run Behavior\BuildLiteBehavior [ RunTime:0.000036s ]
INFO: [ app_init ] --END-- [ RunTime:0.030839s ]
INFO: [ app_begin ] --START--
INFO: Run Behavior\ReadHtmlCacheBehavior [ RunTime:0.001471s ]
INFO: [ app_begin ] --END-- [ RunTime:0.001629s ]
SQL: SHOW COLUMNS FROM `think_announcement` [ RunTime:0.010457s ]
SQL: SELECT * FROM `think_announcement`  [ RunTime:0.000755s ]
INFO: [ app_end ] --START--
INFO: Run Behavior\ShowPageTraceBehavior [ RunTime:0.001992s ]
INFO: [ app_end ] --END-- [ RunTime:0.002378s ]

