[ 2015-05-04T11:02:31+08:00 ] 192.168.30.6 /qis/
INFO: [ app_init ] --START--
INFO: Run Behavior\BuildLiteBehavior [ RunTime:0.000035s ]
INFO: [ app_init ] --END-- [ RunTime:0.022307s ]
INFO: [ app_begin ] --START--
INFO: Run Behavior\ReadHtmlCacheBehavior [ RunTime:0.006180s ]
INFO: [ app_begin ] --END-- [ RunTime:0.006393s ]
INFO: [ view_parse ] --START--
INFO: [ template_filter ] --START--
INFO: Run Behavior\ContentReplaceBehavior [ RunTime:0.000325s ]
INFO: [ template_filter ] --END-- [ RunTime:0.000491s ]
NOTIC: [8] Undefined index: authId E:\xampp\htdocs\QIS\Application\Runtime\Cache\Home\2a94b8bda04ff446dcedd42276fc99ee.php 第 139 行.
INFO: Run Behavior\ParseTemplateBehavior [ RunTime:0.324818s ]
INFO: [ view_parse ] --END-- [ RunTime:0.324968s ]
INFO: [ view_filter ] --START--
INFO: Run Behavior\WriteHtmlCacheBehavior [ RunTime:0.029241s ]
INFO: [ view_filter ] --END-- [ RunTime:0.029375s ]
INFO: [ app_end ] --START--
INFO: Run Behavior\ShowPageTraceBehavior [ RunTime:0.017433s ]
INFO: [ app_end ] --END-- [ RunTime:0.017580s ]

[ 2015-05-04T11:02:35+08:00 ] 192.168.30.6 /qis/index.php/Home/Index/announcement
INFO: [ app_init ] --START--
INFO: Run Behavior\BuildLiteBehavior [ RunTime:0.000035s ]
INFO: [ app_init ] --END-- [ RunTime:0.001223s ]
INFO: [ app_begin ] --START--
INFO: Run Behavior\ReadHtmlCacheBehavior [ RunTime:0.001645s ]
INFO: [ app_begin ] --END-- [ RunTime:0.001813s ]
SQL: SHOW COLUMNS FROM `think_announcement` [ RunTime:0.286751s ]
SQL: SELECT * FROM `think_announcement`  [ RunTime:0.000836s ]
INFO: [ app_end ] --START--
INFO: Run Behavior\ShowPageTraceBehavior [ RunTime:0.001670s ]
INFO: [ app_end ] --END-- [ RunTime:0.001846s ]

