[ 2015-05-25T13:38:09+08:00 ] 127.0.0.1 /qis/
INFO: [ app_init ] --START--
INFO: Run Behavior\BuildLiteBehavior [ RunTime:0.000043s ]
INFO: [ app_init ] --END-- [ RunTime:0.110205s ]
INFO: [ app_begin ] --START--
INFO: Run Behavior\ReadHtmlCacheBehavior [ RunTime:0.012760s ]
INFO: [ app_begin ] --END-- [ RunTime:0.012968s ]
INFO: [ view_parse ] --START--
INFO: [ template_filter ] --START--
INFO: Run Behavior\ContentReplaceBehavior [ RunTime:0.000393s ]
INFO: [ template_filter ] --END-- [ RunTime:0.000543s ]
NOTIC: [8] Undefined index: authId E:\xampp\htdocs\QIS\Application\Runtime\Cache\Home\2a94b8bda04ff446dcedd42276fc99ee.php 第 159 行.
INFO: Run Behavior\ParseTemplateBehavior [ RunTime:0.743565s ]
INFO: [ view_parse ] --END-- [ RunTime:0.743782s ]
INFO: [ view_filter ] --START--
INFO: Run Behavior\WriteHtmlCacheBehavior [ RunTime:0.061708s ]
INFO: [ view_filter ] --END-- [ RunTime:0.061859s ]
INFO: [ app_end ] --START--
INFO: Run Behavior\ShowPageTraceBehavior [ RunTime:0.109499s ]
INFO: [ app_end ] --END-- [ RunTime:0.109779s ]

[ 2015-05-25T13:38:18+08:00 ] 127.0.0.1 /qis/index.php/Home/Index/announcement
INFO: [ app_init ] --START--
INFO: Run Behavior\BuildLiteBehavior [ RunTime:0.000040s ]
INFO: [ app_init ] --END-- [ RunTime:0.001148s ]
INFO: [ app_begin ] --START--
INFO: Run Behavior\ReadHtmlCacheBehavior [ RunTime:0.001368s ]
INFO: [ app_begin ] --END-- [ RunTime:0.001544s ]
SQL: SHOW COLUMNS FROM `think_announcement` [ RunTime:1.2834s ]
SQL: SELECT * FROM `think_announcement` WHERE `status` = 1 ORDER BY id asc LIMIT 0,10   [ RunTime:0.0318s ]
SQL: SELECT COUNT(*) AS tp_count FROM `think_announcement` WHERE `status` = 1 LIMIT 1   [ RunTime:0.1178s ]
INFO: [ app_end ] --START--
INFO: Run Behavior\ShowPageTraceBehavior [ RunTime:0.001607s ]
INFO: [ app_end ] --END-- [ RunTime:0.001769s ]

[ 2015-05-25T13:38:18+08:00 ] 127.0.0.1 /qis/index.php/Home/Index/announcement
INFO: [ app_init ] --START--
INFO: Run Behavior\BuildLiteBehavior [ RunTime:0.000056s ]
INFO: [ app_init ] --END-- [ RunTime:0.001467s ]
INFO: [ app_begin ] --START--
INFO: Run Behavior\ReadHtmlCacheBehavior [ RunTime:0.003600s ]
INFO: [ app_begin ] --END-- [ RunTime:0.004046s ]
SQL: SHOW COLUMNS FROM `think_announcement` [ RunTime:0.0102s ]
SQL: SELECT * FROM `think_announcement` WHERE `status` = 1 ORDER BY id asc LIMIT 0,10   [ RunTime:0.0009s ]
SQL: SELECT COUNT(*) AS tp_count FROM `think_announcement` WHERE `status` = 1 LIMIT 1   [ RunTime:0.0009s ]
INFO: [ app_end ] --START--
INFO: Run Behavior\ShowPageTraceBehavior [ RunTime:0.001786s ]
INFO: [ app_end ] --END-- [ RunTime:0.001931s ]

[ 2015-05-25T13:42:18+08:00 ] 127.0.0.1 /qis/
INFO: [ app_init ] --START--
INFO: Run Behavior\BuildLiteBehavior [ RunTime:0.000039s ]
INFO: [ app_init ] --END-- [ RunTime:0.001304s ]
INFO: [ app_begin ] --START--
INFO: Run Behavior\ReadHtmlCacheBehavior [ RunTime:0.002357s ]
INFO: [ app_begin ] --END-- [ RunTime:0.002548s ]
INFO: [ view_parse ] --START--
INFO: [ template_filter ] --START--
INFO: Run Behavior\ContentReplaceBehavior [ RunTime:0.000338s ]
INFO: [ template_filter ] --END-- [ RunTime:0.000502s ]
NOTIC: [8] Undefined index: authId E:\xampp\htdocs\QIS\Application\Runtime\Cache\Home\2a94b8bda04ff446dcedd42276fc99ee.php 第 159 行.
INFO: Run Behavior\ParseTemplateBehavior [ RunTime:0.046575s ]
INFO: [ view_parse ] --END-- [ RunTime:0.046724s ]
INFO: [ view_filter ] --START--
INFO: Run Behavior\WriteHtmlCacheBehavior [ RunTime:0.001057s ]
INFO: [ view_filter ] --END-- [ RunTime:0.001184s ]
INFO: [ app_end ] --START--
INFO: Run Behavior\ShowPageTraceBehavior [ RunTime:0.004110s ]
INFO: [ app_end ] --END-- [ RunTime:0.004295s ]

[ 2015-05-25T13:42:20+08:00 ] 127.0.0.1 /qis/index.php/Home/Index/announcement
INFO: [ app_init ] --START--
INFO: Run Behavior\BuildLiteBehavior [ RunTime:0.000040s ]
INFO: [ app_init ] --END-- [ RunTime:0.001296s ]
INFO: [ app_begin ] --START--
INFO: Run Behavior\ReadHtmlCacheBehavior [ RunTime:0.002418s ]
INFO: [ app_begin ] --END-- [ RunTime:0.002675s ]
SQL: SHOW COLUMNS FROM `think_announcement` [ RunTime:0.0480s ]
SQL: SELECT * FROM `think_announcement` WHERE `status` = 1 ORDER BY id asc LIMIT 0,10   [ RunTime:0.0014s ]
SQL: SELECT COUNT(*) AS tp_count FROM `think_announcement` WHERE `status` = 1 LIMIT 1   [ RunTime:0.0010s ]
INFO: [ app_end ] --START--
INFO: Run Behavior\ShowPageTraceBehavior [ RunTime:0.001810s ]
INFO: [ app_end ] --END-- [ RunTime:0.001970s ]

[ 2015-05-25T13:42:20+08:00 ] 127.0.0.1 /qis/index.php/Home/Index/announcement
INFO: [ app_init ] --START--
INFO: Run Behavior\BuildLiteBehavior [ RunTime:0.000041s ]
INFO: [ app_init ] --END-- [ RunTime:0.001187s ]
INFO: [ app_begin ] --START--
INFO: Run Behavior\ReadHtmlCacheBehavior [ RunTime:0.002131s ]
INFO: [ app_begin ] --END-- [ RunTime:0.002441s ]
SQL: SHOW COLUMNS FROM `think_announcement` [ RunTime:0.0212s ]
SQL: SELECT * FROM `think_announcement` WHERE `status` = 1 ORDER BY id asc LIMIT 0,10   [ RunTime:0.0012s ]
SQL: SELECT COUNT(*) AS tp_count FROM `think_announcement` WHERE `status` = 1 LIMIT 1   [ RunTime:0.0008s ]
INFO: [ app_end ] --START--
INFO: Run Behavior\ShowPageTraceBehavior [ RunTime:0.001650s ]
INFO: [ app_end ] --END-- [ RunTime:0.001810s ]

[ 2015-05-25T13:50:23+08:00 ] 127.0.0.1 /qis/
INFO: [ app_init ] --START--
INFO: Run Behavior\BuildLiteBehavior [ RunTime:0.000042s ]
INFO: [ app_init ] --END-- [ RunTime:0.001314s ]
INFO: [ app_begin ] --START--
INFO: Run Behavior\ReadHtmlCacheBehavior [ RunTime:0.001680s ]
INFO: [ app_begin ] --END-- [ RunTime:0.001870s ]
INFO: [ view_parse ] --START--
INFO: [ template_filter ] --START--
INFO: Run Behavior\ContentReplaceBehavior [ RunTime:0.000330s ]
INFO: [ template_filter ] --END-- [ RunTime:0.000597s ]
NOTIC: [8] Undefined index: authId E:\xampp\htdocs\QIS\Application\Runtime\Cache\Home\2a94b8bda04ff446dcedd42276fc99ee.php 第 159 行.
INFO: Run Behavior\ParseTemplateBehavior [ RunTime:0.037551s ]
INFO: [ view_parse ] --END-- [ RunTime:0.037707s ]
INFO: [ view_filter ] --START--
INFO: Run Behavior\WriteHtmlCacheBehavior [ RunTime:0.001351s ]
INFO: [ view_filter ] --END-- [ RunTime:0.001513s ]
INFO: [ app_end ] --START--
INFO: Run Behavior\ShowPageTraceBehavior [ RunTime:0.004924s ]
INFO: [ app_end ] --END-- [ RunTime:0.005265s ]

[ 2015-05-25T13:50:25+08:00 ] 127.0.0.1 /qis/index.php/Home/Index/announcement
INFO: [ app_init ] --START--
INFO: Run Behavior\BuildLiteBehavior [ RunTime:0.000038s ]
INFO: [ app_init ] --END-- [ RunTime:0.001251s ]
INFO: [ app_begin ] --START--
INFO: Run Behavior\ReadHtmlCacheBehavior [ RunTime:0.002907s ]
INFO: [ app_begin ] --END-- [ RunTime:0.003099s ]
SQL: SHOW COLUMNS FROM `think_announcement` [ RunTime:0.0280s ]
SQL: SELECT * FROM `think_announcement` WHERE `status` = 1 ORDER BY id asc LIMIT 0,10   [ RunTime:0.0012s ]
SQL: SELECT COUNT(*) AS tp_count FROM `think_announcement` WHERE `status` = 1 LIMIT 1   [ RunTime:0.0010s ]
INFO: [ app_end ] --START--
INFO: Run Behavior\ShowPageTraceBehavior [ RunTime:0.001886s ]
INFO: [ app_end ] --END-- [ RunTime:0.002062s ]

[ 2015-05-25T13:50:26+08:00 ] 127.0.0.1 /qis/index.php/Home/Index/announcement
INFO: [ app_init ] --START--
INFO: Run Behavior\BuildLiteBehavior [ RunTime:0.000043s ]
INFO: [ app_init ] --END-- [ RunTime:0.001144s ]
INFO: [ app_begin ] --START--
INFO: Run Behavior\ReadHtmlCacheBehavior [ RunTime:0.001463s ]
INFO: [ app_begin ] --END-- [ RunTime:0.001645s ]
SQL: SHOW COLUMNS FROM `think_announcement` [ RunTime:0.0218s ]
SQL: SELECT * FROM `think_announcement` WHERE `status` = 1 ORDER BY id asc LIMIT 0,10   [ RunTime:0.0015s ]
SQL: SELECT COUNT(*) AS tp_count FROM `think_announcement` WHERE `status` = 1 LIMIT 1   [ RunTime:0.0011s ]
INFO: [ app_end ] --START--
INFO: Run Behavior\ShowPageTraceBehavior [ RunTime:0.002142s ]
INFO: [ app_end ] --END-- [ RunTime:0.002327s ]

[ 2015-05-25T13:51:33+08:00 ] 127.0.0.1 /qis/
INFO: [ app_init ] --START--
INFO: Run Behavior\BuildLiteBehavior [ RunTime:0.000065s ]
INFO: [ app_init ] --END-- [ RunTime:0.003020s ]
INFO: [ app_begin ] --START--
INFO: Run Behavior\ReadHtmlCacheBehavior [ RunTime:0.001800s ]
INFO: [ app_begin ] --END-- [ RunTime:0.001990s ]
INFO: [ view_parse ] --START--
INFO: [ template_filter ] --START--
INFO: Run Behavior\ContentReplaceBehavior [ RunTime:0.000504s ]
INFO: [ template_filter ] --END-- [ RunTime:0.000688s ]
NOTIC: [8] Undefined index: authId E:\xampp\htdocs\QIS\Application\Runtime\Cache\Home\2a94b8bda04ff446dcedd42276fc99ee.php 第 159 行.
INFO: Run Behavior\ParseTemplateBehavior [ RunTime:0.053999s ]
INFO: [ view_parse ] --END-- [ RunTime:0.054277s ]
INFO: [ view_filter ] --START--
INFO: Run Behavior\WriteHtmlCacheBehavior [ RunTime:0.001865s ]
INFO: [ view_filter ] --END-- [ RunTime:0.001999s ]
INFO: [ app_end ] --START--
INFO: Run Behavior\ShowPageTraceBehavior [ RunTime:0.001846s ]
INFO: [ app_end ] --END-- [ RunTime:0.002062s ]

[ 2015-05-25T13:51:35+08:00 ] 127.0.0.1 /qis/index.php/Home/Index/announcement
INFO: [ app_init ] --START--
INFO: Run Behavior\BuildLiteBehavior [ RunTime:0.000058s ]
INFO: [ app_init ] --END-- [ RunTime:0.001983s ]
INFO: [ app_begin ] --START--
INFO: Run Behavior\ReadHtmlCacheBehavior [ RunTime:0.001813s ]
INFO: [ app_begin ] --END-- [ RunTime:0.002023s ]
SQL: SHOW COLUMNS FROM `think_announcement` [ RunTime:0.0199s ]
SQL: SELECT * FROM `think_announcement` WHERE `status` = 1 ORDER BY id asc LIMIT 0,10   [ RunTime:0.0010s ]
SQL: SELECT COUNT(*) AS tp_count FROM `think_announcement` WHERE `status` = 1 LIMIT 1   [ RunTime:0.0007s ]
INFO: [ app_end ] --START--
INFO: Run Behavior\ShowPageTraceBehavior [ RunTime:0.001562s ]
INFO: [ app_end ] --END-- [ RunTime:0.001692s ]

[ 2015-05-25T13:51:36+08:00 ] 127.0.0.1 /qis/index.php/Home/Index/announcement
INFO: [ app_init ] --START--
INFO: Run Behavior\BuildLiteBehavior [ RunTime:0.000038s ]
INFO: [ app_init ] --END-- [ RunTime:0.003485s ]
INFO: [ app_begin ] --START--
INFO: Run Behavior\ReadHtmlCacheBehavior [ RunTime:0.001310s ]
INFO: [ app_begin ] --END-- [ RunTime:0.001466s ]
SQL: SHOW COLUMNS FROM `think_announcement` [ RunTime:0.0139s ]
SQL: SELECT * FROM `think_announcement` WHERE `status` = 1 ORDER BY id asc LIMIT 0,10   [ RunTime:0.0009s ]
SQL: SELECT COUNT(*) AS tp_count FROM `think_announcement` WHERE `status` = 1 LIMIT 1   [ RunTime:0.0007s ]
INFO: [ app_end ] --START--
INFO: Run Behavior\ShowPageTraceBehavior [ RunTime:0.001417s ]
INFO: [ app_end ] --END-- [ RunTime:0.001551s ]

[ 2015-05-25T13:53:00+08:00 ] 127.0.0.1 /qis/
INFO: [ app_init ] --START--
INFO: Run Behavior\BuildLiteBehavior [ RunTime:0.000040s ]
INFO: [ app_init ] --END-- [ RunTime:0.001146s ]
INFO: [ app_begin ] --START--
INFO: Run Behavior\ReadHtmlCacheBehavior [ RunTime:0.001445s ]
INFO: [ app_begin ] --END-- [ RunTime:0.001619s ]
INFO: [ view_parse ] --START--
INFO: [ template_filter ] --START--
INFO: Run Behavior\ContentReplaceBehavior [ RunTime:0.000515s ]
INFO: [ template_filter ] --END-- [ RunTime:0.000717s ]
NOTIC: [8] Undefined index: authId E:\xampp\htdocs\QIS\Application\Runtime\Cache\Home\2a94b8bda04ff446dcedd42276fc99ee.php 第 159 行.
INFO: Run Behavior\ParseTemplateBehavior [ RunTime:0.052333s ]
INFO: [ view_parse ] --END-- [ RunTime:0.052476s ]
INFO: [ view_filter ] --START--
INFO: Run Behavior\WriteHtmlCacheBehavior [ RunTime:0.001525s ]
INFO: [ view_filter ] --END-- [ RunTime:0.001687s ]
INFO: [ app_end ] --START--
INFO: Run Behavior\ShowPageTraceBehavior [ RunTime:0.001847s ]
INFO: [ app_end ] --END-- [ RunTime:0.002058s ]

[ 2015-05-25T13:53:03+08:00 ] 127.0.0.1 /qis/index.php/Home/Index/announcement
INFO: [ app_init ] --START--
INFO: Run Behavior\BuildLiteBehavior [ RunTime:0.000040s ]
INFO: [ app_init ] --END-- [ RunTime:0.001296s ]
INFO: [ app_begin ] --START--
INFO: Run Behavior\ReadHtmlCacheBehavior [ RunTime:0.001695s ]
INFO: [ app_begin ] --END-- [ RunTime:0.001891s ]
SQL: SHOW COLUMNS FROM `think_announcement` [ RunTime:0.0220s ]
SQL: SELECT * FROM `think_announcement` WHERE `status` = 1 ORDER BY id asc LIMIT 0,10   [ RunTime:0.0015s ]
SQL: SELECT COUNT(*) AS tp_count FROM `think_announcement` WHERE `status` = 1 LIMIT 1   [ RunTime:0.0022s ]
INFO: [ app_end ] --START--
INFO: Run Behavior\ShowPageTraceBehavior [ RunTime:0.002632s ]
INFO: [ app_end ] --END-- [ RunTime:0.002800s ]

[ 2015-05-25T13:53:03+08:00 ] 127.0.0.1 /qis/index.php/Home/Index/announcement
INFO: [ app_init ] --START--
INFO: Run Behavior\BuildLiteBehavior [ RunTime:0.000039s ]
INFO: [ app_init ] --END-- [ RunTime:0.001281s ]
INFO: [ app_begin ] --START--
INFO: Run Behavior\ReadHtmlCacheBehavior [ RunTime:0.001440s ]
INFO: [ app_begin ] --END-- [ RunTime:0.001623s ]
SQL: SHOW COLUMNS FROM `think_announcement` [ RunTime:0.0200s ]
SQL: SELECT * FROM `think_announcement` WHERE `status` = 1 ORDER BY id asc LIMIT 0,10   [ RunTime:0.0009s ]
SQL: SELECT COUNT(*) AS tp_count FROM `think_announcement` WHERE `status` = 1 LIMIT 1   [ RunTime:0.0035s ]
INFO: [ app_end ] --START--
INFO: Run Behavior\ShowPageTraceBehavior [ RunTime:0.001819s ]
INFO: [ app_end ] --END-- [ RunTime:0.001992s ]

[ 2015-05-25T14:00:40+08:00 ] 127.0.0.1 /qis/
INFO: [ app_init ] --START--
INFO: Run Behavior\BuildLiteBehavior [ RunTime:0.000086s ]
INFO: [ app_init ] --END-- [ RunTime:0.003202s ]
INFO: [ app_begin ] --START--
INFO: Run Behavior\ReadHtmlCacheBehavior [ RunTime:0.002449s ]
INFO: [ app_begin ] --END-- [ RunTime:0.002685s ]
INFO: [ view_parse ] --START--
INFO: [ template_filter ] --START--
INFO: Run Behavior\ContentReplaceBehavior [ RunTime:0.000324s ]
INFO: [ template_filter ] --END-- [ RunTime:0.000474s ]
NOTIC: [8] Undefined index: authId E:\xampp\htdocs\QIS\Application\Runtime\Cache\Home\2a94b8bda04ff446dcedd42276fc99ee.php 第 159 行.
INFO: Run Behavior\ParseTemplateBehavior [ RunTime:0.038480s ]
INFO: [ view_parse ] --END-- [ RunTime:0.038643s ]
INFO: [ view_filter ] --START--
INFO: Run Behavior\WriteHtmlCacheBehavior [ RunTime:0.001272s ]
INFO: [ view_filter ] --END-- [ RunTime:0.001423s ]
INFO: [ app_end ] --START--
INFO: Run Behavior\ShowPageTraceBehavior [ RunTime:0.005179s ]
INFO: [ app_end ] --END-- [ RunTime:0.005363s ]

[ 2015-05-25T14:00:42+08:00 ] 127.0.0.1 /qis/index.php/Home/Index/announcement
INFO: [ app_init ] --START--
INFO: Run Behavior\BuildLiteBehavior [ RunTime:0.000044s ]
INFO: [ app_init ] --END-- [ RunTime:0.001352s ]
INFO: [ app_begin ] --START--
INFO: Run Behavior\ReadHtmlCacheBehavior [ RunTime:0.002020s ]
INFO: [ app_begin ] --END-- [ RunTime:0.002218s ]
SQL: SHOW COLUMNS FROM `think_announcement` [ RunTime:0.0232s ]
SQL: SELECT * FROM `think_announcement` WHERE `status` = 1 ORDER BY id asc LIMIT 0,10   [ RunTime:0.0012s ]
SQL: SELECT COUNT(*) AS tp_count FROM `think_announcement` WHERE `status` = 1 LIMIT 1   [ RunTime:0.0010s ]
INFO: [ app_end ] --START--
INFO: Run Behavior\ShowPageTraceBehavior [ RunTime:0.002259s ]
INFO: [ app_end ] --END-- [ RunTime:0.002469s ]

[ 2015-05-25T14:00:43+08:00 ] 127.0.0.1 /qis/index.php/Home/Index/announcement
INFO: [ app_init ] --START--
INFO: Run Behavior\BuildLiteBehavior [ RunTime:0.000041s ]
INFO: [ app_init ] --END-- [ RunTime:0.001171s ]
INFO: [ app_begin ] --START--
INFO: Run Behavior\ReadHtmlCacheBehavior [ RunTime:0.002873s ]
INFO: [ app_begin ] --END-- [ RunTime:0.003072s ]
SQL: SHOW COLUMNS FROM `think_announcement` [ RunTime:0.0143s ]
SQL: SELECT * FROM `think_announcement` WHERE `status` = 1 ORDER BY id asc LIMIT 0,10   [ RunTime:0.0008s ]
SQL: SELECT COUNT(*) AS tp_count FROM `think_announcement` WHERE `status` = 1 LIMIT 1   [ RunTime:0.0007s ]
INFO: [ app_end ] --START--
INFO: Run Behavior\ShowPageTraceBehavior [ RunTime:0.002165s ]
INFO: [ app_end ] --END-- [ RunTime:0.002304s ]

[ 2015-05-25T14:02:52+08:00 ] 127.0.0.1 /qis/
INFO: [ app_init ] --START--
INFO: Run Behavior\BuildLiteBehavior [ RunTime:0.000040s ]
INFO: [ app_init ] --END-- [ RunTime:0.001247s ]
INFO: [ app_begin ] --START--
INFO: Run Behavior\ReadHtmlCacheBehavior [ RunTime:0.001744s ]
INFO: [ app_begin ] --END-- [ RunTime:0.001950s ]
INFO: [ view_parse ] --START--
INFO: [ template_filter ] --START--
INFO: Run Behavior\ContentReplaceBehavior [ RunTime:0.000325s ]
INFO: [ template_filter ] --END-- [ RunTime:0.000475s ]
NOTIC: [8] Undefined index: authId E:\xampp\htdocs\QIS\Application\Runtime\Cache\Home\2a94b8bda04ff446dcedd42276fc99ee.php 第 159 行.
INFO: Run Behavior\ParseTemplateBehavior [ RunTime:0.059532s ]
INFO: [ view_parse ] --END-- [ RunTime:0.059688s ]
INFO: [ view_filter ] --START--
INFO: Run Behavior\WriteHtmlCacheBehavior [ RunTime:0.001433s ]
INFO: [ view_filter ] --END-- [ RunTime:0.001564s ]
INFO: [ app_end ] --START--
INFO: Run Behavior\ShowPageTraceBehavior [ RunTime:0.003980s ]
INFO: [ app_end ] --END-- [ RunTime:0.004174s ]

[ 2015-05-25T14:02:54+08:00 ] 127.0.0.1 /qis/index.php/Home/Index/announcement
INFO: [ app_init ] --START--
INFO: Run Behavior\BuildLiteBehavior [ RunTime:0.000057s ]
INFO: [ app_init ] --END-- [ RunTime:0.002252s ]
INFO: [ app_begin ] --START--
INFO: Run Behavior\ReadHtmlCacheBehavior [ RunTime:0.001726s ]
INFO: [ app_begin ] --END-- [ RunTime:0.001918s ]
SQL: SHOW COLUMNS FROM `think_announcement` [ RunTime:0.0176s ]
SQL: SELECT * FROM `think_announcement` WHERE `status` = 1 ORDER BY id asc LIMIT 0,10   [ RunTime:0.0011s ]
SQL: SELECT COUNT(*) AS tp_count FROM `think_announcement` WHERE `status` = 1 LIMIT 1   [ RunTime:0.0010s ]
INFO: [ app_end ] --START--
INFO: Run Behavior\ShowPageTraceBehavior [ RunTime:0.002555s ]
INFO: [ app_end ] --END-- [ RunTime:0.002728s ]

[ 2015-05-25T14:02:55+08:00 ] 127.0.0.1 /qis/index.php/Home/Index/announcement
INFO: [ app_init ] --START--
INFO: Run Behavior\BuildLiteBehavior [ RunTime:0.000040s ]
INFO: [ app_init ] --END-- [ RunTime:0.001169s ]
INFO: [ app_begin ] --START--
INFO: Run Behavior\ReadHtmlCacheBehavior [ RunTime:0.002130s ]
INFO: [ app_begin ] --END-- [ RunTime:0.002543s ]
SQL: SHOW COLUMNS FROM `think_announcement` [ RunTime:0.0244s ]
SQL: SELECT * FROM `think_announcement` WHERE `status` = 1 ORDER BY id asc LIMIT 0,10   [ RunTime:0.0011s ]
SQL: SELECT COUNT(*) AS tp_count FROM `think_announcement` WHERE `status` = 1 LIMIT 1   [ RunTime:0.0009s ]
INFO: [ app_end ] --START--
INFO: Run Behavior\ShowPageTraceBehavior [ RunTime:0.002101s ]
INFO: [ app_end ] --END-- [ RunTime:0.002272s ]

[ 2015-05-25T14:08:36+08:00 ] 127.0.0.1 /qis/
INFO: [ app_init ] --START--
INFO: Run Behavior\BuildLiteBehavior [ RunTime:0.000041s ]
INFO: [ app_init ] --END-- [ RunTime:0.001279s ]
INFO: [ app_begin ] --START--
INFO: Run Behavior\ReadHtmlCacheBehavior [ RunTime:0.002061s ]
INFO: [ app_begin ] --END-- [ RunTime:0.002253s ]
INFO: [ view_parse ] --START--
INFO: [ template_filter ] --START--
INFO: Run Behavior\ContentReplaceBehavior [ RunTime:0.000334s ]
INFO: [ template_filter ] --END-- [ RunTime:0.000499s ]
NOTIC: [8] Undefined index: authId E:\xampp\htdocs\QIS\Application\Runtime\Cache\Home\2a94b8bda04ff446dcedd42276fc99ee.php 第 159 行.
INFO: Run Behavior\ParseTemplateBehavior [ RunTime:0.061138s ]
INFO: [ view_parse ] --END-- [ RunTime:0.061436s ]
INFO: [ view_filter ] --START--
INFO: Run Behavior\WriteHtmlCacheBehavior [ RunTime:0.001771s ]
INFO: [ view_filter ] --END-- [ RunTime:0.002031s ]
INFO: [ app_end ] --START--
INFO: Run Behavior\ShowPageTraceBehavior [ RunTime:0.002977s ]
INFO: [ app_end ] --END-- [ RunTime:0.003183s ]

[ 2015-05-25T14:08:38+08:00 ] 127.0.0.1 /qis/index.php/Home/Index/announcement
INFO: [ app_init ] --START--
INFO: Run Behavior\BuildLiteBehavior [ RunTime:0.000044s ]
INFO: [ app_init ] --END-- [ RunTime:0.001671s ]
INFO: [ app_begin ] --START--
INFO: Run Behavior\ReadHtmlCacheBehavior [ RunTime:0.001729s ]
INFO: [ app_begin ] --END-- [ RunTime:0.001926s ]
SQL: SHOW COLUMNS FROM `think_announcement` [ RunTime:0.0234s ]
SQL: SELECT * FROM `think_announcement` WHERE `status` = 1 ORDER BY id asc LIMIT 0,10   [ RunTime:0.0014s ]
SQL: SELECT COUNT(*) AS tp_count FROM `think_announcement` WHERE `status` = 1 LIMIT 1   [ RunTime:0.0020s ]
INFO: [ app_end ] --START--
INFO: Run Behavior\ShowPageTraceBehavior [ RunTime:0.002089s ]
INFO: [ app_end ] --END-- [ RunTime:0.002326s ]

[ 2015-05-25T14:08:38+08:00 ] 127.0.0.1 /qis/index.php/Home/Index/announcement
INFO: [ app_init ] --START--
INFO: Run Behavior\BuildLiteBehavior [ RunTime:0.000047s ]
INFO: [ app_init ] --END-- [ RunTime:0.001575s ]
INFO: [ app_begin ] --START--
INFO: Run Behavior\ReadHtmlCacheBehavior [ RunTime:0.001415s ]
INFO: [ app_begin ] --END-- [ RunTime:0.001595s ]
SQL: SHOW COLUMNS FROM `think_announcement` [ RunTime:0.0147s ]
SQL: SELECT * FROM `think_announcement` WHERE `status` = 1 ORDER BY id asc LIMIT 0,10   [ RunTime:0.0011s ]
SQL: SELECT COUNT(*) AS tp_count FROM `think_announcement` WHERE `status` = 1 LIMIT 1   [ RunTime:0.0007s ]
INFO: [ app_end ] --START--
INFO: Run Behavior\ShowPageTraceBehavior [ RunTime:0.001467s ]
INFO: [ app_end ] --END-- [ RunTime:0.001599s ]

[ 2015-05-25T14:13:03+08:00 ] 127.0.0.1 /qis/
INFO: [ app_init ] --START--
INFO: Run Behavior\BuildLiteBehavior [ RunTime:0.000040s ]
INFO: [ app_init ] --END-- [ RunTime:0.001284s ]
INFO: [ app_begin ] --START--
INFO: Run Behavior\ReadHtmlCacheBehavior [ RunTime:0.001565s ]
INFO: [ app_begin ] --END-- [ RunTime:0.001734s ]
INFO: [ view_parse ] --START--
INFO: [ template_filter ] --START--
INFO: Run Behavior\ContentReplaceBehavior [ RunTime:0.000340s ]
INFO: [ template_filter ] --END-- [ RunTime:0.000511s ]
NOTIC: [8] Undefined index: authId E:\xampp\htdocs\QIS\Application\Runtime\Cache\Home\2a94b8bda04ff446dcedd42276fc99ee.php 第 159 行.
INFO: Run Behavior\ParseTemplateBehavior [ RunTime:0.039302s ]
INFO: [ view_parse ] --END-- [ RunTime:0.039603s ]
INFO: [ view_filter ] --START--
INFO: Run Behavior\WriteHtmlCacheBehavior [ RunTime:0.001845s ]
INFO: [ view_filter ] --END-- [ RunTime:0.002101s ]
INFO: [ app_end ] --START--
INFO: Run Behavior\ShowPageTraceBehavior [ RunTime:0.004429s ]
INFO: [ app_end ] --END-- [ RunTime:0.004630s ]

[ 2015-05-25T14:13:04+08:00 ] 127.0.0.1 /qis/index.php/Home/Index/announcement
INFO: [ app_init ] --START--
INFO: Run Behavior\BuildLiteBehavior [ RunTime:0.000041s ]
INFO: [ app_init ] --END-- [ RunTime:0.001354s ]
INFO: [ app_begin ] --START--
INFO: Run Behavior\ReadHtmlCacheBehavior [ RunTime:0.001709s ]
INFO: [ app_begin ] --END-- [ RunTime:0.001897s ]
SQL: SHOW COLUMNS FROM `think_announcement` [ RunTime:0.0233s ]
SQL: SELECT * FROM `think_announcement` WHERE `status` = 1 ORDER BY id asc LIMIT 0,10   [ RunTime:0.0014s ]
SQL: SELECT COUNT(*) AS tp_count FROM `think_announcement` WHERE `status` = 1 LIMIT 1   [ RunTime:0.0012s ]
INFO: [ app_end ] --START--
INFO: Run Behavior\ShowPageTraceBehavior [ RunTime:0.001866s ]
INFO: [ app_end ] --END-- [ RunTime:0.002026s ]

[ 2015-05-25T14:13:05+08:00 ] 127.0.0.1 /qis/index.php/Home/Index/announcement
INFO: [ app_init ] --START--
INFO: Run Behavior\BuildLiteBehavior [ RunTime:0.000047s ]
INFO: [ app_init ] --END-- [ RunTime:0.001293s ]
INFO: [ app_begin ] --START--
INFO: Run Behavior\ReadHtmlCacheBehavior [ RunTime:0.001418s ]
INFO: [ app_begin ] --END-- [ RunTime:0.001596s ]
SQL: SHOW COLUMNS FROM `think_announcement` [ RunTime:0.0220s ]
SQL: SELECT * FROM `think_announcement` WHERE `status` = 1 ORDER BY id asc LIMIT 0,10   [ RunTime:0.0010s ]
SQL: SELECT COUNT(*) AS tp_count FROM `think_announcement` WHERE `status` = 1 LIMIT 1   [ RunTime:0.0010s ]
INFO: [ app_end ] --START--
INFO: Run Behavior\ShowPageTraceBehavior [ RunTime:0.001690s ]
INFO: [ app_end ] --END-- [ RunTime:0.001867s ]

[ 2015-05-25T14:13:39+08:00 ] 127.0.0.1 /qis/
INFO: [ app_init ] --START--
INFO: Run Behavior\BuildLiteBehavior [ RunTime:0.000039s ]
INFO: [ app_init ] --END-- [ RunTime:0.001166s ]
INFO: [ app_begin ] --START--
INFO: Run Behavior\ReadHtmlCacheBehavior [ RunTime:0.001422s ]
INFO: [ app_begin ] --END-- [ RunTime:0.001594s ]
INFO: [ view_parse ] --START--
INFO: [ template_filter ] --START--
INFO: Run Behavior\ContentReplaceBehavior [ RunTime:0.000325s ]
INFO: [ template_filter ] --END-- [ RunTime:0.000469s ]
NOTIC: [8] Undefined index: authId E:\xampp\htdocs\QIS\Application\Runtime\Cache\Home\2a94b8bda04ff446dcedd42276fc99ee.php 第 159 行.
INFO: Run Behavior\ParseTemplateBehavior [ RunTime:0.034748s ]
INFO: [ view_parse ] --END-- [ RunTime:0.034898s ]
INFO: [ view_filter ] --START--
INFO: Run Behavior\WriteHtmlCacheBehavior [ RunTime:0.001054s ]
INFO: [ view_filter ] --END-- [ RunTime:0.001181s ]
INFO: [ app_end ] --START--
INFO: Run Behavior\ShowPageTraceBehavior [ RunTime:0.005489s ]
INFO: [ app_end ] --END-- [ RunTime:0.005659s ]

[ 2015-05-25T14:13:40+08:00 ] 127.0.0.1 /qis/index.php/Home/Index/announcement
INFO: [ app_init ] --START--
INFO: Run Behavior\BuildLiteBehavior [ RunTime:0.000038s ]
INFO: [ app_init ] --END-- [ RunTime:0.001262s ]
INFO: [ app_begin ] --START--
INFO: Run Behavior\ReadHtmlCacheBehavior [ RunTime:0.001893s ]
INFO: [ app_begin ] --END-- [ RunTime:0.002116s ]
SQL: SHOW COLUMNS FROM `think_announcement` [ RunTime:0.0239s ]
SQL: SELECT * FROM `think_announcement` WHERE `status` = 1 ORDER BY id asc LIMIT 0,10   [ RunTime:0.0020s ]
SQL: SELECT COUNT(*) AS tp_count FROM `think_announcement` WHERE `status` = 1 LIMIT 1   [ RunTime:0.0018s ]
INFO: [ app_end ] --START--
INFO: Run Behavior\ShowPageTraceBehavior [ RunTime:0.001881s ]
INFO: [ app_end ] --END-- [ RunTime:0.002047s ]

[ 2015-05-25T14:13:41+08:00 ] 127.0.0.1 /qis/index.php/Home/Index/announcement
INFO: [ app_init ] --START--
INFO: Run Behavior\BuildLiteBehavior [ RunTime:0.000047s ]
INFO: [ app_init ] --END-- [ RunTime:0.001649s ]
INFO: [ app_begin ] --START--
INFO: Run Behavior\ReadHtmlCacheBehavior [ RunTime:0.001635s ]
INFO: [ app_begin ] --END-- [ RunTime:0.001816s ]
SQL: SHOW COLUMNS FROM `think_announcement` [ RunTime:0.0203s ]
SQL: SELECT * FROM `think_announcement` WHERE `status` = 1 ORDER BY id asc LIMIT 0,10   [ RunTime:0.0010s ]
SQL: SELECT COUNT(*) AS tp_count FROM `think_announcement` WHERE `status` = 1 LIMIT 1   [ RunTime:0.0010s ]
INFO: [ app_end ] --START--
INFO: Run Behavior\ShowPageTraceBehavior [ RunTime:0.001606s ]
INFO: [ app_end ] --END-- [ RunTime:0.001765s ]

[ 2015-05-25T14:22:12+08:00 ] 127.0.0.1 /qis/
INFO: [ app_init ] --START--
INFO: Run Behavior\BuildLiteBehavior [ RunTime:0.000041s ]
INFO: [ app_init ] --END-- [ RunTime:0.001374s ]
INFO: [ app_begin ] --START--
INFO: Run Behavior\ReadHtmlCacheBehavior [ RunTime:0.001726s ]
INFO: [ app_begin ] --END-- [ RunTime:0.002051s ]
INFO: [ view_parse ] --START--
INFO: [ template_filter ] --START--
INFO: Run Behavior\ContentReplaceBehavior [ RunTime:0.000328s ]
INFO: [ template_filter ] --END-- [ RunTime:0.000486s ]
NOTIC: [8] Undefined index: authId E:\xampp\htdocs\QIS\Application\Runtime\Cache\Home\2a94b8bda04ff446dcedd42276fc99ee.php 第 159 行.
INFO: Run Behavior\ParseTemplateBehavior [ RunTime:0.039269s ]
INFO: [ view_parse ] --END-- [ RunTime:0.039427s ]
INFO: [ view_filter ] --START--
INFO: Run Behavior\WriteHtmlCacheBehavior [ RunTime:0.001355s ]
INFO: [ view_filter ] --END-- [ RunTime:0.001504s ]
INFO: [ app_end ] --START--
INFO: Run Behavior\ShowPageTraceBehavior [ RunTime:0.002137s ]
INFO: [ app_end ] --END-- [ RunTime:0.002614s ]

[ 2015-05-25T14:22:13+08:00 ] 127.0.0.1 /qis/index.php/Home/Index/announcement
INFO: [ app_init ] --START--
INFO: Run Behavior\BuildLiteBehavior [ RunTime:0.000040s ]
INFO: [ app_init ] --END-- [ RunTime:0.001282s ]
INFO: [ app_begin ] --START--
INFO: Run Behavior\ReadHtmlCacheBehavior [ RunTime:0.001751s ]
INFO: [ app_begin ] --END-- [ RunTime:0.001939s ]
SQL: SHOW COLUMNS FROM `think_announcement` [ RunTime:0.0235s ]
SQL: SELECT * FROM `think_announcement` WHERE `status` = 1 ORDER BY id asc LIMIT 0,10   [ RunTime:0.0012s ]
SQL: SELECT COUNT(*) AS tp_count FROM `think_announcement` WHERE `status` = 1 LIMIT 1   [ RunTime:0.0016s ]
INFO: [ app_end ] --START--
INFO: Run Behavior\ShowPageTraceBehavior [ RunTime:0.002546s ]
INFO: [ app_end ] --END-- [ RunTime:0.002795s ]

[ 2015-05-25T14:22:14+08:00 ] 127.0.0.1 /qis/index.php/Home/Index/announcement
INFO: [ app_init ] --START--
INFO: Run Behavior\BuildLiteBehavior [ RunTime:0.000040s ]
INFO: [ app_init ] --END-- [ RunTime:0.001170s ]
INFO: [ app_begin ] --START--
INFO: Run Behavior\ReadHtmlCacheBehavior [ RunTime:0.001591s ]
INFO: [ app_begin ] --END-- [ RunTime:0.001781s ]
SQL: SHOW COLUMNS FROM `think_announcement` [ RunTime:0.0151s ]
SQL: SELECT * FROM `think_announcement` WHERE `status` = 1 ORDER BY id asc LIMIT 0,10   [ RunTime:0.0022s ]
SQL: SELECT COUNT(*) AS tp_count FROM `think_announcement` WHERE `status` = 1 LIMIT 1   [ RunTime:0.0007s ]
INFO: [ app_end ] --START--
INFO: Run Behavior\ShowPageTraceBehavior [ RunTime:0.001408s ]
INFO: [ app_end ] --END-- [ RunTime:0.001543s ]

[ 2015-05-25T14:23:40+08:00 ] 127.0.0.1 /qis/
INFO: [ app_init ] --START--
INFO: Run Behavior\BuildLiteBehavior [ RunTime:0.000033s ]
INFO: [ app_init ] --END-- [ RunTime:0.000999s ]
INFO: [ app_begin ] --START--
INFO: Run Behavior\ReadHtmlCacheBehavior [ RunTime:0.001277s ]
INFO: [ app_begin ] --END-- [ RunTime:0.001427s ]
INFO: [ view_parse ] --START--
INFO: [ template_filter ] --START--
INFO: Run Behavior\ContentReplaceBehavior [ RunTime:0.000477s ]
INFO: [ template_filter ] --END-- [ RunTime:0.000664s ]
NOTIC: [8] Undefined index: authId E:\xampp\htdocs\QIS\Application\Runtime\Cache\Home\2a94b8bda04ff446dcedd42276fc99ee.php 第 159 行.
INFO: Run Behavior\ParseTemplateBehavior [ RunTime:0.039794s ]
INFO: [ view_parse ] --END-- [ RunTime:0.039953s ]
INFO: [ view_filter ] --START--
INFO: Run Behavior\WriteHtmlCacheBehavior [ RunTime:0.001497s ]
INFO: [ view_filter ] --END-- [ RunTime:0.001656s ]
INFO: [ app_end ] --START--
INFO: Run Behavior\ShowPageTraceBehavior [ RunTime:0.007489s ]
INFO: [ app_end ] --END-- [ RunTime:0.007699s ]

[ 2015-05-25T14:23:44+08:00 ] 127.0.0.1 /qis/index.php/Home/Index/announcement
INFO: [ app_init ] --START--
INFO: Run Behavior\BuildLiteBehavior [ RunTime:0.000061s ]
INFO: [ app_init ] --END-- [ RunTime:0.001770s ]
INFO: [ app_begin ] --START--
INFO: Run Behavior\ReadHtmlCacheBehavior [ RunTime:0.001772s ]
INFO: [ app_begin ] --END-- [ RunTime:0.001981s ]
SQL: SHOW COLUMNS FROM `think_announcement` [ RunTime:0.0181s ]
SQL: SELECT * FROM `think_announcement` WHERE `status` = 1 ORDER BY id asc LIMIT 0,10   [ RunTime:0.0011s ]
SQL: SELECT COUNT(*) AS tp_count FROM `think_announcement` WHERE `status` = 1 LIMIT 1   [ RunTime:0.0011s ]
INFO: [ app_end ] --START--
INFO: Run Behavior\ShowPageTraceBehavior [ RunTime:0.001827s ]
INFO: [ app_end ] --END-- [ RunTime:0.001988s ]

[ 2015-05-25T14:23:45+08:00 ] 127.0.0.1 /qis/index.php/Home/Index/announcement
INFO: [ app_init ] --START--
INFO: Run Behavior\BuildLiteBehavior [ RunTime:0.000046s ]
INFO: [ app_init ] --END-- [ RunTime:0.001314s ]
INFO: [ app_begin ] --START--
INFO: Run Behavior\ReadHtmlCacheBehavior [ RunTime:0.001760s ]
INFO: [ app_begin ] --END-- [ RunTime:0.001976s ]
SQL: SHOW COLUMNS FROM `think_announcement` [ RunTime:0.0235s ]
SQL: SELECT * FROM `think_announcement` WHERE `status` = 1 ORDER BY id asc LIMIT 0,10   [ RunTime:0.0011s ]
SQL: SELECT COUNT(*) AS tp_count FROM `think_announcement` WHERE `status` = 1 LIMIT 1   [ RunTime:0.0010s ]
INFO: [ app_end ] --START--
INFO: Run Behavior\ShowPageTraceBehavior [ RunTime:0.001648s ]
INFO: [ app_end ] --END-- [ RunTime:0.001832s ]

[ 2015-05-25T14:23:54+08:00 ] 127.0.0.1 /qis/
INFO: [ app_init ] --START--
INFO: Run Behavior\BuildLiteBehavior [ RunTime:0.000041s ]
INFO: [ app_init ] --END-- [ RunTime:0.001189s ]
INFO: [ app_begin ] --START--
INFO: Run Behavior\ReadHtmlCacheBehavior [ RunTime:0.001925s ]
INFO: [ app_begin ] --END-- [ RunTime:0.002126s ]
INFO: [ view_parse ] --START--
INFO: [ template_filter ] --START--
INFO: Run Behavior\ContentReplaceBehavior [ RunTime:0.000323s ]
INFO: [ template_filter ] --END-- [ RunTime:0.000476s ]
NOTIC: [8] Undefined index: authId E:\xampp\htdocs\QIS\Application\Runtime\Cache\Home\2a94b8bda04ff446dcedd42276fc99ee.php 第 159 行.
INFO: Run Behavior\ParseTemplateBehavior [ RunTime:0.036886s ]
INFO: [ view_parse ] --END-- [ RunTime:0.037040s ]
INFO: [ view_filter ] --START--
INFO: Run Behavior\WriteHtmlCacheBehavior [ RunTime:0.001034s ]
INFO: [ view_filter ] --END-- [ RunTime:0.001160s ]
INFO: [ app_end ] --START--
INFO: Run Behavior\ShowPageTraceBehavior [ RunTime:0.002378s ]
INFO: [ app_end ] --END-- [ RunTime:0.002576s ]

[ 2015-05-25T14:23:56+08:00 ] 127.0.0.1 /qis/index.php/Home/Index/announcement
INFO: [ app_init ] --START--
INFO: Run Behavior\BuildLiteBehavior [ RunTime:0.000040s ]
INFO: [ app_init ] --END-- [ RunTime:0.001133s ]
INFO: [ app_begin ] --START--
INFO: Run Behavior\ReadHtmlCacheBehavior [ RunTime:0.001416s ]
INFO: [ app_begin ] --END-- [ RunTime:0.001593s ]
SQL: SHOW COLUMNS FROM `think_announcement` [ RunTime:0.0444s ]
SQL: SELECT * FROM `think_announcement` WHERE `status` = 1 ORDER BY id asc LIMIT 0,10   [ RunTime:0.0012s ]
SQL: SELECT COUNT(*) AS tp_count FROM `think_announcement` WHERE `status` = 1 LIMIT 1   [ RunTime:0.0010s ]
INFO: [ app_end ] --START--
INFO: Run Behavior\ShowPageTraceBehavior [ RunTime:0.001615s ]
INFO: [ app_end ] --END-- [ RunTime:0.001778s ]

[ 2015-05-25T14:23:57+08:00 ] 127.0.0.1 /qis/index.php/Home/Index/announcement
INFO: [ app_init ] --START--
INFO: Run Behavior\BuildLiteBehavior [ RunTime:0.000040s ]
INFO: [ app_init ] --END-- [ RunTime:0.001277s ]
INFO: [ app_begin ] --START--
INFO: Run Behavior\ReadHtmlCacheBehavior [ RunTime:0.001463s ]
INFO: [ app_begin ] --END-- [ RunTime:0.001649s ]
SQL: SHOW COLUMNS FROM `think_announcement` [ RunTime:0.0155s ]
SQL: SELECT * FROM `think_announcement` WHERE `status` = 1 ORDER BY id asc LIMIT 0,10   [ RunTime:0.0007s ]
SQL: SELECT COUNT(*) AS tp_count FROM `think_announcement` WHERE `status` = 1 LIMIT 1   [ RunTime:0.0007s ]
INFO: [ app_end ] --START--
INFO: Run Behavior\ShowPageTraceBehavior [ RunTime:0.001453s ]
INFO: [ app_end ] --END-- [ RunTime:0.001584s ]

[ 2015-05-25T14:24:14+08:00 ] 127.0.0.1 /qis/
INFO: [ app_init ] --START--
INFO: Run Behavior\BuildLiteBehavior [ RunTime:0.000048s ]
INFO: [ app_init ] --END-- [ RunTime:0.001769s ]
INFO: [ app_begin ] --START--
INFO: Run Behavior\ReadHtmlCacheBehavior [ RunTime:0.001683s ]
INFO: [ app_begin ] --END-- [ RunTime:0.001880s ]
INFO: [ view_parse ] --START--
INFO: [ template_filter ] --START--
INFO: Run Behavior\ContentReplaceBehavior [ RunTime:0.000477s ]
INFO: [ template_filter ] --END-- [ RunTime:0.000656s ]
NOTIC: [8] Undefined index: authId E:\xampp\htdocs\QIS\Application\Runtime\Cache\Home\2a94b8bda04ff446dcedd42276fc99ee.php 第 159 行.
INFO: Run Behavior\ParseTemplateBehavior [ RunTime:0.035316s ]
INFO: [ view_parse ] --END-- [ RunTime:0.035456s ]
INFO: [ view_filter ] --START--
INFO: Run Behavior\WriteHtmlCacheBehavior [ RunTime:0.001506s ]
INFO: [ view_filter ] --END-- [ RunTime:0.001661s ]
INFO: [ app_end ] --START--
INFO: Run Behavior\ShowPageTraceBehavior [ RunTime:0.002643s ]
INFO: [ app_end ] --END-- [ RunTime:0.002871s ]

[ 2015-05-25T14:24:17+08:00 ] 127.0.0.1 /qis/index.php/Home/Index/announcement
INFO: [ app_init ] --START--
INFO: Run Behavior\BuildLiteBehavior [ RunTime:0.000041s ]
INFO: [ app_init ] --END-- [ RunTime:0.001448s ]
INFO: [ app_begin ] --START--
INFO: Run Behavior\ReadHtmlCacheBehavior [ RunTime:0.001652s ]
INFO: [ app_begin ] --END-- [ RunTime:0.001837s ]
SQL: SHOW COLUMNS FROM `think_announcement` [ RunTime:0.0158s ]
SQL: SELECT * FROM `think_announcement` WHERE `status` = 1 ORDER BY id asc LIMIT 0,10   [ RunTime:0.0013s ]
SQL: SELECT COUNT(*) AS tp_count FROM `think_announcement` WHERE `status` = 1 LIMIT 1   [ RunTime:0.0015s ]
INFO: [ app_end ] --START--
INFO: Run Behavior\ShowPageTraceBehavior [ RunTime:0.002229s ]
INFO: [ app_end ] --END-- [ RunTime:0.002466s ]

[ 2015-05-25T14:24:17+08:00 ] 127.0.0.1 /qis/index.php/Home/Index/announcement
INFO: [ app_init ] --START--
INFO: Run Behavior\BuildLiteBehavior [ RunTime:0.000041s ]
INFO: [ app_init ] --END-- [ RunTime:0.001171s ]
INFO: [ app_begin ] --START--
INFO: Run Behavior\ReadHtmlCacheBehavior [ RunTime:0.001460s ]
INFO: [ app_begin ] --END-- [ RunTime:0.001643s ]
SQL: SHOW COLUMNS FROM `think_announcement` [ RunTime:0.0153s ]
SQL: SELECT * FROM `think_announcement` WHERE `status` = 1 ORDER BY id asc LIMIT 0,10   [ RunTime:0.0009s ]
SQL: SELECT COUNT(*) AS tp_count FROM `think_announcement` WHERE `status` = 1 LIMIT 1   [ RunTime:0.0011s ]
INFO: [ app_end ] --START--
INFO: Run Behavior\ShowPageTraceBehavior [ RunTime:0.001749s ]
INFO: [ app_end ] --END-- [ RunTime:0.001922s ]

[ 2015-05-25T14:24:36+08:00 ] 127.0.0.1 /qis/
INFO: [ app_init ] --START--
INFO: Run Behavior\BuildLiteBehavior [ RunTime:0.000041s ]
INFO: [ app_init ] --END-- [ RunTime:0.001234s ]
INFO: [ app_begin ] --START--
INFO: Run Behavior\ReadHtmlCacheBehavior [ RunTime:0.001833s ]
INFO: [ app_begin ] --END-- [ RunTime:0.002012s ]
INFO: [ view_parse ] --START--
INFO: [ template_filter ] --START--
INFO: Run Behavior\ContentReplaceBehavior [ RunTime:0.000339s ]
INFO: [ template_filter ] --END-- [ RunTime:0.000491s ]
NOTIC: [8] Undefined index: authId E:\xampp\htdocs\QIS\Application\Runtime\Cache\Home\2a94b8bda04ff446dcedd42276fc99ee.php 第 159 行.
INFO: Run Behavior\ParseTemplateBehavior [ RunTime:0.066506s ]
INFO: [ view_parse ] --END-- [ RunTime:0.066693s ]
INFO: [ view_filter ] --START--
INFO: Run Behavior\WriteHtmlCacheBehavior [ RunTime:0.001362s ]
INFO: [ view_filter ] --END-- [ RunTime:0.001510s ]
INFO: [ app_end ] --START--
INFO: Run Behavior\ShowPageTraceBehavior [ RunTime:0.003469s ]
INFO: [ app_end ] --END-- [ RunTime:0.003998s ]

[ 2015-05-25T14:24:39+08:00 ] 127.0.0.1 /qis/index.php/Home/Index/announcement
INFO: [ app_init ] --START--
INFO: Run Behavior\BuildLiteBehavior [ RunTime:0.000037s ]
INFO: [ app_init ] --END-- [ RunTime:0.001152s ]
INFO: [ app_begin ] --START--
INFO: Run Behavior\ReadHtmlCacheBehavior [ RunTime:0.001562s ]
INFO: [ app_begin ] --END-- [ RunTime:0.001727s ]
SQL: SHOW COLUMNS FROM `think_announcement` [ RunTime:0.0174s ]
SQL: SELECT * FROM `think_announcement` WHERE `status` = 1 ORDER BY id asc LIMIT 0,10   [ RunTime:0.0010s ]
SQL: SELECT COUNT(*) AS tp_count FROM `think_announcement` WHERE `status` = 1 LIMIT 1   [ RunTime:0.0011s ]
INFO: [ app_end ] --START--
INFO: Run Behavior\ShowPageTraceBehavior [ RunTime:0.001735s ]
INFO: [ app_end ] --END-- [ RunTime:0.001878s ]

[ 2015-05-25T14:24:39+08:00 ] 127.0.0.1 /qis/index.php/Home/Index/announcement
INFO: [ app_init ] --START--
INFO: Run Behavior\BuildLiteBehavior [ RunTime:0.000035s ]
INFO: [ app_init ] --END-- [ RunTime:0.001532s ]
INFO: [ app_begin ] --START--
INFO: Run Behavior\ReadHtmlCacheBehavior [ RunTime:0.001378s ]
INFO: [ app_begin ] --END-- [ RunTime:0.001529s ]
SQL: SHOW COLUMNS FROM `think_announcement` [ RunTime:0.0151s ]
SQL: SELECT * FROM `think_announcement` WHERE `status` = 1 ORDER BY id asc LIMIT 0,10   [ RunTime:0.0010s ]
SQL: SELECT COUNT(*) AS tp_count FROM `think_announcement` WHERE `status` = 1 LIMIT 1   [ RunTime:0.0009s ]
INFO: [ app_end ] --START--
INFO: Run Behavior\ShowPageTraceBehavior [ RunTime:0.002562s ]
INFO: [ app_end ] --END-- [ RunTime:0.002758s ]

