[ 2015-03-01T09:08:22+08:00 ] 127.0.0.1 /QIS/
INFO: [ app_init ] --START--
INFO: Run Behavior\BuildLiteBehavior [ RunTime:0.000037s ]
INFO: [ app_init ] --END-- [ RunTime:0.021992s ]
INFO: [ app_begin ] --START--
INFO: Run Behavior\ReadHtmlCacheBehavior [ RunTime:0.006445s ]
INFO: [ app_begin ] --END-- [ RunTime:0.006639s ]
INFO: [ view_parse ] --START--
INFO: [ template_filter ] --START--
INFO: Run Behavior\ContentReplaceBehavior [ RunTime:0.000491s ]
INFO: [ template_filter ] --END-- [ RunTime:0.000635s ]
NOTIC: [8] Undefined index: authId E:\xampp\htdocs\QIS\Application\Runtime\Cache\Home\2a94b8bda04ff446dcedd42276fc99ee.php 第 144 行.
NOTIC: [8] Undefined variable: sysName E:\xampp\htdocs\QIS\Application\Runtime\Cache\Home\2a94b8bda04ff446dcedd42276fc99ee.php 第 299 行.
NOTIC: [8] Undefined variable: vistion E:\xampp\htdocs\QIS\Application\Runtime\Cache\Home\2a94b8bda04ff446dcedd42276fc99ee.php 第 300 行.
INFO: Run Behavior\ParseTemplateBehavior [ RunTime:0.318080s ]
INFO: [ view_parse ] --END-- [ RunTime:0.318256s ]
INFO: [ view_filter ] --START--
INFO: Run Behavior\WriteHtmlCacheBehavior [ RunTime:0.009858s ]
INFO: [ view_filter ] --END-- [ RunTime:0.010003s ]
INFO: [ app_end ] --START--
INFO: Run Behavior\ShowPageTraceBehavior [ RunTime:0.034530s ]
INFO: [ app_end ] --END-- [ RunTime:0.034720s ]

[ 2015-03-01T09:09:10+08:00 ] 127.0.0.1 /QIS/
INFO: [ app_init ] --START--
INFO: Run Behavior\BuildLiteBehavior [ RunTime:0.000043s ]
INFO: [ app_init ] --END-- [ RunTime:0.002382s ]
INFO: [ app_begin ] --START--
INFO: Run Behavior\ReadHtmlCacheBehavior [ RunTime:0.001709s ]
INFO: [ app_begin ] --END-- [ RunTime:0.002003s ]
INFO: [ view_parse ] --START--
INFO: [ template_filter ] --START--
INFO: Run Behavior\ContentReplaceBehavior [ RunTime:0.000354s ]
INFO: [ template_filter ] --END-- [ RunTime:0.000520s ]
NOTIC: [8] Undefined variable: sysName E:\xampp\htdocs\QIS\Application\Runtime\Cache\Home\2a94b8bda04ff446dcedd42276fc99ee.php 第 299 行.
NOTIC: [8] Undefined variable: vistion E:\xampp\htdocs\QIS\Application\Runtime\Cache\Home\2a94b8bda04ff446dcedd42276fc99ee.php 第 300 行.
INFO: Run Behavior\ParseTemplateBehavior [ RunTime:0.063126s ]
INFO: [ view_parse ] --END-- [ RunTime:0.063297s ]
INFO: [ view_filter ] --START--
INFO: Run Behavior\WriteHtmlCacheBehavior [ RunTime:0.001094s ]
INFO: [ view_filter ] --END-- [ RunTime:0.001239s ]
INFO: [ app_end ] --START--
INFO: Run Behavior\ShowPageTraceBehavior [ RunTime:0.001565s ]
INFO: [ app_end ] --END-- [ RunTime:0.002701s ]

[ 2015-03-01T09:14:38+08:00 ] 127.0.0.1 /QIS/
INFO: [ app_init ] --START--
INFO: Run Behavior\BuildLiteBehavior [ RunTime:0.000045s ]
INFO: [ app_init ] --END-- [ RunTime:0.001284s ]
INFO: [ app_begin ] --START--
INFO: Run Behavior\ReadHtmlCacheBehavior [ RunTime:0.001416s ]
INFO: [ app_begin ] --END-- [ RunTime:0.001585s ]
INFO: [ view_parse ] --START--
INFO: [ template_filter ] --START--
INFO: Run Behavior\ContentReplaceBehavior [ RunTime:0.000310s ]
INFO: [ template_filter ] --END-- [ RunTime:0.000442s ]
NOTIC: [8] Undefined variable: sysName E:\xampp\htdocs\QIS\Application\Runtime\Cache\Home\2a94b8bda04ff446dcedd42276fc99ee.php 第 299 行.
NOTIC: [8] Undefined variable: vistion E:\xampp\htdocs\QIS\Application\Runtime\Cache\Home\2a94b8bda04ff446dcedd42276fc99ee.php 第 300 行.
INFO: Run Behavior\ParseTemplateBehavior [ RunTime:0.197920s ]
INFO: [ view_parse ] --END-- [ RunTime:0.198055s ]
INFO: [ view_filter ] --START--
INFO: Run Behavior\WriteHtmlCacheBehavior [ RunTime:0.001291s ]
INFO: [ view_filter ] --END-- [ RunTime:0.001427s ]
INFO: [ app_end ] --START--
INFO: Run Behavior\ShowPageTraceBehavior [ RunTime:0.001718s ]
INFO: [ app_end ] --END-- [ RunTime:0.001873s ]

[ 2015-03-01T09:15:01+08:00 ] 127.0.0.1 /QIS/
INFO: [ app_init ] --START--
INFO: Run Behavior\BuildLiteBehavior [ RunTime:0.000043s ]
INFO: [ app_init ] --END-- [ RunTime:0.001344s ]
INFO: [ app_begin ] --START--
INFO: Run Behavior\ReadHtmlCacheBehavior [ RunTime:0.002022s ]
INFO: [ app_begin ] --END-- [ RunTime:0.002222s ]
INFO: [ view_parse ] --START--
INFO: [ template_filter ] --START--
INFO: Run Behavior\ContentReplaceBehavior [ RunTime:0.000321s ]
INFO: [ template_filter ] --END-- [ RunTime:0.000471s ]
NOTIC: [8] Undefined variable: sysName E:\xampp\htdocs\QIS\Application\Runtime\Cache\Home\2a94b8bda04ff446dcedd42276fc99ee.php 第 299 行.
NOTIC: [8] Undefined variable: vistion E:\xampp\htdocs\QIS\Application\Runtime\Cache\Home\2a94b8bda04ff446dcedd42276fc99ee.php 第 300 行.
INFO: Run Behavior\ParseTemplateBehavior [ RunTime:0.045964s ]
INFO: [ view_parse ] --END-- [ RunTime:0.046120s ]
INFO: [ view_filter ] --START--
INFO: Run Behavior\WriteHtmlCacheBehavior [ RunTime:0.001584s ]
INFO: [ view_filter ] --END-- [ RunTime:0.001741s ]
INFO: [ app_end ] --START--
INFO: Run Behavior\ShowPageTraceBehavior [ RunTime:0.002510s ]
INFO: [ app_end ] --END-- [ RunTime:0.002780s ]

[ 2015-03-01T09:21:13+08:00 ] 127.0.0.1 /QIS/
INFO: [ app_init ] --START--
INFO: Run Behavior\BuildLiteBehavior [ RunTime:0.000042s ]
INFO: [ app_init ] --END-- [ RunTime:0.001100s ]
INFO: [ app_begin ] --START--
INFO: Run Behavior\ReadHtmlCacheBehavior [ RunTime:0.001361s ]
INFO: [ app_begin ] --END-- [ RunTime:0.001529s ]
INFO: [ view_parse ] --START--
INFO: [ template_filter ] --START--
INFO: Run Behavior\ContentReplaceBehavior [ RunTime:0.000311s ]
INFO: [ template_filter ] --END-- [ RunTime:0.000464s ]
NOTIC: [8] Undefined variable: sysName E:\xampp\htdocs\QIS\Application\Runtime\Cache\Home\2a94b8bda04ff446dcedd42276fc99ee.php 第 299 行.
NOTIC: [8] Undefined variable: vistion E:\xampp\htdocs\QIS\Application\Runtime\Cache\Home\2a94b8bda04ff446dcedd42276fc99ee.php 第 300 行.
INFO: Run Behavior\ParseTemplateBehavior [ RunTime:0.034959s ]
INFO: [ view_parse ] --END-- [ RunTime:0.035121s ]
INFO: [ view_filter ] --START--
INFO: Run Behavior\WriteHtmlCacheBehavior [ RunTime:0.000960s ]
INFO: [ view_filter ] --END-- [ RunTime:0.001101s ]
INFO: [ app_end ] --START--
INFO: Run Behavior\ShowPageTraceBehavior [ RunTime:0.003138s ]
INFO: [ app_end ] --END-- [ RunTime:0.003305s ]

[ 2015-03-01T09:22:07+08:00 ] 127.0.0.1 /QIS/
INFO: [ app_init ] --START--
INFO: Run Behavior\BuildLiteBehavior [ RunTime:0.000162s ]
INFO: [ app_init ] --END-- [ RunTime:0.001388s ]
INFO: [ app_begin ] --START--
INFO: Run Behavior\ReadHtmlCacheBehavior [ RunTime:0.001454s ]
INFO: [ app_begin ] --END-- [ RunTime:0.001616s ]
INFO: [ view_parse ] --START--
INFO: [ template_filter ] --START--
INFO: Run Behavior\ContentReplaceBehavior [ RunTime:0.000545s ]
INFO: [ template_filter ] --END-- [ RunTime:0.000765s ]
NOTIC: [8] Undefined variable: sysName E:\xampp\htdocs\QIS\Application\Runtime\Cache\Home\2a94b8bda04ff446dcedd42276fc99ee.php 第 299 行.
NOTIC: [8] Undefined variable: vistion E:\xampp\htdocs\QIS\Application\Runtime\Cache\Home\2a94b8bda04ff446dcedd42276fc99ee.php 第 300 行.
INFO: Run Behavior\ParseTemplateBehavior [ RunTime:0.045508s ]
INFO: [ view_parse ] --END-- [ RunTime:0.045672s ]
INFO: [ view_filter ] --START--
INFO: Run Behavior\WriteHtmlCacheBehavior [ RunTime:0.001451s ]
INFO: [ view_filter ] --END-- [ RunTime:0.001607s ]
INFO: [ app_end ] --START--
INFO: Run Behavior\ShowPageTraceBehavior [ RunTime:0.003310s ]
INFO: [ app_end ] --END-- [ RunTime:0.003482s ]

[ 2015-03-01T09:22:32+08:00 ] 127.0.0.1 /QIS/
INFO: [ app_init ] --START--
INFO: Run Behavior\BuildLiteBehavior [ RunTime:0.000035s ]
INFO: [ app_init ] --END-- [ RunTime:0.000836s ]
INFO: [ app_begin ] --START--
INFO: Run Behavior\ReadHtmlCacheBehavior [ RunTime:0.001077s ]
INFO: [ app_begin ] --END-- [ RunTime:0.001237s ]
INFO: [ view_parse ] --START--
INFO: [ template_filter ] --START--
INFO: Run Behavior\ContentReplaceBehavior [ RunTime:0.000295s ]
INFO: [ template_filter ] --END-- [ RunTime:0.000426s ]
NOTIC: [8] Undefined variable: sysName E:\xampp\htdocs\QIS\Application\Runtime\Cache\Home\2a94b8bda04ff446dcedd42276fc99ee.php 第 299 行.
NOTIC: [8] Undefined variable: vistion E:\xampp\htdocs\QIS\Application\Runtime\Cache\Home\2a94b8bda04ff446dcedd42276fc99ee.php 第 300 行.
INFO: Run Behavior\ParseTemplateBehavior [ RunTime:0.029270s ]
INFO: [ view_parse ] --END-- [ RunTime:0.029409s ]
INFO: [ view_filter ] --START--
INFO: Run Behavior\WriteHtmlCacheBehavior [ RunTime:0.001010s ]
INFO: [ view_filter ] --END-- [ RunTime:0.001173s ]
INFO: [ app_end ] --START--
INFO: Run Behavior\ShowPageTraceBehavior [ RunTime:0.001990s ]
INFO: [ app_end ] --END-- [ RunTime:0.002278s ]

[ 2015-03-01T09:24:25+08:00 ] 127.0.0.1 /QIS/
INFO: [ app_init ] --START--
INFO: Run Behavior\BuildLiteBehavior [ RunTime:0.000044s ]
INFO: [ app_init ] --END-- [ RunTime:0.001193s ]
INFO: [ app_begin ] --START--
INFO: Run Behavior\ReadHtmlCacheBehavior [ RunTime:0.001895s ]
INFO: [ app_begin ] --END-- [ RunTime:0.002104s ]
INFO: [ view_parse ] --START--
INFO: [ template_filter ] --START--
INFO: Run Behavior\ContentReplaceBehavior [ RunTime:0.000298s ]
INFO: [ template_filter ] --END-- [ RunTime:0.000429s ]
NOTIC: [8] Undefined variable: sysName E:\xampp\htdocs\QIS\Application\Runtime\Cache\Home\2a94b8bda04ff446dcedd42276fc99ee.php 第 299 行.
NOTIC: [8] Undefined variable: vistion E:\xampp\htdocs\QIS\Application\Runtime\Cache\Home\2a94b8bda04ff446dcedd42276fc99ee.php 第 300 行.
INFO: Run Behavior\ParseTemplateBehavior [ RunTime:0.035381s ]
INFO: [ view_parse ] --END-- [ RunTime:0.035532s ]
INFO: [ view_filter ] --START--
INFO: Run Behavior\WriteHtmlCacheBehavior [ RunTime:0.001037s ]
INFO: [ view_filter ] --END-- [ RunTime:0.001333s ]
INFO: [ app_end ] --START--
INFO: Run Behavior\ShowPageTraceBehavior [ RunTime:0.003184s ]
INFO: [ app_end ] --END-- [ RunTime:0.003354s ]

[ 2015-03-01T09:24:49+08:00 ] 127.0.0.1 /QIS/
INFO: [ app_init ] --START--
INFO: Run Behavior\BuildLiteBehavior [ RunTime:0.000042s ]
INFO: [ app_init ] --END-- [ RunTime:0.001081s ]
INFO: [ app_begin ] --START--
INFO: Run Behavior\ReadHtmlCacheBehavior [ RunTime:0.001473s ]
INFO: [ app_begin ] --END-- [ RunTime:0.001673s ]
INFO: [ view_parse ] --START--
INFO: [ template_filter ] --START--
INFO: Run Behavior\ContentReplaceBehavior [ RunTime:0.000309s ]
INFO: [ template_filter ] --END-- [ RunTime:0.000463s ]
NOTIC: [8] Undefined variable: sysName E:\xampp\htdocs\QIS\Application\Runtime\Cache\Home\2a94b8bda04ff446dcedd42276fc99ee.php 第 299 行.
NOTIC: [8] Undefined variable: vistion E:\xampp\htdocs\QIS\Application\Runtime\Cache\Home\2a94b8bda04ff446dcedd42276fc99ee.php 第 300 行.
INFO: Run Behavior\ParseTemplateBehavior [ RunTime:0.031567s ]
INFO: [ view_parse ] --END-- [ RunTime:0.031722s ]
INFO: [ view_filter ] --START--
INFO: Run Behavior\WriteHtmlCacheBehavior [ RunTime:0.001034s ]
INFO: [ view_filter ] --END-- [ RunTime:0.001189s ]
INFO: [ app_end ] --START--
INFO: Run Behavior\ShowPageTraceBehavior [ RunTime:0.003145s ]
INFO: [ app_end ] --END-- [ RunTime:0.003326s ]

[ 2015-03-01T09:25:08+08:00 ] 127.0.0.1 /QIS/
INFO: [ app_init ] --START--
INFO: Run Behavior\BuildLiteBehavior [ RunTime:0.000037s ]
INFO: [ app_init ] --END-- [ RunTime:0.000905s ]
INFO: [ app_begin ] --START--
INFO: Run Behavior\ReadHtmlCacheBehavior [ RunTime:0.001466s ]
INFO: [ app_begin ] --END-- [ RunTime:0.001627s ]
INFO: [ view_parse ] --START--
INFO: [ template_filter ] --START--
INFO: Run Behavior\ContentReplaceBehavior [ RunTime:0.000303s ]
INFO: [ template_filter ] --END-- [ RunTime:0.000442s ]
NOTIC: [8] Undefined variable: sysName E:\xampp\htdocs\QIS\Application\Runtime\Cache\Home\2a94b8bda04ff446dcedd42276fc99ee.php 第 299 行.
NOTIC: [8] Undefined variable: vistion E:\xampp\htdocs\QIS\Application\Runtime\Cache\Home\2a94b8bda04ff446dcedd42276fc99ee.php 第 300 行.
INFO: Run Behavior\ParseTemplateBehavior [ RunTime:0.040861s ]
INFO: [ view_parse ] --END-- [ RunTime:0.041011s ]
INFO: [ view_filter ] --START--
INFO: Run Behavior\WriteHtmlCacheBehavior [ RunTime:0.001285s ]
INFO: [ view_filter ] --END-- [ RunTime:0.001449s ]
INFO: [ app_end ] --START--
INFO: Run Behavior\ShowPageTraceBehavior [ RunTime:0.002594s ]
INFO: [ app_end ] --END-- [ RunTime:0.002874s ]

[ 2015-03-01T09:26:16+08:00 ] 127.0.0.1 /QIS/
INFO: [ app_init ] --START--
INFO: Run Behavior\BuildLiteBehavior [ RunTime:0.000037s ]
INFO: [ app_init ] --END-- [ RunTime:0.000874s ]
INFO: [ app_begin ] --START--
INFO: Run Behavior\ReadHtmlCacheBehavior [ RunTime:0.001780s ]
INFO: [ app_begin ] --END-- [ RunTime:0.001971s ]
INFO: [ view_parse ] --START--
INFO: [ template_filter ] --START--
INFO: Run Behavior\ContentReplaceBehavior [ RunTime:0.000312s ]
INFO: [ template_filter ] --END-- [ RunTime:0.000463s ]
NOTIC: [8] Undefined variable: sysName E:\xampp\htdocs\QIS\Application\Runtime\Cache\Home\2a94b8bda04ff446dcedd42276fc99ee.php 第 299 行.
NOTIC: [8] Undefined variable: vistion E:\xampp\htdocs\QIS\Application\Runtime\Cache\Home\2a94b8bda04ff446dcedd42276fc99ee.php 第 300 行.
INFO: Run Behavior\ParseTemplateBehavior [ RunTime:0.033495s ]
INFO: [ view_parse ] --END-- [ RunTime:0.033647s ]
INFO: [ view_filter ] --START--
INFO: Run Behavior\WriteHtmlCacheBehavior [ RunTime:0.001238s ]
INFO: [ view_filter ] --END-- [ RunTime:0.001396s ]
INFO: [ app_end ] --START--
INFO: Run Behavior\ShowPageTraceBehavior [ RunTime:0.003176s ]
INFO: [ app_end ] --END-- [ RunTime:0.003364s ]

[ 2015-03-01T09:27:00+08:00 ] 127.0.0.1 /QIS/
INFO: [ app_init ] --START--
INFO: Run Behavior\BuildLiteBehavior [ RunTime:0.000050s ]
INFO: [ app_init ] --END-- [ RunTime:0.001169s ]
INFO: [ app_begin ] --START--
INFO: Run Behavior\ReadHtmlCacheBehavior [ RunTime:0.006032s ]
INFO: [ app_begin ] --END-- [ RunTime:0.006289s ]
INFO: [ view_parse ] --START--
INFO: [ template_filter ] --START--
INFO: Run Behavior\ContentReplaceBehavior [ RunTime:0.000316s ]
INFO: [ template_filter ] --END-- [ RunTime:0.000470s ]
NOTIC: [8] Undefined variable: sysName E:\xampp\htdocs\QIS\Application\Runtime\Cache\Home\2a94b8bda04ff446dcedd42276fc99ee.php 第 299 行.
NOTIC: [8] Undefined variable: vistion E:\xampp\htdocs\QIS\Application\Runtime\Cache\Home\2a94b8bda04ff446dcedd42276fc99ee.php 第 300 行.
INFO: Run Behavior\ParseTemplateBehavior [ RunTime:0.047063s ]
INFO: [ view_parse ] --END-- [ RunTime:0.047228s ]
INFO: [ view_filter ] --START--
INFO: Run Behavior\WriteHtmlCacheBehavior [ RunTime:0.001031s ]
INFO: [ view_filter ] --END-- [ RunTime:0.001185s ]
INFO: [ app_end ] --START--
INFO: Run Behavior\ShowPageTraceBehavior [ RunTime:0.002041s ]
INFO: [ app_end ] --END-- [ RunTime:0.002231s ]

[ 2015-03-01T10:20:26+08:00 ] 127.0.0.1 /QIS/
INFO: [ app_init ] --START--
INFO: Run Behavior\BuildLiteBehavior [ RunTime:0.000043s ]
INFO: [ app_init ] --END-- [ RunTime:0.001104s ]
INFO: [ app_begin ] --START--
INFO: Run Behavior\ReadHtmlCacheBehavior [ RunTime:0.001473s ]
INFO: [ app_begin ] --END-- [ RunTime:0.001708s ]
INFO: [ view_parse ] --START--
INFO: [ template_filter ] --START--
INFO: Run Behavior\ContentReplaceBehavior [ RunTime:0.000318s ]
INFO: [ template_filter ] --END-- [ RunTime:0.000482s ]
NOTIC: [8] Undefined variable: sysName E:\xampp\htdocs\QIS\Application\Runtime\Cache\Home\2a94b8bda04ff446dcedd42276fc99ee.php 第 299 行.
NOTIC: [8] Undefined variable: vistion E:\xampp\htdocs\QIS\Application\Runtime\Cache\Home\2a94b8bda04ff446dcedd42276fc99ee.php 第 300 行.
INFO: Run Behavior\ParseTemplateBehavior [ RunTime:0.156014s ]
INFO: [ view_parse ] --END-- [ RunTime:0.156185s ]
INFO: [ view_filter ] --START--
INFO: Run Behavior\WriteHtmlCacheBehavior [ RunTime:0.001171s ]
INFO: [ view_filter ] --END-- [ RunTime:0.001338s ]
INFO: [ app_end ] --START--
INFO: Run Behavior\ShowPageTraceBehavior [ RunTime:0.003214s ]
INFO: [ app_end ] --END-- [ RunTime:0.003394s ]

[ 2015-03-01T10:22:04+08:00 ] 127.0.0.1 /QIS/
INFO: [ app_init ] --START--
INFO: Run Behavior\BuildLiteBehavior [ RunTime:0.000035s ]
INFO: [ app_init ] --END-- [ RunTime:0.000901s ]
INFO: [ app_begin ] --START--
INFO: Run Behavior\ReadHtmlCacheBehavior [ RunTime:0.002468s ]
INFO: [ app_begin ] --END-- [ RunTime:0.002656s ]
INFO: [ view_parse ] --START--
INFO: [ template_filter ] --START--
INFO: Run Behavior\ContentReplaceBehavior [ RunTime:0.000292s ]
INFO: [ template_filter ] --END-- [ RunTime:0.000423s ]
NOTIC: [8] Undefined variable: sysName E:\xampp\htdocs\QIS\Application\Runtime\Cache\Home\2a94b8bda04ff446dcedd42276fc99ee.php 第 299 行.
NOTIC: [8] Undefined variable: vistion E:\xampp\htdocs\QIS\Application\Runtime\Cache\Home\2a94b8bda04ff446dcedd42276fc99ee.php 第 300 行.
INFO: Run Behavior\ParseTemplateBehavior [ RunTime:0.035433s ]
INFO: [ view_parse ] --END-- [ RunTime:0.035593s ]
INFO: [ view_filter ] --START--
INFO: Run Behavior\WriteHtmlCacheBehavior [ RunTime:0.001161s ]
INFO: [ view_filter ] --END-- [ RunTime:0.001318s ]
INFO: [ app_end ] --START--
INFO: Run Behavior\ShowPageTraceBehavior [ RunTime:0.004769s ]
INFO: [ app_end ] --END-- [ RunTime:0.004953s ]

[ 2015-03-01T10:30:07+08:00 ] 127.0.0.1 /QIS/
INFO: [ app_init ] --START--
INFO: Run Behavior\BuildLiteBehavior [ RunTime:0.000040s ]
INFO: [ app_init ] --END-- [ RunTime:0.001180s ]
INFO: [ app_begin ] --START--
INFO: Run Behavior\ReadHtmlCacheBehavior [ RunTime:0.001698s ]
INFO: [ app_begin ] --END-- [ RunTime:0.001918s ]
INFO: [ view_parse ] --START--
INFO: [ template_filter ] --START--
INFO: Run Behavior\ContentReplaceBehavior [ RunTime:0.000348s ]
INFO: [ template_filter ] --END-- [ RunTime:0.000514s ]
NOTIC: [8] Undefined variable: sysName E:\xampp\htdocs\QIS\Application\Runtime\Cache\Home\2a94b8bda04ff446dcedd42276fc99ee.php 第 299 行.
NOTIC: [8] Undefined variable: vistion E:\xampp\htdocs\QIS\Application\Runtime\Cache\Home\2a94b8bda04ff446dcedd42276fc99ee.php 第 300 行.
INFO: Run Behavior\ParseTemplateBehavior [ RunTime:0.038292s ]
INFO: [ view_parse ] --END-- [ RunTime:0.038468s ]
INFO: [ view_filter ] --START--
INFO: Run Behavior\WriteHtmlCacheBehavior [ RunTime:0.001128s ]
INFO: [ view_filter ] --END-- [ RunTime:0.001303s ]
INFO: [ app_end ] --START--
INFO: Run Behavior\ShowPageTraceBehavior [ RunTime:0.003223s ]
INFO: [ app_end ] --END-- [ RunTime:0.004219s ]

[ 2015-03-01T11:13:55+08:00 ] 127.0.0.1 /QIS/
INFO: [ app_init ] --START--
INFO: Run Behavior\BuildLiteBehavior [ RunTime:0.000044s ]
INFO: [ app_init ] --END-- [ RunTime:0.005724s ]
INFO: [ app_begin ] --START--
INFO: Run Behavior\ReadHtmlCacheBehavior [ RunTime:0.001513s ]
INFO: [ app_begin ] --END-- [ RunTime:0.001712s ]
INFO: [ view_parse ] --START--
INFO: [ template_filter ] --START--
INFO: Run Behavior\ContentReplaceBehavior [ RunTime:0.000309s ]
INFO: [ template_filter ] --END-- [ RunTime:0.000463s ]
NOTIC: [8] Undefined variable: sysName E:\xampp\htdocs\QIS\Application\Runtime\Cache\Home\2a94b8bda04ff446dcedd42276fc99ee.php 第 299 行.
NOTIC: [8] Undefined variable: vistion E:\xampp\htdocs\QIS\Application\Runtime\Cache\Home\2a94b8bda04ff446dcedd42276fc99ee.php 第 300 行.
INFO: Run Behavior\ParseTemplateBehavior [ RunTime:0.064336s ]
INFO: [ view_parse ] --END-- [ RunTime:0.064487s ]
INFO: [ view_filter ] --START--
INFO: Run Behavior\WriteHtmlCacheBehavior [ RunTime:0.001100s ]
INFO: [ view_filter ] --END-- [ RunTime:0.001259s ]
INFO: [ app_end ] --START--
INFO: Run Behavior\ShowPageTraceBehavior [ RunTime:0.002137s ]
INFO: [ app_end ] --END-- [ RunTime:0.002444s ]

[ 2015-03-01T11:19:03+08:00 ] 127.0.0.1 /QIS/
INFO: [ app_init ] --START--
INFO: Run Behavior\BuildLiteBehavior [ RunTime:0.000051s ]
INFO: [ app_init ] --END-- [ RunTime:0.000947s ]
INFO: [ app_begin ] --START--
INFO: Run Behavior\ReadHtmlCacheBehavior [ RunTime:0.001293s ]
INFO: [ app_begin ] --END-- [ RunTime:0.001457s ]
INFO: [ view_parse ] --START--
INFO: [ template_filter ] --START--
INFO: Run Behavior\ContentReplaceBehavior [ RunTime:0.000313s ]
INFO: [ template_filter ] --END-- [ RunTime:0.000467s ]
NOTIC: [8] Undefined variable: sysName E:\xampp\htdocs\QIS\Application\Runtime\Cache\Home\2a94b8bda04ff446dcedd42276fc99ee.php 第 299 行.
NOTIC: [8] Undefined variable: vistion E:\xampp\htdocs\QIS\Application\Runtime\Cache\Home\2a94b8bda04ff446dcedd42276fc99ee.php 第 300 行.
INFO: Run Behavior\ParseTemplateBehavior [ RunTime:0.033519s ]
INFO: [ view_parse ] --END-- [ RunTime:0.033692s ]
INFO: [ view_filter ] --START--
INFO: Run Behavior\WriteHtmlCacheBehavior [ RunTime:0.001056s ]
INFO: [ view_filter ] --END-- [ RunTime:0.001218s ]
INFO: [ app_end ] --START--
INFO: Run Behavior\ShowPageTraceBehavior [ RunTime:0.002658s ]
INFO: [ app_end ] --END-- [ RunTime:0.002846s ]

[ 2015-03-01T11:20:20+08:00 ] 127.0.0.1 /QIS/
INFO: [ app_init ] --START--
INFO: Run Behavior\BuildLiteBehavior [ RunTime:0.000043s ]
INFO: [ app_init ] --END-- [ RunTime:0.001098s ]
INFO: [ app_begin ] --START--
INFO: Run Behavior\ReadHtmlCacheBehavior [ RunTime:0.002061s ]
INFO: [ app_begin ] --END-- [ RunTime:0.002258s ]
INFO: [ view_parse ] --START--
INFO: [ template_filter ] --START--
INFO: Run Behavior\ContentReplaceBehavior [ RunTime:0.000308s ]
INFO: [ template_filter ] --END-- [ RunTime:0.000458s ]
NOTIC: [8] Undefined variable: sysName E:\xampp\htdocs\QIS\Application\Runtime\Cache\Home\2a94b8bda04ff446dcedd42276fc99ee.php 第 299 行.
NOTIC: [8] Undefined variable: vistion E:\xampp\htdocs\QIS\Application\Runtime\Cache\Home\2a94b8bda04ff446dcedd42276fc99ee.php 第 300 行.
INFO: Run Behavior\ParseTemplateBehavior [ RunTime:0.035376s ]
INFO: [ view_parse ] --END-- [ RunTime:0.035528s ]
INFO: [ view_filter ] --START--
INFO: Run Behavior\WriteHtmlCacheBehavior [ RunTime:0.001222s ]
INFO: [ view_filter ] --END-- [ RunTime:0.001373s ]
INFO: [ app_end ] --START--
INFO: Run Behavior\ShowPageTraceBehavior [ RunTime:0.002842s ]
INFO: [ app_end ] --END-- [ RunTime:0.003026s ]

[ 2015-03-01T11:22:55+08:00 ] 127.0.0.1 /QIS/
INFO: [ app_init ] --START--
INFO: Run Behavior\BuildLiteBehavior [ RunTime:0.000043s ]
INFO: [ app_init ] --END-- [ RunTime:0.001120s ]
INFO: [ app_begin ] --START--
INFO: Run Behavior\ReadHtmlCacheBehavior [ RunTime:0.001353s ]
INFO: [ app_begin ] --END-- [ RunTime:0.001537s ]
INFO: [ view_parse ] --START--
INFO: [ template_filter ] --START--
INFO: Run Behavior\ContentReplaceBehavior [ RunTime:0.000326s ]
INFO: [ template_filter ] --END-- [ RunTime:0.000479s ]
NOTIC: [8] Undefined variable: sysName E:\xampp\htdocs\QIS\Application\Runtime\Cache\Home\2a94b8bda04ff446dcedd42276fc99ee.php 第 299 行.
NOTIC: [8] Undefined variable: vistion E:\xampp\htdocs\QIS\Application\Runtime\Cache\Home\2a94b8bda04ff446dcedd42276fc99ee.php 第 300 行.
INFO: Run Behavior\ParseTemplateBehavior [ RunTime:0.037609s ]
INFO: [ view_parse ] --END-- [ RunTime:0.037794s ]
INFO: [ view_filter ] --START--
INFO: Run Behavior\WriteHtmlCacheBehavior [ RunTime:0.001068s ]
INFO: [ view_filter ] --END-- [ RunTime:0.001236s ]
INFO: [ app_end ] --START--
INFO: Run Behavior\ShowPageTraceBehavior [ RunTime:0.007095s ]
INFO: [ app_end ] --END-- [ RunTime:0.007436s ]

[ 2015-03-01T11:30:23+08:00 ] 127.0.0.1 /QIS/
INFO: [ app_init ] --START--
INFO: Run Behavior\BuildLiteBehavior [ RunTime:0.000046s ]
INFO: [ app_init ] --END-- [ RunTime:0.001593s ]
INFO: [ app_begin ] --START--
INFO: Run Behavior\ReadHtmlCacheBehavior [ RunTime:0.001744s ]
INFO: [ app_begin ] --END-- [ RunTime:0.001958s ]
INFO: [ view_parse ] --START--
INFO: [ template_filter ] --START--
INFO: Run Behavior\ContentReplaceBehavior [ RunTime:0.000319s ]
INFO: [ template_filter ] --END-- [ RunTime:0.000473s ]
NOTIC: [8] Undefined variable: sysName E:\xampp\htdocs\QIS\Application\Runtime\Cache\Home\2a94b8bda04ff446dcedd42276fc99ee.php 第 299 行.
NOTIC: [8] Undefined variable: vistion E:\xampp\htdocs\QIS\Application\Runtime\Cache\Home\2a94b8bda04ff446dcedd42276fc99ee.php 第 300 行.
INFO: Run Behavior\ParseTemplateBehavior [ RunTime:0.036598s ]
INFO: [ view_parse ] --END-- [ RunTime:0.036756s ]
INFO: [ view_filter ] --START--
INFO: Run Behavior\WriteHtmlCacheBehavior [ RunTime:0.002039s ]
INFO: [ view_filter ] --END-- [ RunTime:0.002182s ]
INFO: [ app_end ] --START--
INFO: Run Behavior\ShowPageTraceBehavior [ RunTime:0.002653s ]
INFO: [ app_end ] --END-- [ RunTime:0.002913s ]

[ 2015-03-01T11:31:02+08:00 ] 127.0.0.1 /QIS/
INFO: [ app_init ] --START--
INFO: Run Behavior\BuildLiteBehavior [ RunTime:0.000043s ]
INFO: [ app_init ] --END-- [ RunTime:0.001104s ]
INFO: [ app_begin ] --START--
INFO: Run Behavior\ReadHtmlCacheBehavior [ RunTime:0.001928s ]
INFO: [ app_begin ] --END-- [ RunTime:0.002137s ]
INFO: [ view_parse ] --START--
INFO: [ template_filter ] --START--
INFO: Run Behavior\ContentReplaceBehavior [ RunTime:0.000302s ]
INFO: [ template_filter ] --END-- [ RunTime:0.000465s ]
NOTIC: [8] Undefined variable: sysName E:\xampp\htdocs\QIS\Application\Runtime\Cache\Home\2a94b8bda04ff446dcedd42276fc99ee.php 第 299 行.
NOTIC: [8] Undefined variable: vistion E:\xampp\htdocs\QIS\Application\Runtime\Cache\Home\2a94b8bda04ff446dcedd42276fc99ee.php 第 300 行.
INFO: Run Behavior\ParseTemplateBehavior [ RunTime:0.032692s ]
INFO: [ view_parse ] --END-- [ RunTime:0.032844s ]
INFO: [ view_filter ] --START--
INFO: Run Behavior\WriteHtmlCacheBehavior [ RunTime:0.001027s ]
INFO: [ view_filter ] --END-- [ RunTime:0.001257s ]
INFO: [ app_end ] --START--
INFO: Run Behavior\ShowPageTraceBehavior [ RunTime:0.002648s ]
INFO: [ app_end ] --END-- [ RunTime:0.002817s ]

[ 2015-03-01T11:37:05+08:00 ] 127.0.0.1 /QIS/
INFO: [ app_init ] --START--
INFO: Run Behavior\BuildLiteBehavior [ RunTime:0.000050s ]
INFO: [ app_init ] --END-- [ RunTime:0.001353s ]
INFO: [ app_begin ] --START--
INFO: Run Behavior\ReadHtmlCacheBehavior [ RunTime:0.001998s ]
INFO: [ app_begin ] --END-- [ RunTime:0.002252s ]
INFO: [ view_parse ] --START--
INFO: [ template_filter ] --START--
INFO: Run Behavior\ContentReplaceBehavior [ RunTime:0.000294s ]
INFO: [ template_filter ] --END-- [ RunTime:0.000423s ]
NOTIC: [8] Undefined variable: sysName E:\xampp\htdocs\QIS\Application\Runtime\Cache\Home\2a94b8bda04ff446dcedd42276fc99ee.php 第 299 行.
NOTIC: [8] Undefined variable: vistion E:\xampp\htdocs\QIS\Application\Runtime\Cache\Home\2a94b8bda04ff446dcedd42276fc99ee.php 第 300 行.
INFO: Run Behavior\ParseTemplateBehavior [ RunTime:0.047304s ]
INFO: [ view_parse ] --END-- [ RunTime:0.047473s ]
INFO: [ view_filter ] --START--
INFO: Run Behavior\WriteHtmlCacheBehavior [ RunTime:0.001173s ]
INFO: [ view_filter ] --END-- [ RunTime:0.001329s ]
INFO: [ app_end ] --START--
INFO: Run Behavior\ShowPageTraceBehavior [ RunTime:0.002400s ]
INFO: [ app_end ] --END-- [ RunTime:0.002605s ]

[ 2015-03-01T11:56:12+08:00 ] 127.0.0.1 /QIS/
INFO: [ app_init ] --START--
INFO: Run Behavior\BuildLiteBehavior [ RunTime:0.000044s ]
INFO: [ app_init ] --END-- [ RunTime:0.001134s ]
INFO: [ app_begin ] --START--
INFO: Run Behavior\ReadHtmlCacheBehavior [ RunTime:0.001645s ]
INFO: [ app_begin ] --END-- [ RunTime:0.001829s ]
INFO: [ view_parse ] --START--
INFO: [ template_filter ] --START--
INFO: Run Behavior\ContentReplaceBehavior [ RunTime:0.000302s ]
INFO: [ template_filter ] --END-- [ RunTime:0.000448s ]
NOTIC: [8] Undefined variable: sysName E:\xampp\htdocs\QIS\Application\Runtime\Cache\Home\2a94b8bda04ff446dcedd42276fc99ee.php 第 299 行.
NOTIC: [8] Undefined variable: vistion E:\xampp\htdocs\QIS\Application\Runtime\Cache\Home\2a94b8bda04ff446dcedd42276fc99ee.php 第 300 行.
INFO: Run Behavior\ParseTemplateBehavior [ RunTime:0.034818s ]
INFO: [ view_parse ] --END-- [ RunTime:0.034960s ]
INFO: [ view_filter ] --START--
INFO: Run Behavior\WriteHtmlCacheBehavior [ RunTime:0.000836s ]
INFO: [ view_filter ] --END-- [ RunTime:0.000971s ]
INFO: [ app_end ] --START--
INFO: Run Behavior\ShowPageTraceBehavior [ RunTime:0.002783s ]
INFO: [ app_end ] --END-- [ RunTime:0.002953s ]

[ 2015-03-01T13:28:11+08:00 ] 127.0.0.1 /QIS/
INFO: [ app_init ] --START--
INFO: Run Behavior\BuildLiteBehavior [ RunTime:0.000056s ]
INFO: [ app_init ] --END-- [ RunTime:0.039217s ]
INFO: [ app_begin ] --START--
INFO: Run Behavior\ReadHtmlCacheBehavior [ RunTime:0.045745s ]
INFO: [ app_begin ] --END-- [ RunTime:0.045968s ]
INFO: [ view_parse ] --START--
INFO: [ template_filter ] --START--
INFO: Run Behavior\ContentReplaceBehavior [ RunTime:0.000344s ]
INFO: [ template_filter ] --END-- [ RunTime:0.000478s ]
NOTIC: [8] Undefined variable: sysName E:\xampp\htdocs\QIS\Application\Runtime\Cache\Home\2a94b8bda04ff446dcedd42276fc99ee.php 第 299 行.
NOTIC: [8] Undefined variable: vistion E:\xampp\htdocs\QIS\Application\Runtime\Cache\Home\2a94b8bda04ff446dcedd42276fc99ee.php 第 300 行.
INFO: Run Behavior\ParseTemplateBehavior [ RunTime:0.544760s ]
INFO: [ view_parse ] --END-- [ RunTime:0.544937s ]
INFO: [ view_filter ] --START--
INFO: Run Behavior\WriteHtmlCacheBehavior [ RunTime:0.066905s ]
INFO: [ view_filter ] --END-- [ RunTime:0.067088s ]
INFO: [ app_end ] --START--
INFO: Run Behavior\ShowPageTraceBehavior [ RunTime:0.042729s ]
INFO: [ app_end ] --END-- [ RunTime:0.042933s ]

[ 2015-03-01T13:29:17+08:00 ] 127.0.0.1 /QIS/
INFO: [ app_init ] --START--
INFO: Run Behavior\BuildLiteBehavior [ RunTime:0.000045s ]
INFO: [ app_init ] --END-- [ RunTime:0.001268s ]
INFO: [ app_begin ] --START--
INFO: Run Behavior\ReadHtmlCacheBehavior [ RunTime:0.001260s ]
INFO: [ app_begin ] --END-- [ RunTime:0.001433s ]
INFO: [ view_parse ] --START--
INFO: [ template_filter ] --START--
INFO: Run Behavior\ContentReplaceBehavior [ RunTime:0.000305s ]
INFO: [ template_filter ] --END-- [ RunTime:0.000455s ]
NOTIC: [8] Undefined variable: sysName E:\xampp\htdocs\QIS\Application\Runtime\Cache\Home\2a94b8bda04ff446dcedd42276fc99ee.php 第 299 行.
NOTIC: [8] Undefined variable: vistion E:\xampp\htdocs\QIS\Application\Runtime\Cache\Home\2a94b8bda04ff446dcedd42276fc99ee.php 第 300 行.
INFO: Run Behavior\ParseTemplateBehavior [ RunTime:0.028866s ]
INFO: [ view_parse ] --END-- [ RunTime:0.029018s ]
INFO: [ view_filter ] --START--
INFO: Run Behavior\WriteHtmlCacheBehavior [ RunTime:0.000804s ]
INFO: [ view_filter ] --END-- [ RunTime:0.000961s ]
INFO: [ app_end ] --START--
INFO: Run Behavior\ShowPageTraceBehavior [ RunTime:0.002600s ]
INFO: [ app_end ] --END-- [ RunTime:0.002870s ]

[ 2015-03-01T13:59:21+08:00 ] 127.0.0.1 /QIS/
INFO: [ app_init ] --START--
INFO: Run Behavior\BuildLiteBehavior [ RunTime:0.000043s ]
INFO: [ app_init ] --END-- [ RunTime:0.001512s ]
INFO: [ app_begin ] --START--
INFO: Run Behavior\ReadHtmlCacheBehavior [ RunTime:0.001632s ]
INFO: [ app_begin ] --END-- [ RunTime:0.001824s ]
INFO: [ view_parse ] --START--
INFO: [ template_filter ] --START--
INFO: Run Behavior\ContentReplaceBehavior [ RunTime:0.000296s ]
INFO: [ template_filter ] --END-- [ RunTime:0.000425s ]
NOTIC: [8] Undefined variable: sysName E:\xampp\htdocs\QIS\Application\Runtime\Cache\Home\2a94b8bda04ff446dcedd42276fc99ee.php 第 299 行.
NOTIC: [8] Undefined variable: vistion E:\xampp\htdocs\QIS\Application\Runtime\Cache\Home\2a94b8bda04ff446dcedd42276fc99ee.php 第 300 行.
INFO: Run Behavior\ParseTemplateBehavior [ RunTime:0.155701s ]
INFO: [ view_parse ] --END-- [ RunTime:0.155853s ]
INFO: [ view_filter ] --START--
INFO: Run Behavior\WriteHtmlCacheBehavior [ RunTime:0.001329s ]
INFO: [ view_filter ] --END-- [ RunTime:0.001470s ]
INFO: [ app_end ] --START--
INFO: Run Behavior\ShowPageTraceBehavior [ RunTime:0.004293s ]
INFO: [ app_end ] --END-- [ RunTime:0.004481s ]

[ 2015-03-01T14:00:57+08:00 ] 127.0.0.1 /QIS/
INFO: [ app_init ] --START--
INFO: Run Behavior\BuildLiteBehavior [ RunTime:0.000036s ]
INFO: [ app_init ] --END-- [ RunTime:0.000934s ]
INFO: [ app_begin ] --START--
INFO: Run Behavior\ReadHtmlCacheBehavior [ RunTime:0.001320s ]
INFO: [ app_begin ] --END-- [ RunTime:0.001487s ]
INFO: [ view_parse ] --START--
INFO: [ template_filter ] --START--
INFO: Run Behavior\ContentReplaceBehavior [ RunTime:0.000300s ]
INFO: [ template_filter ] --END-- [ RunTime:0.000436s ]
NOTIC: [8] Undefined variable: sysName E:\xampp\htdocs\QIS\Application\Runtime\Cache\Home\2a94b8bda04ff446dcedd42276fc99ee.php 第 299 行.
NOTIC: [8] Undefined variable: vistion E:\xampp\htdocs\QIS\Application\Runtime\Cache\Home\2a94b8bda04ff446dcedd42276fc99ee.php 第 300 行.
INFO: Run Behavior\ParseTemplateBehavior [ RunTime:0.079041s ]
INFO: [ view_parse ] --END-- [ RunTime:0.079400s ]
INFO: [ view_filter ] --START--
INFO: Run Behavior\WriteHtmlCacheBehavior [ RunTime:0.001038s ]
INFO: [ view_filter ] --END-- [ RunTime:0.001193s ]
INFO: [ app_end ] --START--
INFO: Run Behavior\ShowPageTraceBehavior [ RunTime:0.002252s ]
INFO: [ app_end ] --END-- [ RunTime:0.002517s ]

[ 2015-03-01T14:01:11+08:00 ] 127.0.0.1 /QIS/
INFO: [ app_init ] --START--
INFO: Run Behavior\BuildLiteBehavior [ RunTime:0.000039s ]
INFO: [ app_init ] --END-- [ RunTime:0.002625s ]
INFO: [ app_begin ] --START--
INFO: Run Behavior\ReadHtmlCacheBehavior [ RunTime:0.002711s ]
INFO: [ app_begin ] --END-- [ RunTime:0.002881s ]
INFO: [ view_parse ] --START--
INFO: [ template_filter ] --START--
INFO: Run Behavior\ContentReplaceBehavior [ RunTime:0.000298s ]
INFO: [ template_filter ] --END-- [ RunTime:0.000427s ]
NOTIC: [8] Undefined variable: sysName E:\xampp\htdocs\QIS\Application\Runtime\Cache\Home\2a94b8bda04ff446dcedd42276fc99ee.php 第 299 行.
NOTIC: [8] Undefined variable: vistion E:\xampp\htdocs\QIS\Application\Runtime\Cache\Home\2a94b8bda04ff446dcedd42276fc99ee.php 第 300 行.
INFO: Run Behavior\ParseTemplateBehavior [ RunTime:0.031105s ]
INFO: [ view_parse ] --END-- [ RunTime:0.031247s ]
INFO: [ view_filter ] --START--
INFO: Run Behavior\WriteHtmlCacheBehavior [ RunTime:0.000992s ]
INFO: [ view_filter ] --END-- [ RunTime:0.001168s ]
INFO: [ app_end ] --START--
INFO: Run Behavior\ShowPageTraceBehavior [ RunTime:0.001281s ]
INFO: [ app_end ] --END-- [ RunTime:0.001466s ]

[ 2015-03-01T14:03:07+08:00 ] 127.0.0.1 /QIS/
INFO: [ app_init ] --START--
INFO: Run Behavior\BuildLiteBehavior [ RunTime:0.000047s ]
INFO: [ app_init ] --END-- [ RunTime:0.001121s ]
INFO: [ app_begin ] --START--
INFO: Run Behavior\ReadHtmlCacheBehavior [ RunTime:0.002261s ]
INFO: [ app_begin ] --END-- [ RunTime:0.002489s ]
INFO: [ view_parse ] --START--
INFO: [ template_filter ] --START--
INFO: Run Behavior\ContentReplaceBehavior [ RunTime:0.000361s ]
INFO: [ template_filter ] --END-- [ RunTime:0.000541s ]
NOTIC: [8] Undefined variable: sysName E:\xampp\htdocs\QIS\Application\Runtime\Cache\Home\2a94b8bda04ff446dcedd42276fc99ee.php 第 299 行.
NOTIC: [8] Undefined variable: vistion E:\xampp\htdocs\QIS\Application\Runtime\Cache\Home\2a94b8bda04ff446dcedd42276fc99ee.php 第 300 行.
INFO: Run Behavior\ParseTemplateBehavior [ RunTime:0.036500s ]
INFO: [ view_parse ] --END-- [ RunTime:0.036678s ]
INFO: [ view_filter ] --START--
INFO: Run Behavior\WriteHtmlCacheBehavior [ RunTime:0.000903s ]
INFO: [ view_filter ] --END-- [ RunTime:0.001183s ]
INFO: [ app_end ] --START--
INFO: Run Behavior\ShowPageTraceBehavior [ RunTime:0.002494s ]
INFO: [ app_end ] --END-- [ RunTime:0.002678s ]

[ 2015-03-01T14:20:09+08:00 ] 127.0.0.1 /QIS/
INFO: [ app_init ] --START--
INFO: Run Behavior\BuildLiteBehavior [ RunTime:0.000047s ]
INFO: [ app_init ] --END-- [ RunTime:0.001212s ]
INFO: [ app_begin ] --START--
INFO: Run Behavior\ReadHtmlCacheBehavior [ RunTime:0.002418s ]
INFO: [ app_begin ] --END-- [ RunTime:0.002765s ]
INFO: [ view_parse ] --START--
INFO: [ template_filter ] --START--
INFO: Run Behavior\ContentReplaceBehavior [ RunTime:0.000364s ]
INFO: [ template_filter ] --END-- [ RunTime:0.000574s ]
NOTIC: [8] Undefined variable: sysName E:\xampp\htdocs\QIS\Application\Runtime\Cache\Home\2a94b8bda04ff446dcedd42276fc99ee.php 第 299 行.
NOTIC: [8] Undefined variable: vistion E:\xampp\htdocs\QIS\Application\Runtime\Cache\Home\2a94b8bda04ff446dcedd42276fc99ee.php 第 300 行.
INFO: Run Behavior\ParseTemplateBehavior [ RunTime:0.040642s ]
INFO: [ view_parse ] --END-- [ RunTime:0.040801s ]
INFO: [ view_filter ] --START--
INFO: Run Behavior\WriteHtmlCacheBehavior [ RunTime:0.001220s ]
INFO: [ view_filter ] --END-- [ RunTime:0.001388s ]
INFO: [ app_end ] --START--
INFO: Run Behavior\ShowPageTraceBehavior [ RunTime:0.001844s ]
INFO: [ app_end ] --END-- [ RunTime:0.002089s ]

[ 2015-03-01T14:21:14+08:00 ] 127.0.0.1 /QIS/
INFO: [ app_init ] --START--
INFO: Run Behavior\BuildLiteBehavior [ RunTime:0.000042s ]
INFO: [ app_init ] --END-- [ RunTime:0.001125s ]
INFO: [ app_begin ] --START--
INFO: Run Behavior\ReadHtmlCacheBehavior [ RunTime:0.002218s ]
INFO: [ app_begin ] --END-- [ RunTime:0.002437s ]
INFO: [ view_parse ] --START--
INFO: [ template_filter ] --START--
INFO: Run Behavior\ContentReplaceBehavior [ RunTime:0.000294s ]
INFO: [ template_filter ] --END-- [ RunTime:0.000426s ]
NOTIC: [8] Undefined variable: sysName E:\xampp\htdocs\QIS\Application\Runtime\Cache\Home\2a94b8bda04ff446dcedd42276fc99ee.php 第 299 行.
NOTIC: [8] Undefined variable: vistion E:\xampp\htdocs\QIS\Application\Runtime\Cache\Home\2a94b8bda04ff446dcedd42276fc99ee.php 第 300 行.
INFO: Run Behavior\ParseTemplateBehavior [ RunTime:0.045817s ]
INFO: [ view_parse ] --END-- [ RunTime:0.045965s ]
INFO: [ view_filter ] --START--
INFO: Run Behavior\WriteHtmlCacheBehavior [ RunTime:0.001412s ]
INFO: [ view_filter ] --END-- [ RunTime:0.001576s ]
INFO: [ app_end ] --START--
INFO: Run Behavior\ShowPageTraceBehavior [ RunTime:0.003418s ]
INFO: [ app_end ] --END-- [ RunTime:0.003655s ]

[ 2015-03-01T14:21:27+08:00 ] 127.0.0.1 /QIS/
INFO: [ app_init ] --START--
INFO: Run Behavior\BuildLiteBehavior [ RunTime:0.000042s ]
INFO: [ app_init ] --END-- [ RunTime:0.001165s ]
INFO: [ app_begin ] --START--
INFO: Run Behavior\ReadHtmlCacheBehavior [ RunTime:0.001509s ]
INFO: [ app_begin ] --END-- [ RunTime:0.001697s ]
INFO: [ view_parse ] --START--
INFO: [ template_filter ] --START--
INFO: Run Behavior\ContentReplaceBehavior [ RunTime:0.000297s ]
INFO: [ template_filter ] --END-- [ RunTime:0.000429s ]
NOTIC: [8] Undefined variable: sysName E:\xampp\htdocs\QIS\Application\Runtime\Cache\Home\2a94b8bda04ff446dcedd42276fc99ee.php 第 299 行.
NOTIC: [8] Undefined variable: vistion E:\xampp\htdocs\QIS\Application\Runtime\Cache\Home\2a94b8bda04ff446dcedd42276fc99ee.php 第 300 行.
INFO: Run Behavior\ParseTemplateBehavior [ RunTime:0.049965s ]
INFO: [ view_parse ] --END-- [ RunTime:0.050119s ]
INFO: [ view_filter ] --START--
INFO: Run Behavior\WriteHtmlCacheBehavior [ RunTime:0.001009s ]
INFO: [ view_filter ] --END-- [ RunTime:0.001141s ]
INFO: [ app_end ] --START--
INFO: Run Behavior\ShowPageTraceBehavior [ RunTime:0.004551s ]
INFO: [ app_end ] --END-- [ RunTime:0.004738s ]

[ 2015-03-01T14:22:03+08:00 ] 127.0.0.1 /QIS/
INFO: [ app_init ] --START--
INFO: Run Behavior\BuildLiteBehavior [ RunTime:0.000036s ]
INFO: [ app_init ] --END-- [ RunTime:0.000911s ]
INFO: [ app_begin ] --START--
INFO: Run Behavior\ReadHtmlCacheBehavior [ RunTime:0.001673s ]
INFO: [ app_begin ] --END-- [ RunTime:0.001868s ]
INFO: [ view_parse ] --START--
INFO: [ template_filter ] --START--
INFO: Run Behavior\ContentReplaceBehavior [ RunTime:0.000324s ]
INFO: [ template_filter ] --END-- [ RunTime:0.000486s ]
NOTIC: [8] Undefined variable: sysName E:\xampp\htdocs\QIS\Application\Runtime\Cache\Home\2a94b8bda04ff446dcedd42276fc99ee.php 第 299 行.
NOTIC: [8] Undefined variable: vistion E:\xampp\htdocs\QIS\Application\Runtime\Cache\Home\2a94b8bda04ff446dcedd42276fc99ee.php 第 300 行.
INFO: Run Behavior\ParseTemplateBehavior [ RunTime:0.035145s ]
INFO: [ view_parse ] --END-- [ RunTime:0.035303s ]
INFO: [ view_filter ] --START--
INFO: Run Behavior\WriteHtmlCacheBehavior [ RunTime:0.001283s ]
INFO: [ view_filter ] --END-- [ RunTime:0.001439s ]
INFO: [ app_end ] --START--
INFO: Run Behavior\ShowPageTraceBehavior [ RunTime:0.002921s ]
INFO: [ app_end ] --END-- [ RunTime:0.003108s ]

[ 2015-03-01T14:22:30+08:00 ] 127.0.0.1 /QIS/
INFO: [ app_init ] --START--
INFO: Run Behavior\BuildLiteBehavior [ RunTime:0.000036s ]
INFO: [ app_init ] --END-- [ RunTime:0.000864s ]
INFO: [ app_begin ] --START--
INFO: Run Behavior\ReadHtmlCacheBehavior [ RunTime:0.001411s ]
INFO: [ app_begin ] --END-- [ RunTime:0.001617s ]
INFO: [ view_parse ] --START--
INFO: [ template_filter ] --START--
INFO: Run Behavior\ContentReplaceBehavior [ RunTime:0.000295s ]
INFO: [ template_filter ] --END-- [ RunTime:0.000427s ]
NOTIC: [8] Undefined variable: sysName E:\xampp\htdocs\QIS\Application\Runtime\Cache\Home\2a94b8bda04ff446dcedd42276fc99ee.php 第 299 行.
NOTIC: [8] Undefined variable: vistion E:\xampp\htdocs\QIS\Application\Runtime\Cache\Home\2a94b8bda04ff446dcedd42276fc99ee.php 第 300 行.
INFO: Run Behavior\ParseTemplateBehavior [ RunTime:0.035349s ]
INFO: [ view_parse ] --END-- [ RunTime:0.035503s ]
INFO: [ view_filter ] --START--
INFO: Run Behavior\WriteHtmlCacheBehavior [ RunTime:0.001244s ]
INFO: [ view_filter ] --END-- [ RunTime:0.001406s ]
INFO: [ app_end ] --START--
INFO: Run Behavior\ShowPageTraceBehavior [ RunTime:0.002106s ]
INFO: [ app_end ] --END-- [ RunTime:0.002354s ]

[ 2015-03-01T14:28:57+08:00 ] 127.0.0.1 /QIS/
INFO: [ app_init ] --START--
INFO: Run Behavior\BuildLiteBehavior [ RunTime:0.000039s ]
INFO: [ app_init ] --END-- [ RunTime:0.001036s ]
INFO: [ app_begin ] --START--
INFO: Run Behavior\ReadHtmlCacheBehavior [ RunTime:0.002701s ]
INFO: [ app_begin ] --END-- [ RunTime:0.003060s ]
INFO: [ view_parse ] --START--
INFO: [ template_filter ] --START--
INFO: Run Behavior\ContentReplaceBehavior [ RunTime:0.000366s ]
INFO: [ template_filter ] --END-- [ RunTime:0.000543s ]
NOTIC: [8] Undefined variable: sysName E:\xampp\htdocs\QIS\Application\Runtime\Cache\Home\2a94b8bda04ff446dcedd42276fc99ee.php 第 299 行.
NOTIC: [8] Undefined variable: vistion E:\xampp\htdocs\QIS\Application\Runtime\Cache\Home\2a94b8bda04ff446dcedd42276fc99ee.php 第 300 行.
INFO: Run Behavior\ParseTemplateBehavior [ RunTime:0.036927s ]
INFO: [ view_parse ] --END-- [ RunTime:0.037098s ]
INFO: [ view_filter ] --START--
INFO: Run Behavior\WriteHtmlCacheBehavior [ RunTime:0.000930s ]
INFO: [ view_filter ] --END-- [ RunTime:0.001081s ]
INFO: [ app_end ] --START--
INFO: Run Behavior\ShowPageTraceBehavior [ RunTime:0.004387s ]
INFO: [ app_end ] --END-- [ RunTime:0.004826s ]

[ 2015-03-01T15:28:53+08:00 ] 127.0.0.1 /QIS/
INFO: [ app_init ] --START--
INFO: Run Behavior\BuildLiteBehavior [ RunTime:0.000042s ]
INFO: [ app_init ] --END-- [ RunTime:0.001167s ]
INFO: [ app_begin ] --START--
INFO: Run Behavior\ReadHtmlCacheBehavior [ RunTime:0.001580s ]
INFO: [ app_begin ] --END-- [ RunTime:0.001783s ]
INFO: [ view_parse ] --START--
INFO: [ template_filter ] --START--
INFO: Run Behavior\ContentReplaceBehavior [ RunTime:0.000324s ]
INFO: [ template_filter ] --END-- [ RunTime:0.000483s ]
NOTIC: [8] Undefined index: authId E:\xampp\htdocs\QIS\Application\Runtime\Cache\Home\2a94b8bda04ff446dcedd42276fc99ee.php 第 144 行.
NOTIC: [8] Undefined variable: sysName E:\xampp\htdocs\QIS\Application\Runtime\Cache\Home\2a94b8bda04ff446dcedd42276fc99ee.php 第 299 行.
NOTIC: [8] Undefined variable: vistion E:\xampp\htdocs\QIS\Application\Runtime\Cache\Home\2a94b8bda04ff446dcedd42276fc99ee.php 第 300 行.
INFO: Run Behavior\ParseTemplateBehavior [ RunTime:0.195632s ]
INFO: [ view_parse ] --END-- [ RunTime:0.195802s ]
INFO: [ view_filter ] --START--
INFO: Run Behavior\WriteHtmlCacheBehavior [ RunTime:0.008866s ]
INFO: [ view_filter ] --END-- [ RunTime:0.009031s ]
INFO: [ app_end ] --START--
INFO: Run Behavior\ShowPageTraceBehavior [ RunTime:0.002681s ]
INFO: [ app_end ] --END-- [ RunTime:0.002915s ]

[ 2015-03-01T15:35:35+08:00 ] 127.0.0.1 /QIS/
INFO: [ app_init ] --START--
INFO: Run Behavior\BuildLiteBehavior [ RunTime:0.000046s ]
INFO: [ app_init ] --END-- [ RunTime:0.001664s ]
INFO: [ app_begin ] --START--
INFO: Run Behavior\ReadHtmlCacheBehavior [ RunTime:0.001795s ]
INFO: [ app_begin ] --END-- [ RunTime:0.002020s ]
INFO: [ view_parse ] --START--
INFO: [ template_filter ] --START--
INFO: Run Behavior\ContentReplaceBehavior [ RunTime:0.000319s ]
INFO: [ template_filter ] --END-- [ RunTime:0.000476s ]
NOTIC: [8] Undefined variable: sysName E:\xampp\htdocs\QIS\Application\Runtime\Cache\Home\2a94b8bda04ff446dcedd42276fc99ee.php 第 299 行.
NOTIC: [8] Undefined variable: vistion E:\xampp\htdocs\QIS\Application\Runtime\Cache\Home\2a94b8bda04ff446dcedd42276fc99ee.php 第 300 行.
INFO: Run Behavior\ParseTemplateBehavior [ RunTime:0.072342s ]
INFO: [ view_parse ] --END-- [ RunTime:0.072514s ]
INFO: [ view_filter ] --START--
INFO: Run Behavior\WriteHtmlCacheBehavior [ RunTime:0.001421s ]
INFO: [ view_filter ] --END-- [ RunTime:0.001594s ]
INFO: [ app_end ] --START--
INFO: Run Behavior\ShowPageTraceBehavior [ RunTime:0.003801s ]
INFO: [ app_end ] --END-- [ RunTime:0.004043s ]

[ 2015-03-01T15:36:39+08:00 ] 127.0.0.1 /QIS/
INFO: [ app_init ] --START--
INFO: Run Behavior\BuildLiteBehavior [ RunTime:0.000048s ]
INFO: [ app_init ] --END-- [ RunTime:0.001073s ]
INFO: [ app_begin ] --START--
INFO: Run Behavior\ReadHtmlCacheBehavior [ RunTime:0.001612s ]
INFO: [ app_begin ] --END-- [ RunTime:0.001818s ]
INFO: [ view_parse ] --START--
INFO: [ template_filter ] --START--
INFO: Run Behavior\ContentReplaceBehavior [ RunTime:0.000308s ]
INFO: [ template_filter ] --END-- [ RunTime:0.000442s ]
NOTIC: [8] Undefined variable: sysName E:\xampp\htdocs\QIS\Application\Runtime\Cache\Home\2a94b8bda04ff446dcedd42276fc99ee.php 第 299 行.
NOTIC: [8] Undefined variable: vistion E:\xampp\htdocs\QIS\Application\Runtime\Cache\Home\2a94b8bda04ff446dcedd42276fc99ee.php 第 300 行.
INFO: Run Behavior\ParseTemplateBehavior [ RunTime:0.037186s ]
INFO: [ view_parse ] --END-- [ RunTime:0.037440s ]
INFO: [ view_filter ] --START--
INFO: Run Behavior\WriteHtmlCacheBehavior [ RunTime:0.001247s ]
INFO: [ view_filter ] --END-- [ RunTime:0.001386s ]
INFO: [ app_end ] --START--
INFO: Run Behavior\ShowPageTraceBehavior [ RunTime:0.004379s ]
INFO: [ app_end ] --END-- [ RunTime:0.004597s ]

[ 2015-03-01T15:45:25+08:00 ] 127.0.0.1 /QIS/
INFO: [ app_init ] --START--
INFO: Run Behavior\BuildLiteBehavior [ RunTime:0.000042s ]
INFO: [ app_init ] --END-- [ RunTime:0.001178s ]
INFO: [ app_begin ] --START--
INFO: Run Behavior\ReadHtmlCacheBehavior [ RunTime:0.002075s ]
INFO: [ app_begin ] --END-- [ RunTime:0.002268s ]
INFO: [ view_parse ] --START--
INFO: [ template_filter ] --START--
INFO: Run Behavior\ContentReplaceBehavior [ RunTime:0.000330s ]
INFO: [ template_filter ] --END-- [ RunTime:0.000491s ]
NOTIC: [8] Undefined variable: sysName E:\xampp\htdocs\QIS\Application\Runtime\Cache\Home\2a94b8bda04ff446dcedd42276fc99ee.php 第 299 行.
NOTIC: [8] Undefined variable: vistion E:\xampp\htdocs\QIS\Application\Runtime\Cache\Home\2a94b8bda04ff446dcedd42276fc99ee.php 第 300 行.
INFO: Run Behavior\ParseTemplateBehavior [ RunTime:0.037416s ]
INFO: [ view_parse ] --END-- [ RunTime:0.037587s ]
INFO: [ view_filter ] --START--
INFO: Run Behavior\WriteHtmlCacheBehavior [ RunTime:0.001220s ]
INFO: [ view_filter ] --END-- [ RunTime:0.001388s ]
INFO: [ app_end ] --START--
INFO: Run Behavior\ShowPageTraceBehavior [ RunTime:0.004388s ]
INFO: [ app_end ] --END-- [ RunTime:0.004594s ]

[ 2015-03-01T16:04:54+08:00 ] 127.0.0.1 /QIS/
INFO: [ app_init ] --START--
INFO: Run Behavior\BuildLiteBehavior [ RunTime:0.000076s ]
INFO: [ app_init ] --END-- [ RunTime:0.020973s ]
INFO: [ app_begin ] --START--
INFO: Run Behavior\ReadHtmlCacheBehavior [ RunTime:0.015838s ]
INFO: [ app_begin ] --END-- [ RunTime:0.016237s ]
INFO: [ view_parse ] --START--
INFO: [ template_filter ] --START--
INFO: Run Behavior\ContentReplaceBehavior [ RunTime:0.000351s ]
INFO: [ template_filter ] --END-- [ RunTime:0.000496s ]
NOTIC: [8] Undefined variable: sysName E:\xampp\htdocs\QIS\Application\Runtime\Cache\Home\2a94b8bda04ff446dcedd42276fc99ee.php 第 299 行.
NOTIC: [8] Undefined variable: vistion E:\xampp\htdocs\QIS\Application\Runtime\Cache\Home\2a94b8bda04ff446dcedd42276fc99ee.php 第 300 行.
INFO: Run Behavior\ParseTemplateBehavior [ RunTime:0.274796s ]
INFO: [ view_parse ] --END-- [ RunTime:0.275041s ]
INFO: [ view_filter ] --START--
INFO: Run Behavior\WriteHtmlCacheBehavior [ RunTime:0.027644s ]
INFO: [ view_filter ] --END-- [ RunTime:0.027815s ]
INFO: [ app_end ] --START--
INFO: Run Behavior\ShowPageTraceBehavior [ RunTime:0.027971s ]
INFO: [ app_end ] --END-- [ RunTime:0.028224s ]

[ 2015-03-01T16:29:54+08:00 ] 127.0.0.1 /QIS/
INFO: [ app_init ] --START--
INFO: Run Behavior\BuildLiteBehavior [ RunTime:0.000043s ]
INFO: [ app_init ] --END-- [ RunTime:0.001154s ]
INFO: [ app_begin ] --START--
INFO: Run Behavior\ReadHtmlCacheBehavior [ RunTime:0.001571s ]
INFO: [ app_begin ] --END-- [ RunTime:0.001766s ]
INFO: [ view_parse ] --START--
INFO: [ template_filter ] --START--
INFO: Run Behavior\ContentReplaceBehavior [ RunTime:0.000321s ]
INFO: [ template_filter ] --END-- [ RunTime:0.000480s ]
NOTIC: [8] Undefined variable: sysName E:\xampp\htdocs\QIS\Application\Runtime\Cache\Home\2a94b8bda04ff446dcedd42276fc99ee.php 第 299 行.
NOTIC: [8] Undefined variable: vistion E:\xampp\htdocs\QIS\Application\Runtime\Cache\Home\2a94b8bda04ff446dcedd42276fc99ee.php 第 300 行.
INFO: Run Behavior\ParseTemplateBehavior [ RunTime:0.058005s ]
INFO: [ view_parse ] --END-- [ RunTime:0.058166s ]
INFO: [ view_filter ] --START--
INFO: Run Behavior\WriteHtmlCacheBehavior [ RunTime:0.001262s ]
INFO: [ view_filter ] --END-- [ RunTime:0.001423s ]
INFO: [ app_end ] --START--
INFO: Run Behavior\ShowPageTraceBehavior [ RunTime:0.004265s ]
INFO: [ app_end ] --END-- [ RunTime:0.004524s ]

[ 2015-03-01T16:31:39+08:00 ] 127.0.0.1 /QIS/
INFO: [ app_init ] --START--
INFO: Run Behavior\BuildLiteBehavior [ RunTime:0.000043s ]
INFO: [ app_init ] --END-- [ RunTime:0.001162s ]
INFO: [ app_begin ] --START--
INFO: Run Behavior\ReadHtmlCacheBehavior [ RunTime:0.001609s ]
INFO: [ app_begin ] --END-- [ RunTime:0.001811s ]
INFO: [ view_parse ] --START--
INFO: [ template_filter ] --START--
INFO: Run Behavior\ContentReplaceBehavior [ RunTime:0.000332s ]
INFO: [ template_filter ] --END-- [ RunTime:0.000494s ]
NOTIC: [8] Undefined variable: sysName E:\xampp\htdocs\QIS\Application\Runtime\Cache\Home\2a94b8bda04ff446dcedd42276fc99ee.php 第 299 行.
NOTIC: [8] Undefined variable: vistion E:\xampp\htdocs\QIS\Application\Runtime\Cache\Home\2a94b8bda04ff446dcedd42276fc99ee.php 第 300 行.
INFO: Run Behavior\ParseTemplateBehavior [ RunTime:0.034524s ]
INFO: [ view_parse ] --END-- [ RunTime:0.034907s ]
INFO: [ view_filter ] --START--
INFO: Run Behavior\WriteHtmlCacheBehavior [ RunTime:0.001149s ]
INFO: [ view_filter ] --END-- [ RunTime:0.001312s ]
INFO: [ app_end ] --START--
INFO: Run Behavior\ShowPageTraceBehavior [ RunTime:0.003714s ]
INFO: [ app_end ] --END-- [ RunTime:0.004457s ]

[ 2015-03-01T16:33:33+08:00 ] 127.0.0.1 /QIS/
INFO: [ app_init ] --START--
INFO: Run Behavior\BuildLiteBehavior [ RunTime:0.000043s ]
INFO: [ app_init ] --END-- [ RunTime:0.001138s ]
INFO: [ app_begin ] --START--
INFO: Run Behavior\ReadHtmlCacheBehavior [ RunTime:0.001515s ]
INFO: [ app_begin ] --END-- [ RunTime:0.001737s ]
INFO: [ view_parse ] --START--
INFO: [ template_filter ] --START--
INFO: Run Behavior\ContentReplaceBehavior [ RunTime:0.000316s ]
INFO: [ template_filter ] --END-- [ RunTime:0.000472s ]
NOTIC: [8] Undefined variable: sysName E:\xampp\htdocs\QIS\Application\Runtime\Cache\Home\2a94b8bda04ff446dcedd42276fc99ee.php 第 299 行.
NOTIC: [8] Undefined variable: vistion E:\xampp\htdocs\QIS\Application\Runtime\Cache\Home\2a94b8bda04ff446dcedd42276fc99ee.php 第 300 行.
INFO: Run Behavior\ParseTemplateBehavior [ RunTime:0.056386s ]
INFO: [ view_parse ] --END-- [ RunTime:0.056559s ]
INFO: [ view_filter ] --START--
INFO: Run Behavior\WriteHtmlCacheBehavior [ RunTime:0.001105s ]
INFO: [ view_filter ] --END-- [ RunTime:0.001276s ]
INFO: [ app_end ] --START--
INFO: Run Behavior\ShowPageTraceBehavior [ RunTime:0.003743s ]
INFO: [ app_end ] --END-- [ RunTime:0.004093s ]

[ 2015-03-01T16:35:03+08:00 ] 127.0.0.1 /QIS/
INFO: [ app_init ] --START--
INFO: Run Behavior\BuildLiteBehavior [ RunTime:0.000037s ]
INFO: [ app_init ] --END-- [ RunTime:0.000939s ]
INFO: [ app_begin ] --START--
INFO: Run Behavior\ReadHtmlCacheBehavior [ RunTime:0.001553s ]
INFO: [ app_begin ] --END-- [ RunTime:0.001756s ]
INFO: [ view_parse ] --START--
INFO: [ template_filter ] --START--
INFO: Run Behavior\ContentReplaceBehavior [ RunTime:0.000351s ]
INFO: [ template_filter ] --END-- [ RunTime:0.000522s ]
NOTIC: [8] Undefined variable: sysName E:\xampp\htdocs\QIS\Application\Runtime\Cache\Home\2a94b8bda04ff446dcedd42276fc99ee.php 第 299 行.
NOTIC: [8] Undefined variable: vistion E:\xampp\htdocs\QIS\Application\Runtime\Cache\Home\2a94b8bda04ff446dcedd42276fc99ee.php 第 300 行.
INFO: Run Behavior\ParseTemplateBehavior [ RunTime:0.034871s ]
INFO: [ view_parse ] --END-- [ RunTime:0.035056s ]
INFO: [ view_filter ] --START--
INFO: Run Behavior\WriteHtmlCacheBehavior [ RunTime:0.001119s ]
INFO: [ view_filter ] --END-- [ RunTime:0.001293s ]
INFO: [ app_end ] --START--
INFO: Run Behavior\ShowPageTraceBehavior [ RunTime:0.004501s ]
INFO: [ app_end ] --END-- [ RunTime:0.004704s ]

[ 2015-03-01T16:39:38+08:00 ] 127.0.0.1 /QIS/
INFO: [ app_init ] --START--
INFO: Run Behavior\BuildLiteBehavior [ RunTime:0.000063s ]
INFO: [ app_init ] --END-- [ RunTime:0.001158s ]
INFO: [ app_begin ] --START--
INFO: Run Behavior\ReadHtmlCacheBehavior [ RunTime:0.001273s ]
INFO: [ app_begin ] --END-- [ RunTime:0.001464s ]
INFO: [ view_parse ] --START--
INFO: [ template_filter ] --START--
INFO: Run Behavior\ContentReplaceBehavior [ RunTime:0.000308s ]
INFO: [ template_filter ] --END-- [ RunTime:0.000453s ]
NOTIC: [8] Undefined variable: sysName E:\xampp\htdocs\QIS\Application\Runtime\Cache\Home\2a94b8bda04ff446dcedd42276fc99ee.php 第 299 行.
NOTIC: [8] Undefined variable: vistion E:\xampp\htdocs\QIS\Application\Runtime\Cache\Home\2a94b8bda04ff446dcedd42276fc99ee.php 第 300 行.
INFO: Run Behavior\ParseTemplateBehavior [ RunTime:0.035884s ]
INFO: [ view_parse ] --END-- [ RunTime:0.036065s ]
INFO: [ view_filter ] --START--
INFO: Run Behavior\WriteHtmlCacheBehavior [ RunTime:0.001272s ]
INFO: [ view_filter ] --END-- [ RunTime:0.001446s ]
INFO: [ app_end ] --START--
INFO: Run Behavior\ShowPageTraceBehavior [ RunTime:0.005326s ]
INFO: [ app_end ] --END-- [ RunTime:0.005554s ]

[ 2015-03-01T16:47:42+08:00 ] 127.0.0.1 /QIS/
INFO: [ app_init ] --START--
INFO: Run Behavior\BuildLiteBehavior [ RunTime:0.000038s ]
INFO: [ app_init ] --END-- [ RunTime:0.001182s ]
INFO: [ app_begin ] --START--
INFO: Run Behavior\ReadHtmlCacheBehavior [ RunTime:0.001574s ]
INFO: [ app_begin ] --END-- [ RunTime:0.001780s ]
INFO: [ view_parse ] --START--
INFO: [ template_filter ] --START--
INFO: Run Behavior\ContentReplaceBehavior [ RunTime:0.000334s ]
INFO: [ template_filter ] --END-- [ RunTime:0.000504s ]
NOTIC: [8] Undefined variable: sysName E:\xampp\htdocs\QIS\Application\Runtime\Cache\Home\2a94b8bda04ff446dcedd42276fc99ee.php 第 299 行.
NOTIC: [8] Undefined variable: vistion E:\xampp\htdocs\QIS\Application\Runtime\Cache\Home\2a94b8bda04ff446dcedd42276fc99ee.php 第 300 行.
INFO: Run Behavior\ParseTemplateBehavior [ RunTime:0.035687s ]
INFO: [ view_parse ] --END-- [ RunTime:0.035866s ]
INFO: [ view_filter ] --START--
INFO: Run Behavior\WriteHtmlCacheBehavior [ RunTime:0.001469s ]
INFO: [ view_filter ] --END-- [ RunTime:0.001598s ]
INFO: [ app_end ] --START--
INFO: Run Behavior\ShowPageTraceBehavior [ RunTime:0.008484s ]
INFO: [ app_end ] --END-- [ RunTime:0.008656s ]

[ 2015-03-01T16:51:12+08:00 ] 127.0.0.1 /QIS/
INFO: [ app_init ] --START--
INFO: Run Behavior\BuildLiteBehavior [ RunTime:0.000041s ]
INFO: [ app_init ] --END-- [ RunTime:0.001163s ]
INFO: [ app_begin ] --START--
INFO: Run Behavior\ReadHtmlCacheBehavior [ RunTime:0.001741s ]
INFO: [ app_begin ] --END-- [ RunTime:0.001920s ]
INFO: [ view_parse ] --START--
INFO: [ template_filter ] --START--
INFO: Run Behavior\ContentReplaceBehavior [ RunTime:0.000308s ]
INFO: [ template_filter ] --END-- [ RunTime:0.000435s ]
NOTIC: [8] Undefined variable: sysName E:\xampp\htdocs\QIS\Application\Runtime\Cache\Home\2a94b8bda04ff446dcedd42276fc99ee.php 第 299 行.
NOTIC: [8] Undefined variable: vistion E:\xampp\htdocs\QIS\Application\Runtime\Cache\Home\2a94b8bda04ff446dcedd42276fc99ee.php 第 300 行.
INFO: Run Behavior\ParseTemplateBehavior [ RunTime:0.032331s ]
INFO: [ view_parse ] --END-- [ RunTime:0.032559s ]
INFO: [ view_filter ] --START--
INFO: Run Behavior\WriteHtmlCacheBehavior [ RunTime:0.001065s ]
INFO: [ view_filter ] --END-- [ RunTime:0.001220s ]
INFO: [ app_end ] --START--
INFO: Run Behavior\ShowPageTraceBehavior [ RunTime:0.001715s ]
INFO: [ app_end ] --END-- [ RunTime:0.001931s ]

[ 2015-03-01T16:59:01+08:00 ] 127.0.0.1 /QIS/
INFO: [ app_init ] --START--
INFO: Run Behavior\BuildLiteBehavior [ RunTime:0.000041s ]
INFO: [ app_init ] --END-- [ RunTime:0.001150s ]
INFO: [ app_begin ] --START--
INFO: Run Behavior\ReadHtmlCacheBehavior [ RunTime:0.001717s ]
INFO: [ app_begin ] --END-- [ RunTime:0.001933s ]
INFO: [ view_parse ] --START--
INFO: [ template_filter ] --START--
INFO: Run Behavior\ContentReplaceBehavior [ RunTime:0.000307s ]
INFO: [ template_filter ] --END-- [ RunTime:0.000437s ]
NOTIC: [8] Undefined variable: sysName E:\xampp\htdocs\QIS\Application\Runtime\Cache\Home\2a94b8bda04ff446dcedd42276fc99ee.php 第 299 行.
NOTIC: [8] Undefined variable: vistion E:\xampp\htdocs\QIS\Application\Runtime\Cache\Home\2a94b8bda04ff446dcedd42276fc99ee.php 第 300 行.
INFO: Run Behavior\ParseTemplateBehavior [ RunTime:0.037037s ]
INFO: [ view_parse ] --END-- [ RunTime:0.037215s ]
INFO: [ view_filter ] --START--
INFO: Run Behavior\WriteHtmlCacheBehavior [ RunTime:0.001120s ]
INFO: [ view_filter ] --END-- [ RunTime:0.001279s ]
INFO: [ app_end ] --START--
INFO: Run Behavior\ShowPageTraceBehavior [ RunTime:0.004830s ]
INFO: [ app_end ] --END-- [ RunTime:0.005038s ]

[ 2015-03-01T16:59:19+08:00 ] 127.0.0.1 /QIS/
INFO: [ app_init ] --START--
INFO: Run Behavior\BuildLiteBehavior [ RunTime:0.000054s ]
INFO: [ app_init ] --END-- [ RunTime:0.001258s ]
INFO: [ app_begin ] --START--
INFO: Run Behavior\ReadHtmlCacheBehavior [ RunTime:0.001547s ]
INFO: [ app_begin ] --END-- [ RunTime:0.001743s ]
INFO: [ view_parse ] --START--
INFO: [ template_filter ] --START--
INFO: Run Behavior\ContentReplaceBehavior [ RunTime:0.000303s ]
INFO: [ template_filter ] --END-- [ RunTime:0.000434s ]
NOTIC: [8] Undefined variable: sysName E:\xampp\htdocs\QIS\Application\Runtime\Cache\Home\2a94b8bda04ff446dcedd42276fc99ee.php 第 299 行.
NOTIC: [8] Undefined variable: vistion E:\xampp\htdocs\QIS\Application\Runtime\Cache\Home\2a94b8bda04ff446dcedd42276fc99ee.php 第 300 行.
INFO: Run Behavior\ParseTemplateBehavior [ RunTime:0.047836s ]
INFO: [ view_parse ] --END-- [ RunTime:0.047987s ]
INFO: [ view_filter ] --START--
INFO: Run Behavior\WriteHtmlCacheBehavior [ RunTime:0.000875s ]
INFO: [ view_filter ] --END-- [ RunTime:0.001012s ]
INFO: [ app_end ] --START--
INFO: Run Behavior\ShowPageTraceBehavior [ RunTime:0.004703s ]
INFO: [ app_end ] --END-- [ RunTime:0.004898s ]

[ 2015-03-01T17:00:54+08:00 ] 127.0.0.1 /QIS/
INFO: [ app_init ] --START--
INFO: Run Behavior\BuildLiteBehavior [ RunTime:0.000036s ]
INFO: [ app_init ] --END-- [ RunTime:0.000955s ]
INFO: [ app_begin ] --START--
INFO: Run Behavior\ReadHtmlCacheBehavior [ RunTime:0.001214s ]
INFO: [ app_begin ] --END-- [ RunTime:0.001372s ]
INFO: [ view_parse ] --START--
INFO: [ template_filter ] --START--
INFO: Run Behavior\ContentReplaceBehavior [ RunTime:0.000343s ]
INFO: [ template_filter ] --END-- [ RunTime:0.000550s ]
NOTIC: [8] Undefined variable: sysName E:\xampp\htdocs\QIS\Application\Runtime\Cache\Home\2a94b8bda04ff446dcedd42276fc99ee.php 第 299 行.
NOTIC: [8] Undefined variable: vistion E:\xampp\htdocs\QIS\Application\Runtime\Cache\Home\2a94b8bda04ff446dcedd42276fc99ee.php 第 300 行.
INFO: Run Behavior\ParseTemplateBehavior [ RunTime:0.031903s ]
INFO: [ view_parse ] --END-- [ RunTime:0.032044s ]
INFO: [ view_filter ] --START--
INFO: Run Behavior\WriteHtmlCacheBehavior [ RunTime:0.000693s ]
INFO: [ view_filter ] --END-- [ RunTime:0.000823s ]
INFO: [ app_end ] --START--
INFO: Run Behavior\ShowPageTraceBehavior [ RunTime:0.004576s ]
INFO: [ app_end ] --END-- [ RunTime:0.004751s ]

[ 2015-03-01T17:03:04+08:00 ] 127.0.0.1 /QIS/
INFO: [ app_init ] --START--
INFO: Run Behavior\BuildLiteBehavior [ RunTime:0.000037s ]
INFO: [ app_init ] --END-- [ RunTime:0.001102s ]
INFO: [ app_begin ] --START--
INFO: Run Behavior\ReadHtmlCacheBehavior [ RunTime:0.001323s ]
INFO: [ app_begin ] --END-- [ RunTime:0.001484s ]
INFO: [ view_parse ] --START--
INFO: [ template_filter ] --START--
INFO: Run Behavior\ContentReplaceBehavior [ RunTime:0.000319s ]
INFO: [ template_filter ] --END-- [ RunTime:0.000466s ]
NOTIC: [8] Undefined variable: sysName E:\xampp\htdocs\QIS\Application\Runtime\Cache\Home\2a94b8bda04ff446dcedd42276fc99ee.php 第 299 行.
NOTIC: [8] Undefined variable: vistion E:\xampp\htdocs\QIS\Application\Runtime\Cache\Home\2a94b8bda04ff446dcedd42276fc99ee.php 第 300 行.
INFO: Run Behavior\ParseTemplateBehavior [ RunTime:0.033760s ]
INFO: [ view_parse ] --END-- [ RunTime:0.033929s ]
INFO: [ view_filter ] --START--
INFO: Run Behavior\WriteHtmlCacheBehavior [ RunTime:0.001005s ]
INFO: [ view_filter ] --END-- [ RunTime:0.001145s ]
INFO: [ app_end ] --START--
INFO: Run Behavior\ShowPageTraceBehavior [ RunTime:0.002984s ]
INFO: [ app_end ] --END-- [ RunTime:0.006696s ]

