[ 2015-06-03T13:49:13+08:00 ] 192.168.37.81 /QIS/
INFO: [ app_init ] --START--
INFO: Run Behavior\BuildLiteBehavior [ RunTime:0.000042s ]
INFO: [ app_init ] --END-- [ RunTime:0.143917s ]
INFO: [ app_begin ] --START--
INFO: Run Behavior\ReadHtmlCacheBehavior [ RunTime:0.027044s ]
INFO: [ app_begin ] --END-- [ RunTime:0.027213s ]
INFO: [ view_parse ] --START--
INFO: [ template_filter ] --START--
INFO: Run Behavior\ContentReplaceBehavior [ RunTime:0.000444s ]
INFO: [ template_filter ] --END-- [ RunTime:0.000580s ]
NOTIC: [8] Undefined index: authId E:\xampp\htdocs\QIS\Application\Runtime\Cache\Home\2a94b8bda04ff446dcedd42276fc99ee.php 第 159 行.
INFO: Run Behavior\ParseTemplateBehavior [ RunTime:1.003185s ]
INFO: [ view_parse ] --END-- [ RunTime:1.003358s ]
INFO: [ view_filter ] --START--
INFO: Run Behavior\WriteHtmlCacheBehavior [ RunTime:0.055869s ]
INFO: [ view_filter ] --END-- [ RunTime:0.056029s ]
INFO: [ app_end ] --START--
INFO: Run Behavior\ShowPageTraceBehavior [ RunTime:0.014913s ]
INFO: [ app_end ] --END-- [ RunTime:0.015135s ]

[ 2015-06-03T13:49:22+08:00 ] 192.168.37.81 /QIS/index.php/Home/Index/announcement
INFO: [ app_init ] --START--
INFO: Run Behavior\BuildLiteBehavior [ RunTime:0.000036s ]
INFO: [ app_init ] --END-- [ RunTime:0.001118s ]
INFO: [ app_begin ] --START--
INFO: Run Behavior\ReadHtmlCacheBehavior [ RunTime:0.002264s ]
INFO: [ app_begin ] --END-- [ RunTime:0.002530s ]
SQL: SHOW COLUMNS FROM `think_announcement` [ RunTime:1.2129s ]
SQL: SELECT * FROM `think_announcement` WHERE `status` = 1 ORDER BY id asc LIMIT 0,10   [ RunTime:0.0698s ]
SQL: SELECT COUNT(*) AS tp_count FROM `think_announcement` WHERE `status` = 1 LIMIT 1   [ RunTime:0.1346s ]
INFO: [ app_end ] --START--
INFO: Run Behavior\ShowPageTraceBehavior [ RunTime:0.004233s ]
INFO: [ app_end ] --END-- [ RunTime:0.004510s ]

[ 2015-06-03T13:49:22+08:00 ] 192.168.37.81 /QIS/index.php/Home/Index/announcement
INFO: [ app_init ] --START--
INFO: Run Behavior\BuildLiteBehavior [ RunTime:0.000035s ]
INFO: [ app_init ] --END-- [ RunTime:0.001280s ]
INFO: [ app_begin ] --START--
INFO: Run Behavior\ReadHtmlCacheBehavior [ RunTime:0.002876s ]
INFO: [ app_begin ] --END-- [ RunTime:0.003041s ]
SQL: SHOW COLUMNS FROM `think_announcement` [ RunTime:0.0145s ]
SQL: SELECT * FROM `think_announcement` WHERE `status` = 1 ORDER BY id asc LIMIT 0,10   [ RunTime:0.0010s ]
SQL: SELECT COUNT(*) AS tp_count FROM `think_announcement` WHERE `status` = 1 LIMIT 1   [ RunTime:0.0009s ]
INFO: [ app_end ] --START--
INFO: Run Behavior\ShowPageTraceBehavior [ RunTime:0.001563s ]
INFO: [ app_end ] --END-- [ RunTime:0.001696s ]

[ 2015-06-03T13:49:28+08:00 ] 192.168.37.81 /QIS/Home/Quality/show_Quality?_=1433310297921
INFO: [ app_init ] --START--
INFO: Run Behavior\BuildLiteBehavior [ RunTime:0.000040s ]
INFO: [ app_init ] --END-- [ RunTime:0.001115s ]
INFO: [ app_begin ] --START--
INFO: Run Behavior\ReadHtmlCacheBehavior [ RunTime:0.001430s ]
INFO: [ app_begin ] --END-- [ RunTime:0.001585s ]
INFO: [ view_parse ] --START--
INFO: [ template_filter ] --START--
INFO: Run Behavior\ContentReplaceBehavior [ RunTime:0.000445s ]
INFO: [ template_filter ] --END-- [ RunTime:0.000720s ]
NOTIC: [8] Undefined index: authId E:\xampp\htdocs\QIS\Application\Runtime\Cache\Home\f941d511b4b3cc6fbdd0b0e3a3ff655c.php 第 8 行.
NOTIC: [8] Undefined index: uid E:\xampp\htdocs\QIS\Application\Runtime\Cache\Home\f941d511b4b3cc6fbdd0b0e3a3ff655c.php 第 174 行.
NOTIC: [8] Undefined index: uid E:\xampp\htdocs\QIS\Application\Runtime\Cache\Home\f941d511b4b3cc6fbdd0b0e3a3ff655c.php 第 792 行.
NOTIC: [8] Undefined index: group_id E:\xampp\htdocs\QIS\Application\Runtime\Cache\Home\f941d511b4b3cc6fbdd0b0e3a3ff655c.php 第 792 行.
INFO: Run Behavior\ParseTemplateBehavior [ RunTime:0.721218s ]
INFO: [ view_parse ] --END-- [ RunTime:0.721395s ]
INFO: [ view_filter ] --START--
INFO: Run Behavior\WriteHtmlCacheBehavior [ RunTime:0.001460s ]
INFO: [ view_filter ] --END-- [ RunTime:0.001602s ]
INFO: [ app_end ] --START--
INFO: Run Behavior\ShowPageTraceBehavior [ RunTime:0.001809s ]
INFO: [ app_end ] --END-- [ RunTime:0.001984s ]

[ 2015-06-03T13:49:33+08:00 ] 192.168.37.81 /QIS/index.php/Home/Quality/read
INFO: [ app_init ] --START--
INFO: Run Behavior\BuildLiteBehavior [ RunTime:0.000036s ]
INFO: [ app_init ] --END-- [ RunTime:0.001426s ]
INFO: [ app_begin ] --START--
INFO: Run Behavior\ReadHtmlCacheBehavior [ RunTime:0.003538s ]
INFO: [ app_begin ] --END-- [ RunTime:0.003792s ]
SQL: SHOW COLUMNS FROM `think_quality` [ RunTime:0.3739s ]
NOTIC: [8] Undefined variable: laiyuan E:\xampp\htdocs\QIS\Application\Home\Controller\QualityController.class.php 第 29 行.
NOTIC: [8] Undefined variable: pinglun E:\xampp\htdocs\QIS\Application\Home\Controller\QualityController.class.php 第 32 行.
SQL: SELECT * FROM `think_quality` WHERE (`cx` LIKE '%%') AND (`creattime` LIKE '%%') AND (`miaoshu` LIKE '%%') AND (`zrdw` LIKE '%%') AND (`laiyuan` LIKE '%%') AND (`yuanyin` LIKE '%%') AND (`zhenggai` LIKE '%%') AND (`pinglun` LIKE '%%') ORDER BY id asc LIMIT 0,50   [ RunTime:0.5029s ]
SQL: SELECT COUNT(*) AS tp_count FROM `think_quality` WHERE (`cx` LIKE '%%') AND (`creattime` LIKE '%%') AND (`miaoshu` LIKE '%%') AND (`zrdw` LIKE '%%') AND (`laiyuan` LIKE '%%') AND (`yuanyin` LIKE '%%') AND (`zhenggai` LIKE '%%') AND (`pinglun` LIKE '%%') LIMIT 1   [ RunTime:0.0011s ]
INFO: [ app_end ] --START--
INFO: Run Behavior\ShowPageTraceBehavior [ RunTime:0.001674s ]
INFO: [ app_end ] --END-- [ RunTime:0.001880s ]

