[ 2015-06-02T08:56:56+08:00 ] 127.0.0.1 /qis/
INFO: [ app_init ] --START--
INFO: Run Behavior\BuildLiteBehavior [ RunTime:0.000078s ]
INFO: [ app_init ] --END-- [ RunTime:0.051188s ]
INFO: [ app_begin ] --START--
INFO: Run Behavior\ReadHtmlCacheBehavior [ RunTime:0.021577s ]
INFO: [ app_begin ] --END-- [ RunTime:0.021942s ]
INFO: [ view_parse ] --START--
INFO: [ template_filter ] --START--
INFO: Run Behavior\ContentReplaceBehavior [ RunTime:0.000399s ]
INFO: [ template_filter ] --END-- [ RunTime:0.000550s ]
NOTIC: [8] Undefined index: authId E:\xampp\htdocs\QIS\Application\Runtime\Cache\Home\2a94b8bda04ff446dcedd42276fc99ee.php 第 159 行.
INFO: Run Behavior\ParseTemplateBehavior [ RunTime:0.693737s ]
INFO: [ view_parse ] --END-- [ RunTime:0.693958s ]
INFO: [ view_filter ] --START--
INFO: Run Behavior\WriteHtmlCacheBehavior [ RunTime:0.021323s ]
INFO: [ view_filter ] --END-- [ RunTime:0.021457s ]
INFO: [ app_end ] --START--
INFO: Run Behavior\ShowPageTraceBehavior [ RunTime:0.023008s ]
INFO: [ app_end ] --END-- [ RunTime:0.023190s ]

[ 2015-06-02T08:57:01+08:00 ] 127.0.0.1 /qis/index.php/Home/Index/announcement
INFO: [ app_init ] --START--
INFO: Run Behavior\BuildLiteBehavior [ RunTime:0.000041s ]
INFO: [ app_init ] --END-- [ RunTime:0.001303s ]
INFO: [ app_begin ] --START--
INFO: Run Behavior\ReadHtmlCacheBehavior [ RunTime:0.001605s ]
INFO: [ app_begin ] --END-- [ RunTime:0.001792s ]
SQL: SHOW COLUMNS FROM `think_announcement` [ RunTime:0.3313s ]
SQL: SELECT * FROM `think_announcement` WHERE `status` = 1 ORDER BY id asc LIMIT 0,10   [ RunTime:0.0043s ]
SQL: SELECT COUNT(*) AS tp_count FROM `think_announcement` WHERE `status` = 1 LIMIT 1   [ RunTime:0.0093s ]
INFO: [ app_end ] --START--
INFO: Run Behavior\ShowPageTraceBehavior [ RunTime:0.001802s ]
INFO: [ app_end ] --END-- [ RunTime:0.001960s ]

[ 2015-06-02T08:57:01+08:00 ] 127.0.0.1 /qis/index.php/Home/Index/announcement
INFO: [ app_init ] --START--
INFO: Run Behavior\BuildLiteBehavior [ RunTime:0.000042s ]
INFO: [ app_init ] --END-- [ RunTime:0.001305s ]
INFO: [ app_begin ] --START--
INFO: Run Behavior\ReadHtmlCacheBehavior [ RunTime:0.001609s ]
INFO: [ app_begin ] --END-- [ RunTime:0.001792s ]
SQL: SHOW COLUMNS FROM `think_announcement` [ RunTime:0.0342s ]
SQL: SELECT * FROM `think_announcement` WHERE `status` = 1 ORDER BY id asc LIMIT 0,10   [ RunTime:0.0021s ]
SQL: SELECT COUNT(*) AS tp_count FROM `think_announcement` WHERE `status` = 1 LIMIT 1   [ RunTime:0.0020s ]
INFO: [ app_end ] --START--
INFO: Run Behavior\ShowPageTraceBehavior [ RunTime:0.004325s ]
INFO: [ app_end ] --END-- [ RunTime:0.004651s ]

[ 2015-06-02T08:57:02+08:00 ] 127.0.0.1 /qis/Home/Quality/show_Quality?_=1433206621533
INFO: [ app_init ] --START--
INFO: Run Behavior\BuildLiteBehavior [ RunTime:0.000044s ]
INFO: [ app_init ] --END-- [ RunTime:0.001109s ]
INFO: [ app_begin ] --START--
INFO: Run Behavior\ReadHtmlCacheBehavior [ RunTime:0.001346s ]
INFO: [ app_begin ] --END-- [ RunTime:0.001500s ]
INFO: [ view_parse ] --START--
INFO: [ template_filter ] --START--
INFO: Run Behavior\ContentReplaceBehavior [ RunTime:0.000353s ]
INFO: [ template_filter ] --END-- [ RunTime:0.000495s ]
NOTIC: [8] Undefined index: authId E:\xampp\htdocs\QIS\Application\Runtime\Cache\Home\f941d511b4b3cc6fbdd0b0e3a3ff655c.php 第 8 行.
NOTIC: [8] Undefined index: uid E:\xampp\htdocs\QIS\Application\Runtime\Cache\Home\f941d511b4b3cc6fbdd0b0e3a3ff655c.php 第 174 行.
NOTIC: [8] Undefined index: uid E:\xampp\htdocs\QIS\Application\Runtime\Cache\Home\f941d511b4b3cc6fbdd0b0e3a3ff655c.php 第 792 行.
NOTIC: [8] Undefined index: group_id E:\xampp\htdocs\QIS\Application\Runtime\Cache\Home\f941d511b4b3cc6fbdd0b0e3a3ff655c.php 第 792 行.
INFO: Run Behavior\ParseTemplateBehavior [ RunTime:0.345994s ]
INFO: [ view_parse ] --END-- [ RunTime:0.346154s ]
INFO: [ view_filter ] --START--
INFO: Run Behavior\WriteHtmlCacheBehavior [ RunTime:0.001183s ]
INFO: [ view_filter ] --END-- [ RunTime:0.001321s ]
INFO: [ app_end ] --START--
INFO: Run Behavior\ShowPageTraceBehavior [ RunTime:0.002083s ]
INFO: [ app_end ] --END-- [ RunTime:0.002252s ]

[ 2015-06-02T08:57:03+08:00 ] 127.0.0.1 /QIS/index.php/Home/Quality/read
INFO: [ app_init ] --START--
INFO: Run Behavior\BuildLiteBehavior [ RunTime:0.000048s ]
INFO: [ app_init ] --END-- [ RunTime:0.001326s ]
INFO: [ app_begin ] --START--
INFO: Run Behavior\ReadHtmlCacheBehavior [ RunTime:0.001474s ]
INFO: [ app_begin ] --END-- [ RunTime:0.001701s ]
SQL: SHOW COLUMNS FROM `think_quality` [ RunTime:0.1224s ]
NOTIC: [8] Undefined variable: laiyuan E:\xampp\htdocs\QIS\Application\Home\Controller\QualityController.class.php 第 29 行.
NOTIC: [8] Undefined variable: pinglun E:\xampp\htdocs\QIS\Application\Home\Controller\QualityController.class.php 第 32 行.
SQL: SELECT * FROM `think_quality` WHERE (`cx` LIKE '%%') AND (`creattime` LIKE '%%') AND (`miaoshu` LIKE '%%') AND (`zrdw` LIKE '%%') AND (`laiyuan` LIKE '%%') AND (`yuanyin` LIKE '%%') AND (`zhenggai` LIKE '%%') AND (`pinglun` LIKE '%%') ORDER BY id asc LIMIT 0,50   [ RunTime:0.0414s ]
SQL: SELECT COUNT(*) AS tp_count FROM `think_quality` WHERE (`cx` LIKE '%%') AND (`creattime` LIKE '%%') AND (`miaoshu` LIKE '%%') AND (`zrdw` LIKE '%%') AND (`laiyuan` LIKE '%%') AND (`yuanyin` LIKE '%%') AND (`zhenggai` LIKE '%%') AND (`pinglun` LIKE '%%') LIMIT 1   [ RunTime:0.0014s ]
INFO: [ app_end ] --START--
INFO: Run Behavior\ShowPageTraceBehavior [ RunTime:0.003418s ]
INFO: [ app_end ] --END-- [ RunTime:0.003745s ]

[ 2015-06-02T08:57:50+08:00 ] 127.0.0.1 /qis/index.php/Home/Index/announcement
INFO: [ app_init ] --START--
INFO: Run Behavior\BuildLiteBehavior [ RunTime:0.000082s ]
INFO: [ app_init ] --END-- [ RunTime:0.002275s ]
INFO: [ app_begin ] --START--
INFO: Run Behavior\ReadHtmlCacheBehavior [ RunTime:0.002553s ]
INFO: [ app_begin ] --END-- [ RunTime:0.002847s ]
SQL: SHOW COLUMNS FROM `think_announcement` [ RunTime:0.0154s ]
SQL: SELECT * FROM `think_announcement` WHERE `status` = 1 ORDER BY id asc LIMIT 0,20   [ RunTime:0.0008s ]
SQL: SELECT COUNT(*) AS tp_count FROM `think_announcement` WHERE `status` = 1 LIMIT 1   [ RunTime:0.0006s ]
INFO: [ app_end ] --START--
INFO: Run Behavior\ShowPageTraceBehavior [ RunTime:0.001803s ]
INFO: [ app_end ] --END-- [ RunTime:0.001980s ]

[ 2015-06-02T08:57:51+08:00 ] 127.0.0.1 /qis/index.php/Home/Index/announcement
INFO: [ app_init ] --START--
INFO: Run Behavior\BuildLiteBehavior [ RunTime:0.000035s ]
INFO: [ app_init ] --END-- [ RunTime:0.000960s ]
INFO: [ app_begin ] --START--
INFO: Run Behavior\ReadHtmlCacheBehavior [ RunTime:0.001251s ]
INFO: [ app_begin ] --END-- [ RunTime:0.001397s ]
SQL: SHOW COLUMNS FROM `think_announcement` [ RunTime:0.0139s ]
SQL: SELECT * FROM `think_announcement` WHERE `status` = 1 ORDER BY id asc LIMIT 0,10   [ RunTime:0.0007s ]
SQL: SELECT COUNT(*) AS tp_count FROM `think_announcement` WHERE `status` = 1 LIMIT 1   [ RunTime:0.0006s ]
INFO: [ app_end ] --START--
INFO: Run Behavior\ShowPageTraceBehavior [ RunTime:0.001792s ]
INFO: [ app_end ] --END-- [ RunTime:0.001965s ]

[ 2015-06-02T08:59:14+08:00 ] 127.0.0.1 /qis/
INFO: [ app_init ] --START--
INFO: Run Behavior\BuildLiteBehavior [ RunTime:0.000040s ]
INFO: [ app_init ] --END-- [ RunTime:0.001297s ]
INFO: [ app_begin ] --START--
INFO: Run Behavior\ReadHtmlCacheBehavior [ RunTime:0.001639s ]
INFO: [ app_begin ] --END-- [ RunTime:0.001825s ]
INFO: [ view_parse ] --START--
INFO: [ template_filter ] --START--
INFO: Run Behavior\ContentReplaceBehavior [ RunTime:0.000556s ]
INFO: [ template_filter ] --END-- [ RunTime:0.000764s ]
NOTIC: [8] Undefined index: authId E:\xampp\htdocs\QIS\Application\Runtime\Cache\Home\2a94b8bda04ff446dcedd42276fc99ee.php 第 159 行.
INFO: Run Behavior\ParseTemplateBehavior [ RunTime:0.048057s ]
INFO: [ view_parse ] --END-- [ RunTime:0.048199s ]
INFO: [ view_filter ] --START--
INFO: Run Behavior\WriteHtmlCacheBehavior [ RunTime:0.001034s ]
INFO: [ view_filter ] --END-- [ RunTime:0.001265s ]
INFO: [ app_end ] --START--
INFO: Run Behavior\ShowPageTraceBehavior [ RunTime:0.002854s ]
INFO: [ app_end ] --END-- [ RunTime:0.003123s ]

[ 2015-06-02T08:59:15+08:00 ] 127.0.0.1 /qis/index.php/Home/Index/announcement
INFO: [ app_init ] --START--
INFO: Run Behavior\BuildLiteBehavior [ RunTime:0.000042s ]
INFO: [ app_init ] --END-- [ RunTime:0.001292s ]
INFO: [ app_begin ] --START--
INFO: Run Behavior\ReadHtmlCacheBehavior [ RunTime:0.002042s ]
INFO: [ app_begin ] --END-- [ RunTime:0.002236s ]
SQL: SHOW COLUMNS FROM `think_announcement` [ RunTime:0.0174s ]
SQL: SELECT * FROM `think_announcement` WHERE `status` = 1 ORDER BY id asc LIMIT 0,10   [ RunTime:0.0011s ]
SQL: SELECT COUNT(*) AS tp_count FROM `think_announcement` WHERE `status` = 1 LIMIT 1   [ RunTime:0.0014s ]
INFO: [ app_end ] --START--
INFO: Run Behavior\ShowPageTraceBehavior [ RunTime:0.002027s ]
INFO: [ app_end ] --END-- [ RunTime:0.002205s ]

[ 2015-06-02T08:59:15+08:00 ] 127.0.0.1 /qis/index.php/Home/Index/announcement
INFO: [ app_init ] --START--
INFO: Run Behavior\BuildLiteBehavior [ RunTime:0.000042s ]
INFO: [ app_init ] --END-- [ RunTime:0.001240s ]
INFO: [ app_begin ] --START--
INFO: Run Behavior\ReadHtmlCacheBehavior [ RunTime:0.001606s ]
INFO: [ app_begin ] --END-- [ RunTime:0.001809s ]
SQL: SHOW COLUMNS FROM `think_announcement` [ RunTime:0.0139s ]
SQL: SELECT * FROM `think_announcement` WHERE `status` = 1 ORDER BY id asc LIMIT 0,10   [ RunTime:0.0011s ]
SQL: SELECT COUNT(*) AS tp_count FROM `think_announcement` WHERE `status` = 1 LIMIT 1   [ RunTime:0.0008s ]
INFO: [ app_end ] --START--
INFO: Run Behavior\ShowPageTraceBehavior [ RunTime:0.001621s ]
INFO: [ app_end ] --END-- [ RunTime:0.001782s ]

[ 2015-06-02T09:00:24+08:00 ] 127.0.0.1 /qis/
INFO: [ app_init ] --START--
INFO: Run Behavior\BuildLiteBehavior [ RunTime:0.000191s ]
INFO: [ app_init ] --END-- [ RunTime:0.003110s ]
INFO: [ app_begin ] --START--
INFO: Run Behavior\ReadHtmlCacheBehavior [ RunTime:0.001509s ]
INFO: [ app_begin ] --END-- [ RunTime:0.001681s ]
INFO: [ view_parse ] --START--
INFO: [ template_filter ] --START--
INFO: Run Behavior\ContentReplaceBehavior [ RunTime:0.000443s ]
INFO: [ template_filter ] --END-- [ RunTime:0.000615s ]
NOTIC: [8] Undefined index: authId E:\xampp\htdocs\QIS\Application\Runtime\Cache\Home\2a94b8bda04ff446dcedd42276fc99ee.php 第 159 行.
INFO: Run Behavior\ParseTemplateBehavior [ RunTime:0.062260s ]
INFO: [ view_parse ] --END-- [ RunTime:0.062428s ]
INFO: [ view_filter ] --START--
INFO: Run Behavior\WriteHtmlCacheBehavior [ RunTime:0.001416s ]
INFO: [ view_filter ] --END-- [ RunTime:0.001728s ]
INFO: [ app_end ] --START--
INFO: Run Behavior\ShowPageTraceBehavior [ RunTime:0.012913s ]
INFO: [ app_end ] --END-- [ RunTime:0.013137s ]

[ 2015-06-02T09:00:25+08:00 ] 127.0.0.1 /qis/index.php/Home/Index/announcement
INFO: [ app_init ] --START--
INFO: Run Behavior\BuildLiteBehavior [ RunTime:0.000044s ]
INFO: [ app_init ] --END-- [ RunTime:0.001824s ]
INFO: [ app_begin ] --START--
INFO: Run Behavior\ReadHtmlCacheBehavior [ RunTime:0.001777s ]
INFO: [ app_begin ] --END-- [ RunTime:0.001956s ]
SQL: SHOW COLUMNS FROM `think_announcement` [ RunTime:0.0332s ]
SQL: SELECT * FROM `think_announcement` WHERE `status` = 1 ORDER BY id asc LIMIT 0,10   [ RunTime:0.0012s ]
SQL: SELECT COUNT(*) AS tp_count FROM `think_announcement` WHERE `status` = 1 LIMIT 1   [ RunTime:0.0016s ]
INFO: [ app_end ] --START--
INFO: Run Behavior\ShowPageTraceBehavior [ RunTime:0.001821s ]
INFO: [ app_end ] --END-- [ RunTime:0.001984s ]

[ 2015-06-02T09:00:25+08:00 ] 127.0.0.1 /qis/index.php/Home/Index/announcement
INFO: [ app_init ] --START--
INFO: Run Behavior\BuildLiteBehavior [ RunTime:0.000042s ]
INFO: [ app_init ] --END-- [ RunTime:0.001195s ]
INFO: [ app_begin ] --START--
INFO: Run Behavior\ReadHtmlCacheBehavior [ RunTime:0.001513s ]
INFO: [ app_begin ] --END-- [ RunTime:0.001692s ]
SQL: SHOW COLUMNS FROM `think_announcement` [ RunTime:0.0145s ]
SQL: SELECT * FROM `think_announcement` WHERE `status` = 1 ORDER BY id asc LIMIT 0,10   [ RunTime:0.0009s ]
SQL: SELECT COUNT(*) AS tp_count FROM `think_announcement` WHERE `status` = 1 LIMIT 1   [ RunTime:0.0008s ]
INFO: [ app_end ] --START--
INFO: Run Behavior\ShowPageTraceBehavior [ RunTime:0.001622s ]
INFO: [ app_end ] --END-- [ RunTime:0.001783s ]

[ 2015-06-02T09:00:28+08:00 ] 127.0.0.1 /qis/
INFO: [ app_init ] --START--
INFO: Run Behavior\BuildLiteBehavior [ RunTime:0.000040s ]
INFO: [ app_init ] --END-- [ RunTime:0.001193s ]
INFO: [ app_begin ] --START--
INFO: Run Behavior\ReadHtmlCacheBehavior [ RunTime:0.001492s ]
INFO: [ app_begin ] --END-- [ RunTime:0.001693s ]
INFO: [ view_parse ] --START--
INFO: [ template_filter ] --START--
INFO: Run Behavior\ContentReplaceBehavior [ RunTime:0.000368s ]
INFO: [ template_filter ] --END-- [ RunTime:0.000499s ]
NOTIC: [8] Undefined index: authId E:\xampp\htdocs\QIS\Application\Runtime\Cache\Home\2a94b8bda04ff446dcedd42276fc99ee.php 第 159 行.
INFO: Run Behavior\ParseTemplateBehavior [ RunTime:0.061225s ]
INFO: [ view_parse ] --END-- [ RunTime:0.061368s ]
INFO: [ view_filter ] --START--
INFO: Run Behavior\WriteHtmlCacheBehavior [ RunTime:0.000989s ]
INFO: [ view_filter ] --END-- [ RunTime:0.001114s ]
INFO: [ app_end ] --START--
INFO: Run Behavior\ShowPageTraceBehavior [ RunTime:0.002336s ]
INFO: [ app_end ] --END-- [ RunTime:0.002509s ]

[ 2015-06-02T09:00:30+08:00 ] 127.0.0.1 /qis/index.php/Home/Index/announcement
INFO: [ app_init ] --START--
INFO: Run Behavior\BuildLiteBehavior [ RunTime:0.000044s ]
INFO: [ app_init ] --END-- [ RunTime:0.001226s ]
INFO: [ app_begin ] --START--
INFO: Run Behavior\ReadHtmlCacheBehavior [ RunTime:0.001960s ]
INFO: [ app_begin ] --END-- [ RunTime:0.002198s ]
SQL: SHOW COLUMNS FROM `think_announcement` [ RunTime:0.0186s ]
SQL: SELECT * FROM `think_announcement` WHERE `status` = 1 ORDER BY id asc LIMIT 0,10   [ RunTime:0.0019s ]
SQL: SELECT COUNT(*) AS tp_count FROM `think_announcement` WHERE `status` = 1 LIMIT 1   [ RunTime:0.0018s ]
INFO: [ app_end ] --START--
INFO: Run Behavior\ShowPageTraceBehavior [ RunTime:0.002124s ]
INFO: [ app_end ] --END-- [ RunTime:0.002304s ]

[ 2015-06-02T09:00:30+08:00 ] 127.0.0.1 /qis/index.php/Home/Index/announcement
INFO: [ app_init ] --START--
INFO: Run Behavior\BuildLiteBehavior [ RunTime:0.000045s ]
INFO: [ app_init ] --END-- [ RunTime:0.004391s ]
INFO: [ app_begin ] --START--
INFO: Run Behavior\ReadHtmlCacheBehavior [ RunTime:0.001445s ]
INFO: [ app_begin ] --END-- [ RunTime:0.001632s ]
SQL: SHOW COLUMNS FROM `think_announcement` [ RunTime:0.0177s ]
SQL: SELECT * FROM `think_announcement` WHERE `status` = 1 ORDER BY id asc LIMIT 0,10   [ RunTime:0.0017s ]
SQL: SELECT COUNT(*) AS tp_count FROM `think_announcement` WHERE `status` = 1 LIMIT 1   [ RunTime:0.0016s ]
INFO: [ app_end ] --START--
INFO: Run Behavior\ShowPageTraceBehavior [ RunTime:0.001892s ]
INFO: [ app_end ] --END-- [ RunTime:0.002286s ]

[ 2015-06-02T09:01:29+08:00 ] 127.0.0.1 /qis/
INFO: [ app_init ] --START--
INFO: Run Behavior\BuildLiteBehavior [ RunTime:0.000034s ]
INFO: [ app_init ] --END-- [ RunTime:0.000966s ]
INFO: [ app_begin ] --START--
INFO: Run Behavior\ReadHtmlCacheBehavior [ RunTime:0.001457s ]
INFO: [ app_begin ] --END-- [ RunTime:0.001647s ]
INFO: [ view_parse ] --START--
INFO: [ template_filter ] --START--
INFO: Run Behavior\ContentReplaceBehavior [ RunTime:0.000383s ]
INFO: [ template_filter ] --END-- [ RunTime:0.000534s ]
NOTIC: [8] Undefined index: authId E:\xampp\htdocs\QIS\Application\Runtime\Cache\Home\2a94b8bda04ff446dcedd42276fc99ee.php 第 159 行.
INFO: Run Behavior\ParseTemplateBehavior [ RunTime:0.037600s ]
INFO: [ view_parse ] --END-- [ RunTime:0.037748s ]
INFO: [ view_filter ] --START--
INFO: Run Behavior\WriteHtmlCacheBehavior [ RunTime:0.001934s ]
INFO: [ view_filter ] --END-- [ RunTime:0.002222s ]
INFO: [ app_end ] --START--
INFO: Run Behavior\ShowPageTraceBehavior [ RunTime:0.003046s ]
INFO: [ app_end ] --END-- [ RunTime:0.003246s ]

[ 2015-06-02T09:01:31+08:00 ] 127.0.0.1 /qis/index.php/Home/Index/announcement
INFO: [ app_init ] --START--
INFO: Run Behavior\BuildLiteBehavior [ RunTime:0.000045s ]
INFO: [ app_init ] --END-- [ RunTime:0.001353s ]
INFO: [ app_begin ] --START--
INFO: Run Behavior\ReadHtmlCacheBehavior [ RunTime:0.001618s ]
INFO: [ app_begin ] --END-- [ RunTime:0.001818s ]
SQL: SHOW COLUMNS FROM `think_announcement` [ RunTime:0.0194s ]
SQL: SELECT * FROM `think_announcement` WHERE `status` = 1 ORDER BY id asc LIMIT 0,10   [ RunTime:0.0014s ]
SQL: SELECT COUNT(*) AS tp_count FROM `think_announcement` WHERE `status` = 1 LIMIT 1   [ RunTime:0.0010s ]
INFO: [ app_end ] --START--
INFO: Run Behavior\ShowPageTraceBehavior [ RunTime:0.001882s ]
INFO: [ app_end ] --END-- [ RunTime:0.002064s ]

[ 2015-06-02T09:01:31+08:00 ] 127.0.0.1 /qis/index.php/Home/Index/announcement
INFO: [ app_init ] --START--
INFO: Run Behavior\BuildLiteBehavior [ RunTime:0.000043s ]
INFO: [ app_init ] --END-- [ RunTime:0.001184s ]
INFO: [ app_begin ] --START--
INFO: Run Behavior\ReadHtmlCacheBehavior [ RunTime:0.001433s ]
INFO: [ app_begin ] --END-- [ RunTime:0.001615s ]
SQL: SHOW COLUMNS FROM `think_announcement` [ RunTime:0.0151s ]
SQL: SELECT * FROM `think_announcement` WHERE `status` = 1 ORDER BY id asc LIMIT 0,10   [ RunTime:0.0010s ]
SQL: SELECT COUNT(*) AS tp_count FROM `think_announcement` WHERE `status` = 1 LIMIT 1   [ RunTime:0.0009s ]
INFO: [ app_end ] --START--
INFO: Run Behavior\ShowPageTraceBehavior [ RunTime:0.001580s ]
INFO: [ app_end ] --END-- [ RunTime:0.001748s ]

[ 2015-06-02T09:01:34+08:00 ] 127.0.0.1 /qis/
INFO: [ app_init ] --START--
INFO: Run Behavior\BuildLiteBehavior [ RunTime:0.000040s ]
INFO: [ app_init ] --END-- [ RunTime:0.001136s ]
INFO: [ app_begin ] --START--
INFO: Run Behavior\ReadHtmlCacheBehavior [ RunTime:0.001384s ]
INFO: [ app_begin ] --END-- [ RunTime:0.001641s ]
INFO: [ view_parse ] --START--
INFO: [ template_filter ] --START--
INFO: Run Behavior\ContentReplaceBehavior [ RunTime:0.000369s ]
INFO: [ template_filter ] --END-- [ RunTime:0.000506s ]
NOTIC: [8] Undefined index: authId E:\xampp\htdocs\QIS\Application\Runtime\Cache\Home\2a94b8bda04ff446dcedd42276fc99ee.php 第 159 行.
INFO: Run Behavior\ParseTemplateBehavior [ RunTime:0.056297s ]
INFO: [ view_parse ] --END-- [ RunTime:0.056478s ]
INFO: [ view_filter ] --START--
INFO: Run Behavior\WriteHtmlCacheBehavior [ RunTime:0.001052s ]
INFO: [ view_filter ] --END-- [ RunTime:0.001179s ]
INFO: [ app_end ] --START--
INFO: Run Behavior\ShowPageTraceBehavior [ RunTime:0.003183s ]
INFO: [ app_end ] --END-- [ RunTime:0.003484s ]

[ 2015-06-02T09:01:35+08:00 ] 127.0.0.1 /qis/index.php/Home/Index/announcement
INFO: [ app_init ] --START--
INFO: Run Behavior\BuildLiteBehavior [ RunTime:0.000045s ]
INFO: [ app_init ] --END-- [ RunTime:0.001218s ]
INFO: [ app_begin ] --START--
INFO: Run Behavior\ReadHtmlCacheBehavior [ RunTime:0.001414s ]
INFO: [ app_begin ] --END-- [ RunTime:0.001600s ]
SQL: SHOW COLUMNS FROM `think_announcement` [ RunTime:0.0189s ]
SQL: SELECT * FROM `think_announcement` WHERE `status` = 1 ORDER BY id asc LIMIT 0,10   [ RunTime:0.0014s ]
SQL: SELECT COUNT(*) AS tp_count FROM `think_announcement` WHERE `status` = 1 LIMIT 1   [ RunTime:0.0015s ]
INFO: [ app_end ] --START--
INFO: Run Behavior\ShowPageTraceBehavior [ RunTime:0.003940s ]
INFO: [ app_end ] --END-- [ RunTime:0.004125s ]

[ 2015-06-02T09:01:35+08:00 ] 127.0.0.1 /qis/index.php/Home/Index/announcement
INFO: [ app_init ] --START--
INFO: Run Behavior\BuildLiteBehavior [ RunTime:0.000045s ]
INFO: [ app_init ] --END-- [ RunTime:0.001252s ]
INFO: [ app_begin ] --START--
INFO: Run Behavior\ReadHtmlCacheBehavior [ RunTime:0.001423s ]
INFO: [ app_begin ] --END-- [ RunTime:0.001618s ]
SQL: SHOW COLUMNS FROM `think_announcement` [ RunTime:0.0130s ]
SQL: SELECT * FROM `think_announcement` WHERE `status` = 1 ORDER BY id asc LIMIT 0,10   [ RunTime:0.0018s ]
SQL: SELECT COUNT(*) AS tp_count FROM `think_announcement` WHERE `status` = 1 LIMIT 1   [ RunTime:0.0010s ]
INFO: [ app_end ] --START--
INFO: Run Behavior\ShowPageTraceBehavior [ RunTime:0.002524s ]
INFO: [ app_end ] --END-- [ RunTime:0.002812s ]

[ 2015-06-02T09:01:59+08:00 ] 192.168.37.57 /QIS/
INFO: [ app_init ] --START--
INFO: Run Behavior\BuildLiteBehavior [ RunTime:0.000042s ]
INFO: [ app_init ] --END-- [ RunTime:0.001152s ]
INFO: [ app_begin ] --START--
INFO: Run Behavior\ReadHtmlCacheBehavior [ RunTime:0.001393s ]
INFO: [ app_begin ] --END-- [ RunTime:0.001570s ]
INFO: [ view_parse ] --START--
INFO: [ template_filter ] --START--
INFO: Run Behavior\ContentReplaceBehavior [ RunTime:0.000386s ]
INFO: [ template_filter ] --END-- [ RunTime:0.000540s ]
NOTIC: [8] Undefined index: authId E:\xampp\htdocs\QIS\Application\Runtime\Cache\Home\2a94b8bda04ff446dcedd42276fc99ee.php 第 159 行.
INFO: Run Behavior\ParseTemplateBehavior [ RunTime:0.032186s ]
INFO: [ view_parse ] --END-- [ RunTime:0.032331s ]
INFO: [ view_filter ] --START--
INFO: Run Behavior\WriteHtmlCacheBehavior [ RunTime:0.001032s ]
INFO: [ view_filter ] --END-- [ RunTime:0.001179s ]
INFO: [ app_end ] --START--
INFO: Run Behavior\ShowPageTraceBehavior [ RunTime:0.001624s ]
INFO: [ app_end ] --END-- [ RunTime:0.001791s ]

[ 2015-06-02T09:02:10+08:00 ] 192.168.37.57 /QIS/index.php/Home/Index/announcement
INFO: [ app_init ] --START--
INFO: Run Behavior\BuildLiteBehavior [ RunTime:0.000042s ]
INFO: [ app_init ] --END-- [ RunTime:0.001261s ]
INFO: [ app_begin ] --START--
INFO: Run Behavior\ReadHtmlCacheBehavior [ RunTime:0.001602s ]
INFO: [ app_begin ] --END-- [ RunTime:0.001784s ]
SQL: SHOW COLUMNS FROM `think_announcement` [ RunTime:0.0141s ]
SQL: SELECT * FROM `think_announcement` WHERE `status` = 1 ORDER BY id asc LIMIT 0,10   [ RunTime:0.0012s ]
SQL: SELECT COUNT(*) AS tp_count FROM `think_announcement` WHERE `status` = 1 LIMIT 1   [ RunTime:0.0006s ]
INFO: [ app_end ] --START--
INFO: Run Behavior\ShowPageTraceBehavior [ RunTime:0.001515s ]
INFO: [ app_end ] --END-- [ RunTime:0.001643s ]

[ 2015-06-02T09:02:10+08:00 ] 192.168.37.57 /QIS/index.php/Home/Index/announcement
INFO: [ app_init ] --START--
INFO: Run Behavior\BuildLiteBehavior [ RunTime:0.000038s ]
INFO: [ app_init ] --END-- [ RunTime:0.001215s ]
INFO: [ app_begin ] --START--
INFO: Run Behavior\ReadHtmlCacheBehavior [ RunTime:0.001820s ]
INFO: [ app_begin ] --END-- [ RunTime:0.002074s ]
SQL: SHOW COLUMNS FROM `think_announcement` [ RunTime:0.0133s ]
SQL: SELECT * FROM `think_announcement` WHERE `status` = 1 ORDER BY id asc LIMIT 0,10   [ RunTime:0.0007s ]
SQL: SELECT COUNT(*) AS tp_count FROM `think_announcement` WHERE `status` = 1 LIMIT 1   [ RunTime:0.0005s ]
INFO: [ app_end ] --START--
INFO: Run Behavior\ShowPageTraceBehavior [ RunTime:0.001810s ]
INFO: [ app_end ] --END-- [ RunTime:0.001975s ]

[ 2015-06-02T09:03:07+08:00 ] 127.0.0.1 /qis/
INFO: [ app_init ] --START--
INFO: Run Behavior\BuildLiteBehavior [ RunTime:0.000039s ]
INFO: [ app_init ] --END-- [ RunTime:0.001122s ]
INFO: [ app_begin ] --START--
INFO: Run Behavior\ReadHtmlCacheBehavior [ RunTime:0.001390s ]
INFO: [ app_begin ] --END-- [ RunTime:0.001570s ]
INFO: [ view_parse ] --START--
INFO: [ template_filter ] --START--
INFO: Run Behavior\ContentReplaceBehavior [ RunTime:0.000384s ]
INFO: [ template_filter ] --END-- [ RunTime:0.000527s ]
NOTIC: [8] Undefined index: authId E:\xampp\htdocs\QIS\Application\Runtime\Cache\Home\2a94b8bda04ff446dcedd42276fc99ee.php 第 159 行.
INFO: Run Behavior\ParseTemplateBehavior [ RunTime:0.032847s ]
INFO: [ view_parse ] --END-- [ RunTime:0.032996s ]
INFO: [ view_filter ] --START--
INFO: Run Behavior\WriteHtmlCacheBehavior [ RunTime:0.001022s ]
INFO: [ view_filter ] --END-- [ RunTime:0.001171s ]
INFO: [ app_end ] --START--
INFO: Run Behavior\ShowPageTraceBehavior [ RunTime:0.001611s ]
INFO: [ app_end ] --END-- [ RunTime:0.001808s ]

[ 2015-06-02T09:03:09+08:00 ] 127.0.0.1 /qis/index.php/Home/Index/announcement
INFO: [ app_init ] --START--
INFO: Run Behavior\BuildLiteBehavior [ RunTime:0.000046s ]
INFO: [ app_init ] --END-- [ RunTime:0.001368s ]
INFO: [ app_begin ] --START--
INFO: Run Behavior\ReadHtmlCacheBehavior [ RunTime:0.001607s ]
INFO: [ app_begin ] --END-- [ RunTime:0.001796s ]
SQL: SHOW COLUMNS FROM `think_announcement` [ RunTime:0.0580s ]
SQL: SELECT * FROM `think_announcement` WHERE `status` = 1 ORDER BY id asc LIMIT 0,10   [ RunTime:0.0008s ]
SQL: SELECT COUNT(*) AS tp_count FROM `think_announcement` WHERE `status` = 1 LIMIT 1   [ RunTime:0.0074s ]
INFO: [ app_end ] --START--
INFO: Run Behavior\ShowPageTraceBehavior [ RunTime:0.001449s ]
INFO: [ app_end ] --END-- [ RunTime:0.001587s ]

[ 2015-06-02T09:03:10+08:00 ] 127.0.0.1 /qis/index.php/Home/Index/announcement
INFO: [ app_init ] --START--
INFO: Run Behavior\BuildLiteBehavior [ RunTime:0.000046s ]
INFO: [ app_init ] --END-- [ RunTime:0.001018s ]
INFO: [ app_begin ] --START--
INFO: Run Behavior\ReadHtmlCacheBehavior [ RunTime:0.001304s ]
INFO: [ app_begin ] --END-- [ RunTime:0.001455s ]
SQL: SHOW COLUMNS FROM `think_announcement` [ RunTime:0.0140s ]
SQL: SELECT * FROM `think_announcement` WHERE `status` = 1 ORDER BY id asc LIMIT 0,10   [ RunTime:0.0008s ]
SQL: SELECT COUNT(*) AS tp_count FROM `think_announcement` WHERE `status` = 1 LIMIT 1   [ RunTime:0.0007s ]
INFO: [ app_end ] --START--
INFO: Run Behavior\ShowPageTraceBehavior [ RunTime:0.001490s ]
INFO: [ app_end ] --END-- [ RunTime:0.001629s ]

[ 2015-06-02T09:04:16+08:00 ] 127.0.0.1 /qis/
INFO: [ app_init ] --START--
INFO: Run Behavior\BuildLiteBehavior [ RunTime:0.000040s ]
INFO: [ app_init ] --END-- [ RunTime:0.001231s ]
INFO: [ app_begin ] --START--
INFO: Run Behavior\ReadHtmlCacheBehavior [ RunTime:0.001743s ]
INFO: [ app_begin ] --END-- [ RunTime:0.001930s ]
INFO: [ view_parse ] --START--
INFO: [ template_filter ] --START--
INFO: Run Behavior\ContentReplaceBehavior [ RunTime:0.000383s ]
INFO: [ template_filter ] --END-- [ RunTime:0.000530s ]
NOTIC: [8] Undefined index: authId E:\xampp\htdocs\QIS\Application\Runtime\Cache\Home\2a94b8bda04ff446dcedd42276fc99ee.php 第 159 行.
INFO: Run Behavior\ParseTemplateBehavior [ RunTime:0.034508s ]
INFO: [ view_parse ] --END-- [ RunTime:0.034665s ]
INFO: [ view_filter ] --START--
INFO: Run Behavior\WriteHtmlCacheBehavior [ RunTime:0.001069s ]
INFO: [ view_filter ] --END-- [ RunTime:0.001194s ]
INFO: [ app_end ] --START--
INFO: Run Behavior\ShowPageTraceBehavior [ RunTime:0.003579s ]
INFO: [ app_end ] --END-- [ RunTime:0.003841s ]

[ 2015-06-02T09:04:18+08:00 ] 127.0.0.1 /qis/index.php/Home/Index/announcement
INFO: [ app_init ] --START--
INFO: Run Behavior\BuildLiteBehavior [ RunTime:0.000036s ]
INFO: [ app_init ] --END-- [ RunTime:0.001147s ]
INFO: [ app_begin ] --START--
INFO: Run Behavior\ReadHtmlCacheBehavior [ RunTime:0.001359s ]
INFO: [ app_begin ] --END-- [ RunTime:0.001510s ]
SQL: SHOW COLUMNS FROM `think_announcement` [ RunTime:0.0149s ]
SQL: SELECT * FROM `think_announcement` WHERE `status` = 1 ORDER BY id asc LIMIT 0,10   [ RunTime:0.0069s ]
SQL: SELECT COUNT(*) AS tp_count FROM `think_announcement` WHERE `status` = 1 LIMIT 1   [ RunTime:0.0009s ]
INFO: [ app_end ] --START--
INFO: Run Behavior\ShowPageTraceBehavior [ RunTime:0.001417s ]
INFO: [ app_end ] --END-- [ RunTime:0.001550s ]

[ 2015-06-02T09:04:18+08:00 ] 127.0.0.1 /qis/index.php/Home/Index/announcement
INFO: [ app_init ] --START--
INFO: Run Behavior\BuildLiteBehavior [ RunTime:0.000035s ]
INFO: [ app_init ] --END-- [ RunTime:0.001071s ]
INFO: [ app_begin ] --START--
INFO: Run Behavior\ReadHtmlCacheBehavior [ RunTime:0.002823s ]
INFO: [ app_begin ] --END-- [ RunTime:0.002995s ]
SQL: SHOW COLUMNS FROM `think_announcement` [ RunTime:0.0131s ]
SQL: SELECT * FROM `think_announcement` WHERE `status` = 1 ORDER BY id asc LIMIT 0,10   [ RunTime:0.0008s ]
SQL: SELECT COUNT(*) AS tp_count FROM `think_announcement` WHERE `status` = 1 LIMIT 1   [ RunTime:0.0009s ]
INFO: [ app_end ] --START--
INFO: Run Behavior\ShowPageTraceBehavior [ RunTime:0.001653s ]
INFO: [ app_end ] --END-- [ RunTime:0.001801s ]

[ 2015-06-02T09:04:44+08:00 ] 127.0.0.1 /qis/
INFO: [ app_init ] --START--
INFO: Run Behavior\BuildLiteBehavior [ RunTime:0.000042s ]
INFO: [ app_init ] --END-- [ RunTime:0.001280s ]
INFO: [ app_begin ] --START--
INFO: Run Behavior\ReadHtmlCacheBehavior [ RunTime:0.001906s ]
INFO: [ app_begin ] --END-- [ RunTime:0.002102s ]
INFO: [ view_parse ] --START--
INFO: [ template_filter ] --START--
INFO: Run Behavior\ContentReplaceBehavior [ RunTime:0.000398s ]
INFO: [ template_filter ] --END-- [ RunTime:0.000565s ]
NOTIC: [8] Undefined index: authId E:\xampp\htdocs\QIS\Application\Runtime\Cache\Home\2a94b8bda04ff446dcedd42276fc99ee.php 第 159 行.
INFO: Run Behavior\ParseTemplateBehavior [ RunTime:0.032740s ]
INFO: [ view_parse ] --END-- [ RunTime:0.032890s ]
INFO: [ view_filter ] --START--
INFO: Run Behavior\WriteHtmlCacheBehavior [ RunTime:0.000990s ]
INFO: [ view_filter ] --END-- [ RunTime:0.001134s ]
INFO: [ app_end ] --START--
INFO: Run Behavior\ShowPageTraceBehavior [ RunTime:0.002778s ]
INFO: [ app_end ] --END-- [ RunTime:0.002959s ]

[ 2015-06-02T09:04:46+08:00 ] 127.0.0.1 /qis/index.php/Home/Index/announcement
INFO: [ app_init ] --START--
INFO: Run Behavior\BuildLiteBehavior [ RunTime:0.000063s ]
INFO: [ app_init ] --END-- [ RunTime:0.001282s ]
INFO: [ app_begin ] --START--
INFO: Run Behavior\ReadHtmlCacheBehavior [ RunTime:0.001693s ]
INFO: [ app_begin ] --END-- [ RunTime:0.001883s ]
SQL: SHOW COLUMNS FROM `think_announcement` [ RunTime:0.0663s ]
SQL: SELECT * FROM `think_announcement` WHERE `status` = 1 ORDER BY id asc LIMIT 0,10   [ RunTime:0.0016s ]
SQL: SELECT COUNT(*) AS tp_count FROM `think_announcement` WHERE `status` = 1 LIMIT 1   [ RunTime:0.0010s ]
INFO: [ app_end ] --START--
INFO: Run Behavior\ShowPageTraceBehavior [ RunTime:0.001863s ]
INFO: [ app_end ] --END-- [ RunTime:0.002033s ]

[ 2015-06-02T09:04:46+08:00 ] 127.0.0.1 /qis/index.php/Home/Index/announcement
INFO: [ app_init ] --START--
INFO: Run Behavior\BuildLiteBehavior [ RunTime:0.000040s ]
INFO: [ app_init ] --END-- [ RunTime:0.001279s ]
INFO: [ app_begin ] --START--
INFO: Run Behavior\ReadHtmlCacheBehavior [ RunTime:0.001894s ]
INFO: [ app_begin ] --END-- [ RunTime:0.002107s ]
SQL: SHOW COLUMNS FROM `think_announcement` [ RunTime:0.0206s ]
SQL: SELECT * FROM `think_announcement` WHERE `status` = 1 ORDER BY id asc LIMIT 0,10   [ RunTime:0.0011s ]
SQL: SELECT COUNT(*) AS tp_count FROM `think_announcement` WHERE `status` = 1 LIMIT 1   [ RunTime:0.0022s ]
INFO: [ app_end ] --START--
INFO: Run Behavior\ShowPageTraceBehavior [ RunTime:0.001629s ]
INFO: [ app_end ] --END-- [ RunTime:0.001790s ]

[ 2015-06-02T09:05:50+08:00 ] 127.0.0.1 /qis/
INFO: [ app_init ] --START--
INFO: Run Behavior\BuildLiteBehavior [ RunTime:0.000046s ]
INFO: [ app_init ] --END-- [ RunTime:0.001394s ]
INFO: [ app_begin ] --START--
INFO: Run Behavior\ReadHtmlCacheBehavior [ RunTime:0.001812s ]
INFO: [ app_begin ] --END-- [ RunTime:0.002208s ]
INFO: [ view_parse ] --START--
INFO: [ template_filter ] --START--
INFO: Run Behavior\ContentReplaceBehavior [ RunTime:0.000492s ]
INFO: [ template_filter ] --END-- [ RunTime:0.000688s ]
NOTIC: [8] Undefined index: authId E:\xampp\htdocs\QIS\Application\Runtime\Cache\Home\2a94b8bda04ff446dcedd42276fc99ee.php 第 159 行.
INFO: Run Behavior\ParseTemplateBehavior [ RunTime:0.067479s ]
INFO: [ view_parse ] --END-- [ RunTime:0.067641s ]
INFO: [ view_filter ] --START--
INFO: Run Behavior\WriteHtmlCacheBehavior [ RunTime:0.001044s ]
INFO: [ view_filter ] --END-- [ RunTime:0.001176s ]
INFO: [ app_end ] --START--
INFO: Run Behavior\ShowPageTraceBehavior [ RunTime:0.003229s ]
INFO: [ app_end ] --END-- [ RunTime:0.003401s ]

[ 2015-06-02T09:05:53+08:00 ] 127.0.0.1 /qis/index.php/Home/Index/announcement
INFO: [ app_init ] --START--
INFO: Run Behavior\BuildLiteBehavior [ RunTime:0.000038s ]
INFO: [ app_init ] --END-- [ RunTime:0.001391s ]
INFO: [ app_begin ] --START--
INFO: Run Behavior\ReadHtmlCacheBehavior [ RunTime:0.001626s ]
INFO: [ app_begin ] --END-- [ RunTime:0.001783s ]
SQL: SHOW COLUMNS FROM `think_announcement` [ RunTime:0.0238s ]
SQL: SELECT * FROM `think_announcement` WHERE `status` = 1 ORDER BY id asc LIMIT 0,10   [ RunTime:0.0010s ]
SQL: SELECT COUNT(*) AS tp_count FROM `think_announcement` WHERE `status` = 1 LIMIT 1   [ RunTime:0.0016s ]
INFO: [ app_end ] --START--
INFO: Run Behavior\ShowPageTraceBehavior [ RunTime:0.002554s ]
INFO: [ app_end ] --END-- [ RunTime:0.002788s ]

[ 2015-06-02T09:05:53+08:00 ] 127.0.0.1 /qis/index.php/Home/Index/announcement
INFO: [ app_init ] --START--
INFO: Run Behavior\BuildLiteBehavior [ RunTime:0.000041s ]
INFO: [ app_init ] --END-- [ RunTime:0.001188s ]
INFO: [ app_begin ] --START--
INFO: Run Behavior\ReadHtmlCacheBehavior [ RunTime:0.001401s ]
INFO: [ app_begin ] --END-- [ RunTime:0.001584s ]
SQL: SHOW COLUMNS FROM `think_announcement` [ RunTime:0.0170s ]
SQL: SELECT * FROM `think_announcement` WHERE `status` = 1 ORDER BY id asc LIMIT 0,10   [ RunTime:0.0011s ]
SQL: SELECT COUNT(*) AS tp_count FROM `think_announcement` WHERE `status` = 1 LIMIT 1   [ RunTime:0.0009s ]
INFO: [ app_end ] --START--
INFO: Run Behavior\ShowPageTraceBehavior [ RunTime:0.001747s ]
INFO: [ app_end ] --END-- [ RunTime:0.001976s ]

[ 2015-06-02T10:28:20+08:00 ] 192.168.37.81 /QIS/
INFO: [ app_init ] --START--
INFO: Run Behavior\BuildLiteBehavior [ RunTime:0.000036s ]
INFO: [ app_init ] --END-- [ RunTime:0.040926s ]
INFO: [ app_begin ] --START--
INFO: Run Behavior\ReadHtmlCacheBehavior [ RunTime:0.021064s ]
INFO: [ app_begin ] --END-- [ RunTime:0.021245s ]
INFO: [ view_parse ] --START--
INFO: [ template_filter ] --START--
INFO: Run Behavior\ContentReplaceBehavior [ RunTime:0.000416s ]
INFO: [ template_filter ] --END-- [ RunTime:0.000596s ]
NOTIC: [8] Undefined index: authId E:\xampp\htdocs\QIS\Application\Runtime\Cache\Home\2a94b8bda04ff446dcedd42276fc99ee.php 第 159 行.
INFO: Run Behavior\ParseTemplateBehavior [ RunTime:0.709871s ]
INFO: [ view_parse ] --END-- [ RunTime:0.710057s ]
INFO: [ view_filter ] --START--
INFO: Run Behavior\WriteHtmlCacheBehavior [ RunTime:0.070520s ]
INFO: [ view_filter ] --END-- [ RunTime:0.070675s ]
INFO: [ app_end ] --START--
INFO: Run Behavior\ShowPageTraceBehavior [ RunTime:0.038205s ]
INFO: [ app_end ] --END-- [ RunTime:0.038505s ]

[ 2015-06-02T10:28:27+08:00 ] 192.168.37.81 /QIS/index.php/Home/Index/announcement
INFO: [ app_init ] --START--
INFO: Run Behavior\BuildLiteBehavior [ RunTime:0.000046s ]
INFO: [ app_init ] --END-- [ RunTime:0.001431s ]
INFO: [ app_begin ] --START--
INFO: Run Behavior\ReadHtmlCacheBehavior [ RunTime:0.001686s ]
INFO: [ app_begin ] --END-- [ RunTime:0.001882s ]
SQL: SHOW COLUMNS FROM `think_announcement` [ RunTime:0.2210s ]
SQL: SELECT * FROM `think_announcement` WHERE `status` = 1 ORDER BY id asc LIMIT 0,10   [ RunTime:0.0313s ]
SQL: SELECT COUNT(*) AS tp_count FROM `think_announcement` WHERE `status` = 1 LIMIT 1   [ RunTime:0.0191s ]
INFO: [ app_end ] --START--
INFO: Run Behavior\ShowPageTraceBehavior [ RunTime:0.001769s ]
INFO: [ app_end ] --END-- [ RunTime:0.001932s ]

[ 2015-06-02T10:28:27+08:00 ] 192.168.37.81 /QIS/index.php/Home/Index/announcement
INFO: [ app_init ] --START--
INFO: Run Behavior\BuildLiteBehavior [ RunTime:0.000060s ]
INFO: [ app_init ] --END-- [ RunTime:0.001686s ]
INFO: [ app_begin ] --START--
INFO: Run Behavior\ReadHtmlCacheBehavior [ RunTime:0.001529s ]
INFO: [ app_begin ] --END-- [ RunTime:0.001681s ]
SQL: SHOW COLUMNS FROM `think_announcement` [ RunTime:0.0098s ]
SQL: SELECT * FROM `think_announcement` WHERE `status` = 1 ORDER BY id asc LIMIT 0,10   [ RunTime:0.0011s ]
SQL: SELECT COUNT(*) AS tp_count FROM `think_announcement` WHERE `status` = 1 LIMIT 1   [ RunTime:0.0008s ]
INFO: [ app_end ] --START--
INFO: Run Behavior\ShowPageTraceBehavior [ RunTime:0.001537s ]
INFO: [ app_end ] --END-- [ RunTime:0.001673s ]

[ 2015-06-02T10:28:35+08:00 ] 192.168.37.81 /QIS/Home/Quality/show_Quality?_=1433211846890
INFO: [ app_init ] --START--
INFO: Run Behavior\BuildLiteBehavior [ RunTime:0.000039s ]
INFO: [ app_init ] --END-- [ RunTime:0.001136s ]
INFO: [ app_begin ] --START--
INFO: Run Behavior\ReadHtmlCacheBehavior [ RunTime:0.001354s ]
INFO: [ app_begin ] --END-- [ RunTime:0.001518s ]
INFO: [ view_parse ] --START--
INFO: [ template_filter ] --START--
INFO: Run Behavior\ContentReplaceBehavior [ RunTime:0.000341s ]
INFO: [ template_filter ] --END-- [ RunTime:0.000476s ]
NOTIC: [8] Undefined index: authId E:\xampp\htdocs\QIS\Application\Runtime\Cache\Home\f941d511b4b3cc6fbdd0b0e3a3ff655c.php 第 8 行.
NOTIC: [8] Undefined index: uid E:\xampp\htdocs\QIS\Application\Runtime\Cache\Home\f941d511b4b3cc6fbdd0b0e3a3ff655c.php 第 174 行.
NOTIC: [8] Undefined index: uid E:\xampp\htdocs\QIS\Application\Runtime\Cache\Home\f941d511b4b3cc6fbdd0b0e3a3ff655c.php 第 792 行.
NOTIC: [8] Undefined index: group_id E:\xampp\htdocs\QIS\Application\Runtime\Cache\Home\f941d511b4b3cc6fbdd0b0e3a3ff655c.php 第 792 行.
INFO: Run Behavior\ParseTemplateBehavior [ RunTime:0.231850s ]
INFO: [ view_parse ] --END-- [ RunTime:0.232028s ]
INFO: [ view_filter ] --START--
INFO: Run Behavior\WriteHtmlCacheBehavior [ RunTime:0.002198s ]
INFO: [ view_filter ] --END-- [ RunTime:0.002344s ]
INFO: [ app_end ] --START--
INFO: Run Behavior\ShowPageTraceBehavior [ RunTime:0.001574s ]
INFO: [ app_end ] --END-- [ RunTime:0.001736s ]

[ 2015-06-02T10:28:40+08:00 ] 192.168.37.81 /QIS/index.php/Home/Quality/read
INFO: [ app_init ] --START--
INFO: Run Behavior\BuildLiteBehavior [ RunTime:0.000042s ]
INFO: [ app_init ] --END-- [ RunTime:0.001442s ]
INFO: [ app_begin ] --START--
INFO: Run Behavior\ReadHtmlCacheBehavior [ RunTime:0.001598s ]
INFO: [ app_begin ] --END-- [ RunTime:0.001778s ]
SQL: SHOW COLUMNS FROM `think_quality` [ RunTime:0.1351s ]
NOTIC: [8] Undefined variable: laiyuan E:\xampp\htdocs\QIS\Application\Home\Controller\QualityController.class.php 第 29 行.
NOTIC: [8] Undefined variable: pinglun E:\xampp\htdocs\QIS\Application\Home\Controller\QualityController.class.php 第 32 行.
SQL: SELECT * FROM `think_quality` WHERE (`cx` LIKE '%%') AND (`creattime` LIKE '%%') AND (`miaoshu` LIKE '%%') AND (`zrdw` LIKE '%%') AND (`laiyuan` LIKE '%%') AND (`yuanyin` LIKE '%%') AND (`zhenggai` LIKE '%%') AND (`pinglun` LIKE '%%') ORDER BY id asc LIMIT 0,50   [ RunTime:0.0281s ]
SQL: SELECT COUNT(*) AS tp_count FROM `think_quality` WHERE (`cx` LIKE '%%') AND (`creattime` LIKE '%%') AND (`miaoshu` LIKE '%%') AND (`zrdw` LIKE '%%') AND (`laiyuan` LIKE '%%') AND (`yuanyin` LIKE '%%') AND (`zhenggai` LIKE '%%') AND (`pinglun` LIKE '%%') LIMIT 1   [ RunTime:0.0008s ]
INFO: [ app_end ] --START--
INFO: Run Behavior\ShowPageTraceBehavior [ RunTime:0.001664s ]
INFO: [ app_end ] --END-- [ RunTime:0.001804s ]

[ 2015-06-02T11:01:05+08:00 ] 192.168.37.81 /QIS/index.php/Home/Quality/read
INFO: [ app_init ] --START--
INFO: Run Behavior\BuildLiteBehavior [ RunTime:0.000045s ]
INFO: [ app_init ] --END-- [ RunTime:0.001633s ]
INFO: [ app_begin ] --START--
INFO: Run Behavior\ReadHtmlCacheBehavior [ RunTime:0.004141s ]
INFO: [ app_begin ] --END-- [ RunTime:0.004355s ]
SQL: SHOW COLUMNS FROM `think_quality` [ RunTime:0.0321s ]
NOTIC: [8] Undefined variable: laiyuan E:\xampp\htdocs\QIS\Application\Home\Controller\QualityController.class.php 第 29 行.
NOTIC: [8] Undefined variable: pinglun E:\xampp\htdocs\QIS\Application\Home\Controller\QualityController.class.php 第 32 行.
SQL: SELECT * FROM `think_quality` WHERE (`cx` LIKE '%%') AND (`creattime` LIKE '%%') AND (`miaoshu` LIKE '%%') AND (`zrdw` LIKE '%%') AND (`laiyuan` LIKE '%%') AND (`yuanyin` LIKE '%%') AND (`zhenggai` LIKE '%%') AND (`pinglun` LIKE '%%') ORDER BY id asc LIMIT 0,50   [ RunTime:0.0062s ]
SQL: SELECT COUNT(*) AS tp_count FROM `think_quality` WHERE (`cx` LIKE '%%') AND (`creattime` LIKE '%%') AND (`miaoshu` LIKE '%%') AND (`zrdw` LIKE '%%') AND (`laiyuan` LIKE '%%') AND (`yuanyin` LIKE '%%') AND (`zhenggai` LIKE '%%') AND (`pinglun` LIKE '%%') LIMIT 1   [ RunTime:0.0013s ]
INFO: [ app_end ] --START--
INFO: Run Behavior\ShowPageTraceBehavior [ RunTime:0.003332s ]
INFO: [ app_end ] --END-- [ RunTime:0.003492s ]

[ 2015-06-02T11:01:10+08:00 ] 192.168.37.81 /QIS/index.php/Home/Quality/read
INFO: [ app_init ] --START--
INFO: Run Behavior\BuildLiteBehavior [ RunTime:0.000041s ]
INFO: [ app_init ] --END-- [ RunTime:0.001547s ]
INFO: [ app_begin ] --START--
INFO: Run Behavior\ReadHtmlCacheBehavior [ RunTime:0.002955s ]
INFO: [ app_begin ] --END-- [ RunTime:0.003162s ]
SQL: SHOW COLUMNS FROM `think_quality` [ RunTime:0.0141s ]
NOTIC: [8] Undefined variable: laiyuan E:\xampp\htdocs\QIS\Application\Home\Controller\QualityController.class.php 第 29 行.
NOTIC: [8] Undefined variable: pinglun E:\xampp\htdocs\QIS\Application\Home\Controller\QualityController.class.php 第 32 行.
SQL: SELECT * FROM `think_quality` WHERE (`cx` LIKE '%%') AND (`creattime` LIKE '%%') AND (`miaoshu` LIKE '%%') AND (`zrdw` LIKE '%%') AND (`laiyuan` LIKE '%%') AND (`yuanyin` LIKE '%%') AND (`zhenggai` LIKE '%%') AND (`pinglun` LIKE '%%') ORDER BY id asc LIMIT 0,100   [ RunTime:0.0014s ]
SQL: SELECT COUNT(*) AS tp_count FROM `think_quality` WHERE (`cx` LIKE '%%') AND (`creattime` LIKE '%%') AND (`miaoshu` LIKE '%%') AND (`zrdw` LIKE '%%') AND (`laiyuan` LIKE '%%') AND (`yuanyin` LIKE '%%') AND (`zhenggai` LIKE '%%') AND (`pinglun` LIKE '%%') LIMIT 1   [ RunTime:0.0010s ]
INFO: [ app_end ] --START--
INFO: Run Behavior\ShowPageTraceBehavior [ RunTime:0.004252s ]
INFO: [ app_end ] --END-- [ RunTime:0.004419s ]

[ 2015-06-02T11:01:13+08:00 ] 192.168.37.81 /QIS/index.php/Home/Quality/read
INFO: [ app_init ] --START--
INFO: Run Behavior\BuildLiteBehavior [ RunTime:0.000042s ]
INFO: [ app_init ] --END-- [ RunTime:0.001604s ]
INFO: [ app_begin ] --START--
INFO: Run Behavior\ReadHtmlCacheBehavior [ RunTime:0.002928s ]
INFO: [ app_begin ] --END-- [ RunTime:0.003133s ]
SQL: SHOW COLUMNS FROM `think_quality` [ RunTime:0.0145s ]
NOTIC: [8] Undefined variable: laiyuan E:\xampp\htdocs\QIS\Application\Home\Controller\QualityController.class.php 第 29 行.
NOTIC: [8] Undefined variable: pinglun E:\xampp\htdocs\QIS\Application\Home\Controller\QualityController.class.php 第 32 行.
SQL: SELECT * FROM `think_quality` WHERE (`cx` LIKE '%%') AND (`creattime` LIKE '%%') AND (`miaoshu` LIKE '%%') AND (`zrdw` LIKE '%%') AND (`laiyuan` LIKE '%%') AND (`yuanyin` LIKE '%%') AND (`zhenggai` LIKE '%%') AND (`pinglun` LIKE '%%') ORDER BY id asc LIMIT 0,200   [ RunTime:0.0014s ]
SQL: SELECT COUNT(*) AS tp_count FROM `think_quality` WHERE (`cx` LIKE '%%') AND (`creattime` LIKE '%%') AND (`miaoshu` LIKE '%%') AND (`zrdw` LIKE '%%') AND (`laiyuan` LIKE '%%') AND (`yuanyin` LIKE '%%') AND (`zhenggai` LIKE '%%') AND (`pinglun` LIKE '%%') LIMIT 1   [ RunTime:0.0012s ]
INFO: [ app_end ] --START--
INFO: Run Behavior\ShowPageTraceBehavior [ RunTime:0.003390s ]
INFO: [ app_end ] --END-- [ RunTime:0.003558s ]

[ 2015-06-02T11:01:14+08:00 ] 192.168.37.81 /QIS/index.php/Home/Quality/read
INFO: [ app_init ] --START--
INFO: Run Behavior\BuildLiteBehavior [ RunTime:0.000043s ]
INFO: [ app_init ] --END-- [ RunTime:0.001306s ]
INFO: [ app_begin ] --START--
INFO: Run Behavior\ReadHtmlCacheBehavior [ RunTime:0.001893s ]
INFO: [ app_begin ] --END-- [ RunTime:0.002096s ]
SQL: SHOW COLUMNS FROM `think_quality` [ RunTime:0.0420s ]
NOTIC: [8] Undefined variable: laiyuan E:\xampp\htdocs\QIS\Application\Home\Controller\QualityController.class.php 第 29 行.
NOTIC: [8] Undefined variable: pinglun E:\xampp\htdocs\QIS\Application\Home\Controller\QualityController.class.php 第 32 行.
SQL: SELECT * FROM `think_quality` WHERE (`cx` LIKE '%%') AND (`creattime` LIKE '%%') AND (`miaoshu` LIKE '%%') AND (`zrdw` LIKE '%%') AND (`laiyuan` LIKE '%%') AND (`yuanyin` LIKE '%%') AND (`zhenggai` LIKE '%%') AND (`pinglun` LIKE '%%') ORDER BY id asc LIMIT 0,50   [ RunTime:0.0015s ]
SQL: SELECT COUNT(*) AS tp_count FROM `think_quality` WHERE (`cx` LIKE '%%') AND (`creattime` LIKE '%%') AND (`miaoshu` LIKE '%%') AND (`zrdw` LIKE '%%') AND (`laiyuan` LIKE '%%') AND (`yuanyin` LIKE '%%') AND (`zhenggai` LIKE '%%') AND (`pinglun` LIKE '%%') LIMIT 1   [ RunTime:0.0011s ]
INFO: [ app_end ] --START--
INFO: Run Behavior\ShowPageTraceBehavior [ RunTime:0.002081s ]
INFO: [ app_end ] --END-- [ RunTime:0.002254s ]

[ 2015-06-02T11:01:15+08:00 ] 192.168.37.81 /QIS/index.php/Home/Quality/read
INFO: [ app_init ] --START--
INFO: Run Behavior\BuildLiteBehavior [ RunTime:0.000043s ]
INFO: [ app_init ] --END-- [ RunTime:0.001569s ]
INFO: [ app_begin ] --START--
INFO: Run Behavior\ReadHtmlCacheBehavior [ RunTime:0.002824s ]
INFO: [ app_begin ] --END-- [ RunTime:0.003012s ]
SQL: SHOW COLUMNS FROM `think_quality` [ RunTime:0.0245s ]
NOTIC: [8] Undefined variable: laiyuan E:\xampp\htdocs\QIS\Application\Home\Controller\QualityController.class.php 第 29 行.
NOTIC: [8] Undefined variable: pinglun E:\xampp\htdocs\QIS\Application\Home\Controller\QualityController.class.php 第 32 行.
SQL: SELECT * FROM `think_quality` WHERE (`cx` LIKE '%%') AND (`creattime` LIKE '%%') AND (`miaoshu` LIKE '%%') AND (`zrdw` LIKE '%%') AND (`laiyuan` LIKE '%%') AND (`yuanyin` LIKE '%%') AND (`zhenggai` LIKE '%%') AND (`pinglun` LIKE '%%') ORDER BY id asc LIMIT 0,100   [ RunTime:0.0015s ]
SQL: SELECT COUNT(*) AS tp_count FROM `think_quality` WHERE (`cx` LIKE '%%') AND (`creattime` LIKE '%%') AND (`miaoshu` LIKE '%%') AND (`zrdw` LIKE '%%') AND (`laiyuan` LIKE '%%') AND (`yuanyin` LIKE '%%') AND (`zhenggai` LIKE '%%') AND (`pinglun` LIKE '%%') LIMIT 1   [ RunTime:0.0012s ]
INFO: [ app_end ] --START--
INFO: Run Behavior\ShowPageTraceBehavior [ RunTime:0.003106s ]
INFO: [ app_end ] --END-- [ RunTime:0.003266s ]

[ 2015-06-02T16:07:28+08:00 ] 127.0.0.1 /qis/
INFO: [ app_init ] --START--
INFO: Run Behavior\BuildLiteBehavior [ RunTime:0.000040s ]
INFO: [ app_init ] --END-- [ RunTime:0.020263s ]
INFO: [ app_begin ] --START--
INFO: Run Behavior\ReadHtmlCacheBehavior [ RunTime:0.012765s ]
INFO: [ app_begin ] --END-- [ RunTime:0.012926s ]
INFO: [ view_parse ] --START--
INFO: [ template_filter ] --START--
INFO: Run Behavior\ContentReplaceBehavior [ RunTime:0.000324s ]
INFO: [ template_filter ] --END-- [ RunTime:0.000462s ]
NOTIC: [8] Undefined index: authId E:\xampp\htdocs\QIS\Application\Runtime\Cache\Home\2a94b8bda04ff446dcedd42276fc99ee.php 第 159 行.
INFO: Run Behavior\ParseTemplateBehavior [ RunTime:0.462275s ]
INFO: [ view_parse ] --END-- [ RunTime:0.462420s ]
INFO: [ view_filter ] --START--
INFO: Run Behavior\WriteHtmlCacheBehavior [ RunTime:0.035126s ]
INFO: [ view_filter ] --END-- [ RunTime:0.035270s ]
INFO: [ app_end ] --START--
INFO: Run Behavior\ShowPageTraceBehavior [ RunTime:0.049183s ]
INFO: [ app_end ] --END-- [ RunTime:0.049355s ]

[ 2015-06-02T17:16:36+08:00 ] 192.168.37.81 /QIS/
INFO: [ app_init ] --START--
INFO: Run Behavior\BuildLiteBehavior [ RunTime:0.000038s ]
INFO: [ app_init ] --END-- [ RunTime:0.001340s ]
INFO: [ app_begin ] --START--
INFO: Run Behavior\ReadHtmlCacheBehavior [ RunTime:0.021963s ]
INFO: [ app_begin ] --END-- [ RunTime:0.022133s ]
INFO: [ view_parse ] --START--
INFO: [ template_filter ] --START--
INFO: Run Behavior\ContentReplaceBehavior [ RunTime:0.000402s ]
INFO: [ template_filter ] --END-- [ RunTime:0.000553s ]
NOTIC: [8] Undefined index: authId E:\xampp\htdocs\QIS\Application\Runtime\Cache\Home\2a94b8bda04ff446dcedd42276fc99ee.php 第 159 行.
INFO: Run Behavior\ParseTemplateBehavior [ RunTime:0.483539s ]
INFO: [ view_parse ] --END-- [ RunTime:0.483837s ]
INFO: [ view_filter ] --START--
INFO: Run Behavior\WriteHtmlCacheBehavior [ RunTime:0.034912s ]
INFO: [ view_filter ] --END-- [ RunTime:0.035065s ]
INFO: [ app_end ] --START--
INFO: Run Behavior\ShowPageTraceBehavior [ RunTime:0.020330s ]
INFO: [ app_end ] --END-- [ RunTime:0.020514s ]

[ 2015-06-02T17:16:43+08:00 ] 192.168.37.81 /QIS/index.php/Home/Index/announcement
INFO: [ app_init ] --START--
INFO: Run Behavior\BuildLiteBehavior [ RunTime:0.000042s ]
INFO: [ app_init ] --END-- [ RunTime:0.001388s ]
INFO: [ app_begin ] --START--
INFO: Run Behavior\ReadHtmlCacheBehavior [ RunTime:0.001801s ]
INFO: [ app_begin ] --END-- [ RunTime:0.002003s ]
SQL: SHOW COLUMNS FROM `think_announcement` [ RunTime:0.2501s ]
SQL: SELECT * FROM `think_announcement` WHERE `status` = 1 ORDER BY id asc LIMIT 0,10   [ RunTime:0.0013s ]
SQL: SELECT COUNT(*) AS tp_count FROM `think_announcement` WHERE `status` = 1 LIMIT 1   [ RunTime:0.0010s ]
INFO: [ app_end ] --START--
INFO: Run Behavior\ShowPageTraceBehavior [ RunTime:0.001940s ]
INFO: [ app_end ] --END-- [ RunTime:0.002112s ]

[ 2015-06-02T17:16:43+08:00 ] 192.168.37.81 /QIS/index.php/Home/Index/announcement
INFO: [ app_init ] --START--
INFO: Run Behavior\BuildLiteBehavior [ RunTime:0.000044s ]
INFO: [ app_init ] --END-- [ RunTime:0.001220s ]
INFO: [ app_begin ] --START--
INFO: Run Behavior\ReadHtmlCacheBehavior [ RunTime:0.004002s ]
INFO: [ app_begin ] --END-- [ RunTime:0.004206s ]
SQL: SHOW COLUMNS FROM `think_announcement` [ RunTime:0.0545s ]
SQL: SELECT * FROM `think_announcement` WHERE `status` = 1 ORDER BY id asc LIMIT 0,10   [ RunTime:0.0010s ]
SQL: SELECT COUNT(*) AS tp_count FROM `think_announcement` WHERE `status` = 1 LIMIT 1   [ RunTime:0.0006s ]
INFO: [ app_end ] --START--
INFO: Run Behavior\ShowPageTraceBehavior [ RunTime:0.002544s ]
INFO: [ app_end ] --END-- [ RunTime:0.002898s ]

[ 2015-06-02T17:16:59+08:00 ] 192.168.37.81 /QIS/Home/Quality/show_Quality?_=1433236350296
INFO: [ app_init ] --START--
INFO: Run Behavior\BuildLiteBehavior [ RunTime:0.000040s ]
INFO: [ app_init ] --END-- [ RunTime:0.001138s ]
INFO: [ app_begin ] --START--
INFO: Run Behavior\ReadHtmlCacheBehavior [ RunTime:0.001835s ]
INFO: [ app_begin ] --END-- [ RunTime:0.002015s ]
INFO: [ view_parse ] --START--
INFO: [ template_filter ] --START--
INFO: Run Behavior\ContentReplaceBehavior [ RunTime:0.000325s ]
INFO: [ template_filter ] --END-- [ RunTime:0.000442s ]
NOTIC: [8] Undefined index: authId E:\xampp\htdocs\QIS\Application\Runtime\Cache\Home\f941d511b4b3cc6fbdd0b0e3a3ff655c.php 第 8 行.
NOTIC: [8] Undefined index: uid E:\xampp\htdocs\QIS\Application\Runtime\Cache\Home\f941d511b4b3cc6fbdd0b0e3a3ff655c.php 第 174 行.
NOTIC: [8] Undefined index: uid E:\xampp\htdocs\QIS\Application\Runtime\Cache\Home\f941d511b4b3cc6fbdd0b0e3a3ff655c.php 第 792 行.
NOTIC: [8] Undefined index: group_id E:\xampp\htdocs\QIS\Application\Runtime\Cache\Home\f941d511b4b3cc6fbdd0b0e3a3ff655c.php 第 792 行.
INFO: Run Behavior\ParseTemplateBehavior [ RunTime:0.227684s ]
INFO: [ view_parse ] --END-- [ RunTime:0.227820s ]
INFO: [ view_filter ] --START--
INFO: Run Behavior\WriteHtmlCacheBehavior [ RunTime:0.001246s ]
INFO: [ view_filter ] --END-- [ RunTime:0.001365s ]
INFO: [ app_end ] --START--
INFO: Run Behavior\ShowPageTraceBehavior [ RunTime:0.003320s ]
INFO: [ app_end ] --END-- [ RunTime:0.003470s ]

[ 2015-06-02T17:17:04+08:00 ] 192.168.37.81 /QIS/index.php/Home/Quality/read
INFO: [ app_init ] --START--
INFO: Run Behavior\BuildLiteBehavior [ RunTime:0.000034s ]
INFO: [ app_init ] --END-- [ RunTime:0.000929s ]
INFO: [ app_begin ] --START--
INFO: Run Behavior\ReadHtmlCacheBehavior [ RunTime:0.001889s ]
INFO: [ app_begin ] --END-- [ RunTime:0.002083s ]
SQL: SHOW COLUMNS FROM `think_quality` [ RunTime:0.1029s ]
NOTIC: [8] Undefined variable: laiyuan E:\xampp\htdocs\QIS\Application\Home\Controller\QualityController.class.php 第 29 行.
NOTIC: [8] Undefined variable: pinglun E:\xampp\htdocs\QIS\Application\Home\Controller\QualityController.class.php 第 32 行.
SQL: SELECT * FROM `think_quality` WHERE (`cx` LIKE '%%') AND (`creattime` LIKE '%%') AND (`miaoshu` LIKE '%%') AND (`zrdw` LIKE '%%') AND (`laiyuan` LIKE '%%') AND (`yuanyin` LIKE '%%') AND (`zhenggai` LIKE '%%') AND (`pinglun` LIKE '%%') ORDER BY id asc LIMIT 0,50   [ RunTime:0.1618s ]
SQL: SELECT COUNT(*) AS tp_count FROM `think_quality` WHERE (`cx` LIKE '%%') AND (`creattime` LIKE '%%') AND (`miaoshu` LIKE '%%') AND (`zrdw` LIKE '%%') AND (`laiyuan` LIKE '%%') AND (`yuanyin` LIKE '%%') AND (`zhenggai` LIKE '%%') AND (`pinglun` LIKE '%%') LIMIT 1   [ RunTime:0.0385s ]
INFO: [ app_end ] --START--
INFO: Run Behavior\ShowPageTraceBehavior [ RunTime:0.001858s ]
INFO: [ app_end ] --END-- [ RunTime:0.001998s ]

