[ 2015-12-22T17:38:41+08:00 ] 192.168.37.65 /qis/
INFO: [ app_init ] --START--
INFO: Run Behavior\BuildLiteBehavior [ RunTime:0.000056s ]
INFO: [ app_init ] --END-- [ RunTime:0.084472s ]
INFO: [ app_begin ] --START--
INFO: Run Behavior\ReadHtmlCacheBehavior [ RunTime:0.019677s ]
INFO: [ app_begin ] --END-- [ RunTime:0.019890s ]
INFO: [ view_parse ] --START--
INFO: [ template_filter ] --START--
INFO: Run Behavior\ContentReplaceBehavior [ RunTime:0.000363s ]
INFO: [ template_filter ] --END-- [ RunTime:0.000520s ]
NOTIC: [8] Use of undefined constant APP_NAME - assumed 'APP_NAME' E:\xampp\htdocs\QIS\Application\Runtime\Cache\Home\2a94b8bda04ff446dcedd42276fc99ee.php 第 5 行.
NOTIC: [8] Use of undefined constant APP_NAME - assumed 'APP_NAME' E:\xampp\htdocs\QIS\Application\Runtime\Cache\Home\2a94b8bda04ff446dcedd42276fc99ee.php 第 47 行.
NOTIC: [8] Use of undefined constant APP_VERSION - assumed 'APP_VERSION' E:\xampp\htdocs\QIS\Application\Runtime\Cache\Home\2a94b8bda04ff446dcedd42276fc99ee.php 第 47 行.
NOTIC: [8] Use of undefined constant APP_URL - assumed 'APP_URL' E:\xampp\htdocs\QIS\Application\Runtime\Cache\Home\2a94b8bda04ff446dcedd42276fc99ee.php 第 49 行.
NOTIC: [8] Use of undefined constant APP_VERSION - assumed 'APP_VERSION' E:\xampp\htdocs\QIS\Application\Runtime\Cache\Home\2a94b8bda04ff446dcedd42276fc99ee.php 第 49 行.
NOTIC: [8] Undefined index: authId E:\xampp\htdocs\QIS\Application\Runtime\Cache\Home\2a94b8bda04ff446dcedd42276fc99ee.php 第 159 行.
NOTIC: [8] Use of undefined constant APP_VERSION - assumed 'APP_VERSION' E:\xampp\htdocs\QIS\Application\Runtime\Cache\Home\2a94b8bda04ff446dcedd42276fc99ee.php 第 282 行.
INFO: Run Behavior\ParseTemplateBehavior [ RunTime:1.158223s ]
INFO: [ view_parse ] --END-- [ RunTime:1.158407s ]
INFO: [ view_filter ] --START--
INFO: Run Behavior\WriteHtmlCacheBehavior [ RunTime:0.049091s ]
INFO: [ view_filter ] --END-- [ RunTime:0.049265s ]
INFO: [ app_end ] --START--
INFO: Run Behavior\ShowPageTraceBehavior [ RunTime:0.022821s ]
INFO: [ app_end ] --END-- [ RunTime:0.023017s ]

[ 2015-12-22T17:39:07+08:00 ] 192.168.37.65 /qis/index.php/Home/Index/announcement
INFO: [ app_init ] --START--
INFO: Run Behavior\BuildLiteBehavior [ RunTime:0.000040s ]
INFO: [ app_init ] --END-- [ RunTime:0.001219s ]
INFO: [ app_begin ] --START--
INFO: Run Behavior\ReadHtmlCacheBehavior [ RunTime:0.002452s ]
INFO: [ app_begin ] --END-- [ RunTime:0.002614s ]
SQL: SHOW COLUMNS FROM `think_quality` [ RunTime:1.0058s ]
SQL: SELECT COUNT(*) AS tp_count FROM `think_quality` LIMIT 1   [ RunTime:0.0621s ]
SQL: SHOW COLUMNS FROM `think_user` [ RunTime:0.1514s ]
SQL: SELECT COUNT(*) AS tp_count FROM `think_user` LIMIT 1   [ RunTime:0.0008s ]
INFO: [ app_end ] --START--
INFO: Run Behavior\ShowPageTraceBehavior [ RunTime:0.001521s ]
INFO: [ app_end ] --END-- [ RunTime:0.001661s ]

[ 2015-12-22T17:39:07+08:00 ] 192.168.37.65 /qis/index.php/Home/Index/announcement
INFO: [ app_init ] --START--
INFO: Run Behavior\BuildLiteBehavior [ RunTime:0.000043s ]
INFO: [ app_init ] --END-- [ RunTime:0.001391s ]
INFO: [ app_begin ] --START--
INFO: Run Behavior\ReadHtmlCacheBehavior [ RunTime:0.001977s ]
INFO: [ app_begin ] --END-- [ RunTime:0.002184s ]
SQL: SHOW COLUMNS FROM `think_quality` [ RunTime:0.0182s ]
SQL: SELECT COUNT(*) AS tp_count FROM `think_quality` LIMIT 1   [ RunTime:0.0009s ]
SQL: SHOW COLUMNS FROM `think_user` [ RunTime:0.0188s ]
SQL: SELECT COUNT(*) AS tp_count FROM `think_user` LIMIT 1   [ RunTime:0.0008s ]
INFO: [ app_end ] --START--
INFO: Run Behavior\ShowPageTraceBehavior [ RunTime:0.001958s ]
INFO: [ app_end ] --END-- [ RunTime:0.002113s ]

