[ 2015-05-29T08:49:13+08:00 ] 192.168.37.77 /qis/Public/favicon.ico
INFO: [ app_init ] --START--
INFO: Run Behavior\BuildLiteBehavior [ RunTime:0.000054s ]
INFO: [ app_init ] --END-- [ RunTime:0.001307s ]
ERR: 无法加载模块:Public

[ 2015-05-29T08:50:42+08:00 ] 192.168.37.77 /qis/Public/favicon.ico
INFO: [ app_init ] --START--
INFO: Run Behavior\BuildLiteBehavior [ RunTime:0.000034s ]
INFO: [ app_init ] --END-- [ RunTime:0.001099s ]
ERR: 无法加载模块:Public

[ 2015-05-29T08:52:38+08:00 ] 127.0.0.1 /qis/Public/favicon.ico
INFO: [ app_init ] --START--
INFO: Run Behavior\BuildLiteBehavior [ RunTime:0.000038s ]
INFO: [ app_init ] --END-- [ RunTime:0.001652s ]
ERR: 无法加载模块:Public

[ 2015-05-29T08:54:01+08:00 ] 127.0.0.1 /qis/Public/favicon.ico
INFO: [ app_init ] --START--
INFO: Run Behavior\BuildLiteBehavior [ RunTime:0.000040s ]
INFO: [ app_init ] --END-- [ RunTime:0.001161s ]
ERR: 无法加载模块:Public

[ 2015-05-29T08:57:31+08:00 ] 192.168.37.77 /qis/Public/favicon.ico
INFO: [ app_init ] --START--
INFO: Run Behavior\BuildLiteBehavior [ RunTime:0.000041s ]
INFO: [ app_init ] --END-- [ RunTime:0.001293s ]
ERR: 无法加载模块:Public

[ 2015-05-29T08:57:33+08:00 ] 192.168.37.77 /qis/Public/favicon.ico
INFO: [ app_init ] --START--
INFO: Run Behavior\BuildLiteBehavior [ RunTime:0.000041s ]
INFO: [ app_init ] --END-- [ RunTime:0.001313s ]
ERR: 无法加载模块:Public

[ 2015-05-29T08:57:33+08:00 ] 192.168.37.77 /qis/Public/favicon.ico
INFO: [ app_init ] --START--
INFO: Run Behavior\BuildLiteBehavior [ RunTime:0.000042s ]
INFO: [ app_init ] --END-- [ RunTime:0.001325s ]
ERR: 无法加载模块:Public

[ 2015-05-29T15:49:33+08:00 ] 127.0.0.1 /qis/Public/favicon.ico
INFO: [ app_init ] --START--
INFO: Run Behavior\BuildLiteBehavior [ RunTime:0.000037s ]
INFO: [ app_init ] --END-- [ RunTime:0.001327s ]
ERR: 无法加载模块:Public

[ 2015-05-29T15:54:39+08:00 ] 127.0.0.1 /qis/Public/favicon.ico
INFO: [ app_init ] --START--
INFO: Run Behavior\BuildLiteBehavior [ RunTime:0.000040s ]
INFO: [ app_init ] --END-- [ RunTime:0.001002s ]
ERR: 无法加载模块:Public

[ 2015-05-29T16:34:02+08:00 ] 127.0.0.1 /qis/Public/favicon.ico
INFO: [ app_init ] --START--
INFO: Run Behavior\BuildLiteBehavior [ RunTime:0.000044s ]
INFO: [ app_init ] --END-- [ RunTime:0.001653s ]
ERR: 无法加载模块:Public

