[ 2015-08-27T14:06:24+08:00 ] 127.0.0.1 /QIS/public/upload/2015-08-27/55dea8dbe32a1.jpgFdivideupload/2015-08-27/55dea8dbe4f3f.jpg
INFO: [ app_init ] --START--
INFO: Run Behavior\BuildLiteBehavior [ RunTime:0.000042s ]
INFO: [ app_init ] --END-- [ RunTime:0.001094s ]
ERR: 无法加载模块:Public

[ 2015-08-27T14:15:07+08:00 ] 127.0.0.1 /QIS/public/upload/2015-08-27/55dea8dbe32a1.jpgFdivideupload/2015-08-27/55dea8dbe4f3f.jpg
INFO: [ app_init ] --START--
INFO: Run Behavior\BuildLiteBehavior [ RunTime:0.000114s ]
INFO: [ app_init ] --END-- [ RunTime:0.001422s ]
ERR: 无法加载模块:Public

[ 2015-08-27T14:15:20+08:00 ] 127.0.0.1 /QIS/public/upload/2015-08-27/55dea8dbe32a1.jpgFdivideupload/2015-08-27/55dea8dbe4f3f.jpg
INFO: [ app_init ] --START--
INFO: Run Behavior\BuildLiteBehavior [ RunTime:0.000041s ]
INFO: [ app_init ] --END-- [ RunTime:0.001192s ]
ERR: 无法加载模块:Public

[ 2015-08-27T14:16:17+08:00 ] 127.0.0.1 /QIS/public/upload/2015-08-27/55dea8dbe32a1.jpgFdivideupload/2015-08-27/55dea8dbe4f3f.jpg
INFO: [ app_init ] --START--
INFO: Run Behavior\BuildLiteBehavior [ RunTime:0.000041s ]
INFO: [ app_init ] --END-- [ RunTime:0.001138s ]
ERR: 无法加载模块:Public

[ 2015-08-27T14:18:57+08:00 ] 127.0.0.1 /QIS/public/upload/2015-08-27/55dea8dbe32a1.jpgFdivideupload/2015-08-27/55dea8dbe4f3f.jpg
INFO: [ app_init ] --START--
INFO: Run Behavior\BuildLiteBehavior [ RunTime:0.000043s ]
INFO: [ app_init ] --END-- [ RunTime:0.001519s ]
ERR: 无法加载模块:Public

[ 2015-08-27T14:19:31+08:00 ] 127.0.0.1 /QIS/public/upload/2015-08-27/55dea8dbe32a1.jpgFdivideupload/2015-08-27/55dea8dbe4f3f.jpg
INFO: [ app_init ] --START--
INFO: Run Behavior\BuildLiteBehavior [ RunTime:0.000036s ]
INFO: [ app_init ] --END-- [ RunTime:0.001008s ]
ERR: 无法加载模块:Public

[ 2015-08-27T14:19:53+08:00 ] 127.0.0.1 /QIS/public/upload/2015-08-27/55dea8dbe32a1.jpgFdivideupload/2015-08-27/55dea8dbe4f3f.jpg
INFO: [ app_init ] --START--
INFO: Run Behavior\BuildLiteBehavior [ RunTime:0.000037s ]
INFO: [ app_init ] --END-- [ RunTime:0.007097s ]
ERR: 无法加载模块:Public

