[ 2015-05-27T08:41:21+08:00 ] 192.168.37.5 /qis/index.php/Admin/Login/checkLogin
INFO: [ app_init ] --START--
INFO: Run Behavior\BuildLiteBehavior [ RunTime:0.000040s ]
INFO: [ app_init ] --END-- [ RunTime:0.001231s ]
INFO: [ app_begin ] --START--
INFO: Run Behavior\ReadHtmlCacheBehavior [ RunTime:0.001780s ]
INFO: [ app_begin ] --END-- [ RunTime:0.002006s ]
SQL: SHOW COLUMNS FROM `think_user` [ RunTime:0.0671s ]
SQL: SELECT * FROM `think_user` WHERE `username` = 'hjw' LIMIT 1   [ RunTime:0.0011s ]
SQL: UPDATE `think_user` SET `login_ip`='192.168.37.5',`last_login_time`='15-05-27 08:41:21' WHERE `id` = 59 [ RunTime:0.0925s ]
SQL: UPDATE `think_user` SET `login_num`=login_num+1 WHERE `id` = 59 [ RunTime:0.0076s ]
INFO: [ view_parse ] --START--
INFO: [ template_filter ] --START--
INFO: Run Behavior\ContentReplaceBehavior [ RunTime:0.000156s ]
INFO: [ template_filter ] --END-- [ RunTime:0.000416s ]
INFO: Run Behavior\ParseTemplateBehavior [ RunTime:0.111078s ]
INFO: [ view_parse ] --END-- [ RunTime:0.111346s ]
INFO: [ view_filter ] --START--
INFO: Run Behavior\WriteHtmlCacheBehavior [ RunTime:0.000967s ]
INFO: [ view_filter ] --END-- [ RunTime:0.001110s ]
INFO: [ app_end ] --START--
INFO: Run Behavior\ShowPageTraceBehavior [ RunTime:0.001539s ]
INFO: [ app_end ] --END-- [ RunTime:0.001700s ]

[ 2015-05-27T08:41:30+08:00 ] 192.168.37.5 /qis/index.php/Admin/User/user?_=1432687345009
INFO: [ app_init ] --START--
INFO: Run Behavior\BuildLiteBehavior [ RunTime:0.000044s ]
INFO: [ app_init ] --END-- [ RunTime:0.001283s ]
INFO: [ app_begin ] --START--
INFO: Run Behavior\ReadHtmlCacheBehavior [ RunTime:0.002312s ]
INFO: [ app_begin ] --END-- [ RunTime:0.002509s ]
SQL: SHOW COLUMNS FROM `think_auth_group` [ RunTime:0.0700s ]
SQL: SELECT * FROM `think_auth_group`  [ RunTime:0.0010s ]
INFO: [ view_parse ] --START--
INFO: [ template_filter ] --START--
INFO: Run Behavior\ContentReplaceBehavior [ RunTime:0.000301s ]
INFO: [ template_filter ] --END-- [ RunTime:0.000449s ]
NOTIC: [8] Use of undefined constant GROUP_NAME - assumed 'GROUP_NAME' E:\xampp\htdocs\QIS\Application\Runtime\Cache\Admin\2a29f2db7e5d066ba9b42bfd58f48adc.php ç¬¬ 3 è¡Œ.
INFO: Run Behavior\ParseTemplateBehavior [ RunTime:0.061076s ]
INFO: [ view_parse ] --END-- [ RunTime:0.061269s ]
INFO: [ view_filter ] --START--
INFO: Run Behavior\WriteHtmlCacheBehavior [ RunTime:0.000896s ]
INFO: [ view_filter ] --END-- [ RunTime:0.001018s ]
INFO: [ app_end ] --START--
INFO: Run Behavior\ShowPageTraceBehavior [ RunTime:0.001610s ]
INFO: [ app_end ] --END-- [ RunTime:0.001752s ]

[ 2015-05-27T08:41:31+08:00 ] 192.168.37.5 /qis/index.php/Admin/user/userdata
INFO: [ app_init ] --START--
INFO: Run Behavior\BuildLiteBehavior [ RunTime:0.000043s ]
INFO: [ app_init ] --END-- [ RunTime:0.001291s ]
INFO: [ app_begin ] --START--
INFO: Run Behavior\ReadHtmlCacheBehavior [ RunTime:0.001581s ]
INFO: [ app_begin ] --END-- [ RunTime:0.001793s ]
SQL: SHOW COLUMNS FROM `think_user` [ RunTime:0.0155s ]
SQL: SELECT * FROM `think_user`  [ RunTime:0.0010s ]
INFO: [ app_end ] --START--
INFO: Run Behavior\ShowPageTraceBehavior [ RunTime:0.001606s ]
INFO: [ app_end ] --END-- [ RunTime:0.001750s ]

[ 2015-05-27T08:46:58+08:00 ] 192.168.37.70 /qis/index.php/Admin/Login/checkLogin
INFO: [ app_init ] --START--
INFO: Run Behavior\BuildLiteBehavior [ RunTime:0.000044s ]
INFO: [ app_init ] --END-- [ RunTime:0.001260s ]
INFO: [ app_begin ] --START--
INFO: Run Behavior\ReadHtmlCacheBehavior [ RunTime:0.001722s ]
INFO: [ app_begin ] --END-- [ RunTime:0.001952s ]
SQL: SHOW COLUMNS FROM `think_user` [ RunTime:0.0170s ]
SQL: SELECT * FROM `think_user` WHERE `username` = 'hjw' LIMIT 1   [ RunTime:0.0010s ]
SQL: UPDATE `think_user` SET `login_ip`='192.168.37.70',`last_login_time`='15-05-27 08:46:58' WHERE `id` = 59 [ RunTime:0.0009s ]
SQL: UPDATE `think_user` SET `login_num`=login_num+1 WHERE `id` = 59 [ RunTime:0.0007s ]
INFO: [ view_parse ] --START--
INFO: [ template_filter ] --START--
INFO: Run Behavior\ContentReplaceBehavior [ RunTime:0.000081s ]
INFO: [ template_filter ] --END-- [ RunTime:0.000207s ]
INFO: Run Behavior\ParseTemplateBehavior [ RunTime:0.015769s ]
INFO: [ view_parse ] --END-- [ RunTime:0.015950s ]
INFO: [ view_filter ] --START--
INFO: Run Behavior\WriteHtmlCacheBehavior [ RunTime:0.000867s ]
INFO: [ view_filter ] --END-- [ RunTime:0.000991s ]
INFO: [ app_end ] --START--
INFO: Run Behavior\ShowPageTraceBehavior [ RunTime:0.001933s ]
INFO: [ app_end ] --END-- [ RunTime:0.002105s ]

[ 2015-05-27T08:50:58+08:00 ] 192.168.37.70 /qis/index.php/Admin/Login/logout
INFO: [ app_init ] --START--
INFO: Run Behavior\BuildLiteBehavior [ RunTime:0.000039s ]
INFO: [ app_init ] --END-- [ RunTime:0.001186s ]
INFO: [ app_begin ] --START--
INFO: Run Behavior\ReadHtmlCacheBehavior [ RunTime:0.001634s ]
INFO: [ app_begin ] --END-- [ RunTime:0.001840s ]
INFO: [ view_parse ] --START--
INFO: [ template_filter ] --START--
INFO: Run Behavior\ContentReplaceBehavior [ RunTime:0.000136s ]
INFO: [ template_filter ] --END-- [ RunTime:0.000350s ]
INFO: Run Behavior\ParseTemplateBehavior [ RunTime:0.016554s ]
INFO: [ view_parse ] --END-- [ RunTime:0.016723s ]
INFO: [ view_filter ] --START--
INFO: Run Behavior\WriteHtmlCacheBehavior [ RunTime:0.000689s ]
INFO: [ view_filter ] --END-- [ RunTime:0.000810s ]
INFO: [ app_end ] --START--
INFO: Run Behavior\ShowPageTraceBehavior [ RunTime:0.001216s ]
INFO: [ app_end ] --END-- [ RunTime:0.001347s ]

[ 2015-05-27T09:01:17+08:00 ] 192.168.30.6 /qis/index.php/Admin/Login/checkLogin
INFO: [ app_init ] --START--
INFO: Run Behavior\BuildLiteBehavior [ RunTime:0.000041s ]
INFO: [ app_init ] --END-- [ RunTime:0.001167s ]
INFO: [ app_begin ] --START--
INFO: Run Behavior\ReadHtmlCacheBehavior [ RunTime:0.001914s ]
INFO: [ app_begin ] --END-- [ RunTime:0.002160s ]
SQL: SHOW COLUMNS FROM `think_user` [ RunTime:0.0451s ]
SQL: SELECT * FROM `think_user` WHERE `username` = 'hjw' LIMIT 1   [ RunTime:0.0014s ]
SQL: UPDATE `think_user` SET `login_ip`='192.168.30.6',`last_login_time`='15-05-27 09:01:17' WHERE `id` = 59 [ RunTime:0.0016s ]
SQL: UPDATE `think_user` SET `login_num`=login_num+1 WHERE `id` = 59 [ RunTime:0.0016s ]
INFO: [ view_parse ] --START--
INFO: [ template_filter ] --START--
INFO: Run Behavior\ContentReplaceBehavior [ RunTime:0.000093s ]
INFO: [ template_filter ] --END-- [ RunTime:0.000254s ]
INFO: Run Behavior\ParseTemplateBehavior [ RunTime:0.016460s ]
INFO: [ view_parse ] --END-- [ RunTime:0.016655s ]
INFO: [ view_filter ] --START--
INFO: Run Behavior\WriteHtmlCacheBehavior [ RunTime:0.001096s ]
INFO: [ view_filter ] --END-- [ RunTime:0.001250s ]
INFO: [ app_end ] --START--
INFO: Run Behavior\ShowPageTraceBehavior [ RunTime:0.001457s ]
INFO: [ app_end ] --END-- [ RunTime:0.001620s ]

[ 2015-05-27T09:01:36+08:00 ] 192.168.30.6 /qis/index.php/Admin/User/user?_=1432688516140
INFO: [ app_init ] --START--
INFO: Run Behavior\BuildLiteBehavior [ RunTime:0.000064s ]
INFO: [ app_init ] --END-- [ RunTime:0.001302s ]
INFO: [ app_begin ] --START--
INFO: Run Behavior\ReadHtmlCacheBehavior [ RunTime:0.001396s ]
INFO: [ app_begin ] --END-- [ RunTime:0.001592s ]
SQL: SHOW COLUMNS FROM `think_auth_group` [ RunTime:0.2527s ]
SQL: SELECT * FROM `think_auth_group`  [ RunTime:0.0025s ]
INFO: [ view_parse ] --START--
INFO: [ template_filter ] --START--
INFO: Run Behavior\ContentReplaceBehavior [ RunTime:0.000272s ]
INFO: [ template_filter ] --END-- [ RunTime:0.000403s ]
NOTIC: [8] Use of undefined constant GROUP_NAME - assumed 'GROUP_NAME' E:\xampp\htdocs\QIS\Application\Runtime\Cache\Admin\2a29f2db7e5d066ba9b42bfd58f48adc.php ç¬¬ 3 è¡Œ.
INFO: Run Behavior\ParseTemplateBehavior [ RunTime:0.474194s ]
INFO: [ view_parse ] --END-- [ RunTime:0.474374s ]
INFO: [ view_filter ] --START--
INFO: Run Behavior\WriteHtmlCacheBehavior [ RunTime:0.000960s ]
INFO: [ view_filter ] --END-- [ RunTime:0.001080s ]
INFO: [ app_end ] --START--
INFO: Run Behavior\ShowPageTraceBehavior [ RunTime:0.001516s ]
INFO: [ app_end ] --END-- [ RunTime:0.001797s ]

[ 2015-05-27T09:01:38+08:00 ] 192.168.30.6 /qis/index.php/Admin/user/userdata
INFO: [ app_init ] --START--
INFO: Run Behavior\BuildLiteBehavior [ RunTime:0.000040s ]
INFO: [ app_init ] --END-- [ RunTime:0.001191s ]
INFO: [ app_begin ] --START--
INFO: Run Behavior\ReadHtmlCacheBehavior [ RunTime:0.001729s ]
INFO: [ app_begin ] --END-- [ RunTime:0.001967s ]
SQL: SHOW COLUMNS FROM `think_user` [ RunTime:0.0203s ]
SQL: SELECT * FROM `think_user`  [ RunTime:0.0012s ]
INFO: [ app_end ] --START--
INFO: Run Behavior\ShowPageTraceBehavior [ RunTime:0.001972s ]
INFO: [ app_end ] --END-- [ RunTime:0.002155s ]

[ 2015-05-27T09:13:59+08:00 ] 127.0.0.1 /qis/index.php/Admin/Login/checkLogin
INFO: [ app_init ] --START--
INFO: Run Behavior\BuildLiteBehavior [ RunTime:0.000040s ]
INFO: [ app_init ] --END-- [ RunTime:0.001020s ]
INFO: [ app_begin ] --START--
INFO: Run Behavior\ReadHtmlCacheBehavior [ RunTime:0.001677s ]
INFO: [ app_begin ] --END-- [ RunTime:0.001957s ]
SQL: SHOW COLUMNS FROM `think_user` [ RunTime:0.0174s ]
SQL: SELECT * FROM `think_user` WHERE `username` = 'fjp203' LIMIT 1   [ RunTime:0.0009s ]
SQL: UPDATE `think_user` SET `login_ip`='127.0.0.1',`last_login_time`='15-05-27 09:13:58' WHERE `id` = 52 [ RunTime:0.7959s ]
SQL: UPDATE `think_user` SET `login_num`=login_num+1 WHERE `id` = 52 [ RunTime:0.0932s ]
INFO: [ view_parse ] --START--
INFO: [ template_filter ] --START--
INFO: Run Behavior\ContentReplaceBehavior [ RunTime:0.000099s ]
INFO: [ template_filter ] --END-- [ RunTime:0.000274s ]
INFO: Run Behavior\ParseTemplateBehavior [ RunTime:0.068198s ]
INFO: [ view_parse ] --END-- [ RunTime:0.068396s ]
INFO: [ view_filter ] --START--
INFO: Run Behavior\WriteHtmlCacheBehavior [ RunTime:0.000858s ]
INFO: [ view_filter ] --END-- [ RunTime:0.001003s ]
INFO: [ app_end ] --START--
INFO: Run Behavior\ShowPageTraceBehavior [ RunTime:0.001374s ]
INFO: [ app_end ] --END-- [ RunTime:0.001535s ]

[ 2015-05-27T09:31:04+08:00 ] 127.0.0.1 /qis/index.php/Admin/Login/logout
INFO: [ app_init ] --START--
INFO: Run Behavior\BuildLiteBehavior [ RunTime:0.000037s ]
INFO: [ app_init ] --END-- [ RunTime:0.001207s ]
INFO: [ app_begin ] --START--
INFO: Run Behavior\ReadHtmlCacheBehavior [ RunTime:0.002217s ]
INFO: [ app_begin ] --END-- [ RunTime:0.002445s ]
INFO: [ view_parse ] --START--
INFO: [ template_filter ] --START--
INFO: Run Behavior\ContentReplaceBehavior [ RunTime:0.000096s ]
INFO: [ template_filter ] --END-- [ RunTime:0.000269s ]
INFO: Run Behavior\ParseTemplateBehavior [ RunTime:0.037039s ]
INFO: [ view_parse ] --END-- [ RunTime:0.037232s ]
INFO: [ view_filter ] --START--
INFO: Run Behavior\WriteHtmlCacheBehavior [ RunTime:0.001574s ]
INFO: [ view_filter ] --END-- [ RunTime:0.001733s ]
INFO: [ app_end ] --START--
INFO: Run Behavior\ShowPageTraceBehavior [ RunTime:0.002461s ]
INFO: [ app_end ] --END-- [ RunTime:0.002600s ]

[ 2015-05-27T09:31:15+08:00 ] 127.0.0.1 /qis/index.php/Admin/Login/checkLogin
INFO: [ app_init ] --START--
INFO: Run Behavior\BuildLiteBehavior [ RunTime:0.000037s ]
INFO: [ app_init ] --END-- [ RunTime:0.001153s ]
INFO: [ app_begin ] --START--
INFO: Run Behavior\ReadHtmlCacheBehavior [ RunTime:0.001510s ]
INFO: [ app_begin ] --END-- [ RunTime:0.001732s ]
SQL: SHOW COLUMNS FROM `think_user` [ RunTime:0.0195s ]
SQL: SELECT * FROM `think_user` WHERE `username` = 'hjw' LIMIT 1   [ RunTime:0.0014s ]
SQL: UPDATE `think_user` SET `login_ip`='127.0.0.1',`last_login_time`='15-05-27 09:31:14' WHERE `id` = 59 [ RunTime:0.3036s ]
SQL: UPDATE `think_user` SET `login_num`=login_num+1 WHERE `id` = 59 [ RunTime:0.0623s ]
INFO: [ view_parse ] --START--
INFO: [ template_filter ] --START--
INFO: Run Behavior\ContentReplaceBehavior [ RunTime:0.000088s ]
INFO: [ template_filter ] --END-- [ RunTime:0.000243s ]
INFO: Run Behavior\ParseTemplateBehavior [ RunTime:0.016610s ]
INFO: [ view_parse ] --END-- [ RunTime:0.016849s ]
INFO: [ view_filter ] --START--
INFO: Run Behavior\WriteHtmlCacheBehavior [ RunTime:0.001100s ]
INFO: [ view_filter ] --END-- [ RunTime:0.001249s ]
INFO: [ app_end ] --START--
INFO: Run Behavior\ShowPageTraceBehavior [ RunTime:0.002757s ]
INFO: [ app_end ] --END-- [ RunTime:0.002921s ]

[ 2015-05-27T09:32:29+08:00 ] 127.0.0.1 /qis/index.php/Admin/Login/logout
INFO: [ app_init ] --START--
INFO: Run Behavior\BuildLiteBehavior [ RunTime:0.000043s ]
INFO: [ app_init ] --END-- [ RunTime:0.002818s ]
INFO: [ app_begin ] --START--
INFO: Run Behavior\ReadHtmlCacheBehavior [ RunTime:0.001798s ]
INFO: [ app_begin ] --END-- [ RunTime:0.001995s ]
INFO: [ view_parse ] --START--
INFO: [ template_filter ] --START--
INFO: Run Behavior\ContentReplaceBehavior [ RunTime:0.000088s ]
INFO: [ template_filter ] --END-- [ RunTime:0.000241s ]
INFO: Run Behavior\ParseTemplateBehavior [ RunTime:0.022096s ]
INFO: [ view_parse ] --END-- [ RunTime:0.022266s ]
INFO: [ view_filter ] --START--
INFO: Run Behavior\WriteHtmlCacheBehavior [ RunTime:0.001045s ]
INFO: [ view_filter ] --END-- [ RunTime:0.001206s ]
INFO: [ app_end ] --START--
INFO: Run Behavior\ShowPageTraceBehavior [ RunTime:0.001959s ]
INFO: [ app_end ] --END-- [ RunTime:0.002106s ]

[ 2015-05-27T09:32:41+08:00 ] 127.0.0.1 /qis/index.php/Admin/Login/checkLogin
INFO: [ app_init ] --START--
INFO: Run Behavior\BuildLiteBehavior [ RunTime:0.000041s ]
INFO: [ app_init ] --END-- [ RunTime:0.001191s ]
INFO: [ app_begin ] --START--
INFO: Run Behavior\ReadHtmlCacheBehavior [ RunTime:0.001706s ]
INFO: [ app_begin ] --END-- [ RunTime:0.001935s ]
SQL: SHOW COLUMNS FROM `think_user` [ RunTime:0.0175s ]
SQL: SELECT * FROM `think_user` WHERE `username` = 'hjw' LIMIT 1   [ RunTime:0.0011s ]
SQL: UPDATE `think_user` SET `login_ip`='127.0.0.1',`last_login_time`='15-05-27 09:32:41' WHERE `id` = 59 [ RunTime:0.0016s ]
SQL: UPDATE `think_user` SET `login_num`=login_num+1 WHERE `id` = 59 [ RunTime:0.0017s ]
INFO: [ view_parse ] --START--
INFO: [ template_filter ] --START--
INFO: Run Behavior\ContentReplaceBehavior [ RunTime:0.000088s ]
INFO: [ template_filter ] --END-- [ RunTime:0.000401s ]
INFO: Run Behavior\ParseTemplateBehavior [ RunTime:0.017322s ]
INFO: [ view_parse ] --END-- [ RunTime:0.017526s ]
INFO: [ view_filter ] --START--
INFO: Run Behavior\WriteHtmlCacheBehavior [ RunTime:0.001298s ]
INFO: [ view_filter ] --END-- [ RunTime:0.001434s ]
INFO: [ app_end ] --START--
INFO: Run Behavior\ShowPageTraceBehavior [ RunTime:0.001612s ]
INFO: [ app_end ] --END-- [ RunTime:0.001749s ]

[ 2015-05-27T09:33:32+08:00 ] 127.0.0.1 /qis/index.php/Admin/Login/logout
INFO: [ app_init ] --START--
INFO: Run Behavior\BuildLiteBehavior [ RunTime:0.000035s ]
INFO: [ app_init ] --END-- [ RunTime:0.001006s ]
INFO: [ app_begin ] --START--
INFO: Run Behavior\ReadHtmlCacheBehavior [ RunTime:0.002155s ]
INFO: [ app_begin ] --END-- [ RunTime:0.002464s ]
INFO: [ view_parse ] --START--
INFO: [ template_filter ] --START--
INFO: Run Behavior\ContentReplaceBehavior [ RunTime:0.000180s ]
INFO: [ template_filter ] --END-- [ RunTime:0.000363s ]
INFO: Run Behavior\ParseTemplateBehavior [ RunTime:0.019919s ]
INFO: [ view_parse ] --END-- [ RunTime:0.020209s ]
INFO: [ view_filter ] --START--
INFO: Run Behavior\WriteHtmlCacheBehavior [ RunTime:0.001810s ]
INFO: [ view_filter ] --END-- [ RunTime:0.001968s ]
INFO: [ app_end ] --START--
INFO: Run Behavior\ShowPageTraceBehavior [ RunTime:0.002770s ]
INFO: [ app_end ] --END-- [ RunTime:0.002914s ]

[ 2015-05-27T09:33:41+08:00 ] 127.0.0.1 /qis/index.php/Admin/Login/checkLogin
INFO: [ app_init ] --START--
INFO: Run Behavior\BuildLiteBehavior [ RunTime:0.000036s ]
INFO: [ app_init ] --END-- [ RunTime:0.001013s ]
INFO: [ app_begin ] --START--
INFO: Run Behavior\ReadHtmlCacheBehavior [ RunTime:0.001671s ]
INFO: [ app_begin ] --END-- [ RunTime:0.001887s ]
SQL: SHOW COLUMNS FROM `think_user` [ RunTime:0.0183s ]
SQL: SELECT * FROM `think_user` WHERE `username` = 'fjp203' LIMIT 1   [ RunTime:0.0010s ]
SQL: UPDATE `think_user` SET `login_ip`='127.0.0.1',`last_login_time`='15-05-27 09:33:41' WHERE `id` = 52 [ RunTime:0.0008s ]
SQL: UPDATE `think_user` SET `login_num`=login_num+1 WHERE `id` = 52 [ RunTime:0.0008s ]
INFO: [ view_parse ] --START--
INFO: [ template_filter ] --START--
INFO: Run Behavior\ContentReplaceBehavior [ RunTime:0.000081s ]
INFO: [ template_filter ] --END-- [ RunTime:0.000213s ]
INFO: Run Behavior\ParseTemplateBehavior [ RunTime:0.016769s ]
INFO: [ view_parse ] --END-- [ RunTime:0.016948s ]
INFO: [ view_filter ] --START--
INFO: Run Behavior\WriteHtmlCacheBehavior [ RunTime:0.001030s ]
INFO: [ view_filter ] --END-- [ RunTime:0.001156s ]
INFO: [ app_end ] --START--
INFO: Run Behavior\ShowPageTraceBehavior [ RunTime:0.001523s ]
INFO: [ app_end ] --END-- [ RunTime:0.001654s ]

[ 2015-05-27T15:51:39+08:00 ] 127.0.0.1 /qis/index.php/Admin/Login/checkLogin
INFO: [ app_init ] --START--
INFO: Run Behavior\BuildLiteBehavior [ RunTime:0.000037s ]
INFO: [ app_init ] --END-- [ RunTime:0.001065s ]
INFO: [ app_begin ] --START--
INFO: Run Behavior\ReadHtmlCacheBehavior [ RunTime:0.001339s ]
INFO: [ app_begin ] --END-- [ RunTime:0.001527s ]
NOTIC: [2] PDO::__construct() [<a href='pdo.--construct'>pdo.--construct</a>]: [2002] ÓÉÓÚÄ¿±ê¼ÆËã»ú»ý¼«¾Ü¾ø£¬ÎÞ·¨Á¬½Ó¡£
 (trying to connect via tcp://localhost:3306) E:\xampp\htdocs\QIS\ThinkPHP\Library\Think\Db\Driver.class.php ç¬¬ 103 è¡Œ.
ERR: SQLSTATE[HY000] [2002] ÓÉÓÚÄ¿±ê¼ÆËã»ú»ý¼«¾Ü¾ø£¬ÎÞ·¨Á¬½Ó¡£


[ 2015-05-27T15:51:56+08:00 ] 127.0.0.1 /qis/index.php/Admin/Login/checkLogin
INFO: [ app_init ] --START--
INFO: Run Behavior\BuildLiteBehavior [ RunTime:0.000065s ]
INFO: [ app_init ] --END-- [ RunTime:0.001625s ]
INFO: [ app_begin ] --START--
INFO: Run Behavior\ReadHtmlCacheBehavior [ RunTime:0.003590s ]
INFO: [ app_begin ] --END-- [ RunTime:0.003961s ]
NOTIC: [2] PDO::__construct() [<a href='pdo.--construct'>pdo.--construct</a>]: [2002] ÓÉÓÚÄ¿±ê¼ÆËã»ú»ý¼«¾Ü¾ø£¬ÎÞ·¨Á¬½Ó¡£
 (trying to connect via tcp://localhost:3306) E:\xampp\htdocs\QIS\ThinkPHP\Library\Think\Db\Driver.class.php ç¬¬ 103 è¡Œ.
ERR: SQLSTATE[HY000] [2002] ÓÉÓÚÄ¿±ê¼ÆËã»ú»ý¼«¾Ü¾ø£¬ÎÞ·¨Á¬½Ó¡£


[ 2015-05-27T15:52:36+08:00 ] 127.0.0.1 /qis/index.php/Admin/Login/checkLogin
INFO: [ app_init ] --START--
INFO: Run Behavior\BuildLiteBehavior [ RunTime:0.000042s ]
INFO: [ app_init ] --END-- [ RunTime:0.001092s ]
INFO: [ app_begin ] --START--
INFO: Run Behavior\ReadHtmlCacheBehavior [ RunTime:0.001618s ]
INFO: [ app_begin ] --END-- [ RunTime:0.001834s ]
SQL: SHOW COLUMNS FROM `think_user` [ RunTime:0.0620s ]
SQL: SELECT * FROM `think_user` WHERE `username` = 'fjp203' LIMIT 1   [ RunTime:0.0013s ]
SQL: UPDATE `think_user` SET `login_ip`='127.0.0.1',`last_login_time`='15-05-27 03:52:36' WHERE `id` = 52 [ RunTime:0.0017s ]
SQL: UPDATE `think_user` SET `login_num`=login_num+1 WHERE `id` = 52 [ RunTime:0.0008s ]
INFO: [ view_parse ] --START--
INFO: [ template_filter ] --START--
INFO: Run Behavior\ContentReplaceBehavior [ RunTime:0.000206s ]
INFO: [ template_filter ] --END-- [ RunTime:0.000455s ]
INFO: Run Behavior\ParseTemplateBehavior [ RunTime:0.053072s ]
INFO: [ view_parse ] --END-- [ RunTime:0.053239s ]
INFO: [ view_filter ] --START--
INFO: Run Behavior\WriteHtmlCacheBehavior [ RunTime:0.000864s ]
INFO: [ view_filter ] --END-- [ RunTime:0.000999s ]
INFO: [ app_end ] --START--
INFO: Run Behavior\ShowPageTraceBehavior [ RunTime:0.001861s ]
INFO: [ app_end ] --END-- [ RunTime:0.002069s ]

