[ 2015-01-28T14:30:06+08:00 ] 127.0.0.1 /QIS/Admin/index/index
INFO: [ app_init ] --START--
INFO: Run Behavior\BuildLiteBehavior [ RunTime:0.000048s ]
INFO: [ app_init ] --END-- [ RunTime:0.068366s ]
INFO: [ app_begin ] --START--
INFO: Run Behavior\ReadHtmlCacheBehavior [ RunTime:0.021540s ]
INFO: [ app_begin ] --END-- [ RunTime:0.021873s ]
NOTIC: [2] Missing argument 1 for Think\Auth::check(), called in E:\xampp\htdocs\QIS\Application\Common\Controller\AuthController.class.php on line 9 and defined E:\xampp\htdocs\QIS\ThinkPHP\Library\Think\Auth.class.php 第 101 行.
NOTIC: [2] Missing argument 2 for Think\Auth::check(), called in E:\xampp\htdocs\QIS\Application\Common\Controller\AuthController.class.php on line 9 and defined E:\xampp\htdocs\QIS\ThinkPHP\Library\Think\Auth.class.php 第 101 行.
NOTIC: [8] Undefined variable: uid E:\xampp\htdocs\QIS\ThinkPHP\Library\Think\Auth.class.php 第 104 行.
SQL: SHOW COLUMNS FROM `think_auth_group_access` [ RunTime:0.573757s ]
SQL: SELECT `rules` FROM think_auth_group_access a INNER JOIN think_auth_group g on a.group_id=g.id  WHERE ( a.uid='' and g.status='1' )  [ RunTime:0.072495s ]
NOTIC: [8] Undefined variable: name E:\xampp\htdocs\QIS\ThinkPHP\Library\Think\Auth.class.php 第 105 行.
NOTIC: [8] Undefined variable: name E:\xampp\htdocs\QIS\ThinkPHP\Library\Think\Auth.class.php 第 133 行.
NOTIC: [2] array_diff() [<a href='function.array-diff'>function.array-diff</a>]: Argument #1 is not an array E:\xampp\htdocs\QIS\ThinkPHP\Library\Think\Auth.class.php 第 133 行.
INFO: [ view_parse ] --START--
INFO: [ template_filter ] --START--
INFO: Run Behavior\ContentReplaceBehavior [ RunTime:0.000134s ]
INFO: [ template_filter ] --END-- [ RunTime:0.000358s ]
INFO: Run Behavior\ParseTemplateBehavior [ RunTime:0.251393s ]
INFO: [ view_parse ] --END-- [ RunTime:0.251603s ]
INFO: [ view_filter ] --START--
INFO: Run Behavior\WriteHtmlCacheBehavior [ RunTime:0.020882s ]
INFO: [ view_filter ] --END-- [ RunTime:0.021035s ]

[ 2015-01-28T14:31:31+08:00 ] 127.0.0.1 /QIS/admin/index/index
INFO: [ app_init ] --START--
INFO: Run Behavior\BuildLiteBehavior [ RunTime:0.000043s ]
INFO: [ app_init ] --END-- [ RunTime:0.003169s ]
INFO: [ app_begin ] --START--
INFO: Run Behavior\ReadHtmlCacheBehavior [ RunTime:0.001697s ]
INFO: [ app_begin ] --END-- [ RunTime:0.001910s ]
NOTIC: [2] Missing argument 1 for Think\Auth::check(), called in E:\xampp\htdocs\QIS\Application\Common\Controller\AuthController.class.php on line 9 and defined E:\xampp\htdocs\QIS\ThinkPHP\Library\Think\Auth.class.php 第 101 行.
NOTIC: [2] Missing argument 2 for Think\Auth::check(), called in E:\xampp\htdocs\QIS\Application\Common\Controller\AuthController.class.php on line 9 and defined E:\xampp\htdocs\QIS\ThinkPHP\Library\Think\Auth.class.php 第 101 行.
NOTIC: [8] Undefined variable: uid E:\xampp\htdocs\QIS\ThinkPHP\Library\Think\Auth.class.php 第 104 行.
SQL: SHOW COLUMNS FROM `think_auth_group_access` [ RunTime:0.043337s ]
SQL: SELECT `rules` FROM think_auth_group_access a INNER JOIN think_auth_group g on a.group_id=g.id  WHERE ( a.uid='' and g.status='1' )  [ RunTime:0.002068s ]
NOTIC: [8] Undefined variable: name E:\xampp\htdocs\QIS\ThinkPHP\Library\Think\Auth.class.php 第 105 行.
NOTIC: [8] Undefined variable: name E:\xampp\htdocs\QIS\ThinkPHP\Library\Think\Auth.class.php 第 133 行.
NOTIC: [2] array_diff() [<a href='function.array-diff'>function.array-diff</a>]: Argument #1 is not an array E:\xampp\htdocs\QIS\ThinkPHP\Library\Think\Auth.class.php 第 133 行.
INFO: [ view_parse ] --START--
INFO: [ template_filter ] --START--
INFO: Run Behavior\ContentReplaceBehavior [ RunTime:0.000092s ]
INFO: [ template_filter ] --END-- [ RunTime:0.000247s ]
INFO: Run Behavior\ParseTemplateBehavior [ RunTime:0.051762s ]
INFO: [ view_parse ] --END-- [ RunTime:0.051945s ]
INFO: [ view_filter ] --START--
INFO: Run Behavior\WriteHtmlCacheBehavior [ RunTime:0.001155s ]
INFO: [ view_filter ] --END-- [ RunTime:0.001301s ]

[ 2015-01-28T14:31:34+08:00 ] 127.0.0.1 /QIS/admin/index/www.baidu.com
INFO: [ app_init ] --START--
INFO: Run Behavior\BuildLiteBehavior [ RunTime:0.000065s ]
INFO: [ app_init ] --END-- [ RunTime:0.001953s ]
INFO: [ app_begin ] --START--
INFO: Run Behavior\ReadHtmlCacheBehavior [ RunTime:0.001542s ]
INFO: [ app_begin ] --END-- [ RunTime:0.001752s ]
NOTIC: [2] Missing argument 1 for Think\Auth::check(), called in E:\xampp\htdocs\QIS\Application\Common\Controller\AuthController.class.php on line 9 and defined E:\xampp\htdocs\QIS\ThinkPHP\Library\Think\Auth.class.php 第 101 行.
NOTIC: [2] Missing argument 2 for Think\Auth::check(), called in E:\xampp\htdocs\QIS\Application\Common\Controller\AuthController.class.php on line 9 and defined E:\xampp\htdocs\QIS\ThinkPHP\Library\Think\Auth.class.php 第 101 行.
NOTIC: [8] Undefined variable: uid E:\xampp\htdocs\QIS\ThinkPHP\Library\Think\Auth.class.php 第 104 行.
SQL: SHOW COLUMNS FROM `think_auth_group_access` [ RunTime:0.009756s ]
SQL: SELECT `rules` FROM think_auth_group_access a INNER JOIN think_auth_group g on a.group_id=g.id  WHERE ( a.uid='' and g.status='1' )  [ RunTime:0.000833s ]
NOTIC: [8] Undefined variable: name E:\xampp\htdocs\QIS\ThinkPHP\Library\Think\Auth.class.php 第 105 行.
NOTIC: [8] Undefined variable: name E:\xampp\htdocs\QIS\ThinkPHP\Library\Think\Auth.class.php 第 133 行.
NOTIC: [2] array_diff() [<a href='function.array-diff'>function.array-diff</a>]: Argument #1 is not an array E:\xampp\htdocs\QIS\ThinkPHP\Library\Think\Auth.class.php 第 133 行.
INFO: [ view_parse ] --START--
INFO: [ template_filter ] --START--
INFO: Run Behavior\ContentReplaceBehavior [ RunTime:0.000094s ]
INFO: [ template_filter ] --END-- [ RunTime:0.000302s ]
INFO: Run Behavior\ParseTemplateBehavior [ RunTime:0.017356s ]
INFO: [ view_parse ] --END-- [ RunTime:0.017538s ]
INFO: [ view_filter ] --START--
INFO: Run Behavior\WriteHtmlCacheBehavior [ RunTime:0.000960s ]
INFO: [ view_filter ] --END-- [ RunTime:0.001109s ]

[ 2015-01-28T14:31:38+08:00 ] 127.0.0.1 /QIS/admin/index/www.baidu.com
INFO: [ app_init ] --START--
INFO: Run Behavior\BuildLiteBehavior [ RunTime:0.000045s ]
INFO: [ app_init ] --END-- [ RunTime:0.001549s ]
INFO: [ app_begin ] --START--
INFO: Run Behavior\ReadHtmlCacheBehavior [ RunTime:0.002243s ]
INFO: [ app_begin ] --END-- [ RunTime:0.011424s ]
NOTIC: [2] Missing argument 1 for Think\Auth::check(), called in E:\xampp\htdocs\QIS\Application\Common\Controller\AuthController.class.php on line 9 and defined E:\xampp\htdocs\QIS\ThinkPHP\Library\Think\Auth.class.php 第 101 行.
NOTIC: [2] Missing argument 2 for Think\Auth::check(), called in E:\xampp\htdocs\QIS\Application\Common\Controller\AuthController.class.php on line 9 and defined E:\xampp\htdocs\QIS\ThinkPHP\Library\Think\Auth.class.php 第 101 行.
NOTIC: [8] Undefined variable: uid E:\xampp\htdocs\QIS\ThinkPHP\Library\Think\Auth.class.php 第 104 行.
SQL: SHOW COLUMNS FROM `think_auth_group_access` [ RunTime:0.008835s ]
SQL: SELECT `rules` FROM think_auth_group_access a INNER JOIN think_auth_group g on a.group_id=g.id  WHERE ( a.uid='' and g.status='1' )  [ RunTime:0.001988s ]
NOTIC: [8] Undefined variable: name E:\xampp\htdocs\QIS\ThinkPHP\Library\Think\Auth.class.php 第 105 行.
NOTIC: [8] Undefined variable: name E:\xampp\htdocs\QIS\ThinkPHP\Library\Think\Auth.class.php 第 133 行.
NOTIC: [2] array_diff() [<a href='function.array-diff'>function.array-diff</a>]: Argument #1 is not an array E:\xampp\htdocs\QIS\ThinkPHP\Library\Think\Auth.class.php 第 133 行.
INFO: [ view_parse ] --START--
INFO: [ template_filter ] --START--
INFO: Run Behavior\ContentReplaceBehavior [ RunTime:0.000091s ]
INFO: [ template_filter ] --END-- [ RunTime:0.000244s ]
INFO: Run Behavior\ParseTemplateBehavior [ RunTime:0.015757s ]
INFO: [ view_parse ] --END-- [ RunTime:0.015937s ]
INFO: [ view_filter ] --START--
INFO: Run Behavior\WriteHtmlCacheBehavior [ RunTime:0.000972s ]
INFO: [ view_filter ] --END-- [ RunTime:0.001117s ]

[ 2015-01-28T14:31:41+08:00 ] 127.0.0.1 /QIS/admin/index/www.baidu.com
INFO: [ app_init ] --START--
INFO: Run Behavior\BuildLiteBehavior [ RunTime:0.000078s ]
INFO: [ app_init ] --END-- [ RunTime:0.002036s ]
INFO: [ app_begin ] --START--
INFO: Run Behavior\ReadHtmlCacheBehavior [ RunTime:0.001526s ]
INFO: [ app_begin ] --END-- [ RunTime:0.001718s ]
NOTIC: [2] Missing argument 1 for Think\Auth::check(), called in E:\xampp\htdocs\QIS\Application\Common\Controller\AuthController.class.php on line 9 and defined E:\xampp\htdocs\QIS\ThinkPHP\Library\Think\Auth.class.php 第 101 行.
NOTIC: [2] Missing argument 2 for Think\Auth::check(), called in E:\xampp\htdocs\QIS\Application\Common\Controller\AuthController.class.php on line 9 and defined E:\xampp\htdocs\QIS\ThinkPHP\Library\Think\Auth.class.php 第 101 行.
NOTIC: [8] Undefined variable: uid E:\xampp\htdocs\QIS\ThinkPHP\Library\Think\Auth.class.php 第 104 行.
SQL: SHOW COLUMNS FROM `think_auth_group_access` [ RunTime:0.011456s ]
SQL: SELECT `rules` FROM think_auth_group_access a INNER JOIN think_auth_group g on a.group_id=g.id  WHERE ( a.uid='' and g.status='1' )  [ RunTime:0.000659s ]
NOTIC: [8] Undefined variable: name E:\xampp\htdocs\QIS\ThinkPHP\Library\Think\Auth.class.php 第 105 行.
NOTIC: [8] Undefined variable: name E:\xampp\htdocs\QIS\ThinkPHP\Library\Think\Auth.class.php 第 133 行.
NOTIC: [2] array_diff() [<a href='function.array-diff'>function.array-diff</a>]: Argument #1 is not an array E:\xampp\htdocs\QIS\ThinkPHP\Library\Think\Auth.class.php 第 133 行.
INFO: [ view_parse ] --START--
INFO: [ template_filter ] --START--
INFO: Run Behavior\ContentReplaceBehavior [ RunTime:0.000102s ]
INFO: [ template_filter ] --END-- [ RunTime:0.000275s ]
INFO: Run Behavior\ParseTemplateBehavior [ RunTime:0.016639s ]
INFO: [ view_parse ] --END-- [ RunTime:0.016796s ]
INFO: [ view_filter ] --START--
INFO: Run Behavior\WriteHtmlCacheBehavior [ RunTime:0.000929s ]
INFO: [ view_filter ] --END-- [ RunTime:0.001082s ]

[ 2015-01-28T14:31:44+08:00 ] 127.0.0.1 /QIS/admin/index/www.baidu.com
INFO: [ app_init ] --START--
INFO: Run Behavior\BuildLiteBehavior [ RunTime:0.000042s ]
INFO: [ app_init ] --END-- [ RunTime:0.001152s ]
INFO: [ app_begin ] --START--
INFO: Run Behavior\ReadHtmlCacheBehavior [ RunTime:0.004339s ]
INFO: [ app_begin ] --END-- [ RunTime:0.004958s ]
NOTIC: [2] Missing argument 1 for Think\Auth::check(), called in E:\xampp\htdocs\QIS\Application\Common\Controller\AuthController.class.php on line 9 and defined E:\xampp\htdocs\QIS\ThinkPHP\Library\Think\Auth.class.php 第 101 行.
NOTIC: [2] Missing argument 2 for Think\Auth::check(), called in E:\xampp\htdocs\QIS\Application\Common\Controller\AuthController.class.php on line 9 and defined E:\xampp\htdocs\QIS\ThinkPHP\Library\Think\Auth.class.php 第 101 行.
NOTIC: [8] Undefined variable: uid E:\xampp\htdocs\QIS\ThinkPHP\Library\Think\Auth.class.php 第 104 行.
SQL: SHOW COLUMNS FROM `think_auth_group_access` [ RunTime:0.007359s ]
SQL: SELECT `rules` FROM think_auth_group_access a INNER JOIN think_auth_group g on a.group_id=g.id  WHERE ( a.uid='' and g.status='1' )  [ RunTime:0.000780s ]
NOTIC: [8] Undefined variable: name E:\xampp\htdocs\QIS\ThinkPHP\Library\Think\Auth.class.php 第 105 行.
NOTIC: [8] Undefined variable: name E:\xampp\htdocs\QIS\ThinkPHP\Library\Think\Auth.class.php 第 133 行.
NOTIC: [2] array_diff() [<a href='function.array-diff'>function.array-diff</a>]: Argument #1 is not an array E:\xampp\htdocs\QIS\ThinkPHP\Library\Think\Auth.class.php 第 133 行.
INFO: [ view_parse ] --START--
INFO: [ template_filter ] --START--
INFO: Run Behavior\ContentReplaceBehavior [ RunTime:0.000090s ]
INFO: [ template_filter ] --END-- [ RunTime:0.000249s ]
INFO: Run Behavior\ParseTemplateBehavior [ RunTime:0.016284s ]
INFO: [ view_parse ] --END-- [ RunTime:0.016485s ]
INFO: [ view_filter ] --START--
INFO: Run Behavior\WriteHtmlCacheBehavior [ RunTime:0.001163s ]
INFO: [ view_filter ] --END-- [ RunTime:0.001327s ]

[ 2015-01-28T14:31:47+08:00 ] 127.0.0.1 /QIS/admin/index/www.baidu.com
INFO: [ app_init ] --START--
INFO: Run Behavior\BuildLiteBehavior [ RunTime:0.000038s ]
INFO: [ app_init ] --END-- [ RunTime:0.001175s ]
INFO: [ app_begin ] --START--
INFO: Run Behavior\ReadHtmlCacheBehavior [ RunTime:0.001897s ]
INFO: [ app_begin ] --END-- [ RunTime:0.002099s ]
NOTIC: [2] Missing argument 1 for Think\Auth::check(), called in E:\xampp\htdocs\QIS\Application\Common\Controller\AuthController.class.php on line 9 and defined E:\xampp\htdocs\QIS\ThinkPHP\Library\Think\Auth.class.php 第 101 行.
NOTIC: [2] Missing argument 2 for Think\Auth::check(), called in E:\xampp\htdocs\QIS\Application\Common\Controller\AuthController.class.php on line 9 and defined E:\xampp\htdocs\QIS\ThinkPHP\Library\Think\Auth.class.php 第 101 行.
NOTIC: [8] Undefined variable: uid E:\xampp\htdocs\QIS\ThinkPHP\Library\Think\Auth.class.php 第 104 行.
SQL: SHOW COLUMNS FROM `think_auth_group_access` [ RunTime:0.014436s ]
SQL: SELECT `rules` FROM think_auth_group_access a INNER JOIN think_auth_group g on a.group_id=g.id  WHERE ( a.uid='' and g.status='1' )  [ RunTime:0.002888s ]
NOTIC: [8] Undefined variable: name E:\xampp\htdocs\QIS\ThinkPHP\Library\Think\Auth.class.php 第 105 行.
NOTIC: [8] Undefined variable: name E:\xampp\htdocs\QIS\ThinkPHP\Library\Think\Auth.class.php 第 133 行.
NOTIC: [2] array_diff() [<a href='function.array-diff'>function.array-diff</a>]: Argument #1 is not an array E:\xampp\htdocs\QIS\ThinkPHP\Library\Think\Auth.class.php 第 133 行.
INFO: [ view_parse ] --START--
INFO: [ template_filter ] --START--
INFO: Run Behavior\ContentReplaceBehavior [ RunTime:0.000097s ]
INFO: [ template_filter ] --END-- [ RunTime:0.000256s ]
INFO: Run Behavior\ParseTemplateBehavior [ RunTime:0.034668s ]
INFO: [ view_parse ] --END-- [ RunTime:0.035310s ]
INFO: [ view_filter ] --START--
INFO: Run Behavior\WriteHtmlCacheBehavior [ RunTime:0.002651s ]
INFO: [ view_filter ] --END-- [ RunTime:0.002867s ]

[ 2015-01-28T14:31:51+08:00 ] 127.0.0.1 /QIS/admin/index/www.baidu.com
INFO: [ app_init ] --START--
INFO: Run Behavior\BuildLiteBehavior [ RunTime:0.000038s ]
INFO: [ app_init ] --END-- [ RunTime:0.001108s ]
INFO: [ app_begin ] --START--
INFO: Run Behavior\ReadHtmlCacheBehavior [ RunTime:0.001405s ]
INFO: [ app_begin ] --END-- [ RunTime:0.001584s ]
NOTIC: [2] Missing argument 1 for Think\Auth::check(), called in E:\xampp\htdocs\QIS\Application\Common\Controller\AuthController.class.php on line 9 and defined E:\xampp\htdocs\QIS\ThinkPHP\Library\Think\Auth.class.php 第 101 行.
NOTIC: [2] Missing argument 2 for Think\Auth::check(), called in E:\xampp\htdocs\QIS\Application\Common\Controller\AuthController.class.php on line 9 and defined E:\xampp\htdocs\QIS\ThinkPHP\Library\Think\Auth.class.php 第 101 行.
NOTIC: [8] Undefined variable: uid E:\xampp\htdocs\QIS\ThinkPHP\Library\Think\Auth.class.php 第 104 行.
SQL: SHOW COLUMNS FROM `think_auth_group_access` [ RunTime:0.014315s ]
SQL: SELECT `rules` FROM think_auth_group_access a INNER JOIN think_auth_group g on a.group_id=g.id  WHERE ( a.uid='' and g.status='1' )  [ RunTime:0.003383s ]
NOTIC: [8] Undefined variable: name E:\xampp\htdocs\QIS\ThinkPHP\Library\Think\Auth.class.php 第 105 行.
NOTIC: [8] Undefined variable: name E:\xampp\htdocs\QIS\ThinkPHP\Library\Think\Auth.class.php 第 133 行.
NOTIC: [2] array_diff() [<a href='function.array-diff'>function.array-diff</a>]: Argument #1 is not an array E:\xampp\htdocs\QIS\ThinkPHP\Library\Think\Auth.class.php 第 133 行.
INFO: [ view_parse ] --START--
INFO: [ template_filter ] --START--
INFO: Run Behavior\ContentReplaceBehavior [ RunTime:0.000082s ]
INFO: [ template_filter ] --END-- [ RunTime:0.000223s ]
INFO: Run Behavior\ParseTemplateBehavior [ RunTime:0.014505s ]
INFO: [ view_parse ] --END-- [ RunTime:0.014664s ]
INFO: [ view_filter ] --START--
INFO: Run Behavior\WriteHtmlCacheBehavior [ RunTime:0.000889s ]
INFO: [ view_filter ] --END-- [ RunTime:0.001015s ]

[ 2015-01-28T14:31:54+08:00 ] 127.0.0.1 /QIS/admin/index/www.baidu.com
INFO: [ app_init ] --START--
INFO: Run Behavior\BuildLiteBehavior [ RunTime:0.000044s ]
INFO: [ app_init ] --END-- [ RunTime:0.001431s ]
INFO: [ app_begin ] --START--
INFO: Run Behavior\ReadHtmlCacheBehavior [ RunTime:0.001571s ]
INFO: [ app_begin ] --END-- [ RunTime:0.001788s ]
NOTIC: [2] Missing argument 1 for Think\Auth::check(), called in E:\xampp\htdocs\QIS\Application\Common\Controller\AuthController.class.php on line 9 and defined E:\xampp\htdocs\QIS\ThinkPHP\Library\Think\Auth.class.php 第 101 行.
NOTIC: [2] Missing argument 2 for Think\Auth::check(), called in E:\xampp\htdocs\QIS\Application\Common\Controller\AuthController.class.php on line 9 and defined E:\xampp\htdocs\QIS\ThinkPHP\Library\Think\Auth.class.php 第 101 行.
NOTIC: [8] Undefined variable: uid E:\xampp\htdocs\QIS\ThinkPHP\Library\Think\Auth.class.php 第 104 行.
SQL: SHOW COLUMNS FROM `think_auth_group_access` [ RunTime:0.008645s ]
SQL: SELECT `rules` FROM think_auth_group_access a INNER JOIN think_auth_group g on a.group_id=g.id  WHERE ( a.uid='' and g.status='1' )  [ RunTime:0.000784s ]
NOTIC: [8] Undefined variable: name E:\xampp\htdocs\QIS\ThinkPHP\Library\Think\Auth.class.php 第 105 行.
NOTIC: [8] Undefined variable: name E:\xampp\htdocs\QIS\ThinkPHP\Library\Think\Auth.class.php 第 133 行.
NOTIC: [2] array_diff() [<a href='function.array-diff'>function.array-diff</a>]: Argument #1 is not an array E:\xampp\htdocs\QIS\ThinkPHP\Library\Think\Auth.class.php 第 133 行.
INFO: [ view_parse ] --START--
INFO: [ template_filter ] --START--
INFO: Run Behavior\ContentReplaceBehavior [ RunTime:0.000083s ]
INFO: [ template_filter ] --END-- [ RunTime:0.000223s ]
INFO: Run Behavior\ParseTemplateBehavior [ RunTime:0.018886s ]
INFO: [ view_parse ] --END-- [ RunTime:0.019097s ]
INFO: [ view_filter ] --START--
INFO: Run Behavior\WriteHtmlCacheBehavior [ RunTime:0.000961s ]
INFO: [ view_filter ] --END-- [ RunTime:0.001096s ]

[ 2015-01-28T14:31:57+08:00 ] 127.0.0.1 /QIS/admin/index/www.baidu.com
INFO: [ app_init ] --START--
INFO: Run Behavior\BuildLiteBehavior [ RunTime:0.000038s ]
INFO: [ app_init ] --END-- [ RunTime:0.001290s ]
INFO: [ app_begin ] --START--
INFO: Run Behavior\ReadHtmlCacheBehavior [ RunTime:0.001361s ]
INFO: [ app_begin ] --END-- [ RunTime:0.001535s ]
NOTIC: [2] Missing argument 1 for Think\Auth::check(), called in E:\xampp\htdocs\QIS\Application\Common\Controller\AuthController.class.php on line 9 and defined E:\xampp\htdocs\QIS\ThinkPHP\Library\Think\Auth.class.php 第 101 行.
NOTIC: [2] Missing argument 2 for Think\Auth::check(), called in E:\xampp\htdocs\QIS\Application\Common\Controller\AuthController.class.php on line 9 and defined E:\xampp\htdocs\QIS\ThinkPHP\Library\Think\Auth.class.php 第 101 行.
NOTIC: [8] Undefined variable: uid E:\xampp\htdocs\QIS\ThinkPHP\Library\Think\Auth.class.php 第 104 行.
SQL: SHOW COLUMNS FROM `think_auth_group_access` [ RunTime:0.012128s ]
SQL: SELECT `rules` FROM think_auth_group_access a INNER JOIN think_auth_group g on a.group_id=g.id  WHERE ( a.uid='' and g.status='1' )  [ RunTime:0.000887s ]
NOTIC: [8] Undefined variable: name E:\xampp\htdocs\QIS\ThinkPHP\Library\Think\Auth.class.php 第 105 行.
NOTIC: [8] Undefined variable: name E:\xampp\htdocs\QIS\ThinkPHP\Library\Think\Auth.class.php 第 133 行.
NOTIC: [2] array_diff() [<a href='function.array-diff'>function.array-diff</a>]: Argument #1 is not an array E:\xampp\htdocs\QIS\ThinkPHP\Library\Think\Auth.class.php 第 133 行.
INFO: [ view_parse ] --START--
INFO: [ template_filter ] --START--
INFO: Run Behavior\ContentReplaceBehavior [ RunTime:0.000084s ]
INFO: [ template_filter ] --END-- [ RunTime:0.000224s ]
INFO: Run Behavior\ParseTemplateBehavior [ RunTime:0.015308s ]
INFO: [ view_parse ] --END-- [ RunTime:0.015492s ]
INFO: [ view_filter ] --START--
INFO: Run Behavior\WriteHtmlCacheBehavior [ RunTime:0.000893s ]
INFO: [ view_filter ] --END-- [ RunTime:0.001017s ]

[ 2015-01-28T14:32:00+08:00 ] 127.0.0.1 /QIS/admin/index/www.baidu.com
INFO: [ app_init ] --START--
INFO: Run Behavior\BuildLiteBehavior [ RunTime:0.000052s ]
INFO: [ app_init ] --END-- [ RunTime:0.001286s ]
INFO: [ app_begin ] --START--
INFO: Run Behavior\ReadHtmlCacheBehavior [ RunTime:0.001344s ]
INFO: [ app_begin ] --END-- [ RunTime:0.001507s ]
NOTIC: [2] Missing argument 1 for Think\Auth::check(), called in E:\xampp\htdocs\QIS\Application\Common\Controller\AuthController.class.php on line 9 and defined E:\xampp\htdocs\QIS\ThinkPHP\Library\Think\Auth.class.php 第 101 行.
NOTIC: [2] Missing argument 2 for Think\Auth::check(), called in E:\xampp\htdocs\QIS\Application\Common\Controller\AuthController.class.php on line 9 and defined E:\xampp\htdocs\QIS\ThinkPHP\Library\Think\Auth.class.php 第 101 行.
NOTIC: [8] Undefined variable: uid E:\xampp\htdocs\QIS\ThinkPHP\Library\Think\Auth.class.php 第 104 行.
SQL: SHOW COLUMNS FROM `think_auth_group_access` [ RunTime:0.008710s ]
SQL: SELECT `rules` FROM think_auth_group_access a INNER JOIN think_auth_group g on a.group_id=g.id  WHERE ( a.uid='' and g.status='1' )  [ RunTime:0.001327s ]
NOTIC: [8] Undefined variable: name E:\xampp\htdocs\QIS\ThinkPHP\Library\Think\Auth.class.php 第 105 行.
NOTIC: [8] Undefined variable: name E:\xampp\htdocs\QIS\ThinkPHP\Library\Think\Auth.class.php 第 133 行.
NOTIC: [2] array_diff() [<a href='function.array-diff'>function.array-diff</a>]: Argument #1 is not an array E:\xampp\htdocs\QIS\ThinkPHP\Library\Think\Auth.class.php 第 133 行.
INFO: [ view_parse ] --START--
INFO: [ template_filter ] --START--
INFO: Run Behavior\ContentReplaceBehavior [ RunTime:0.000160s ]
INFO: [ template_filter ] --END-- [ RunTime:0.000323s ]
INFO: Run Behavior\ParseTemplateBehavior [ RunTime:0.016316s ]
INFO: [ view_parse ] --END-- [ RunTime:0.016519s ]
INFO: [ view_filter ] --START--
INFO: Run Behavior\WriteHtmlCacheBehavior [ RunTime:0.000793s ]
INFO: [ view_filter ] --END-- [ RunTime:0.000974s ]

[ 2015-01-28T14:32:04+08:00 ] 127.0.0.1 /QIS/admin/index/www.baidu.com
INFO: [ app_init ] --START--
INFO: Run Behavior\BuildLiteBehavior [ RunTime:0.000045s ]
INFO: [ app_init ] --END-- [ RunTime:0.001256s ]
INFO: [ app_begin ] --START--
INFO: Run Behavior\ReadHtmlCacheBehavior [ RunTime:0.001525s ]
INFO: [ app_begin ] --END-- [ RunTime:0.001744s ]
NOTIC: [2] Missing argument 1 for Think\Auth::check(), called in E:\xampp\htdocs\QIS\Application\Common\Controller\AuthController.class.php on line 9 and defined E:\xampp\htdocs\QIS\ThinkPHP\Library\Think\Auth.class.php 第 101 行.
NOTIC: [2] Missing argument 2 for Think\Auth::check(), called in E:\xampp\htdocs\QIS\Application\Common\Controller\AuthController.class.php on line 9 and defined E:\xampp\htdocs\QIS\ThinkPHP\Library\Think\Auth.class.php 第 101 行.
NOTIC: [8] Undefined variable: uid E:\xampp\htdocs\QIS\ThinkPHP\Library\Think\Auth.class.php 第 104 行.
SQL: SHOW COLUMNS FROM `think_auth_group_access` [ RunTime:0.008686s ]
SQL: SELECT `rules` FROM think_auth_group_access a INNER JOIN think_auth_group g on a.group_id=g.id  WHERE ( a.uid='' and g.status='1' )  [ RunTime:0.000913s ]
NOTIC: [8] Undefined variable: name E:\xampp\htdocs\QIS\ThinkPHP\Library\Think\Auth.class.php 第 105 行.
NOTIC: [8] Undefined variable: name E:\xampp\htdocs\QIS\ThinkPHP\Library\Think\Auth.class.php 第 133 行.
NOTIC: [2] array_diff() [<a href='function.array-diff'>function.array-diff</a>]: Argument #1 is not an array E:\xampp\htdocs\QIS\ThinkPHP\Library\Think\Auth.class.php 第 133 行.
INFO: [ view_parse ] --START--
INFO: [ template_filter ] --START--
INFO: Run Behavior\ContentReplaceBehavior [ RunTime:0.000090s ]
INFO: [ template_filter ] --END-- [ RunTime:0.000234s ]
INFO: Run Behavior\ParseTemplateBehavior [ RunTime:0.014405s ]
INFO: [ view_parse ] --END-- [ RunTime:0.014679s ]
INFO: [ view_filter ] --START--
INFO: Run Behavior\WriteHtmlCacheBehavior [ RunTime:0.000810s ]
INFO: [ view_filter ] --END-- [ RunTime:0.000934s ]

[ 2015-01-28T14:32:07+08:00 ] 127.0.0.1 /QIS/admin/index/www.baidu.com
INFO: [ app_init ] --START--
INFO: Run Behavior\BuildLiteBehavior [ RunTime:0.000037s ]
INFO: [ app_init ] --END-- [ RunTime:0.001111s ]
INFO: [ app_begin ] --START--
INFO: Run Behavior\ReadHtmlCacheBehavior [ RunTime:0.002542s ]
INFO: [ app_begin ] --END-- [ RunTime:0.002734s ]
NOTIC: [2] Missing argument 1 for Think\Auth::check(), called in E:\xampp\htdocs\QIS\Application\Common\Controller\AuthController.class.php on line 9 and defined E:\xampp\htdocs\QIS\ThinkPHP\Library\Think\Auth.class.php 第 101 行.
NOTIC: [2] Missing argument 2 for Think\Auth::check(), called in E:\xampp\htdocs\QIS\Application\Common\Controller\AuthController.class.php on line 9 and defined E:\xampp\htdocs\QIS\ThinkPHP\Library\Think\Auth.class.php 第 101 行.
NOTIC: [8] Undefined variable: uid E:\xampp\htdocs\QIS\ThinkPHP\Library\Think\Auth.class.php 第 104 行.
SQL: SHOW COLUMNS FROM `think_auth_group_access` [ RunTime:0.008522s ]
SQL: SELECT `rules` FROM think_auth_group_access a INNER JOIN think_auth_group g on a.group_id=g.id  WHERE ( a.uid='' and g.status='1' )  [ RunTime:0.000693s ]
NOTIC: [8] Undefined variable: name E:\xampp\htdocs\QIS\ThinkPHP\Library\Think\Auth.class.php 第 105 行.
NOTIC: [8] Undefined variable: name E:\xampp\htdocs\QIS\ThinkPHP\Library\Think\Auth.class.php 第 133 行.
NOTIC: [2] array_diff() [<a href='function.array-diff'>function.array-diff</a>]: Argument #1 is not an array E:\xampp\htdocs\QIS\ThinkPHP\Library\Think\Auth.class.php 第 133 行.
INFO: [ view_parse ] --START--
INFO: [ template_filter ] --START--
INFO: Run Behavior\ContentReplaceBehavior [ RunTime:0.000116s ]
INFO: [ template_filter ] --END-- [ RunTime:0.000375s ]
INFO: Run Behavior\ParseTemplateBehavior [ RunTime:0.017216s ]
INFO: [ view_parse ] --END-- [ RunTime:0.017555s ]
INFO: [ view_filter ] --START--
INFO: Run Behavior\WriteHtmlCacheBehavior [ RunTime:0.004914s ]
INFO: [ view_filter ] --END-- [ RunTime:0.005134s ]

[ 2015-01-28T14:32:10+08:00 ] 127.0.0.1 /QIS/admin/index/www.baidu.com
INFO: [ app_init ] --START--
INFO: Run Behavior\BuildLiteBehavior [ RunTime:0.000037s ]
INFO: [ app_init ] --END-- [ RunTime:0.001141s ]
INFO: [ app_begin ] --START--
INFO: Run Behavior\ReadHtmlCacheBehavior [ RunTime:0.001393s ]
INFO: [ app_begin ] --END-- [ RunTime:0.001609s ]
NOTIC: [2] Missing argument 1 for Think\Auth::check(), called in E:\xampp\htdocs\QIS\Application\Common\Controller\AuthController.class.php on line 9 and defined E:\xampp\htdocs\QIS\ThinkPHP\Library\Think\Auth.class.php 第 101 行.
NOTIC: [2] Missing argument 2 for Think\Auth::check(), called in E:\xampp\htdocs\QIS\Application\Common\Controller\AuthController.class.php on line 9 and defined E:\xampp\htdocs\QIS\ThinkPHP\Library\Think\Auth.class.php 第 101 行.
NOTIC: [8] Undefined variable: uid E:\xampp\htdocs\QIS\ThinkPHP\Library\Think\Auth.class.php 第 104 行.
SQL: SHOW COLUMNS FROM `think_auth_group_access` [ RunTime:0.009012s ]
SQL: SELECT `rules` FROM think_auth_group_access a INNER JOIN think_auth_group g on a.group_id=g.id  WHERE ( a.uid='' and g.status='1' )  [ RunTime:0.012805s ]
NOTIC: [8] Undefined variable: name E:\xampp\htdocs\QIS\ThinkPHP\Library\Think\Auth.class.php 第 105 行.
NOTIC: [8] Undefined variable: name E:\xampp\htdocs\QIS\ThinkPHP\Library\Think\Auth.class.php 第 133 行.
NOTIC: [2] array_diff() [<a href='function.array-diff'>function.array-diff</a>]: Argument #1 is not an array E:\xampp\htdocs\QIS\ThinkPHP\Library\Think\Auth.class.php 第 133 行.
INFO: [ view_parse ] --START--
INFO: [ template_filter ] --START--
INFO: Run Behavior\ContentReplaceBehavior [ RunTime:0.000091s ]
INFO: [ template_filter ] --END-- [ RunTime:0.000247s ]
INFO: Run Behavior\ParseTemplateBehavior [ RunTime:0.015066s ]
INFO: [ view_parse ] --END-- [ RunTime:0.015215s ]
INFO: [ view_filter ] --START--
INFO: Run Behavior\WriteHtmlCacheBehavior [ RunTime:0.000782s ]
INFO: [ view_filter ] --END-- [ RunTime:0.000904s ]

[ 2015-01-28T14:32:13+08:00 ] 127.0.0.1 /QIS/admin/index/www.baidu.com
INFO: [ app_init ] --START--
INFO: Run Behavior\BuildLiteBehavior [ RunTime:0.000047s ]
INFO: [ app_init ] --END-- [ RunTime:0.001773s ]
INFO: [ app_begin ] --START--
INFO: Run Behavior\ReadHtmlCacheBehavior [ RunTime:0.005416s ]
INFO: [ app_begin ] --END-- [ RunTime:0.005646s ]
NOTIC: [2] Missing argument 1 for Think\Auth::check(), called in E:\xampp\htdocs\QIS\Application\Common\Controller\AuthController.class.php on line 9 and defined E:\xampp\htdocs\QIS\ThinkPHP\Library\Think\Auth.class.php 第 101 行.
NOTIC: [2] Missing argument 2 for Think\Auth::check(), called in E:\xampp\htdocs\QIS\Application\Common\Controller\AuthController.class.php on line 9 and defined E:\xampp\htdocs\QIS\ThinkPHP\Library\Think\Auth.class.php 第 101 行.
NOTIC: [8] Undefined variable: uid E:\xampp\htdocs\QIS\ThinkPHP\Library\Think\Auth.class.php 第 104 行.
SQL: SHOW COLUMNS FROM `think_auth_group_access` [ RunTime:0.011980s ]
SQL: SELECT `rules` FROM think_auth_group_access a INNER JOIN think_auth_group g on a.group_id=g.id  WHERE ( a.uid='' and g.status='1' )  [ RunTime:0.013401s ]
NOTIC: [8] Undefined variable: name E:\xampp\htdocs\QIS\ThinkPHP\Library\Think\Auth.class.php 第 105 行.
NOTIC: [8] Undefined variable: name E:\xampp\htdocs\QIS\ThinkPHP\Library\Think\Auth.class.php 第 133 行.
NOTIC: [2] array_diff() [<a href='function.array-diff'>function.array-diff</a>]: Argument #1 is not an array E:\xampp\htdocs\QIS\ThinkPHP\Library\Think\Auth.class.php 第 133 行.
INFO: [ view_parse ] --START--
INFO: [ template_filter ] --START--
INFO: Run Behavior\ContentReplaceBehavior [ RunTime:0.000539s ]
INFO: [ template_filter ] --END-- [ RunTime:0.000701s ]
INFO: Run Behavior\ParseTemplateBehavior [ RunTime:0.016302s ]
INFO: [ view_parse ] --END-- [ RunTime:0.016462s ]
INFO: [ view_filter ] --START--
INFO: Run Behavior\WriteHtmlCacheBehavior [ RunTime:0.000926s ]
INFO: [ view_filter ] --END-- [ RunTime:0.001056s ]

[ 2015-01-28T14:32:16+08:00 ] 127.0.0.1 /QIS/admin/index/www.baidu.com
INFO: [ app_init ] --START--
INFO: Run Behavior\BuildLiteBehavior [ RunTime:0.000037s ]
INFO: [ app_init ] --END-- [ RunTime:0.001059s ]
INFO: [ app_begin ] --START--
INFO: Run Behavior\ReadHtmlCacheBehavior [ RunTime:0.001313s ]
INFO: [ app_begin ] --END-- [ RunTime:0.001476s ]
NOTIC: [2] Missing argument 1 for Think\Auth::check(), called in E:\xampp\htdocs\QIS\Application\Common\Controller\AuthController.class.php on line 9 and defined E:\xampp\htdocs\QIS\ThinkPHP\Library\Think\Auth.class.php 第 101 行.
NOTIC: [2] Missing argument 2 for Think\Auth::check(), called in E:\xampp\htdocs\QIS\Application\Common\Controller\AuthController.class.php on line 9 and defined E:\xampp\htdocs\QIS\ThinkPHP\Library\Think\Auth.class.php 第 101 行.
NOTIC: [8] Undefined variable: uid E:\xampp\htdocs\QIS\ThinkPHP\Library\Think\Auth.class.php 第 104 行.
SQL: SHOW COLUMNS FROM `think_auth_group_access` [ RunTime:0.035752s ]
SQL: SELECT `rules` FROM think_auth_group_access a INNER JOIN think_auth_group g on a.group_id=g.id  WHERE ( a.uid='' and g.status='1' )  [ RunTime:0.008832s ]
NOTIC: [8] Undefined variable: name E:\xampp\htdocs\QIS\ThinkPHP\Library\Think\Auth.class.php 第 105 行.
NOTIC: [8] Undefined variable: name E:\xampp\htdocs\QIS\ThinkPHP\Library\Think\Auth.class.php 第 133 行.
NOTIC: [2] array_diff() [<a href='function.array-diff'>function.array-diff</a>]: Argument #1 is not an array E:\xampp\htdocs\QIS\ThinkPHP\Library\Think\Auth.class.php 第 133 行.
INFO: [ view_parse ] --START--
INFO: [ template_filter ] --START--
INFO: Run Behavior\ContentReplaceBehavior [ RunTime:0.000100s ]
INFO: [ template_filter ] --END-- [ RunTime:0.000235s ]
INFO: Run Behavior\ParseTemplateBehavior [ RunTime:0.015244s ]
INFO: [ view_parse ] --END-- [ RunTime:0.015421s ]
INFO: [ view_filter ] --START--
INFO: Run Behavior\WriteHtmlCacheBehavior [ RunTime:0.000855s ]
INFO: [ view_filter ] --END-- [ RunTime:0.000980s ]

[ 2015-01-28T14:32:20+08:00 ] 127.0.0.1 /QIS/admin/index/www.baidu.com
INFO: [ app_init ] --START--
INFO: Run Behavior\BuildLiteBehavior [ RunTime:0.000036s ]
INFO: [ app_init ] --END-- [ RunTime:0.001131s ]
INFO: [ app_begin ] --START--
INFO: Run Behavior\ReadHtmlCacheBehavior [ RunTime:0.001504s ]
INFO: [ app_begin ] --END-- [ RunTime:0.001686s ]
NOTIC: [2] Missing argument 1 for Think\Auth::check(), called in E:\xampp\htdocs\QIS\Application\Common\Controller\AuthController.class.php on line 9 and defined E:\xampp\htdocs\QIS\ThinkPHP\Library\Think\Auth.class.php 第 101 行.
NOTIC: [2] Missing argument 2 for Think\Auth::check(), called in E:\xampp\htdocs\QIS\Application\Common\Controller\AuthController.class.php on line 9 and defined E:\xampp\htdocs\QIS\ThinkPHP\Library\Think\Auth.class.php 第 101 行.
NOTIC: [8] Undefined variable: uid E:\xampp\htdocs\QIS\ThinkPHP\Library\Think\Auth.class.php 第 104 行.
SQL: SHOW COLUMNS FROM `think_auth_group_access` [ RunTime:0.009913s ]
SQL: SELECT `rules` FROM think_auth_group_access a INNER JOIN think_auth_group g on a.group_id=g.id  WHERE ( a.uid='' and g.status='1' )  [ RunTime:0.002655s ]
NOTIC: [8] Undefined variable: name E:\xampp\htdocs\QIS\ThinkPHP\Library\Think\Auth.class.php 第 105 行.
NOTIC: [8] Undefined variable: name E:\xampp\htdocs\QIS\ThinkPHP\Library\Think\Auth.class.php 第 133 行.
NOTIC: [2] array_diff() [<a href='function.array-diff'>function.array-diff</a>]: Argument #1 is not an array E:\xampp\htdocs\QIS\ThinkPHP\Library\Think\Auth.class.php 第 133 行.
INFO: [ view_parse ] --START--
INFO: [ template_filter ] --START--
INFO: Run Behavior\ContentReplaceBehavior [ RunTime:0.000159s ]
INFO: [ template_filter ] --END-- [ RunTime:0.002974s ]
INFO: Run Behavior\ParseTemplateBehavior [ RunTime:0.023502s ]
INFO: [ view_parse ] --END-- [ RunTime:0.023838s ]
INFO: [ view_filter ] --START--
INFO: Run Behavior\WriteHtmlCacheBehavior [ RunTime:0.001442s ]
INFO: [ view_filter ] --END-- [ RunTime:0.001631s ]

[ 2015-01-28T14:32:23+08:00 ] 127.0.0.1 /QIS/admin/index/www.baidu.com
INFO: [ app_init ] --START--
INFO: Run Behavior\BuildLiteBehavior [ RunTime:0.000037s ]
INFO: [ app_init ] --END-- [ RunTime:0.001143s ]
INFO: [ app_begin ] --START--
INFO: Run Behavior\ReadHtmlCacheBehavior [ RunTime:0.001822s ]
INFO: [ app_begin ] --END-- [ RunTime:0.002019s ]
NOTIC: [2] Missing argument 1 for Think\Auth::check(), called in E:\xampp\htdocs\QIS\Application\Common\Controller\AuthController.class.php on line 9 and defined E:\xampp\htdocs\QIS\ThinkPHP\Library\Think\Auth.class.php 第 101 行.
NOTIC: [2] Missing argument 2 for Think\Auth::check(), called in E:\xampp\htdocs\QIS\Application\Common\Controller\AuthController.class.php on line 9 and defined E:\xampp\htdocs\QIS\ThinkPHP\Library\Think\Auth.class.php 第 101 行.
NOTIC: [8] Undefined variable: uid E:\xampp\htdocs\QIS\ThinkPHP\Library\Think\Auth.class.php 第 104 行.
SQL: SHOW COLUMNS FROM `think_auth_group_access` [ RunTime:0.008945s ]
SQL: SELECT `rules` FROM think_auth_group_access a INNER JOIN think_auth_group g on a.group_id=g.id  WHERE ( a.uid='' and g.status='1' )  [ RunTime:0.000802s ]
NOTIC: [8] Undefined variable: name E:\xampp\htdocs\QIS\ThinkPHP\Library\Think\Auth.class.php 第 105 行.
NOTIC: [8] Undefined variable: name E:\xampp\htdocs\QIS\ThinkPHP\Library\Think\Auth.class.php 第 133 行.
NOTIC: [2] array_diff() [<a href='function.array-diff'>function.array-diff</a>]: Argument #1 is not an array E:\xampp\htdocs\QIS\ThinkPHP\Library\Think\Auth.class.php 第 133 行.
INFO: [ view_parse ] --START--
INFO: [ template_filter ] --START--
INFO: Run Behavior\ContentReplaceBehavior [ RunTime:0.000091s ]
INFO: [ template_filter ] --END-- [ RunTime:0.000252s ]
INFO: Run Behavior\ParseTemplateBehavior [ RunTime:0.017702s ]
INFO: [ view_parse ] --END-- [ RunTime:0.017937s ]
INFO: [ view_filter ] --START--
INFO: Run Behavior\WriteHtmlCacheBehavior [ RunTime:0.003553s ]
INFO: [ view_filter ] --END-- [ RunTime:0.003796s ]

[ 2015-01-28T14:32:26+08:00 ] 127.0.0.1 /QIS/admin/index/www.baidu.com
INFO: [ app_init ] --START--
INFO: Run Behavior\BuildLiteBehavior [ RunTime:0.000044s ]
INFO: [ app_init ] --END-- [ RunTime:0.001235s ]
INFO: [ app_begin ] --START--
INFO: Run Behavior\ReadHtmlCacheBehavior [ RunTime:0.001641s ]
INFO: [ app_begin ] --END-- [ RunTime:0.001845s ]
NOTIC: [2] Missing argument 1 for Think\Auth::check(), called in E:\xampp\htdocs\QIS\Application\Common\Controller\AuthController.class.php on line 9 and defined E:\xampp\htdocs\QIS\ThinkPHP\Library\Think\Auth.class.php 第 101 行.
NOTIC: [2] Missing argument 2 for Think\Auth::check(), called in E:\xampp\htdocs\QIS\Application\Common\Controller\AuthController.class.php on line 9 and defined E:\xampp\htdocs\QIS\ThinkPHP\Library\Think\Auth.class.php 第 101 行.
NOTIC: [8] Undefined variable: uid E:\xampp\htdocs\QIS\ThinkPHP\Library\Think\Auth.class.php 第 104 行.
SQL: SHOW COLUMNS FROM `think_auth_group_access` [ RunTime:0.010872s ]
SQL: SELECT `rules` FROM think_auth_group_access a INNER JOIN think_auth_group g on a.group_id=g.id  WHERE ( a.uid='' and g.status='1' )  [ RunTime:0.000900s ]
NOTIC: [8] Undefined variable: name E:\xampp\htdocs\QIS\ThinkPHP\Library\Think\Auth.class.php 第 105 行.
NOTIC: [8] Undefined variable: name E:\xampp\htdocs\QIS\ThinkPHP\Library\Think\Auth.class.php 第 133 行.
NOTIC: [2] array_diff() [<a href='function.array-diff'>function.array-diff</a>]: Argument #1 is not an array E:\xampp\htdocs\QIS\ThinkPHP\Library\Think\Auth.class.php 第 133 行.
INFO: [ view_parse ] --START--
INFO: [ template_filter ] --START--
INFO: Run Behavior\ContentReplaceBehavior [ RunTime:0.000081s ]
INFO: [ template_filter ] --END-- [ RunTime:0.000211s ]
INFO: Run Behavior\ParseTemplateBehavior [ RunTime:0.019458s ]
INFO: [ view_parse ] --END-- [ RunTime:0.019618s ]
INFO: [ view_filter ] --START--
INFO: Run Behavior\WriteHtmlCacheBehavior [ RunTime:0.000866s ]
INFO: [ view_filter ] --END-- [ RunTime:0.000987s ]

[ 2015-01-28T14:32:29+08:00 ] 127.0.0.1 /QIS/admin/index/www.baidu.com
INFO: [ app_init ] --START--
INFO: Run Behavior\BuildLiteBehavior [ RunTime:0.000044s ]
INFO: [ app_init ] --END-- [ RunTime:0.001288s ]
INFO: [ app_begin ] --START--
INFO: Run Behavior\ReadHtmlCacheBehavior [ RunTime:0.003000s ]
INFO: [ app_begin ] --END-- [ RunTime:0.003195s ]
NOTIC: [2] Missing argument 1 for Think\Auth::check(), called in E:\xampp\htdocs\QIS\Application\Common\Controller\AuthController.class.php on line 9 and defined E:\xampp\htdocs\QIS\ThinkPHP\Library\Think\Auth.class.php 第 101 行.
NOTIC: [2] Missing argument 2 for Think\Auth::check(), called in E:\xampp\htdocs\QIS\Application\Common\Controller\AuthController.class.php on line 9 and defined E:\xampp\htdocs\QIS\ThinkPHP\Library\Think\Auth.class.php 第 101 行.
NOTIC: [8] Undefined variable: uid E:\xampp\htdocs\QIS\ThinkPHP\Library\Think\Auth.class.php 第 104 行.
SQL: SHOW COLUMNS FROM `think_auth_group_access` [ RunTime:0.008238s ]
SQL: SELECT `rules` FROM think_auth_group_access a INNER JOIN think_auth_group g on a.group_id=g.id  WHERE ( a.uid='' and g.status='1' )  [ RunTime:0.000636s ]
NOTIC: [8] Undefined variable: name E:\xampp\htdocs\QIS\ThinkPHP\Library\Think\Auth.class.php 第 105 行.
NOTIC: [8] Undefined variable: name E:\xampp\htdocs\QIS\ThinkPHP\Library\Think\Auth.class.php 第 133 行.
NOTIC: [2] array_diff() [<a href='function.array-diff'>function.array-diff</a>]: Argument #1 is not an array E:\xampp\htdocs\QIS\ThinkPHP\Library\Think\Auth.class.php 第 133 行.
INFO: [ view_parse ] --START--
INFO: [ template_filter ] --START--
INFO: Run Behavior\ContentReplaceBehavior [ RunTime:0.000139s ]
INFO: [ template_filter ] --END-- [ RunTime:0.000751s ]
INFO: Run Behavior\ParseTemplateBehavior [ RunTime:0.041520s ]
INFO: [ view_parse ] --END-- [ RunTime:0.041702s ]
INFO: [ view_filter ] --START--
INFO: Run Behavior\WriteHtmlCacheBehavior [ RunTime:0.001949s ]
INFO: [ view_filter ] --END-- [ RunTime:0.002098s ]

[ 2015-01-28T14:32:32+08:00 ] 127.0.0.1 /QIS/admin/index/www.baidu.com
INFO: [ app_init ] --START--
INFO: Run Behavior\BuildLiteBehavior [ RunTime:0.000047s ]
INFO: [ app_init ] --END-- [ RunTime:0.001228s ]
INFO: [ app_begin ] --START--
INFO: Run Behavior\ReadHtmlCacheBehavior [ RunTime:0.003136s ]
INFO: [ app_begin ] --END-- [ RunTime:0.003322s ]
NOTIC: [2] Missing argument 1 for Think\Auth::check(), called in E:\xampp\htdocs\QIS\Application\Common\Controller\AuthController.class.php on line 9 and defined E:\xampp\htdocs\QIS\ThinkPHP\Library\Think\Auth.class.php 第 101 行.
NOTIC: [2] Missing argument 2 for Think\Auth::check(), called in E:\xampp\htdocs\QIS\Application\Common\Controller\AuthController.class.php on line 9 and defined E:\xampp\htdocs\QIS\ThinkPHP\Library\Think\Auth.class.php 第 101 行.
NOTIC: [8] Undefined variable: uid E:\xampp\htdocs\QIS\ThinkPHP\Library\Think\Auth.class.php 第 104 行.
SQL: SHOW COLUMNS FROM `think_auth_group_access` [ RunTime:0.017974s ]
SQL: SELECT `rules` FROM think_auth_group_access a INNER JOIN think_auth_group g on a.group_id=g.id  WHERE ( a.uid='' and g.status='1' )  [ RunTime:0.000989s ]
NOTIC: [8] Undefined variable: name E:\xampp\htdocs\QIS\ThinkPHP\Library\Think\Auth.class.php 第 105 行.
NOTIC: [8] Undefined variable: name E:\xampp\htdocs\QIS\ThinkPHP\Library\Think\Auth.class.php 第 133 行.
NOTIC: [2] array_diff() [<a href='function.array-diff'>function.array-diff</a>]: Argument #1 is not an array E:\xampp\htdocs\QIS\ThinkPHP\Library\Think\Auth.class.php 第 133 行.
INFO: [ view_parse ] --START--
INFO: [ template_filter ] --START--
INFO: Run Behavior\ContentReplaceBehavior [ RunTime:0.000093s ]
INFO: [ template_filter ] --END-- [ RunTime:0.000251s ]
INFO: Run Behavior\ParseTemplateBehavior [ RunTime:0.021806s ]
INFO: [ view_parse ] --END-- [ RunTime:0.021969s ]
INFO: [ view_filter ] --START--
INFO: Run Behavior\WriteHtmlCacheBehavior [ RunTime:0.001258s ]
INFO: [ view_filter ] --END-- [ RunTime:0.001394s ]

[ 2015-01-28T14:32:35+08:00 ] 127.0.0.1 /QIS/admin/login/login
INFO: [ app_init ] --START--
INFO: Run Behavior\BuildLiteBehavior [ RunTime:0.000045s ]
INFO: [ app_init ] --END-- [ RunTime:0.001269s ]
INFO: [ app_begin ] --START--
INFO: Run Behavior\ReadHtmlCacheBehavior [ RunTime:0.001527s ]
INFO: [ app_begin ] --END-- [ RunTime:0.001749s ]
INFO: [ view_parse ] --START--
NOTIC: [2] file_get_contents(./Application/Admin/View/Public/header.html) [<a href='function.file-get-contents'>function.file-get-contents</a>]: failed to open stream: No such file or directory E:\xampp\htdocs\QIS\ThinkPHP\Library\Think\Template.class.php 第 696 行.
NOTIC: [2] file_get_contents(./Application/Admin/View/Public/script.html) [<a href='function.file-get-contents'>function.file-get-contents</a>]: failed to open stream: No such file or directory E:\xampp\htdocs\QIS\ThinkPHP\Library\Think\Template.class.php 第 696 行.
INFO: [ template_filter ] --START--
INFO: Run Behavior\ContentReplaceBehavior [ RunTime:0.000132s ]
INFO: [ template_filter ] --END-- [ RunTime:0.000282s ]
INFO: Run Behavior\ParseTemplateBehavior [ RunTime:0.112313s ]
INFO: [ view_parse ] --END-- [ RunTime:0.112491s ]
INFO: [ view_filter ] --START--
INFO: Run Behavior\WriteHtmlCacheBehavior [ RunTime:0.000835s ]
INFO: [ view_filter ] --END-- [ RunTime:0.000992s ]
INFO: [ app_end ] --START--
INFO: Run Behavior\ShowPageTraceBehavior [ RunTime:0.001734s ]
INFO: [ app_end ] --END-- [ RunTime:0.001892s ]

[ 2015-01-28T14:36:52+08:00 ] 127.0.0.1 /QIS/admin/login/login
INFO: [ app_init ] --START--
INFO: Run Behavior\BuildLiteBehavior [ RunTime:0.000035s ]
INFO: [ app_init ] --END-- [ RunTime:0.001140s ]
INFO: [ app_begin ] --START--
INFO: Run Behavior\ReadHtmlCacheBehavior [ RunTime:0.001750s ]
INFO: [ app_begin ] --END-- [ RunTime:0.002024s ]
INFO: [ view_parse ] --START--
INFO: [ template_filter ] --START--
INFO: Run Behavior\ContentReplaceBehavior [ RunTime:0.000070s ]
INFO: [ template_filter ] --END-- [ RunTime:0.000203s ]
INFO: Run Behavior\ParseTemplateBehavior [ RunTime:0.016808s ]
INFO: [ view_parse ] --END-- [ RunTime:0.017017s ]
INFO: [ view_filter ] --START--
INFO: Run Behavior\WriteHtmlCacheBehavior [ RunTime:0.001344s ]
INFO: [ view_filter ] --END-- [ RunTime:0.001493s ]
INFO: [ app_end ] --START--
INFO: Run Behavior\ShowPageTraceBehavior [ RunTime:0.002206s ]
INFO: [ app_end ] --END-- [ RunTime:0.002364s ]

[ 2015-01-28T14:39:01+08:00 ] 127.0.0.1 /QIS/admin/login/login
INFO: [ app_init ] --START--
INFO: Run Behavior\BuildLiteBehavior [ RunTime:0.000037s ]
INFO: [ app_init ] --END-- [ RunTime:0.001247s ]
INFO: [ app_begin ] --START--
INFO: Run Behavior\ReadHtmlCacheBehavior [ RunTime:0.001628s ]
INFO: [ app_begin ] --END-- [ RunTime:0.001783s ]
INFO: [ view_parse ] --START--
INFO: [ template_filter ] --START--
INFO: Run Behavior\ContentReplaceBehavior [ RunTime:0.000084s ]
INFO: [ template_filter ] --END-- [ RunTime:0.000216s ]
INFO: Run Behavior\ParseTemplateBehavior [ RunTime:0.015000s ]
INFO: [ view_parse ] --END-- [ RunTime:0.015155s ]
INFO: [ view_filter ] --START--
INFO: Run Behavior\WriteHtmlCacheBehavior [ RunTime:0.001080s ]
INFO: [ view_filter ] --END-- [ RunTime:0.001235s ]
INFO: [ app_end ] --START--
INFO: Run Behavior\ShowPageTraceBehavior [ RunTime:0.001689s ]
INFO: [ app_end ] --END-- [ RunTime:0.001849s ]

[ 2015-01-28T14:42:02+08:00 ] 127.0.0.1 /QIS/admin/login/login
INFO: [ app_init ] --START--
INFO: Run Behavior\BuildLiteBehavior [ RunTime:0.000040s ]
INFO: [ app_init ] --END-- [ RunTime:0.001342s ]
INFO: [ app_begin ] --START--
INFO: Run Behavior\ReadHtmlCacheBehavior [ RunTime:0.001519s ]
INFO: [ app_begin ] --END-- [ RunTime:0.001697s ]
INFO: [ view_parse ] --START--
INFO: [ template_filter ] --START--
INFO: Run Behavior\ContentReplaceBehavior [ RunTime:0.000071s ]
INFO: [ template_filter ] --END-- [ RunTime:0.000206s ]
INFO: Run Behavior\ParseTemplateBehavior [ RunTime:0.018831s ]
INFO: [ view_parse ] --END-- [ RunTime:0.018994s ]
INFO: [ view_filter ] --START--
INFO: Run Behavior\WriteHtmlCacheBehavior [ RunTime:0.001548s ]
INFO: [ view_filter ] --END-- [ RunTime:0.001704s ]
INFO: [ app_end ] --START--
INFO: Run Behavior\ShowPageTraceBehavior [ RunTime:0.001906s ]
INFO: [ app_end ] --END-- [ RunTime:0.002076s ]

[ 2015-01-28T14:42:10+08:00 ] 127.0.0.1 /QIS/index.php/Admin/Login/checkLogin.html
INFO: [ app_init ] --START--
INFO: Run Behavior\BuildLiteBehavior [ RunTime:0.000036s ]
INFO: [ app_init ] --END-- [ RunTime:0.001115s ]
INFO: [ app_begin ] --START--
INFO: Run Behavior\ReadHtmlCacheBehavior [ RunTime:0.002570s ]
INFO: [ app_begin ] --END-- [ RunTime:0.002749s ]
SQL: SHOW COLUMNS FROM `think_user` [ RunTime:0.009674s ]
SQL: SELECT * FROM `think_user` WHERE `username` = 'fjp203' LIMIT 1   [ RunTime:0.000826s ]
SQL: UPDATE `think_user` SET `login_ip`='127.0.0.1',`last_login_time`=1422427329 WHERE `id` = '1' [ RunTime:0.234958s ]
INFO: [ view_parse ] --START--
INFO: [ template_filter ] --START--
INFO: Run Behavior\ContentReplaceBehavior [ RunTime:0.000101s ]
INFO: [ template_filter ] --END-- [ RunTime:0.000268s ]
INFO: Run Behavior\ParseTemplateBehavior [ RunTime:0.021638s ]
INFO: [ view_parse ] --END-- [ RunTime:0.021888s ]
INFO: [ view_filter ] --START--
INFO: Run Behavior\WriteHtmlCacheBehavior [ RunTime:0.001145s ]
INFO: [ view_filter ] --END-- [ RunTime:0.001302s ]
INFO: [ app_end ] --START--
INFO: Run Behavior\ShowPageTraceBehavior [ RunTime:0.002281s ]
INFO: [ app_end ] --END-- [ RunTime:0.002455s ]

[ 2015-01-28T14:42:11+08:00 ] 127.0.0.1 /QIS/index.php/Admin/Index/index.html
INFO: [ app_init ] --START--
INFO: Run Behavior\BuildLiteBehavior [ RunTime:0.000048s ]
INFO: [ app_init ] --END-- [ RunTime:0.001315s ]
INFO: [ app_begin ] --START--
INFO: Run Behavior\ReadHtmlCacheBehavior [ RunTime:0.001609s ]
INFO: [ app_begin ] --END-- [ RunTime:0.001802s ]
NOTIC: [2] Missing argument 1 for Think\Auth::check(), called in E:\xampp\htdocs\QIS\Application\Common\Controller\AuthController.class.php on line 9 and defined E:\xampp\htdocs\QIS\ThinkPHP\Library\Think\Auth.class.php 第 101 行.
NOTIC: [2] Missing argument 2 for Think\Auth::check(), called in E:\xampp\htdocs\QIS\Application\Common\Controller\AuthController.class.php on line 9 and defined E:\xampp\htdocs\QIS\ThinkPHP\Library\Think\Auth.class.php 第 101 行.
NOTIC: [8] Undefined variable: uid E:\xampp\htdocs\QIS\ThinkPHP\Library\Think\Auth.class.php 第 104 行.
SQL: SHOW COLUMNS FROM `think_auth_group_access` [ RunTime:0.009520s ]
SQL: SELECT `rules` FROM think_auth_group_access a INNER JOIN think_auth_group g on a.group_id=g.id  WHERE ( a.uid='' and g.status='1' )  [ RunTime:0.001676s ]
NOTIC: [8] Undefined variable: name E:\xampp\htdocs\QIS\ThinkPHP\Library\Think\Auth.class.php 第 105 行.
NOTIC: [8] Undefined variable: name E:\xampp\htdocs\QIS\ThinkPHP\Library\Think\Auth.class.php 第 133 行.
NOTIC: [2] array_diff() [<a href='function.array-diff'>function.array-diff</a>]: Argument #1 is not an array E:\xampp\htdocs\QIS\ThinkPHP\Library\Think\Auth.class.php 第 133 行.
INFO: [ view_parse ] --START--
INFO: [ template_filter ] --START--
INFO: Run Behavior\ContentReplaceBehavior [ RunTime:0.000092s ]
INFO: [ template_filter ] --END-- [ RunTime:0.000256s ]
INFO: Run Behavior\ParseTemplateBehavior [ RunTime:0.015108s ]
INFO: [ view_parse ] --END-- [ RunTime:0.015301s ]
INFO: [ view_filter ] --START--
INFO: Run Behavior\WriteHtmlCacheBehavior [ RunTime:0.000748s ]
INFO: [ view_filter ] --END-- [ RunTime:0.000868s ]

[ 2015-01-28T14:42:14+08:00 ] 127.0.0.1 /QIS/index.php/Admin/Index/www.baidu.com
INFO: [ app_init ] --START--
INFO: Run Behavior\BuildLiteBehavior [ RunTime:0.000048s ]
INFO: [ app_init ] --END-- [ RunTime:0.001490s ]
INFO: [ app_begin ] --START--
INFO: Run Behavior\ReadHtmlCacheBehavior [ RunTime:0.007636s ]
INFO: [ app_begin ] --END-- [ RunTime:0.007849s ]
NOTIC: [2] Missing argument 1 for Think\Auth::check(), called in E:\xampp\htdocs\QIS\Application\Common\Controller\AuthController.class.php on line 9 and defined E:\xampp\htdocs\QIS\ThinkPHP\Library\Think\Auth.class.php 第 101 行.
NOTIC: [2] Missing argument 2 for Think\Auth::check(), called in E:\xampp\htdocs\QIS\Application\Common\Controller\AuthController.class.php on line 9 and defined E:\xampp\htdocs\QIS\ThinkPHP\Library\Think\Auth.class.php 第 101 行.
NOTIC: [8] Undefined variable: uid E:\xampp\htdocs\QIS\ThinkPHP\Library\Think\Auth.class.php 第 104 行.
SQL: SHOW COLUMNS FROM `think_auth_group_access` [ RunTime:0.008425s ]
SQL: SELECT `rules` FROM think_auth_group_access a INNER JOIN think_auth_group g on a.group_id=g.id  WHERE ( a.uid='' and g.status='1' )  [ RunTime:0.001129s ]
NOTIC: [8] Undefined variable: name E:\xampp\htdocs\QIS\ThinkPHP\Library\Think\Auth.class.php 第 105 行.
NOTIC: [8] Undefined variable: name E:\xampp\htdocs\QIS\ThinkPHP\Library\Think\Auth.class.php 第 133 行.
NOTIC: [2] array_diff() [<a href='function.array-diff'>function.array-diff</a>]: Argument #1 is not an array E:\xampp\htdocs\QIS\ThinkPHP\Library\Think\Auth.class.php 第 133 行.
INFO: [ view_parse ] --START--
INFO: [ template_filter ] --START--
INFO: Run Behavior\ContentReplaceBehavior [ RunTime:0.000090s ]
INFO: [ template_filter ] --END-- [ RunTime:0.000242s ]
INFO: Run Behavior\ParseTemplateBehavior [ RunTime:0.015137s ]
INFO: [ view_parse ] --END-- [ RunTime:0.015347s ]
INFO: [ view_filter ] --START--
INFO: Run Behavior\WriteHtmlCacheBehavior [ RunTime:0.001032s ]
INFO: [ view_filter ] --END-- [ RunTime:0.001192s ]

[ 2015-01-28T14:42:17+08:00 ] 127.0.0.1 /QIS/index.php/Admin/Index/www.baidu.com
INFO: [ app_init ] --START--
INFO: Run Behavior\BuildLiteBehavior [ RunTime:0.000044s ]
INFO: [ app_init ] --END-- [ RunTime:0.001270s ]
INFO: [ app_begin ] --START--
INFO: Run Behavior\ReadHtmlCacheBehavior [ RunTime:0.001743s ]
INFO: [ app_begin ] --END-- [ RunTime:0.001941s ]
NOTIC: [2] Missing argument 1 for Think\Auth::check(), called in E:\xampp\htdocs\QIS\Application\Common\Controller\AuthController.class.php on line 9 and defined E:\xampp\htdocs\QIS\ThinkPHP\Library\Think\Auth.class.php 第 101 行.
NOTIC: [2] Missing argument 2 for Think\Auth::check(), called in E:\xampp\htdocs\QIS\Application\Common\Controller\AuthController.class.php on line 9 and defined E:\xampp\htdocs\QIS\ThinkPHP\Library\Think\Auth.class.php 第 101 行.
NOTIC: [8] Undefined variable: uid E:\xampp\htdocs\QIS\ThinkPHP\Library\Think\Auth.class.php 第 104 行.
SQL: SHOW COLUMNS FROM `think_auth_group_access` [ RunTime:0.008008s ]
SQL: SELECT `rules` FROM think_auth_group_access a INNER JOIN think_auth_group g on a.group_id=g.id  WHERE ( a.uid='' and g.status='1' )  [ RunTime:0.000657s ]
NOTIC: [8] Undefined variable: name E:\xampp\htdocs\QIS\ThinkPHP\Library\Think\Auth.class.php 第 105 行.
NOTIC: [8] Undefined variable: name E:\xampp\htdocs\QIS\ThinkPHP\Library\Think\Auth.class.php 第 133 行.
NOTIC: [2] array_diff() [<a href='function.array-diff'>function.array-diff</a>]: Argument #1 is not an array E:\xampp\htdocs\QIS\ThinkPHP\Library\Think\Auth.class.php 第 133 行.
INFO: [ view_parse ] --START--
INFO: [ template_filter ] --START--
INFO: Run Behavior\ContentReplaceBehavior [ RunTime:0.000090s ]
INFO: [ template_filter ] --END-- [ RunTime:0.000263s ]
INFO: Run Behavior\ParseTemplateBehavior [ RunTime:0.015631s ]
INFO: [ view_parse ] --END-- [ RunTime:0.015791s ]
INFO: [ view_filter ] --START--
INFO: Run Behavior\WriteHtmlCacheBehavior [ RunTime:0.000790s ]
INFO: [ view_filter ] --END-- [ RunTime:0.000909s ]

[ 2015-01-28T14:42:20+08:00 ] 127.0.0.1 /QIS/index.php/Admin/Index/www.baidu.com
INFO: [ app_init ] --START--
INFO: Run Behavior\BuildLiteBehavior [ RunTime:0.000043s ]
INFO: [ app_init ] --END-- [ RunTime:0.001322s ]
INFO: [ app_begin ] --START--
INFO: Run Behavior\ReadHtmlCacheBehavior [ RunTime:0.020199s ]
INFO: [ app_begin ] --END-- [ RunTime:0.024341s ]
NOTIC: [2] Missing argument 1 for Think\Auth::check(), called in E:\xampp\htdocs\QIS\Application\Common\Controller\AuthController.class.php on line 9 and defined E:\xampp\htdocs\QIS\ThinkPHP\Library\Think\Auth.class.php 第 101 行.
NOTIC: [2] Missing argument 2 for Think\Auth::check(), called in E:\xampp\htdocs\QIS\Application\Common\Controller\AuthController.class.php on line 9 and defined E:\xampp\htdocs\QIS\ThinkPHP\Library\Think\Auth.class.php 第 101 行.
NOTIC: [8] Undefined variable: uid E:\xampp\htdocs\QIS\ThinkPHP\Library\Think\Auth.class.php 第 104 行.
SQL: SHOW COLUMNS FROM `think_auth_group_access` [ RunTime:0.008272s ]
SQL: SELECT `rules` FROM think_auth_group_access a INNER JOIN think_auth_group g on a.group_id=g.id  WHERE ( a.uid='' and g.status='1' )  [ RunTime:0.000709s ]
NOTIC: [8] Undefined variable: name E:\xampp\htdocs\QIS\ThinkPHP\Library\Think\Auth.class.php 第 105 行.
NOTIC: [8] Undefined variable: name E:\xampp\htdocs\QIS\ThinkPHP\Library\Think\Auth.class.php 第 133 行.
NOTIC: [2] array_diff() [<a href='function.array-diff'>function.array-diff</a>]: Argument #1 is not an array E:\xampp\htdocs\QIS\ThinkPHP\Library\Think\Auth.class.php 第 133 行.
INFO: [ view_parse ] --START--
INFO: [ template_filter ] --START--
INFO: Run Behavior\ContentReplaceBehavior [ RunTime:0.000107s ]
INFO: [ template_filter ] --END-- [ RunTime:0.000324s ]
INFO: Run Behavior\ParseTemplateBehavior [ RunTime:0.015288s ]
INFO: [ view_parse ] --END-- [ RunTime:0.015504s ]
INFO: [ view_filter ] --START--
INFO: Run Behavior\WriteHtmlCacheBehavior [ RunTime:0.000873s ]
INFO: [ view_filter ] --END-- [ RunTime:0.001015s ]

[ 2015-01-28T14:50:33+08:00 ] 127.0.0.1 /QIS/admin/index/index
INFO: [ app_init ] --START--
INFO: Run Behavior\BuildLiteBehavior [ RunTime:0.000042s ]
INFO: [ app_init ] --END-- [ RunTime:0.001248s ]
INFO: [ app_begin ] --START--
INFO: Run Behavior\ReadHtmlCacheBehavior [ RunTime:0.001601s ]
INFO: [ app_begin ] --END-- [ RunTime:0.001793s ]
INFO: [ view_parse ] --START--
INFO: [ template_filter ] --START--
INFO: Run Behavior\ContentReplaceBehavior [ RunTime:0.000090s ]
INFO: [ template_filter ] --END-- [ RunTime:0.000260s ]
INFO: Run Behavior\ParseTemplateBehavior [ RunTime:0.048407s ]
INFO: [ view_parse ] --END-- [ RunTime:0.048601s ]
INFO: [ view_filter ] --START--
INFO: Run Behavior\WriteHtmlCacheBehavior [ RunTime:0.001053s ]
INFO: [ view_filter ] --END-- [ RunTime:0.001186s ]

[ 2015-01-28T14:50:37+08:00 ] 127.0.0.1 /QIS/index.php/Admin/Login/login.html
INFO: [ app_init ] --START--
INFO: Run Behavior\BuildLiteBehavior [ RunTime:0.000043s ]
INFO: [ app_init ] --END-- [ RunTime:0.001277s ]
INFO: [ app_begin ] --START--
INFO: Run Behavior\ReadHtmlCacheBehavior [ RunTime:0.001600s ]
INFO: [ app_begin ] --END-- [ RunTime:0.001813s ]
INFO: [ view_parse ] --START--
INFO: [ template_filter ] --START--
INFO: Run Behavior\ContentReplaceBehavior [ RunTime:0.000080s ]
INFO: [ template_filter ] --END-- [ RunTime:0.000243s ]
INFO: Run Behavior\ParseTemplateBehavior [ RunTime:0.017324s ]
INFO: [ view_parse ] --END-- [ RunTime:0.017506s ]
INFO: [ view_filter ] --START--
INFO: Run Behavior\WriteHtmlCacheBehavior [ RunTime:0.001497s ]
INFO: [ view_filter ] --END-- [ RunTime:0.001714s ]
INFO: [ app_end ] --START--
INFO: Run Behavior\ShowPageTraceBehavior [ RunTime:0.018442s ]
INFO: [ app_end ] --END-- [ RunTime:0.018604s ]

[ 2015-01-28T14:56:43+08:00 ] 127.0.0.1 /QIS/index.php/Admin/Login/checkLogin.html
INFO: [ app_init ] --START--
INFO: Run Behavior\BuildLiteBehavior [ RunTime:0.000035s ]
INFO: [ app_init ] --END-- [ RunTime:0.001460s ]
INFO: [ app_begin ] --START--
INFO: Run Behavior\ReadHtmlCacheBehavior [ RunTime:0.003095s ]
INFO: [ app_begin ] --END-- [ RunTime:0.003284s ]
SQL: SHOW COLUMNS FROM `think_user` [ RunTime:0.014085s ]
SQL: SELECT * FROM `think_user` WHERE `username` = 'fjp203' LIMIT 1   [ RunTime:0.000865s ]
SQL: UPDATE `think_user` SET `login_ip`='127.0.0.1',`last_login_time`=1422428203 WHERE `id` = '1' [ RunTime:0.000540s ]
INFO: [ view_parse ] --START--
INFO: [ template_filter ] --START--
INFO: Run Behavior\ContentReplaceBehavior [ RunTime:0.000080s ]
INFO: [ template_filter ] --END-- [ RunTime:0.000214s ]
INFO: Run Behavior\ParseTemplateBehavior [ RunTime:0.016980s ]
INFO: [ view_parse ] --END-- [ RunTime:0.017164s ]
INFO: [ view_filter ] --START--
INFO: Run Behavior\WriteHtmlCacheBehavior [ RunTime:0.001125s ]
INFO: [ view_filter ] --END-- [ RunTime:0.001315s ]
INFO: [ app_end ] --START--
INFO: Run Behavior\ShowPageTraceBehavior [ RunTime:0.002052s ]
INFO: [ app_end ] --END-- [ RunTime:0.002207s ]

[ 2015-01-28T14:56:44+08:00 ] 127.0.0.1 /QIS/index.php/Admin/Index/index.html
INFO: [ app_init ] --START--
INFO: Run Behavior\BuildLiteBehavior [ RunTime:0.000045s ]
INFO: [ app_init ] --END-- [ RunTime:0.001399s ]
INFO: [ app_begin ] --START--
INFO: Run Behavior\ReadHtmlCacheBehavior [ RunTime:0.001946s ]
INFO: [ app_begin ] --END-- [ RunTime:0.002116s ]
INFO: [ view_parse ] --START--
INFO: [ template_filter ] --START--
INFO: Run Behavior\ContentReplaceBehavior [ RunTime:0.000126s ]
INFO: [ template_filter ] --END-- [ RunTime:0.000318s ]
INFO: Run Behavior\ParseTemplateBehavior [ RunTime:0.029892s ]
INFO: [ view_parse ] --END-- [ RunTime:0.030082s ]
INFO: [ view_filter ] --START--
INFO: Run Behavior\WriteHtmlCacheBehavior [ RunTime:0.001017s ]
INFO: [ view_filter ] --END-- [ RunTime:0.001161s ]

[ 2015-01-28T14:56:47+08:00 ] 127.0.0.1 /QIS/index.php/Admin/Login/login.html
INFO: [ app_init ] --START--
INFO: Run Behavior\BuildLiteBehavior [ RunTime:0.000038s ]
INFO: [ app_init ] --END-- [ RunTime:0.001116s ]
INFO: [ app_begin ] --START--
INFO: Run Behavior\ReadHtmlCacheBehavior [ RunTime:0.001444s ]
INFO: [ app_begin ] --END-- [ RunTime:0.001621s ]
INFO: [ view_parse ] --START--
INFO: [ template_filter ] --START--
INFO: Run Behavior\ContentReplaceBehavior [ RunTime:0.000143s ]
INFO: [ template_filter ] --END-- [ RunTime:0.001286s ]
INFO: Run Behavior\ParseTemplateBehavior [ RunTime:0.036061s ]
INFO: [ view_parse ] --END-- [ RunTime:0.036299s ]
INFO: [ view_filter ] --START--
INFO: Run Behavior\WriteHtmlCacheBehavior [ RunTime:0.002090s ]
INFO: [ view_filter ] --END-- [ RunTime:0.002233s ]
INFO: [ app_end ] --START--
INFO: Run Behavior\ShowPageTraceBehavior [ RunTime:0.001828s ]
INFO: [ app_end ] --END-- [ RunTime:0.001964s ]

[ 2015-01-28T15:04:21+08:00 ] 127.0.0.1 /QIS/index.php/Admin/Login/login.html
INFO: [ app_init ] --START--
INFO: Run Behavior\BuildLiteBehavior [ RunTime:0.000044s ]
INFO: [ app_init ] --END-- [ RunTime:0.001206s ]
INFO: [ app_begin ] --START--
INFO: Run Behavior\ReadHtmlCacheBehavior [ RunTime:0.001718s ]
INFO: [ app_begin ] --END-- [ RunTime:0.001909s ]
INFO: [ view_parse ] --START--
INFO: [ template_filter ] --START--
INFO: Run Behavior\ContentReplaceBehavior [ RunTime:0.000079s ]
INFO: [ template_filter ] --END-- [ RunTime:0.000232s ]
INFO: Run Behavior\ParseTemplateBehavior [ RunTime:0.027507s ]
INFO: [ view_parse ] --END-- [ RunTime:0.027680s ]
INFO: [ view_filter ] --START--
INFO: Run Behavior\WriteHtmlCacheBehavior [ RunTime:0.001475s ]
INFO: [ view_filter ] --END-- [ RunTime:0.001647s ]
INFO: [ app_end ] --START--
INFO: Run Behavior\ShowPageTraceBehavior [ RunTime:0.002074s ]
INFO: [ app_end ] --END-- [ RunTime:0.002241s ]

[ 2015-01-28T15:04:25+08:00 ] 127.0.0.1 /QIS/index.php/Admin/Login/%7BU('Login/logout')%7D
INFO: [ app_init ] --START--
INFO: Run Behavior\BuildLiteBehavior [ RunTime:0.000043s ]
INFO: [ app_init ] --END-- [ RunTime:0.001238s ]
INFO: [ app_begin ] --START--
INFO: Run Behavior\ReadHtmlCacheBehavior [ RunTime:0.005273s ]
INFO: [ app_begin ] --END-- [ RunTime:0.005504s ]
ERR: 非法操作:{U('Login

[ 2015-01-28T15:04:45+08:00 ] 127.0.0.1 /QIS/index.php/Admin/Login/login.html
INFO: [ app_init ] --START--
INFO: Run Behavior\BuildLiteBehavior [ RunTime:0.000037s ]
INFO: [ app_init ] --END-- [ RunTime:0.001247s ]
INFO: [ app_begin ] --START--
INFO: Run Behavior\ReadHtmlCacheBehavior [ RunTime:0.001616s ]
INFO: [ app_begin ] --END-- [ RunTime:0.001802s ]
INFO: [ view_parse ] --START--
INFO: [ template_filter ] --START--
INFO: Run Behavior\ContentReplaceBehavior [ RunTime:0.000072s ]
INFO: [ template_filter ] --END-- [ RunTime:0.000213s ]
INFO: Run Behavior\ParseTemplateBehavior [ RunTime:0.019048s ]
INFO: [ view_parse ] --END-- [ RunTime:0.019220s ]
INFO: [ view_filter ] --START--
INFO: Run Behavior\WriteHtmlCacheBehavior [ RunTime:0.001212s ]
INFO: [ view_filter ] --END-- [ RunTime:0.001348s ]
INFO: [ app_end ] --START--
INFO: Run Behavior\ShowPageTraceBehavior [ RunTime:0.002098s ]
INFO: [ app_end ] --END-- [ RunTime:0.002238s ]

[ 2015-01-28T15:04:58+08:00 ] 127.0.0.1 /QIS/index.php/Admin/Login/login.html
INFO: [ app_init ] --START--
INFO: Run Behavior\BuildLiteBehavior [ RunTime:0.000044s ]
INFO: [ app_init ] --END-- [ RunTime:0.001947s ]
INFO: [ app_begin ] --START--
INFO: Run Behavior\ReadHtmlCacheBehavior [ RunTime:0.001624s ]
INFO: [ app_begin ] --END-- [ RunTime:0.001801s ]
INFO: [ view_parse ] --START--
INFO: [ template_filter ] --START--
INFO: Run Behavior\ContentReplaceBehavior [ RunTime:0.000142s ]
INFO: [ template_filter ] --END-- [ RunTime:0.000334s ]
INFO: Run Behavior\ParseTemplateBehavior [ RunTime:0.017630s ]
INFO: [ view_parse ] --END-- [ RunTime:0.017900s ]
INFO: [ view_filter ] --START--
INFO: Run Behavior\WriteHtmlCacheBehavior [ RunTime:0.001532s ]
INFO: [ view_filter ] --END-- [ RunTime:0.001680s ]
INFO: [ app_end ] --START--
INFO: Run Behavior\ShowPageTraceBehavior [ RunTime:0.001611s ]
INFO: [ app_end ] --END-- [ RunTime:0.001747s ]

[ 2015-01-28T15:05:02+08:00 ] 127.0.0.1 /QIS/index.php/Admin/Login/logout.html
INFO: [ app_init ] --START--
INFO: Run Behavior\BuildLiteBehavior [ RunTime:0.000110s ]
INFO: [ app_init ] --END-- [ RunTime:0.006241s ]
INFO: [ app_begin ] --START--
INFO: Run Behavior\ReadHtmlCacheBehavior [ RunTime:0.001923s ]
INFO: [ app_begin ] --END-- [ RunTime:0.002154s ]

[ 2015-01-28T15:05:02+08:00 ] 127.0.0.1 /QIS/index.php/Admin/Login/login.html
INFO: [ app_init ] --START--
INFO: Run Behavior\BuildLiteBehavior [ RunTime:0.000044s ]
INFO: [ app_init ] --END-- [ RunTime:0.001134s ]
INFO: [ app_begin ] --START--
INFO: Run Behavior\ReadHtmlCacheBehavior [ RunTime:0.001208s ]
INFO: [ app_begin ] --END-- [ RunTime:0.001377s ]
INFO: [ view_parse ] --START--
INFO: [ template_filter ] --START--
INFO: Run Behavior\ContentReplaceBehavior [ RunTime:0.000069s ]
INFO: [ template_filter ] --END-- [ RunTime:0.000303s ]
INFO: Run Behavior\ParseTemplateBehavior [ RunTime:0.017569s ]
INFO: [ view_parse ] --END-- [ RunTime:0.017791s ]
INFO: [ view_filter ] --START--
INFO: Run Behavior\WriteHtmlCacheBehavior [ RunTime:0.000705s ]
INFO: [ view_filter ] --END-- [ RunTime:0.000825s ]
INFO: [ app_end ] --START--
INFO: Run Behavior\ShowPageTraceBehavior [ RunTime:0.001210s ]
INFO: [ app_end ] --END-- [ RunTime:0.001393s ]

[ 2015-01-28T15:16:51+08:00 ] 127.0.0.1 /QIS/admin/login/login
INFO: [ app_init ] --START--
INFO: Run Behavior\BuildLiteBehavior [ RunTime:0.000039s ]
INFO: [ app_init ] --END-- [ RunTime:0.001029s ]
INFO: [ app_begin ] --START--
INFO: Run Behavior\ReadHtmlCacheBehavior [ RunTime:0.001424s ]
INFO: [ app_begin ] --END-- [ RunTime:0.001641s ]
INFO: [ view_parse ] --START--
INFO: [ template_filter ] --START--
INFO: Run Behavior\ContentReplaceBehavior [ RunTime:0.000073s ]
INFO: [ template_filter ] --END-- [ RunTime:0.000222s ]
INFO: Run Behavior\ParseTemplateBehavior [ RunTime:0.013927s ]
INFO: [ view_parse ] --END-- [ RunTime:0.014074s ]
INFO: [ view_filter ] --START--
INFO: Run Behavior\WriteHtmlCacheBehavior [ RunTime:0.000934s ]
INFO: [ view_filter ] --END-- [ RunTime:0.001059s ]
INFO: [ app_end ] --START--
INFO: Run Behavior\ShowPageTraceBehavior [ RunTime:0.009026s ]
INFO: [ app_end ] --END-- [ RunTime:0.009165s ]

[ 2015-01-28T15:16:59+08:00 ] 127.0.0.1 /QIS/index.php/Admin/Login/checkLogin.html
INFO: [ app_init ] --START--
INFO: Run Behavior\BuildLiteBehavior [ RunTime:0.000037s ]
INFO: [ app_init ] --END-- [ RunTime:0.001295s ]
INFO: [ app_begin ] --START--
INFO: Run Behavior\ReadHtmlCacheBehavior [ RunTime:0.001580s ]
INFO: [ app_begin ] --END-- [ RunTime:0.001781s ]
SQL: SHOW COLUMNS FROM `think_user` [ RunTime:0.010418s ]
SQL: SELECT * FROM `think_user` WHERE `username` = 'fjp203' LIMIT 1   [ RunTime:0.000797s ]
SQL: UPDATE `think_user` SET `login_ip`='127.0.0.1',`last_login_time`=1422429419 WHERE `id` = '1' [ RunTime:0.000576s ]
INFO: [ view_parse ] --START--
INFO: [ template_filter ] --START--
INFO: Run Behavior\ContentReplaceBehavior [ RunTime:0.000088s ]
INFO: [ template_filter ] --END-- [ RunTime:0.000235s ]
INFO: Run Behavior\ParseTemplateBehavior [ RunTime:0.016284s ]
INFO: [ view_parse ] --END-- [ RunTime:0.016493s ]
INFO: [ view_filter ] --START--
INFO: Run Behavior\WriteHtmlCacheBehavior [ RunTime:0.001081s ]
INFO: [ view_filter ] --END-- [ RunTime:0.001237s ]
INFO: [ app_end ] --START--
INFO: Run Behavior\ShowPageTraceBehavior [ RunTime:0.001584s ]
INFO: [ app_end ] --END-- [ RunTime:0.001749s ]

[ 2015-01-28T15:17:00+08:00 ] 127.0.0.1 /QIS/index.php/Admin/Index/index.html
INFO: [ app_init ] --START--
INFO: Run Behavior\BuildLiteBehavior [ RunTime:0.000054s ]
INFO: [ app_init ] --END-- [ RunTime:0.001637s ]
INFO: [ app_begin ] --START--
INFO: Run Behavior\ReadHtmlCacheBehavior [ RunTime:0.001512s ]
INFO: [ app_begin ] --END-- [ RunTime:0.001773s ]
INFO: [ view_parse ] --START--
INFO: [ template_filter ] --START--
INFO: Run Behavior\ContentReplaceBehavior [ RunTime:0.002029s ]
INFO: [ template_filter ] --END-- [ RunTime:0.002442s ]
INFO: Run Behavior\ParseTemplateBehavior [ RunTime:0.033334s ]
INFO: [ view_parse ] --END-- [ RunTime:0.033517s ]
INFO: [ view_filter ] --START--
INFO: Run Behavior\WriteHtmlCacheBehavior [ RunTime:0.000716s ]
INFO: [ view_filter ] --END-- [ RunTime:0.000836s ]

[ 2015-01-28T15:17:03+08:00 ] 127.0.0.1 /QIS/index.php/Admin/Login/login.html
INFO: [ app_init ] --START--
INFO: Run Behavior\BuildLiteBehavior [ RunTime:0.000042s ]
INFO: [ app_init ] --END-- [ RunTime:0.001186s ]
INFO: [ app_begin ] --START--
INFO: Run Behavior\ReadHtmlCacheBehavior [ RunTime:0.001482s ]
INFO: [ app_begin ] --END-- [ RunTime:0.002045s ]
INFO: [ view_parse ] --START--
INFO: [ template_filter ] --START--
INFO: Run Behavior\ContentReplaceBehavior [ RunTime:0.000080s ]
INFO: [ template_filter ] --END-- [ RunTime:0.000241s ]
INFO: Run Behavior\ParseTemplateBehavior [ RunTime:0.017007s ]
INFO: [ view_parse ] --END-- [ RunTime:0.017178s ]
INFO: [ view_filter ] --START--
INFO: Run Behavior\WriteHtmlCacheBehavior [ RunTime:0.000861s ]
INFO: [ view_filter ] --END-- [ RunTime:0.001001s ]
INFO: [ app_end ] --START--
INFO: Run Behavior\ShowPageTraceBehavior [ RunTime:0.001695s ]
INFO: [ app_end ] --END-- [ RunTime:0.001853s ]

[ 2015-01-28T15:18:26+08:00 ] 127.0.0.1 /QIS/index.php/Admin/Login/login.html
INFO: [ app_init ] --START--
INFO: Run Behavior\BuildLiteBehavior [ RunTime:0.000037s ]
INFO: [ app_init ] --END-- [ RunTime:0.000915s ]
INFO: [ app_begin ] --START--
INFO: Run Behavior\ReadHtmlCacheBehavior [ RunTime:0.002448s ]
INFO: [ app_begin ] --END-- [ RunTime:0.002664s ]
INFO: [ view_parse ] --START--
INFO: [ template_filter ] --START--
INFO: Run Behavior\ContentReplaceBehavior [ RunTime:0.000069s ]
INFO: [ template_filter ] --END-- [ RunTime:0.000204s ]
INFO: Run Behavior\ParseTemplateBehavior [ RunTime:0.014694s ]
INFO: [ view_parse ] --END-- [ RunTime:0.014857s ]
INFO: [ view_filter ] --START--
INFO: Run Behavior\WriteHtmlCacheBehavior [ RunTime:0.000684s ]
INFO: [ view_filter ] --END-- [ RunTime:0.000937s ]
INFO: [ app_end ] --START--
INFO: Run Behavior\ShowPageTraceBehavior [ RunTime:0.001334s ]
INFO: [ app_end ] --END-- [ RunTime:0.001466s ]

[ 2015-01-28T15:18:30+08:00 ] 127.0.0.1 /QIS/index.php/Admin/Login/checkLogin.html
INFO: [ app_init ] --START--
INFO: Run Behavior\BuildLiteBehavior [ RunTime:0.000040s ]
INFO: [ app_init ] --END-- [ RunTime:0.001040s ]
INFO: [ app_begin ] --START--
INFO: Run Behavior\ReadHtmlCacheBehavior [ RunTime:0.003577s ]
INFO: [ app_begin ] --END-- [ RunTime:0.003802s ]
SQL: SHOW COLUMNS FROM `think_user` [ RunTime:0.028231s ]
SQL: SELECT * FROM `think_user` WHERE `username` = 'fjp203' LIMIT 1   [ RunTime:0.001095s ]
SQL: UPDATE `think_user` SET `login_ip`='127.0.0.1',`last_login_time`=1422429510 WHERE `id` = '1' [ RunTime:0.000668s ]
INFO: [ view_parse ] --START--
INFO: [ template_filter ] --START--
INFO: Run Behavior\ContentReplaceBehavior [ RunTime:0.000089s ]
INFO: [ template_filter ] --END-- [ RunTime:0.000241s ]
INFO: Run Behavior\ParseTemplateBehavior [ RunTime:0.014725s ]
INFO: [ view_parse ] --END-- [ RunTime:0.014905s ]
INFO: [ view_filter ] --START--
INFO: Run Behavior\WriteHtmlCacheBehavior [ RunTime:0.000718s ]
INFO: [ view_filter ] --END-- [ RunTime:0.000841s ]
INFO: [ app_end ] --START--
INFO: Run Behavior\ShowPageTraceBehavior [ RunTime:0.001188s ]
INFO: [ app_end ] --END-- [ RunTime:0.001316s ]

[ 2015-01-28T15:18:31+08:00 ] 127.0.0.1 /QIS/index.php/Admin/Index/index.html
INFO: [ app_init ] --START--
INFO: Run Behavior\BuildLiteBehavior [ RunTime:0.000038s ]
INFO: [ app_init ] --END-- [ RunTime:0.001029s ]
INFO: [ app_begin ] --START--
INFO: Run Behavior\ReadHtmlCacheBehavior [ RunTime:0.002369s ]
INFO: [ app_begin ] --END-- [ RunTime:0.002587s ]
INFO: [ view_parse ] --START--
INFO: Run Behavior\ParseTemplateBehavior [ RunTime:0.025334s ]
INFO: [ view_parse ] --END-- [ RunTime:0.025786s ]
INFO: [ view_filter ] --START--
INFO: Run Behavior\WriteHtmlCacheBehavior [ RunTime:0.001946s ]
INFO: [ view_filter ] --END-- [ RunTime:0.002458s ]
INFO: [ app_end ] --START--
INFO: Run Behavior\ShowPageTraceBehavior [ RunTime:0.002147s ]
INFO: [ app_end ] --END-- [ RunTime:0.002337s ]

[ 2015-01-28T16:55:42+08:00 ] 127.0.0.1 /QIS/index.php/Admin/Login/logout
INFO: [ app_init ] --START--
INFO: Run Behavior\BuildLiteBehavior [ RunTime:0.000085s ]
INFO: [ app_init ] --END-- [ RunTime:0.001736s ]
INFO: [ app_begin ] --START--
INFO: Run Behavior\ReadHtmlCacheBehavior [ RunTime:0.001386s ]
INFO: [ app_begin ] --END-- [ RunTime:0.001606s ]

[ 2015-01-28T16:55:43+08:00 ] 127.0.0.1 /QIS/index.php/Admin/Login/login.html
INFO: [ app_init ] --START--
INFO: Run Behavior\BuildLiteBehavior [ RunTime:0.000034s ]
INFO: [ app_init ] --END-- [ RunTime:0.000845s ]
INFO: [ app_begin ] --START--
INFO: Run Behavior\ReadHtmlCacheBehavior [ RunTime:0.001673s ]
INFO: [ app_begin ] --END-- [ RunTime:0.001944s ]
INFO: [ view_parse ] --START--
INFO: [ template_filter ] --START--
INFO: Run Behavior\ContentReplaceBehavior [ RunTime:0.000072s ]
INFO: [ template_filter ] --END-- [ RunTime:0.000207s ]
INFO: Run Behavior\ParseTemplateBehavior [ RunTime:0.097681s ]
INFO: [ view_parse ] --END-- [ RunTime:0.098153s ]
INFO: [ view_filter ] --START--
INFO: Run Behavior\WriteHtmlCacheBehavior [ RunTime:0.000663s ]
INFO: [ view_filter ] --END-- [ RunTime:0.000780s ]
INFO: [ app_end ] --START--
INFO: Run Behavior\ShowPageTraceBehavior [ RunTime:0.001224s ]
INFO: [ app_end ] --END-- [ RunTime:0.001352s ]

[ 2015-01-28T17:13:31+08:00 ] 127.0.0.1 /QIS/index.php/Admin/Login/checkLogin
INFO: [ app_init ] --START--
INFO: Run Behavior\BuildLiteBehavior [ RunTime:0.000096s ]
INFO: [ app_init ] --END-- [ RunTime:0.001973s ]
INFO: [ app_begin ] --START--
INFO: Run Behavior\ReadHtmlCacheBehavior [ RunTime:0.001582s ]
INFO: [ app_begin ] --END-- [ RunTime:0.001820s ]
SQL: SHOW COLUMNS FROM `think_user` [ RunTime:0.193583s ]
SQL: SELECT * FROM `think_user` WHERE `username` = 'fjp203' LIMIT 1   [ RunTime:0.124371s ]
SQL: UPDATE `think_user` SET `login_ip`='127.0.0.1',`last_login_time`=1422436411 WHERE `id` = '1' [ RunTime:0.078752s ]
INFO: [ view_parse ] --START--
INFO: [ template_filter ] --START--
INFO: Run Behavior\ContentReplaceBehavior [ RunTime:0.000162s ]
INFO: [ template_filter ] --END-- [ RunTime:0.000423s ]
INFO: Run Behavior\ParseTemplateBehavior [ RunTime:0.048500s ]
INFO: [ view_parse ] --END-- [ RunTime:0.048807s ]
INFO: [ view_filter ] --START--
INFO: Run Behavior\WriteHtmlCacheBehavior [ RunTime:0.001483s ]
INFO: [ view_filter ] --END-- [ RunTime:0.001734s ]
INFO: [ app_end ] --START--
INFO: Run Behavior\ShowPageTraceBehavior [ RunTime:0.002724s ]
INFO: [ app_end ] --END-- [ RunTime:0.003055s ]

[ 2015-01-28T17:13:56+08:00 ] 127.0.0.1 /QIS/index.php/Admin/Login/logout
INFO: [ app_init ] --START--
INFO: Run Behavior\BuildLiteBehavior [ RunTime:0.000043s ]
INFO: [ app_init ] --END-- [ RunTime:0.002914s ]
INFO: [ app_begin ] --START--
INFO: Run Behavior\ReadHtmlCacheBehavior [ RunTime:0.001461s ]
INFO: [ app_begin ] --END-- [ RunTime:0.001690s ]

[ 2015-01-28T17:13:56+08:00 ] 127.0.0.1 /QIS/index.php/Admin/Login/login.html
INFO: [ app_init ] --START--
INFO: Run Behavior\BuildLiteBehavior [ RunTime:0.000033s ]
INFO: [ app_init ] --END-- [ RunTime:0.000844s ]
INFO: [ app_begin ] --START--
INFO: Run Behavior\ReadHtmlCacheBehavior [ RunTime:0.001115s ]
INFO: [ app_begin ] --END-- [ RunTime:0.001271s ]
INFO: [ view_parse ] --START--
INFO: [ template_filter ] --START--
INFO: Run Behavior\ContentReplaceBehavior [ RunTime:0.000074s ]
INFO: [ template_filter ] --END-- [ RunTime:0.000206s ]
INFO: Run Behavior\ParseTemplateBehavior [ RunTime:0.023341s ]
INFO: [ view_parse ] --END-- [ RunTime:0.023484s ]
INFO: [ view_filter ] --START--
INFO: Run Behavior\WriteHtmlCacheBehavior [ RunTime:0.000833s ]
INFO: [ view_filter ] --END-- [ RunTime:0.000954s ]
INFO: [ app_end ] --START--
INFO: Run Behavior\ShowPageTraceBehavior [ RunTime:0.001864s ]
INFO: [ app_end ] --END-- [ RunTime:0.002003s ]

[ 2015-01-28T17:14:00+08:00 ] 127.0.0.1 /QIS/index.php/Admin/Login/checkLogin
INFO: [ app_init ] --START--
INFO: Run Behavior\BuildLiteBehavior [ RunTime:0.000035s ]
INFO: [ app_init ] --END-- [ RunTime:0.000832s ]
INFO: [ app_begin ] --START--
INFO: Run Behavior\ReadHtmlCacheBehavior [ RunTime:0.003874s ]
INFO: [ app_begin ] --END-- [ RunTime:0.004061s ]
SQL: SHOW COLUMNS FROM `think_user` [ RunTime:0.005824s ]
SQL: SELECT * FROM `think_user` WHERE `username` = 'fjp203' LIMIT 1   [ RunTime:0.000822s ]
SQL: UPDATE `think_user` SET `login_ip`='127.0.0.1',`last_login_time`=1422436440 WHERE `id` = '1' [ RunTime:0.000773s ]
INFO: [ view_parse ] --START--
INFO: [ template_filter ] --START--
INFO: Run Behavior\ContentReplaceBehavior [ RunTime:0.000081s ]
INFO: [ template_filter ] --END-- [ RunTime:0.000212s ]
INFO: Run Behavior\ParseTemplateBehavior [ RunTime:0.013386s ]
INFO: [ view_parse ] --END-- [ RunTime:0.013550s ]
INFO: [ view_filter ] --START--
INFO: Run Behavior\WriteHtmlCacheBehavior [ RunTime:0.001506s ]
INFO: [ view_filter ] --END-- [ RunTime:0.001999s ]
INFO: [ app_end ] --START--
INFO: Run Behavior\ShowPageTraceBehavior [ RunTime:0.001690s ]
INFO: [ app_end ] --END-- [ RunTime:0.001838s ]

[ 2015-01-28T17:28:28+08:00 ] 127.0.0.1 /QIS/index.php/Admin/Login/logout
INFO: [ app_init ] --START--
INFO: Run Behavior\BuildLiteBehavior [ RunTime:0.000034s ]
INFO: [ app_init ] --END-- [ RunTime:0.000911s ]
INFO: [ app_begin ] --START--
INFO: Run Behavior\ReadHtmlCacheBehavior [ RunTime:0.001465s ]
INFO: [ app_begin ] --END-- [ RunTime:0.001736s ]

[ 2015-01-28T17:28:28+08:00 ] 127.0.0.1 /QIS/index.php/Admin/Login/login.html
INFO: [ app_init ] --START--
INFO: Run Behavior\BuildLiteBehavior [ RunTime:0.000033s ]
INFO: [ app_init ] --END-- [ RunTime:0.000840s ]
INFO: [ app_begin ] --START--
INFO: Run Behavior\ReadHtmlCacheBehavior [ RunTime:0.001113s ]
INFO: [ app_begin ] --END-- [ RunTime:0.001271s ]
INFO: [ view_parse ] --START--
INFO: [ template_filter ] --START--
INFO: Run Behavior\ContentReplaceBehavior [ RunTime:0.000073s ]
INFO: [ template_filter ] --END-- [ RunTime:0.000210s ]
INFO: Run Behavior\ParseTemplateBehavior [ RunTime:0.013275s ]
INFO: [ view_parse ] --END-- [ RunTime:0.013434s ]
INFO: [ view_filter ] --START--
INFO: Run Behavior\WriteHtmlCacheBehavior [ RunTime:0.000950s ]
INFO: [ view_filter ] --END-- [ RunTime:0.001081s ]
INFO: [ app_end ] --START--
INFO: Run Behavior\ShowPageTraceBehavior [ RunTime:0.001494s ]
INFO: [ app_end ] --END-- [ RunTime:0.001635s ]

[ 2015-01-28T17:28:33+08:00 ] 127.0.0.1 /QIS/index.php/Admin/Login/checkLogin
INFO: [ app_init ] --START--
INFO: Run Behavior\BuildLiteBehavior [ RunTime:0.000035s ]
INFO: [ app_init ] --END-- [ RunTime:0.000911s ]
INFO: [ app_begin ] --START--
INFO: Run Behavior\ReadHtmlCacheBehavior [ RunTime:0.002711s ]
INFO: [ app_begin ] --END-- [ RunTime:0.002890s ]
SQL: SHOW COLUMNS FROM `think_user` [ RunTime:0.006082s ]
SQL: SELECT * FROM `think_user` WHERE `username` = 'fjp203' LIMIT 1   [ RunTime:0.000686s ]
SQL: UPDATE `think_user` SET `login_ip`='127.0.0.1',`last_login_time`=1422437313 WHERE `id` = '1' [ RunTime:0.000524s ]
INFO: [ view_parse ] --START--
INFO: [ template_filter ] --START--
INFO: Run Behavior\ContentReplaceBehavior [ RunTime:0.000085s ]
INFO: [ template_filter ] --END-- [ RunTime:0.000232s ]
INFO: Run Behavior\ParseTemplateBehavior [ RunTime:0.013397s ]
INFO: [ view_parse ] --END-- [ RunTime:0.013624s ]
INFO: [ view_filter ] --START--
INFO: Run Behavior\WriteHtmlCacheBehavior [ RunTime:0.001045s ]
INFO: [ view_filter ] --END-- [ RunTime:0.001194s ]
INFO: [ app_end ] --START--
INFO: Run Behavior\ShowPageTraceBehavior [ RunTime:0.001669s ]
INFO: [ app_end ] --END-- [ RunTime:0.001819s ]

