[ 2015-05-18T16:08:00+08:00 ] 127.0.0.1 /qis/index.php/Admin/Login/checkLogin
INFO: [ app_init ] --START--
INFO: Run Behavior\BuildLiteBehavior [ RunTime:0.000035s ]
INFO: [ app_init ] --END-- [ RunTime:0.000889s ]
INFO: [ app_begin ] --START--
INFO: Run Behavior\ReadHtmlCacheBehavior [ RunTime:0.001372s ]
INFO: [ app_begin ] --END-- [ RunTime:0.001562s ]
SQL: SHOW COLUMNS FROM `think_user` [ RunTime:0.206748s ]
SQL: SELECT * FROM `think_user` WHERE `username` = 'fjp203' LIMIT 1   [ RunTime:0.132840s ]
SQL: UPDATE `think_user` SET `login_ip`='127.0.0.1',`last_login_time`='15-05-18 04:08:00' WHERE `id` = 52 [ RunTime:0.137194s ]
SQL: UPDATE `think_user` SET `login_num`=login_num+1 WHERE `id` = 52 [ RunTime:0.029605s ]
INFO: [ view_parse ] --START--
INFO: [ template_filter ] --START--
INFO: Run Behavior\ContentReplaceBehavior [ RunTime:0.000116s ]
INFO: [ template_filter ] --END-- [ RunTime:0.000301s ]
INFO: Run Behavior\ParseTemplateBehavior [ RunTime:0.092746s ]
INFO: [ view_parse ] --END-- [ RunTime:0.092966s ]
INFO: [ view_filter ] --START--
INFO: Run Behavior\WriteHtmlCacheBehavior [ RunTime:0.000796s ]
INFO: [ view_filter ] --END-- [ RunTime:0.000963s ]
INFO: [ app_end ] --START--
INFO: Run Behavior\ShowPageTraceBehavior [ RunTime:0.001321s ]
INFO: [ app_end ] --END-- [ RunTime:0.001491s ]

