[ 2015-04-03T08:48:29+08:00 ] 127.0.0.1 /qis/index.php/Admin/Login/checkLogin
INFO: [ app_init ] --START--
INFO: Run Behavior\BuildLiteBehavior [ RunTime:0.000063s ]
INFO: [ app_init ] --END-- [ RunTime:0.001765s ]
INFO: [ app_begin ] --START--
INFO: Run Behavior\ReadHtmlCacheBehavior [ RunTime:0.001297s ]
INFO: [ app_begin ] --END-- [ RunTime:0.001467s ]
SQL: SHOW COLUMNS FROM `think_user` [ RunTime:0.192280s ]
SQL: SELECT * FROM `think_user` WHERE `username` = 'fjp203' LIMIT 1   [ RunTime:0.000896s ]
SQL: UPDATE `think_user` SET `login_ip`='127.0.0.1',`last_login_time`='15-04-03 08:48:29' WHERE `id` = 1 [ RunTime:0.154685s ]
SQL: UPDATE `think_user` SET `login_num`=login_num+1 WHERE `id` = 1 [ RunTime:0.092105s ]
INFO: [ view_parse ] --START--
INFO: [ template_filter ] --START--
INFO: Run Behavior\ContentReplaceBehavior [ RunTime:0.000083s ]
INFO: [ template_filter ] --END-- [ RunTime:0.000216s ]
INFO: Run Behavior\ParseTemplateBehavior [ RunTime:0.168021s ]
INFO: [ view_parse ] --END-- [ RunTime:0.168286s ]
INFO: [ view_filter ] --START--
INFO: Run Behavior\WriteHtmlCacheBehavior [ RunTime:0.001684s ]
INFO: [ view_filter ] --END-- [ RunTime:0.001938s ]
INFO: [ app_end ] --START--
INFO: Run Behavior\ShowPageTraceBehavior [ RunTime:0.005793s ]
INFO: [ app_end ] --END-- [ RunTime:0.006062s ]

[ 2015-04-03T10:23:30+08:00 ] 127.0.0.1 /qis/index.php/Admin/Login/checkLogin
INFO: [ app_init ] --START--
INFO: Run Behavior\BuildLiteBehavior [ RunTime:0.000037s ]
INFO: [ app_init ] --END-- [ RunTime:0.001136s ]
INFO: [ app_begin ] --START--
INFO: Run Behavior\ReadHtmlCacheBehavior [ RunTime:0.001298s ]
INFO: [ app_begin ] --END-- [ RunTime:0.001509s ]
SQL: SHOW COLUMNS FROM `think_user` [ RunTime:0.019367s ]
SQL: SELECT * FROM `think_user` WHERE `username` = 'fjp203' LIMIT 1   [ RunTime:0.000864s ]
SQL: UPDATE `think_user` SET `login_ip`='127.0.0.1',`last_login_time`='15-04-03 10:23:30' WHERE `id` = 1 [ RunTime:0.043442s ]
SQL: UPDATE `think_user` SET `login_num`=login_num+1 WHERE `id` = 1 [ RunTime:0.029091s ]
INFO: [ view_parse ] --START--
INFO: [ template_filter ] --START--
INFO: Run Behavior\ContentReplaceBehavior [ RunTime:0.000087s ]
INFO: [ template_filter ] --END-- [ RunTime:0.000241s ]
INFO: Run Behavior\ParseTemplateBehavior [ RunTime:0.034612s ]
INFO: [ view_parse ] --END-- [ RunTime:0.034813s ]
INFO: [ view_filter ] --START--
INFO: Run Behavior\WriteHtmlCacheBehavior [ RunTime:0.001222s ]
INFO: [ view_filter ] --END-- [ RunTime:0.001386s ]
INFO: [ app_end ] --START--
INFO: Run Behavior\ShowPageTraceBehavior [ RunTime:0.001816s ]
INFO: [ app_end ] --END-- [ RunTime:0.001986s ]

