[ 2015-05-06T10:25:00+08:00 ] 127.0.0.1 /qis/index.php/Admin/Login/checkLogin
INFO: [ app_init ] --START--
INFO: Run Behavior\BuildLiteBehavior [ RunTime:0.000040s ]
INFO: [ app_init ] --END-- [ RunTime:0.001103s ]
INFO: [ app_begin ] --START--
INFO: Run Behavior\ReadHtmlCacheBehavior [ RunTime:0.002837s ]
INFO: [ app_begin ] --END-- [ RunTime:0.003075s ]
SQL: SHOW COLUMNS FROM `think_user` [ RunTime:0.132661s ]
SQL: SELECT * FROM `think_user` WHERE `username` = 'fjp203' LIMIT 1   [ RunTime:0.113027s ]
SQL: UPDATE `think_user` SET `login_ip`='127.0.0.1',`last_login_time`='15-05-06 10:25:00' WHERE `id` = 52 [ RunTime:0.050930s ]
SQL: UPDATE `think_user` SET `login_num`=login_num+1 WHERE `id` = 52 [ RunTime:0.000826s ]
INFO: [ view_parse ] --START--
INFO: [ template_filter ] --START--
INFO: Run Behavior\ContentReplaceBehavior [ RunTime:0.000094s ]
INFO: [ template_filter ] --END-- [ RunTime:0.000248s ]
INFO: Run Behavior\ParseTemplateBehavior [ RunTime:0.113012s ]
INFO: [ view_parse ] --END-- [ RunTime:0.113235s ]
INFO: [ view_filter ] --START--
INFO: Run Behavior\WriteHtmlCacheBehavior [ RunTime:0.001208s ]
INFO: [ view_filter ] --END-- [ RunTime:0.001352s ]
INFO: [ app_end ] --START--
INFO: Run Behavior\ShowPageTraceBehavior [ RunTime:0.001481s ]
INFO: [ app_end ] --END-- [ RunTime:0.001626s ]

[ 2015-05-06T10:28:25+08:00 ] 127.0.0.1 /qis/index.php/Admin/Login/logout
INFO: [ app_init ] --START--
INFO: Run Behavior\BuildLiteBehavior [ RunTime:0.000039s ]
INFO: [ app_init ] --END-- [ RunTime:0.001108s ]
INFO: [ app_begin ] --START--
INFO: Run Behavior\ReadHtmlCacheBehavior [ RunTime:0.001299s ]
INFO: [ app_begin ] --END-- [ RunTime:0.001468s ]
INFO: [ view_parse ] --START--
INFO: [ template_filter ] --START--
INFO: Run Behavior\ContentReplaceBehavior [ RunTime:0.000082s ]
INFO: [ template_filter ] --END-- [ RunTime:0.000219s ]
INFO: Run Behavior\ParseTemplateBehavior [ RunTime:0.016878s ]
INFO: [ view_parse ] --END-- [ RunTime:0.017037s ]
INFO: [ view_filter ] --START--
INFO: Run Behavior\WriteHtmlCacheBehavior [ RunTime:0.001123s ]
INFO: [ view_filter ] --END-- [ RunTime:0.001266s ]
INFO: [ app_end ] --START--
INFO: Run Behavior\ShowPageTraceBehavior [ RunTime:0.001504s ]
INFO: [ app_end ] --END-- [ RunTime:0.001665s ]

[ 2015-05-06T10:28:30+08:00 ] 127.0.0.1 /qis/index.php/Admin/Login/checkLogin
INFO: [ app_init ] --START--
INFO: Run Behavior\BuildLiteBehavior [ RunTime:0.000044s ]
INFO: [ app_init ] --END-- [ RunTime:0.001174s ]
INFO: [ app_begin ] --START--
INFO: Run Behavior\ReadHtmlCacheBehavior [ RunTime:0.001514s ]
INFO: [ app_begin ] --END-- [ RunTime:0.001745s ]
SQL: SHOW COLUMNS FROM `think_user` [ RunTime:0.018788s ]
SQL: SELECT * FROM `think_user` WHERE `username` = 'fjp203' LIMIT 1   [ RunTime:0.001015s ]
SQL: UPDATE `think_user` SET `login_ip`='127.0.0.1',`last_login_time`='15-05-06 10:28:30' WHERE `id` = 52 [ RunTime:0.000922s ]
SQL: UPDATE `think_user` SET `login_num`=login_num+1 WHERE `id` = 52 [ RunTime:0.001281s ]
INFO: [ view_parse ] --START--
INFO: [ template_filter ] --START--
INFO: Run Behavior\ContentReplaceBehavior [ RunTime:0.000097s ]
INFO: [ template_filter ] --END-- [ RunTime:0.000268s ]
INFO: Run Behavior\ParseTemplateBehavior [ RunTime:0.027539s ]
INFO: [ view_parse ] --END-- [ RunTime:0.027719s ]
INFO: [ view_filter ] --START--
INFO: Run Behavior\WriteHtmlCacheBehavior [ RunTime:0.024044s ]
INFO: [ view_filter ] --END-- [ RunTime:0.024192s ]
INFO: [ app_end ] --START--
INFO: Run Behavior\ShowPageTraceBehavior [ RunTime:0.001261s ]
INFO: [ app_end ] --END-- [ RunTime:0.001407s ]

[ 2015-05-06T10:28:51+08:00 ] 127.0.0.1 /qis/index.php/Admin/User/user?_=1430879330339
INFO: [ app_init ] --START--
INFO: Run Behavior\BuildLiteBehavior [ RunTime:0.000041s ]
INFO: [ app_init ] --END-- [ RunTime:0.001210s ]
INFO: [ app_begin ] --START--
INFO: Run Behavior\ReadHtmlCacheBehavior [ RunTime:0.001303s ]
INFO: [ app_begin ] --END-- [ RunTime:0.001466s ]
SQL: SHOW COLUMNS FROM `think_auth_group` [ RunTime:0.351060s ]
SQL: SELECT * FROM `think_auth_group`  [ RunTime:0.001045s ]
INFO: [ view_parse ] --START--
INFO: [ template_filter ] --START--
INFO: Run Behavior\ContentReplaceBehavior [ RunTime:0.000306s ]
INFO: [ template_filter ] --END-- [ RunTime:0.000478s ]
NOTIC: [8] Use of undefined constant GROUP_NAME - assumed 'GROUP_NAME' E:\xampp\htdocs\QIS\Application\Runtime\Cache\Admin\2a29f2db7e5d066ba9b42bfd58f48adc.php 第 3 行.
INFO: Run Behavior\ParseTemplateBehavior [ RunTime:0.090744s ]
INFO: [ view_parse ] --END-- [ RunTime:0.090924s ]
INFO: [ view_filter ] --START--
INFO: Run Behavior\WriteHtmlCacheBehavior [ RunTime:0.001607s ]
INFO: [ view_filter ] --END-- [ RunTime:0.001760s ]
INFO: [ app_end ] --START--
INFO: Run Behavior\ShowPageTraceBehavior [ RunTime:0.003138s ]
INFO: [ app_end ] --END-- [ RunTime:0.003596s ]

[ 2015-05-06T10:28:52+08:00 ] 127.0.0.1 /qis/index.php/Admin/user/userdata
INFO: [ app_init ] --START--
INFO: Run Behavior\BuildLiteBehavior [ RunTime:0.000041s ]
INFO: [ app_init ] --END-- [ RunTime:0.001063s ]
INFO: [ app_begin ] --START--
INFO: Run Behavior\ReadHtmlCacheBehavior [ RunTime:0.001326s ]
INFO: [ app_begin ] --END-- [ RunTime:0.001516s ]
SQL: SHOW COLUMNS FROM `think_user` [ RunTime:0.009520s ]
SQL: SELECT * FROM `think_user`  [ RunTime:0.000990s ]
INFO: [ app_end ] --START--
INFO: Run Behavior\ShowPageTraceBehavior [ RunTime:0.001525s ]
INFO: [ app_end ] --END-- [ RunTime:0.001695s ]

[ 2015-05-06T10:32:18+08:00 ] 127.0.0.1 /qis/index.php/Admin/User/deleteGroup
INFO: [ app_init ] --START--
INFO: Run Behavior\BuildLiteBehavior [ RunTime:0.000046s ]
INFO: [ app_init ] --END-- [ RunTime:0.063179s ]
INFO: [ app_begin ] --START--
INFO: Run Behavior\ReadHtmlCacheBehavior [ RunTime:0.016846s ]
INFO: [ app_begin ] --END-- [ RunTime:0.017059s ]
SQL: SHOW COLUMNS FROM `think_auth_group` [ RunTime:0.012060s ]
SQL: DELETE FROM `think_auth_group` WHERE `id` = 52 [ RunTime:0.001023s ]

[ 2015-05-06T10:32:19+08:00 ] 127.0.0.1 /qis/index.php/Admin/user/userdata
INFO: [ app_init ] --START--
INFO: Run Behavior\BuildLiteBehavior [ RunTime:0.000046s ]
INFO: [ app_init ] --END-- [ RunTime:0.001908s ]
INFO: [ app_begin ] --START--
INFO: Run Behavior\ReadHtmlCacheBehavior [ RunTime:0.004521s ]
INFO: [ app_begin ] --END-- [ RunTime:0.004737s ]
SQL: SHOW COLUMNS FROM `think_user` [ RunTime:0.009513s ]
SQL: SELECT * FROM `think_user`  [ RunTime:0.001095s ]
INFO: [ app_end ] --START--
INFO: Run Behavior\ShowPageTraceBehavior [ RunTime:0.034383s ]
INFO: [ app_end ] --END-- [ RunTime:0.034537s ]

[ 2015-05-06T10:32:21+08:00 ] 127.0.0.1 /qis/index.php/Admin/User/adduser
INFO: [ app_init ] --START--
INFO: Run Behavior\BuildLiteBehavior [ RunTime:0.000038s ]
INFO: [ app_init ] --END-- [ RunTime:0.001752s ]
INFO: [ app_begin ] --START--
INFO: Run Behavior\ReadHtmlCacheBehavior [ RunTime:0.001190s ]
INFO: [ app_begin ] --END-- [ RunTime:0.001358s ]
SQL: SHOW COLUMNS FROM `think_user` [ RunTime:0.010034s ]
SQL: SELECT * FROM `think_user` WHERE `username` = 'fjp2031' LIMIT 1   [ RunTime:0.001003s ]

[ 2015-05-06T10:32:22+08:00 ] 127.0.0.1 /qis/index.php/Admin/user/userdata
INFO: [ app_init ] --START--
INFO: Run Behavior\BuildLiteBehavior [ RunTime:0.000047s ]
INFO: [ app_init ] --END-- [ RunTime:0.001170s ]
INFO: [ app_begin ] --START--
INFO: Run Behavior\ReadHtmlCacheBehavior [ RunTime:0.001383s ]
INFO: [ app_begin ] --END-- [ RunTime:0.001551s ]
SQL: SHOW COLUMNS FROM `think_user` [ RunTime:0.010582s ]
SQL: SELECT * FROM `think_user`  [ RunTime:0.000683s ]
INFO: [ app_end ] --START--
INFO: Run Behavior\ShowPageTraceBehavior [ RunTime:0.001579s ]
INFO: [ app_end ] --END-- [ RunTime:0.001748s ]

[ 2015-05-06T10:33:06+08:00 ] 127.0.0.1 /qis/index.php/Admin/User/adduser
INFO: [ app_init ] --START--
INFO: Run Behavior\BuildLiteBehavior [ RunTime:0.000043s ]
INFO: [ app_init ] --END-- [ RunTime:0.001102s ]
INFO: [ app_begin ] --START--
INFO: Run Behavior\ReadHtmlCacheBehavior [ RunTime:0.001338s ]
INFO: [ app_begin ] --END-- [ RunTime:0.001553s ]
SQL: SHOW COLUMNS FROM `think_user` [ RunTime:0.043509s ]
SQL: SELECT * FROM `think_user` WHERE `username` = 'fjp2031' LIMIT 1   [ RunTime:0.000909s ]
SQL: INSERT INTO `think_user` (`username`,`group_id`,`email`,`password`,`status`,`creattime`,`login_num`) VALUES ('fjp2031','1','fjp203@163.com','b077465609ade3c9c657f4f14c2381c3',1,'15-05-06 10:33:06',0) [ RunTime:0.167226s ]
INFO: [ app_end ] --START--
INFO: Run Behavior\ShowPageTraceBehavior [ RunTime:0.001626s ]
INFO: [ app_end ] --END-- [ RunTime:0.002117s ]

[ 2015-05-06T10:33:12+08:00 ] 127.0.0.1 /qis/index.php/Admin/User/adduser
INFO: [ app_init ] --START--
INFO: Run Behavior\BuildLiteBehavior [ RunTime:0.000040s ]
INFO: [ app_init ] --END-- [ RunTime:0.000941s ]
INFO: [ app_begin ] --START--
INFO: Run Behavior\ReadHtmlCacheBehavior [ RunTime:0.001243s ]
INFO: [ app_begin ] --END-- [ RunTime:0.001429s ]
SQL: SHOW COLUMNS FROM `think_user` [ RunTime:0.011705s ]
SQL: SELECT * FROM `think_user` WHERE `username` = 'fjp2031' LIMIT 1   [ RunTime:0.023900s ]

[ 2015-05-06T10:33:12+08:00 ] 127.0.0.1 /qis/index.php/Admin/user/userdata
INFO: [ app_init ] --START--
INFO: Run Behavior\BuildLiteBehavior [ RunTime:0.000051s ]
INFO: [ app_init ] --END-- [ RunTime:0.001265s ]
INFO: [ app_begin ] --START--
INFO: Run Behavior\ReadHtmlCacheBehavior [ RunTime:0.001393s ]
INFO: [ app_begin ] --END-- [ RunTime:0.001608s ]
SQL: SHOW COLUMNS FROM `think_user` [ RunTime:0.012876s ]
SQL: SELECT * FROM `think_user`  [ RunTime:0.000916s ]
INFO: [ app_end ] --START--
INFO: Run Behavior\ShowPageTraceBehavior [ RunTime:0.001661s ]
INFO: [ app_end ] --END-- [ RunTime:0.001901s ]

[ 2015-05-06T10:33:36+08:00 ] 127.0.0.1 /qis/index.php/Admin/Login/logout
INFO: [ app_init ] --START--
INFO: Run Behavior\BuildLiteBehavior [ RunTime:0.000049s ]
INFO: [ app_init ] --END-- [ RunTime:0.001282s ]
INFO: [ app_begin ] --START--
INFO: Run Behavior\ReadHtmlCacheBehavior [ RunTime:0.001348s ]
INFO: [ app_begin ] --END-- [ RunTime:0.001535s ]
INFO: [ view_parse ] --START--
INFO: [ template_filter ] --START--
INFO: Run Behavior\ContentReplaceBehavior [ RunTime:0.000092s ]
INFO: [ template_filter ] --END-- [ RunTime:0.000251s ]
INFO: Run Behavior\ParseTemplateBehavior [ RunTime:0.117499s ]
INFO: [ view_parse ] --END-- [ RunTime:0.117706s ]
INFO: [ view_filter ] --START--
INFO: Run Behavior\WriteHtmlCacheBehavior [ RunTime:0.034440s ]
INFO: [ view_filter ] --END-- [ RunTime:0.034614s ]
INFO: [ app_end ] --START--
INFO: Run Behavior\ShowPageTraceBehavior [ RunTime:0.002562s ]
INFO: [ app_end ] --END-- [ RunTime:0.002742s ]

[ 2015-05-06T10:33:49+08:00 ] 127.0.0.1 /qis/index.php/Admin/Login/checkLogin
INFO: [ app_init ] --START--
INFO: Run Behavior\BuildLiteBehavior [ RunTime:0.000038s ]
INFO: [ app_init ] --END-- [ RunTime:0.001206s ]
INFO: [ app_begin ] --START--
INFO: Run Behavior\ReadHtmlCacheBehavior [ RunTime:0.001249s ]
INFO: [ app_begin ] --END-- [ RunTime:0.001423s ]
SQL: SHOW COLUMNS FROM `think_user` [ RunTime:0.013419s ]
SQL: SELECT * FROM `think_user` WHERE `username` = 'fjp2031' LIMIT 1   [ RunTime:0.001031s ]
SQL: UPDATE `think_user` SET `login_ip`='127.0.0.1',`last_login_time`='15-05-06 10:33:49' WHERE `id` = 53 [ RunTime:0.000815s ]
SQL: UPDATE `think_user` SET `login_num`=login_num+1 WHERE `id` = 53 [ RunTime:0.001256s ]
INFO: [ view_parse ] --START--
INFO: [ template_filter ] --START--
INFO: Run Behavior\ContentReplaceBehavior [ RunTime:0.000091s ]
INFO: [ template_filter ] --END-- [ RunTime:0.000233s ]
INFO: Run Behavior\ParseTemplateBehavior [ RunTime:0.016845s ]
INFO: [ view_parse ] --END-- [ RunTime:0.017030s ]
INFO: [ view_filter ] --START--
INFO: Run Behavior\WriteHtmlCacheBehavior [ RunTime:0.001022s ]
INFO: [ view_filter ] --END-- [ RunTime:0.001174s ]
INFO: [ app_end ] --START--
INFO: Run Behavior\ShowPageTraceBehavior [ RunTime:0.001307s ]
INFO: [ app_end ] --END-- [ RunTime:0.001456s ]

[ 2015-05-06T10:33:53+08:00 ] 127.0.0.1 /qis/index.php/Admin/User/user?_=1430879633163
INFO: [ app_init ] --START--
INFO: Run Behavior\BuildLiteBehavior [ RunTime:0.000042s ]
INFO: [ app_init ] --END-- [ RunTime:0.001054s ]
INFO: [ app_begin ] --START--
INFO: Run Behavior\ReadHtmlCacheBehavior [ RunTime:0.003203s ]
INFO: [ app_begin ] --END-- [ RunTime:0.003534s ]
SQL: SHOW COLUMNS FROM `think_auth_group` [ RunTime:0.011216s ]
SQL: SELECT * FROM `think_auth_group`  [ RunTime:0.010526s ]
INFO: [ view_parse ] --START--
INFO: [ template_filter ] --START--
INFO: Run Behavior\ContentReplaceBehavior [ RunTime:0.000446s ]
INFO: [ template_filter ] --END-- [ RunTime:0.000643s ]
NOTIC: [8] Use of undefined constant GROUP_NAME - assumed 'GROUP_NAME' E:\xampp\htdocs\QIS\Application\Runtime\Cache\Admin\2a29f2db7e5d066ba9b42bfd58f48adc.php 第 3 行.
INFO: Run Behavior\ParseTemplateBehavior [ RunTime:0.063772s ]
INFO: [ view_parse ] --END-- [ RunTime:0.063939s ]
INFO: [ view_filter ] --START--
INFO: Run Behavior\WriteHtmlCacheBehavior [ RunTime:0.001755s ]
INFO: [ view_filter ] --END-- [ RunTime:0.001937s ]
INFO: [ app_end ] --START--
INFO: Run Behavior\ShowPageTraceBehavior [ RunTime:0.002348s ]
INFO: [ app_end ] --END-- [ RunTime:0.002584s ]

[ 2015-05-06T10:33:53+08:00 ] 127.0.0.1 /qis/index.php/Admin/user/userdata
INFO: [ app_init ] --START--
INFO: Run Behavior\BuildLiteBehavior [ RunTime:0.000041s ]
INFO: [ app_init ] --END-- [ RunTime:0.002168s ]
INFO: [ app_begin ] --START--
INFO: Run Behavior\ReadHtmlCacheBehavior [ RunTime:0.001188s ]
INFO: [ app_begin ] --END-- [ RunTime:0.001346s ]
SQL: SHOW COLUMNS FROM `think_user` [ RunTime:0.011765s ]
SQL: SELECT * FROM `think_user`  [ RunTime:0.000914s ]
INFO: [ app_end ] --START--
INFO: Run Behavior\ShowPageTraceBehavior [ RunTime:0.001354s ]
INFO: [ app_end ] --END-- [ RunTime:0.001535s ]

[ 2015-05-06T10:36:50+08:00 ] 127.0.0.1 /qis/index.php/Admin/User/user?_=1430879809764
INFO: [ app_init ] --START--
INFO: Run Behavior\BuildLiteBehavior [ RunTime:0.000047s ]
INFO: [ app_init ] --END-- [ RunTime:0.001300s ]
INFO: [ app_begin ] --START--
INFO: Run Behavior\ReadHtmlCacheBehavior [ RunTime:0.001648s ]
INFO: [ app_begin ] --END-- [ RunTime:0.001864s ]
SQL: SHOW COLUMNS FROM `think_auth_group` [ RunTime:0.008432s ]
SQL: SELECT * FROM `think_auth_group`  [ RunTime:0.000837s ]
INFO: [ view_parse ] --START--
INFO: [ template_filter ] --START--
INFO: Run Behavior\ContentReplaceBehavior [ RunTime:0.000446s ]
INFO: [ template_filter ] --END-- [ RunTime:0.000626s ]
NOTIC: [8] Use of undefined constant GROUP_NAME - assumed 'GROUP_NAME' E:\xampp\htdocs\QIS\Application\Runtime\Cache\Admin\2a29f2db7e5d066ba9b42bfd58f48adc.php 第 3 行.
INFO: Run Behavior\ParseTemplateBehavior [ RunTime:0.035294s ]
INFO: [ view_parse ] --END-- [ RunTime:0.035463s ]
INFO: [ view_filter ] --START--
INFO: Run Behavior\WriteHtmlCacheBehavior [ RunTime:0.001169s ]
INFO: [ view_filter ] --END-- [ RunTime:0.001345s ]
INFO: [ app_end ] --START--
INFO: Run Behavior\ShowPageTraceBehavior [ RunTime:0.002470s ]
INFO: [ app_end ] --END-- [ RunTime:0.002682s ]

[ 2015-05-06T10:36:52+08:00 ] 127.0.0.1 /qis/index.php/Admin/user/userdata
INFO: [ app_init ] --START--
INFO: Run Behavior\BuildLiteBehavior [ RunTime:0.003315s ]
INFO: [ app_init ] --END-- [ RunTime:0.023206s ]
INFO: [ app_begin ] --START--
INFO: Run Behavior\ReadHtmlCacheBehavior [ RunTime:0.012335s ]
INFO: [ app_begin ] --END-- [ RunTime:0.012840s ]
SQL: SHOW COLUMNS FROM `think_user` [ RunTime:0.011925s ]
SQL: SELECT * FROM `think_user`  [ RunTime:0.000826s ]
INFO: [ app_end ] --START--
INFO: Run Behavior\ShowPageTraceBehavior [ RunTime:0.001498s ]
INFO: [ app_end ] --END-- [ RunTime:0.001668s ]

[ 2015-05-06T10:38:13+08:00 ] 127.0.0.1 /qis/index.php/Admin/User/user?_=1430879893483
INFO: [ app_init ] --START--
INFO: Run Behavior\BuildLiteBehavior [ RunTime:0.000048s ]
INFO: [ app_init ] --END-- [ RunTime:0.001225s ]
INFO: [ app_begin ] --START--
INFO: Run Behavior\ReadHtmlCacheBehavior [ RunTime:0.002415s ]
INFO: [ app_begin ] --END-- [ RunTime:0.002719s ]
SQL: SHOW COLUMNS FROM `think_auth_group` [ RunTime:0.012470s ]
SQL: SELECT * FROM `think_auth_group`  [ RunTime:0.004242s ]
INFO: [ view_parse ] --START--
INFO: [ template_filter ] --START--
INFO: Run Behavior\ContentReplaceBehavior [ RunTime:0.000306s ]
INFO: [ template_filter ] --END-- [ RunTime:0.000471s ]
NOTIC: [8] Use of undefined constant GROUP_NAME - assumed 'GROUP_NAME' E:\xampp\htdocs\QIS\Application\Runtime\Cache\Admin\2a29f2db7e5d066ba9b42bfd58f48adc.php 第 3 行.
INFO: Run Behavior\ParseTemplateBehavior [ RunTime:0.033092s ]
INFO: [ view_parse ] --END-- [ RunTime:0.033268s ]
INFO: [ view_filter ] --START--
INFO: Run Behavior\WriteHtmlCacheBehavior [ RunTime:0.000957s ]
INFO: [ view_filter ] --END-- [ RunTime:0.001112s ]
INFO: [ app_end ] --START--
INFO: Run Behavior\ShowPageTraceBehavior [ RunTime:0.002188s ]
INFO: [ app_end ] --END-- [ RunTime:0.002401s ]

[ 2015-05-06T10:38:14+08:00 ] 127.0.0.1 /qis/index.php/Admin/user/userdata
INFO: [ app_init ] --START--
INFO: Run Behavior\BuildLiteBehavior [ RunTime:0.000044s ]
INFO: [ app_init ] --END-- [ RunTime:0.001234s ]
INFO: [ app_begin ] --START--
INFO: Run Behavior\ReadHtmlCacheBehavior [ RunTime:0.001435s ]
INFO: [ app_begin ] --END-- [ RunTime:0.001632s ]
SQL: SHOW COLUMNS FROM `think_user` [ RunTime:0.012026s ]
SQL: SELECT * FROM `think_user`  [ RunTime:0.000895s ]
INFO: [ app_end ] --START--
INFO: Run Behavior\ShowPageTraceBehavior [ RunTime:0.001719s ]
INFO: [ app_end ] --END-- [ RunTime:0.001925s ]

[ 2015-05-06T10:38:48+08:00 ] 127.0.0.1 /qis/index.php/Admin/User/adduser
INFO: [ app_init ] --START--
INFO: Run Behavior\BuildLiteBehavior [ RunTime:0.000039s ]
INFO: [ app_init ] --END-- [ RunTime:0.001072s ]
INFO: [ app_begin ] --START--
INFO: Run Behavior\ReadHtmlCacheBehavior [ RunTime:0.001467s ]
INFO: [ app_begin ] --END-- [ RunTime:0.001654s ]
SQL: SHOW COLUMNS FROM `think_user` [ RunTime:0.009538s ]
SQL: SELECT * FROM `think_user` WHERE `username` = 'fjp2032' LIMIT 1   [ RunTime:0.001091s ]
SQL: INSERT INTO `think_user` (`username`,`group_id`,`email`,`password`,`status`,`creattime`,`login_num`) VALUES ('fjp2032','3','fjp203@163.com','b077465609ade3c9c657f4f14c2381c3',1,'15-05-06 10:38:48',0) [ RunTime:0.073490s ]
INFO: [ app_end ] --START--
INFO: Run Behavior\ShowPageTraceBehavior [ RunTime:0.001927s ]
INFO: [ app_end ] --END-- [ RunTime:0.002076s ]

[ 2015-05-06T10:38:53+08:00 ] 127.0.0.1 /qis/index.php/Admin/user/userdata
INFO: [ app_init ] --START--
INFO: Run Behavior\BuildLiteBehavior [ RunTime:0.000038s ]
INFO: [ app_init ] --END-- [ RunTime:0.000985s ]
INFO: [ app_begin ] --START--
INFO: Run Behavior\ReadHtmlCacheBehavior [ RunTime:0.001793s ]
INFO: [ app_begin ] --END-- [ RunTime:0.002069s ]
SQL: SHOW COLUMNS FROM `think_user` [ RunTime:0.015227s ]
SQL: SELECT * FROM `think_user`  [ RunTime:0.001002s ]
INFO: [ app_end ] --START--
INFO: Run Behavior\ShowPageTraceBehavior [ RunTime:0.001937s ]
INFO: [ app_end ] --END-- [ RunTime:0.002119s ]

[ 2015-05-06T10:40:18+08:00 ] 127.0.0.1 /qis/index.php/Admin/User/user?_=1430880018100
INFO: [ app_init ] --START--
INFO: Run Behavior\BuildLiteBehavior [ RunTime:0.000039s ]
INFO: [ app_init ] --END-- [ RunTime:0.001514s ]
INFO: [ app_begin ] --START--
INFO: Run Behavior\ReadHtmlCacheBehavior [ RunTime:0.001267s ]
INFO: [ app_begin ] --END-- [ RunTime:0.001421s ]
SQL: SHOW COLUMNS FROM `think_auth_group` [ RunTime:0.010745s ]
SQL: SELECT * FROM `think_auth_group`  [ RunTime:0.000863s ]
INFO: [ view_parse ] --START--
INFO: [ template_filter ] --START--
INFO: Run Behavior\ContentReplaceBehavior [ RunTime:0.000306s ]
INFO: [ template_filter ] --END-- [ RunTime:0.000470s ]
NOTIC: [8] Use of undefined constant GROUP_NAME - assumed 'GROUP_NAME' E:\xampp\htdocs\QIS\Application\Runtime\Cache\Admin\2a29f2db7e5d066ba9b42bfd58f48adc.php 第 3 行.
INFO: Run Behavior\ParseTemplateBehavior [ RunTime:0.031840s ]
INFO: [ view_parse ] --END-- [ RunTime:0.031969s ]
INFO: [ view_filter ] --START--
INFO: Run Behavior\WriteHtmlCacheBehavior [ RunTime:0.000733s ]
INFO: [ view_filter ] --END-- [ RunTime:0.000857s ]
INFO: [ app_end ] --START--
INFO: Run Behavior\ShowPageTraceBehavior [ RunTime:0.002219s ]
INFO: [ app_end ] --END-- [ RunTime:0.002445s ]

[ 2015-05-06T10:40:18+08:00 ] 127.0.0.1 /qis/index.php/Admin/user/userdata
INFO: [ app_init ] --START--
INFO: Run Behavior\BuildLiteBehavior [ RunTime:0.000053s ]
INFO: [ app_init ] --END-- [ RunTime:0.001499s ]
INFO: [ app_begin ] --START--
INFO: Run Behavior\ReadHtmlCacheBehavior [ RunTime:0.001317s ]
INFO: [ app_begin ] --END-- [ RunTime:0.001508s ]
SQL: SHOW COLUMNS FROM `think_user` [ RunTime:0.014703s ]
SQL: SELECT * FROM `think_user`  [ RunTime:0.000844s ]
INFO: [ app_end ] --START--
INFO: Run Behavior\ShowPageTraceBehavior [ RunTime:0.001469s ]
INFO: [ app_end ] --END-- [ RunTime:0.001653s ]

[ 2015-05-06T10:40:32+08:00 ] 127.0.0.1 /qis/index.php/Admin/User/adduser
INFO: [ app_init ] --START--
INFO: Run Behavior\BuildLiteBehavior [ RunTime:0.000037s ]
INFO: [ app_init ] --END-- [ RunTime:0.001048s ]
INFO: [ app_begin ] --START--
INFO: Run Behavior\ReadHtmlCacheBehavior [ RunTime:0.001486s ]
INFO: [ app_begin ] --END-- [ RunTime:0.001678s ]
SQL: SHOW COLUMNS FROM `think_user` [ RunTime:0.009901s ]
SQL: SELECT * FROM `think_user` WHERE `username` = 'fjp203223' LIMIT 1   [ RunTime:0.001083s ]
SQL: INSERT INTO `think_user` (`username`,`group_id`,`email`,`password`,`status`,`creattime`,`login_num`) VALUES ('fjp203223','2','fjp203@163.com','b077465609ade3c9c657f4f14c2381c3',1,'15-05-06 10:40:32',0) [ RunTime:0.000558s ]
INFO: [ view_parse ] --START--
INFO: [ template_filter ] --START--
INFO: Run Behavior\ContentReplaceBehavior [ RunTime:0.000339s ]
INFO: [ template_filter ] --END-- [ RunTime:0.000535s ]
INFO: Run Behavior\ParseTemplateBehavior [ RunTime:0.017281s ]
INFO: [ view_parse ] --END-- [ RunTime:0.017589s ]
INFO: [ view_filter ] --START--
INFO: Run Behavior\WriteHtmlCacheBehavior [ RunTime:0.001020s ]
INFO: [ view_filter ] --END-- [ RunTime:0.001166s ]
INFO: [ app_end ] --START--
INFO: Run Behavior\ShowPageTraceBehavior [ RunTime:0.001983s ]
INFO: [ app_end ] --END-- [ RunTime:0.002139s ]

[ 2015-05-06T10:40:32+08:00 ] 127.0.0.1 /qis/index.php/Admin/user/userdata
INFO: [ app_init ] --START--
INFO: Run Behavior\BuildLiteBehavior [ RunTime:0.000038s ]
INFO: [ app_init ] --END-- [ RunTime:0.001219s ]
INFO: [ app_begin ] --START--
INFO: Run Behavior\ReadHtmlCacheBehavior [ RunTime:0.001676s ]
INFO: [ app_begin ] --END-- [ RunTime:0.001924s ]
SQL: SHOW COLUMNS FROM `think_user` [ RunTime:0.024237s ]
SQL: SELECT * FROM `think_user`  [ RunTime:0.001005s ]
INFO: [ app_end ] --START--
INFO: Run Behavior\ShowPageTraceBehavior [ RunTime:0.001525s ]
INFO: [ app_end ] --END-- [ RunTime:0.001706s ]

[ 2015-05-06T10:40:37+08:00 ] 127.0.0.1 /qis/index.php/Admin/User/user?_=1430880037669
INFO: [ app_init ] --START--
INFO: Run Behavior\BuildLiteBehavior [ RunTime:0.000039s ]
INFO: [ app_init ] --END-- [ RunTime:0.000973s ]
INFO: [ app_begin ] --START--
INFO: Run Behavior\ReadHtmlCacheBehavior [ RunTime:0.001563s ]
INFO: [ app_begin ] --END-- [ RunTime:0.001973s ]
SQL: SHOW COLUMNS FROM `think_auth_group` [ RunTime:0.015040s ]
SQL: SELECT * FROM `think_auth_group`  [ RunTime:0.000889s ]
INFO: [ view_parse ] --START--
INFO: [ template_filter ] --START--
INFO: Run Behavior\ContentReplaceBehavior [ RunTime:0.000282s ]
INFO: [ template_filter ] --END-- [ RunTime:0.000412s ]
NOTIC: [8] Use of undefined constant GROUP_NAME - assumed 'GROUP_NAME' E:\xampp\htdocs\QIS\Application\Runtime\Cache\Admin\2a29f2db7e5d066ba9b42bfd58f48adc.php 第 3 行.
INFO: Run Behavior\ParseTemplateBehavior [ RunTime:0.030100s ]
INFO: [ view_parse ] --END-- [ RunTime:0.030424s ]
INFO: [ view_filter ] --START--
INFO: Run Behavior\WriteHtmlCacheBehavior [ RunTime:0.001179s ]
INFO: [ view_filter ] --END-- [ RunTime:0.001327s ]
INFO: [ app_end ] --START--
INFO: Run Behavior\ShowPageTraceBehavior [ RunTime:0.004640s ]
INFO: [ app_end ] --END-- [ RunTime:0.004870s ]

[ 2015-05-06T10:40:38+08:00 ] 127.0.0.1 /qis/index.php/Admin/user/userdata
INFO: [ app_init ] --START--
INFO: Run Behavior\BuildLiteBehavior [ RunTime:0.000047s ]
INFO: [ app_init ] --END-- [ RunTime:0.001172s ]
INFO: [ app_begin ] --START--
INFO: Run Behavior\ReadHtmlCacheBehavior [ RunTime:0.001350s ]
INFO: [ app_begin ] --END-- [ RunTime:0.001545s ]
SQL: SHOW COLUMNS FROM `think_user` [ RunTime:0.017084s ]
SQL: SELECT * FROM `think_user`  [ RunTime:0.000850s ]
INFO: [ app_end ] --START--
INFO: Run Behavior\ShowPageTraceBehavior [ RunTime:0.001832s ]
INFO: [ app_end ] --END-- [ RunTime:0.002016s ]

[ 2015-05-06T10:41:07+08:00 ] 127.0.0.1 /qis/index.php/Admin/User/user?_=1430880066981
INFO: [ app_init ] --START--
INFO: Run Behavior\BuildLiteBehavior [ RunTime:0.000038s ]
INFO: [ app_init ] --END-- [ RunTime:0.000904s ]
INFO: [ app_begin ] --START--
INFO: Run Behavior\ReadHtmlCacheBehavior [ RunTime:0.009852s ]
INFO: [ app_begin ] --END-- [ RunTime:0.010261s ]
SQL: SHOW COLUMNS FROM `think_auth_group` [ RunTime:0.010436s ]
SQL: SELECT * FROM `think_auth_group`  [ RunTime:0.001007s ]
INFO: [ view_parse ] --START--
INFO: [ template_filter ] --START--
INFO: Run Behavior\ContentReplaceBehavior [ RunTime:0.000307s ]
INFO: [ template_filter ] --END-- [ RunTime:0.000466s ]
NOTIC: [8] Use of undefined constant GROUP_NAME - assumed 'GROUP_NAME' E:\xampp\htdocs\QIS\Application\Runtime\Cache\Admin\2a29f2db7e5d066ba9b42bfd58f48adc.php 第 3 行.
INFO: Run Behavior\ParseTemplateBehavior [ RunTime:0.029550s ]
INFO: [ view_parse ] --END-- [ RunTime:0.029757s ]
INFO: [ view_filter ] --START--
INFO: Run Behavior\WriteHtmlCacheBehavior [ RunTime:0.001610s ]
INFO: [ view_filter ] --END-- [ RunTime:0.001800s ]
INFO: [ app_end ] --START--
INFO: Run Behavior\ShowPageTraceBehavior [ RunTime:0.001658s ]
INFO: [ app_end ] --END-- [ RunTime:0.002078s ]

[ 2015-05-06T10:41:07+08:00 ] 127.0.0.1 /qis/index.php/Admin/user/userdata
INFO: [ app_init ] --START--
INFO: Run Behavior\BuildLiteBehavior [ RunTime:0.000038s ]
INFO: [ app_init ] --END-- [ RunTime:0.001008s ]
INFO: [ app_begin ] --START--
INFO: Run Behavior\ReadHtmlCacheBehavior [ RunTime:0.001618s ]
INFO: [ app_begin ] --END-- [ RunTime:0.001824s ]
SQL: SHOW COLUMNS FROM `think_user` [ RunTime:0.020401s ]
SQL: SELECT * FROM `think_user`  [ RunTime:0.002017s ]
INFO: [ app_end ] --START--
INFO: Run Behavior\ShowPageTraceBehavior [ RunTime:0.001375s ]
INFO: [ app_end ] --END-- [ RunTime:0.001521s ]

[ 2015-05-06T10:41:20+08:00 ] 127.0.0.1 /qis/index.php/Admin/User/adduser
INFO: [ app_init ] --START--
INFO: Run Behavior\BuildLiteBehavior [ RunTime:0.000043s ]
INFO: [ app_init ] --END-- [ RunTime:0.001108s ]
INFO: [ app_begin ] --START--
INFO: Run Behavior\ReadHtmlCacheBehavior [ RunTime:0.001607s ]
INFO: [ app_begin ] --END-- [ RunTime:0.001808s ]
SQL: SHOW COLUMNS FROM `think_user` [ RunTime:0.011767s ]
SQL: SELECT * FROM `think_user` WHERE `username` = 'fjp203231' LIMIT 1   [ RunTime:0.000908s ]
SQL: INSERT INTO `think_user` (`username`,`group_id`,`email`,`password`,`status`,`creattime`,`login_num`) VALUES ('fjp203231','1','fjp203@163.com','b077465609ade3c9c657f4f14c2381c3',1,'15-05-06 10:41:20',0) [ RunTime:0.001201s ]
INFO: [ view_parse ] --START--
INFO: Run Behavior\ParseTemplateBehavior [ RunTime:0.056570s ]
INFO: [ view_parse ] --END-- [ RunTime:0.056734s ]
INFO: [ view_filter ] --START--
INFO: Run Behavior\WriteHtmlCacheBehavior [ RunTime:0.001108s ]
INFO: [ view_filter ] --END-- [ RunTime:0.001363s ]
INFO: [ app_end ] --START--
INFO: Run Behavior\ShowPageTraceBehavior [ RunTime:0.001600s ]
INFO: [ app_end ] --END-- [ RunTime:0.001754s ]

[ 2015-05-06T10:41:20+08:00 ] 127.0.0.1 /qis/index.php/Admin/user/userdata
INFO: [ app_init ] --START--
INFO: Run Behavior\BuildLiteBehavior [ RunTime:0.000038s ]
INFO: [ app_init ] --END-- [ RunTime:0.000967s ]
INFO: [ app_begin ] --START--
INFO: Run Behavior\ReadHtmlCacheBehavior [ RunTime:0.001704s ]
INFO: [ app_begin ] --END-- [ RunTime:0.001885s ]
SQL: SHOW COLUMNS FROM `think_user` [ RunTime:0.011808s ]
SQL: SELECT * FROM `think_user`  [ RunTime:0.001086s ]
INFO: [ app_end ] --START--
INFO: Run Behavior\ShowPageTraceBehavior [ RunTime:0.001605s ]
INFO: [ app_end ] --END-- [ RunTime:0.001819s ]

[ 2015-05-06T10:46:53+08:00 ] 127.0.0.1 /qis/index.php/Admin/User/user?_=1430880413564
INFO: [ app_init ] --START--
INFO: Run Behavior\BuildLiteBehavior [ RunTime:0.000098s ]
INFO: [ app_init ] --END-- [ RunTime:0.002306s ]
INFO: [ app_begin ] --START--
INFO: Run Behavior\ReadHtmlCacheBehavior [ RunTime:0.003095s ]
INFO: [ app_begin ] --END-- [ RunTime:0.003312s ]
SQL: SHOW COLUMNS FROM `think_auth_group` [ RunTime:0.009762s ]
SQL: SELECT * FROM `think_auth_group`  [ RunTime:0.000845s ]
INFO: [ view_parse ] --START--
INFO: [ template_filter ] --START--
INFO: Run Behavior\ContentReplaceBehavior [ RunTime:0.000349s ]
INFO: [ template_filter ] --END-- [ RunTime:0.000516s ]
NOTIC: [8] Use of undefined constant GROUP_NAME - assumed 'GROUP_NAME' E:\xampp\htdocs\QIS\Application\Runtime\Cache\Admin\2a29f2db7e5d066ba9b42bfd58f48adc.php 第 3 行.
INFO: Run Behavior\ParseTemplateBehavior [ RunTime:0.029102s ]
INFO: [ view_parse ] --END-- [ RunTime:0.029250s ]
INFO: [ view_filter ] --START--
INFO: Run Behavior\WriteHtmlCacheBehavior [ RunTime:0.000757s ]
INFO: [ view_filter ] --END-- [ RunTime:0.000880s ]
INFO: [ app_end ] --START--
INFO: Run Behavior\ShowPageTraceBehavior [ RunTime:0.002339s ]
INFO: [ app_end ] --END-- [ RunTime:0.002562s ]

[ 2015-05-06T10:47:09+08:00 ] 127.0.0.1 /qis/index.php/Admin/User/user?_=1430880429351
INFO: [ app_init ] --START--
INFO: Run Behavior\BuildLiteBehavior [ RunTime:0.000067s ]
INFO: [ app_init ] --END-- [ RunTime:0.001598s ]
INFO: [ app_begin ] --START--
INFO: Run Behavior\ReadHtmlCacheBehavior [ RunTime:0.001179s ]
INFO: [ app_begin ] --END-- [ RunTime:0.001332s ]
SQL: SHOW COLUMNS FROM `think_auth_group` [ RunTime:0.009064s ]
SQL: SELECT * FROM `think_auth_group`  [ RunTime:0.000764s ]
INFO: [ view_parse ] --START--
INFO: [ template_filter ] --START--
INFO: Run Behavior\ContentReplaceBehavior [ RunTime:0.000300s ]
INFO: [ template_filter ] --END-- [ RunTime:0.000444s ]
NOTIC: [8] Use of undefined constant GROUP_NAME - assumed 'GROUP_NAME' E:\xampp\htdocs\QIS\Application\Runtime\Cache\Admin\2a29f2db7e5d066ba9b42bfd58f48adc.php 第 3 行.
INFO: Run Behavior\ParseTemplateBehavior [ RunTime:0.029954s ]
INFO: [ view_parse ] --END-- [ RunTime:0.030108s ]
INFO: [ view_filter ] --START--
INFO: Run Behavior\WriteHtmlCacheBehavior [ RunTime:0.000764s ]
INFO: [ view_filter ] --END-- [ RunTime:0.000890s ]
INFO: [ app_end ] --START--
INFO: Run Behavior\ShowPageTraceBehavior [ RunTime:0.002267s ]
INFO: [ app_end ] --END-- [ RunTime:0.002501s ]

[ 2015-05-06T10:47:10+08:00 ] 127.0.0.1 /qis/index.php/Admin/user/userdata
INFO: [ app_init ] --START--
INFO: Run Behavior\BuildLiteBehavior [ RunTime:0.000046s ]
INFO: [ app_init ] --END-- [ RunTime:0.001276s ]
INFO: [ app_begin ] --START--
INFO: Run Behavior\ReadHtmlCacheBehavior [ RunTime:0.001458s ]
INFO: [ app_begin ] --END-- [ RunTime:0.001666s ]
SQL: SHOW COLUMNS FROM `think_user` [ RunTime:0.008369s ]
SQL: SELECT * FROM `think_user`  [ RunTime:0.000870s ]
INFO: [ app_end ] --START--
INFO: Run Behavior\ShowPageTraceBehavior [ RunTime:0.001562s ]
INFO: [ app_end ] --END-- [ RunTime:0.001731s ]

[ 2015-05-06T10:47:29+08:00 ] 127.0.0.1 /qis/index.php/Admin/User/user?_=1430880449288
INFO: [ app_init ] --START--
INFO: Run Behavior\BuildLiteBehavior [ RunTime:0.000038s ]
INFO: [ app_init ] --END-- [ RunTime:0.001467s ]
INFO: [ app_begin ] --START--
INFO: Run Behavior\ReadHtmlCacheBehavior [ RunTime:0.001601s ]
INFO: [ app_begin ] --END-- [ RunTime:0.002162s ]
SQL: SHOW COLUMNS FROM `think_auth_group` [ RunTime:0.008994s ]
SQL: SELECT * FROM `think_auth_group`  [ RunTime:0.000718s ]
INFO: [ view_parse ] --START--
INFO: [ template_filter ] --START--
INFO: Run Behavior\ContentReplaceBehavior [ RunTime:0.000309s ]
INFO: [ template_filter ] --END-- [ RunTime:0.000479s ]
NOTIC: [8] Use of undefined constant GROUP_NAME - assumed 'GROUP_NAME' E:\xampp\htdocs\QIS\Application\Runtime\Cache\Admin\2a29f2db7e5d066ba9b42bfd58f48adc.php 第 3 行.
INFO: Run Behavior\ParseTemplateBehavior [ RunTime:0.031239s ]
INFO: [ view_parse ] --END-- [ RunTime:0.031383s ]
INFO: [ view_filter ] --START--
INFO: Run Behavior\WriteHtmlCacheBehavior [ RunTime:0.000870s ]
INFO: [ view_filter ] --END-- [ RunTime:0.001025s ]
INFO: [ app_end ] --START--
INFO: Run Behavior\ShowPageTraceBehavior [ RunTime:0.002451s ]
INFO: [ app_end ] --END-- [ RunTime:0.002761s ]

[ 2015-05-06T10:47:30+08:00 ] 127.0.0.1 /qis/index.php/Admin/user/userdata
INFO: [ app_init ] --START--
INFO: Run Behavior\BuildLiteBehavior [ RunTime:0.000045s ]
INFO: [ app_init ] --END-- [ RunTime:0.013722s ]
INFO: [ app_begin ] --START--
INFO: Run Behavior\ReadHtmlCacheBehavior [ RunTime:0.001440s ]
INFO: [ app_begin ] --END-- [ RunTime:0.001657s ]
SQL: SHOW COLUMNS FROM `think_user` [ RunTime:0.010629s ]
SQL: SELECT * FROM `think_user`  [ RunTime:0.000878s ]
INFO: [ app_end ] --START--
INFO: Run Behavior\ShowPageTraceBehavior [ RunTime:0.001605s ]
INFO: [ app_end ] --END-- [ RunTime:0.001784s ]

[ 2015-05-06T10:47:58+08:00 ] 127.0.0.1 /qis/index.php/Admin/User/user?_=1430880477972
INFO: [ app_init ] --START--
INFO: Run Behavior\BuildLiteBehavior [ RunTime:0.000046s ]
INFO: [ app_init ] --END-- [ RunTime:0.001183s ]
INFO: [ app_begin ] --START--
INFO: Run Behavior\ReadHtmlCacheBehavior [ RunTime:0.001513s ]
INFO: [ app_begin ] --END-- [ RunTime:0.001726s ]
SQL: SHOW COLUMNS FROM `think_auth_group` [ RunTime:0.013216s ]
SQL: SELECT * FROM `think_auth_group`  [ RunTime:0.001053s ]
INFO: [ view_parse ] --START--
INFO: [ template_filter ] --START--
INFO: Run Behavior\ContentReplaceBehavior [ RunTime:0.000341s ]
INFO: [ template_filter ] --END-- [ RunTime:0.000546s ]
NOTIC: [8] Use of undefined constant GROUP_NAME - assumed 'GROUP_NAME' E:\xampp\htdocs\QIS\Application\Runtime\Cache\Admin\2a29f2db7e5d066ba9b42bfd58f48adc.php 第 3 行.
INFO: Run Behavior\ParseTemplateBehavior [ RunTime:0.036818s ]
INFO: [ view_parse ] --END-- [ RunTime:0.037568s ]
INFO: [ view_filter ] --START--
INFO: Run Behavior\WriteHtmlCacheBehavior [ RunTime:0.001200s ]
INFO: [ view_filter ] --END-- [ RunTime:0.001387s ]
INFO: [ app_end ] --START--
INFO: Run Behavior\ShowPageTraceBehavior [ RunTime:0.002463s ]
INFO: [ app_end ] --END-- [ RunTime:0.002727s ]

[ 2015-05-06T10:47:58+08:00 ] 127.0.0.1 /qis/index.php/Admin/user/userdata
INFO: [ app_init ] --START--
INFO: Run Behavior\BuildLiteBehavior [ RunTime:0.000047s ]
INFO: [ app_init ] --END-- [ RunTime:0.001210s ]
INFO: [ app_begin ] --START--
INFO: Run Behavior\ReadHtmlCacheBehavior [ RunTime:0.001430s ]
INFO: [ app_begin ] --END-- [ RunTime:0.001641s ]
SQL: SHOW COLUMNS FROM `think_user` [ RunTime:0.019302s ]
SQL: SELECT * FROM `think_user`  [ RunTime:0.000991s ]
INFO: [ app_end ] --START--
INFO: Run Behavior\ShowPageTraceBehavior [ RunTime:0.001533s ]
INFO: [ app_end ] --END-- [ RunTime:0.001712s ]

[ 2015-05-06T10:48:18+08:00 ] 127.0.0.1 /qis/index.php/Admin/User/user?_=1430880497987
INFO: [ app_init ] --START--
INFO: Run Behavior\BuildLiteBehavior [ RunTime:0.000042s ]
INFO: [ app_init ] --END-- [ RunTime:0.001171s ]
INFO: [ app_begin ] --START--
INFO: Run Behavior\ReadHtmlCacheBehavior [ RunTime:0.002287s ]
INFO: [ app_begin ] --END-- [ RunTime:0.002562s ]
SQL: SHOW COLUMNS FROM `think_auth_group` [ RunTime:0.009194s ]
SQL: SELECT * FROM `think_auth_group`  [ RunTime:0.000675s ]
INFO: [ view_parse ] --START--
INFO: [ template_filter ] --START--
INFO: Run Behavior\ContentReplaceBehavior [ RunTime:0.000345s ]
INFO: [ template_filter ] --END-- [ RunTime:0.000564s ]
NOTIC: [8] Use of undefined constant GROUP_NAME - assumed 'GROUP_NAME' E:\xampp\htdocs\QIS\Application\Runtime\Cache\Admin\2a29f2db7e5d066ba9b42bfd58f48adc.php 第 3 行.
INFO: Run Behavior\ParseTemplateBehavior [ RunTime:0.031367s ]
INFO: [ view_parse ] --END-- [ RunTime:0.031502s ]
INFO: [ view_filter ] --START--
INFO: Run Behavior\WriteHtmlCacheBehavior [ RunTime:0.000929s ]
INFO: [ view_filter ] --END-- [ RunTime:0.001108s ]
INFO: [ app_end ] --START--
INFO: Run Behavior\ShowPageTraceBehavior [ RunTime:0.002719s ]
INFO: [ app_end ] --END-- [ RunTime:0.002934s ]

[ 2015-05-06T10:48:18+08:00 ] 127.0.0.1 /qis/index.php/Admin/user/userdata
INFO: [ app_init ] --START--
INFO: Run Behavior\BuildLiteBehavior [ RunTime:0.000045s ]
INFO: [ app_init ] --END-- [ RunTime:0.001168s ]
INFO: [ app_begin ] --START--
INFO: Run Behavior\ReadHtmlCacheBehavior [ RunTime:0.001390s ]
INFO: [ app_begin ] --END-- [ RunTime:0.001604s ]
SQL: SHOW COLUMNS FROM `think_user` [ RunTime:0.011544s ]
SQL: SELECT * FROM `think_user`  [ RunTime:0.001188s ]
INFO: [ app_end ] --START--
INFO: Run Behavior\ShowPageTraceBehavior [ RunTime:0.001655s ]
INFO: [ app_end ] --END-- [ RunTime:0.001838s ]

[ 2015-05-06T10:49:08+08:00 ] 127.0.0.1 /qis/index.php/Admin/User/user?_=1430880548520
INFO: [ app_init ] --START--
INFO: Run Behavior\BuildLiteBehavior [ RunTime:0.000073s ]
INFO: [ app_init ] --END-- [ RunTime:0.001554s ]
INFO: [ app_begin ] --START--
INFO: Run Behavior\ReadHtmlCacheBehavior [ RunTime:0.001901s ]
INFO: [ app_begin ] --END-- [ RunTime:0.002122s ]
SQL: SHOW COLUMNS FROM `think_auth_group` [ RunTime:0.009721s ]
SQL: SELECT * FROM `think_auth_group`  [ RunTime:0.000758s ]
INFO: [ view_parse ] --START--
INFO: [ template_filter ] --START--
INFO: Run Behavior\ContentReplaceBehavior [ RunTime:0.000292s ]
INFO: [ template_filter ] --END-- [ RunTime:0.000417s ]
NOTIC: [8] Use of undefined constant GROUP_NAME - assumed 'GROUP_NAME' E:\xampp\htdocs\QIS\Application\Runtime\Cache\Admin\2a29f2db7e5d066ba9b42bfd58f48adc.php 第 3 行.
INFO: Run Behavior\ParseTemplateBehavior [ RunTime:0.030790s ]
INFO: [ view_parse ] --END-- [ RunTime:0.030937s ]
INFO: [ view_filter ] --START--
INFO: Run Behavior\WriteHtmlCacheBehavior [ RunTime:0.000946s ]
INFO: [ view_filter ] --END-- [ RunTime:0.001085s ]
INFO: [ app_end ] --START--
INFO: Run Behavior\ShowPageTraceBehavior [ RunTime:0.001910s ]
INFO: [ app_end ] --END-- [ RunTime:0.004469s ]

[ 2015-05-06T10:49:09+08:00 ] 127.0.0.1 /qis/index.php/Admin/user/userdata
INFO: [ app_init ] --START--
INFO: Run Behavior\BuildLiteBehavior [ RunTime:0.000042s ]
INFO: [ app_init ] --END-- [ RunTime:0.000950s ]
INFO: [ app_begin ] --START--
INFO: Run Behavior\ReadHtmlCacheBehavior [ RunTime:0.001689s ]
INFO: [ app_begin ] --END-- [ RunTime:0.001913s ]
SQL: SHOW COLUMNS FROM `think_user` [ RunTime:0.010611s ]
SQL: SELECT * FROM `think_user`  [ RunTime:0.001789s ]
INFO: [ app_end ] --START--
INFO: Run Behavior\ShowPageTraceBehavior [ RunTime:0.001338s ]
INFO: [ app_end ] --END-- [ RunTime:0.001481s ]

[ 2015-05-06T10:49:40+08:00 ] 127.0.0.1 /qis/index.php/Admin/User/deleteGroup
INFO: [ app_init ] --START--
INFO: Run Behavior\BuildLiteBehavior [ RunTime:0.000046s ]
INFO: [ app_init ] --END-- [ RunTime:0.001457s ]
INFO: [ app_begin ] --START--
INFO: Run Behavior\ReadHtmlCacheBehavior [ RunTime:0.001782s ]
INFO: [ app_begin ] --END-- [ RunTime:0.001956s ]
SQL: SHOW COLUMNS FROM `think_auth_group` [ RunTime:0.011069s ]
SQL: DELETE FROM `think_auth_group` WHERE `id` = 56 [ RunTime:0.001189s ]

[ 2015-05-06T10:49:40+08:00 ] 127.0.0.1 /qis/index.php/Admin/user/userdata
INFO: [ app_init ] --START--
INFO: Run Behavior\BuildLiteBehavior [ RunTime:0.000038s ]
INFO: [ app_init ] --END-- [ RunTime:0.002502s ]
INFO: [ app_begin ] --START--
INFO: Run Behavior\ReadHtmlCacheBehavior [ RunTime:0.001412s ]
INFO: [ app_begin ] --END-- [ RunTime:0.001595s ]
SQL: SHOW COLUMNS FROM `think_user` [ RunTime:0.019726s ]
SQL: SELECT * FROM `think_user`  [ RunTime:0.001062s ]
INFO: [ app_end ] --START--
INFO: Run Behavior\ShowPageTraceBehavior [ RunTime:0.001486s ]
INFO: [ app_end ] --END-- [ RunTime:0.001635s ]

[ 2015-05-06T10:49:43+08:00 ] 127.0.0.1 /qis/index.php/Admin/User/deleteGroup
INFO: [ app_init ] --START--
INFO: Run Behavior\BuildLiteBehavior [ RunTime:0.000039s ]
INFO: [ app_init ] --END-- [ RunTime:0.001044s ]
INFO: [ app_begin ] --START--
INFO: Run Behavior\ReadHtmlCacheBehavior [ RunTime:0.003216s ]
INFO: [ app_begin ] --END-- [ RunTime:0.003507s ]
SQL: SHOW COLUMNS FROM `think_auth_group` [ RunTime:0.009619s ]
SQL: DELETE FROM `think_auth_group` WHERE `id` = 56 [ RunTime:0.015466s ]

[ 2015-05-06T10:49:44+08:00 ] 127.0.0.1 /qis/index.php/Admin/user/userdata
INFO: [ app_init ] --START--
INFO: Run Behavior\BuildLiteBehavior [ RunTime:0.000039s ]
INFO: [ app_init ] --END-- [ RunTime:0.001058s ]
INFO: [ app_begin ] --START--
INFO: Run Behavior\ReadHtmlCacheBehavior [ RunTime:0.001594s ]
INFO: [ app_begin ] --END-- [ RunTime:0.001769s ]
SQL: SHOW COLUMNS FROM `think_user` [ RunTime:0.010619s ]
SQL: SELECT * FROM `think_user`  [ RunTime:0.000885s ]
INFO: [ app_end ] --START--
INFO: Run Behavior\ShowPageTraceBehavior [ RunTime:0.001270s ]
INFO: [ app_end ] --END-- [ RunTime:0.001408s ]

[ 2015-05-06T10:51:36+08:00 ] 127.0.0.1 /qis/index.php/Admin/User/user?_=1430880696610
INFO: [ app_init ] --START--
INFO: Run Behavior\BuildLiteBehavior [ RunTime:0.000053s ]
INFO: [ app_init ] --END-- [ RunTime:0.004997s ]
INFO: [ app_begin ] --START--
INFO: Run Behavior\ReadHtmlCacheBehavior [ RunTime:0.001859s ]
INFO: [ app_begin ] --END-- [ RunTime:0.002059s ]
SQL: SHOW COLUMNS FROM `think_auth_group` [ RunTime:0.009594s ]
SQL: SELECT * FROM `think_auth_group`  [ RunTime:0.000686s ]
INFO: [ view_parse ] --START--
INFO: [ template_filter ] --START--
INFO: Run Behavior\ContentReplaceBehavior [ RunTime:0.000279s ]
INFO: [ template_filter ] --END-- [ RunTime:0.000399s ]
NOTIC: [8] Use of undefined constant GROUP_NAME - assumed 'GROUP_NAME' E:\xampp\htdocs\QIS\Application\Runtime\Cache\Admin\2a29f2db7e5d066ba9b42bfd58f48adc.php 第 3 行.
INFO: Run Behavior\ParseTemplateBehavior [ RunTime:0.030743s ]
INFO: [ view_parse ] --END-- [ RunTime:0.031096s ]
INFO: [ view_filter ] --START--
INFO: Run Behavior\WriteHtmlCacheBehavior [ RunTime:0.000800s ]
INFO: [ view_filter ] --END-- [ RunTime:0.000923s ]
INFO: [ app_end ] --START--
INFO: Run Behavior\ShowPageTraceBehavior [ RunTime:0.002897s ]
INFO: [ app_end ] --END-- [ RunTime:0.003115s ]

[ 2015-05-06T10:51:37+08:00 ] 127.0.0.1 /qis/index.php/Admin/user/userdata
INFO: [ app_init ] --START--
INFO: Run Behavior\BuildLiteBehavior [ RunTime:0.000039s ]
INFO: [ app_init ] --END-- [ RunTime:0.000912s ]
INFO: [ app_begin ] --START--
INFO: Run Behavior\ReadHtmlCacheBehavior [ RunTime:0.001458s ]
INFO: [ app_begin ] --END-- [ RunTime:0.001675s ]
SQL: SHOW COLUMNS FROM `think_user` [ RunTime:0.009692s ]
SQL: SELECT * FROM `think_user`  [ RunTime:0.001210s ]
INFO: [ app_end ] --START--
INFO: Run Behavior\ShowPageTraceBehavior [ RunTime:0.001371s ]
INFO: [ app_end ] --END-- [ RunTime:0.001512s ]

[ 2015-05-06T10:51:40+08:00 ] 127.0.0.1 /qis/index.php/Admin/User/deleteUser
INFO: [ app_init ] --START--
INFO: Run Behavior\BuildLiteBehavior [ RunTime:0.000039s ]
INFO: [ app_init ] --END-- [ RunTime:0.000970s ]
INFO: [ app_begin ] --START--
INFO: Run Behavior\ReadHtmlCacheBehavior [ RunTime:0.001354s ]
INFO: [ app_begin ] --END-- [ RunTime:0.001533s ]
INFO: [ app_end ] --START--
INFO: Run Behavior\ShowPageTraceBehavior [ RunTime:0.001789s ]
INFO: [ app_end ] --END-- [ RunTime:0.002012s ]

[ 2015-05-06T10:51:46+08:00 ] 127.0.0.1 /qis/index.php/Admin/user/userdata
INFO: [ app_init ] --START--
INFO: Run Behavior\BuildLiteBehavior [ RunTime:0.000043s ]
INFO: [ app_init ] --END-- [ RunTime:0.001706s ]
INFO: [ app_begin ] --START--
INFO: Run Behavior\ReadHtmlCacheBehavior [ RunTime:0.001919s ]
INFO: [ app_begin ] --END-- [ RunTime:0.002204s ]
SQL: SHOW COLUMNS FROM `think_user` [ RunTime:0.014781s ]
SQL: SELECT * FROM `think_user`  [ RunTime:0.001370s ]
INFO: [ app_end ] --START--
INFO: Run Behavior\ShowPageTraceBehavior [ RunTime:0.001563s ]
INFO: [ app_end ] --END-- [ RunTime:0.001750s ]

[ 2015-05-06T10:51:47+08:00 ] 127.0.0.1 /qis/index.php/Admin/user/userdata
INFO: [ app_init ] --START--
INFO: Run Behavior\BuildLiteBehavior [ RunTime:0.000037s ]
INFO: [ app_init ] --END-- [ RunTime:0.000927s ]
INFO: [ app_begin ] --START--
INFO: Run Behavior\ReadHtmlCacheBehavior [ RunTime:0.001211s ]
INFO: [ app_begin ] --END-- [ RunTime:0.001370s ]
SQL: SHOW COLUMNS FROM `think_user` [ RunTime:0.009655s ]
SQL: SELECT * FROM `think_user`  [ RunTime:0.001192s ]
INFO: [ app_end ] --START--
INFO: Run Behavior\ShowPageTraceBehavior [ RunTime:0.003256s ]
INFO: [ app_end ] --END-- [ RunTime:0.003484s ]

[ 2015-05-06T10:52:02+08:00 ] 127.0.0.1 /qis/index.php/Admin/User/deleteUser
INFO: [ app_init ] --START--
INFO: Run Behavior\BuildLiteBehavior [ RunTime:0.000037s ]
INFO: [ app_init ] --END-- [ RunTime:0.001120s ]
INFO: [ app_begin ] --START--
INFO: Run Behavior\ReadHtmlCacheBehavior [ RunTime:0.001431s ]
INFO: [ app_begin ] --END-- [ RunTime:0.001610s ]
INFO: [ app_end ] --START--
INFO: Run Behavior\ShowPageTraceBehavior [ RunTime:0.001676s ]
INFO: [ app_end ] --END-- [ RunTime:0.001875s ]

[ 2015-05-06T10:52:11+08:00 ] 127.0.0.1 /qis/index.php/Admin/user/userdata
INFO: [ app_init ] --START--
INFO: Run Behavior\BuildLiteBehavior [ RunTime:0.000037s ]
INFO: [ app_init ] --END-- [ RunTime:0.001062s ]
INFO: [ app_begin ] --START--
INFO: Run Behavior\ReadHtmlCacheBehavior [ RunTime:0.001375s ]
INFO: [ app_begin ] --END-- [ RunTime:0.001543s ]
SQL: SHOW COLUMNS FROM `think_user` [ RunTime:0.012284s ]
SQL: SELECT * FROM `think_user`  [ RunTime:0.000773s ]
INFO: [ app_end ] --START--
INFO: Run Behavior\ShowPageTraceBehavior [ RunTime:0.001843s ]
INFO: [ app_end ] --END-- [ RunTime:0.002019s ]

[ 2015-05-06T10:53:34+08:00 ] 127.0.0.1 /qis/index.php/Admin/User/user?_=1430880814141
INFO: [ app_init ] --START--
INFO: Run Behavior\BuildLiteBehavior [ RunTime:0.000044s ]
INFO: [ app_init ] --END-- [ RunTime:0.001816s ]
INFO: [ app_begin ] --START--
INFO: Run Behavior\ReadHtmlCacheBehavior [ RunTime:0.001466s ]
INFO: [ app_begin ] --END-- [ RunTime:0.001671s ]
SQL: SHOW COLUMNS FROM `think_auth_group` [ RunTime:0.010551s ]
SQL: SELECT * FROM `think_auth_group`  [ RunTime:0.000787s ]
INFO: [ view_parse ] --START--
INFO: [ template_filter ] --START--
INFO: Run Behavior\ContentReplaceBehavior [ RunTime:0.000308s ]
INFO: [ template_filter ] --END-- [ RunTime:0.000468s ]
NOTIC: [8] Use of undefined constant GROUP_NAME - assumed 'GROUP_NAME' E:\xampp\htdocs\QIS\Application\Runtime\Cache\Admin\2a29f2db7e5d066ba9b42bfd58f48adc.php 第 3 行.
INFO: Run Behavior\ParseTemplateBehavior [ RunTime:0.029749s ]
INFO: [ view_parse ] --END-- [ RunTime:0.029899s ]
INFO: [ view_filter ] --START--
INFO: Run Behavior\WriteHtmlCacheBehavior [ RunTime:0.000738s ]
INFO: [ view_filter ] --END-- [ RunTime:0.001009s ]
INFO: [ app_end ] --START--
INFO: Run Behavior\ShowPageTraceBehavior [ RunTime:0.004800s ]
INFO: [ app_end ] --END-- [ RunTime:0.005012s ]

[ 2015-05-06T10:53:35+08:00 ] 127.0.0.1 /qis/index.php/Admin/user/userdata
INFO: [ app_init ] --START--
INFO: Run Behavior\BuildLiteBehavior [ RunTime:0.000044s ]
INFO: [ app_init ] --END-- [ RunTime:0.009164s ]
INFO: [ app_begin ] --START--
INFO: Run Behavior\ReadHtmlCacheBehavior [ RunTime:0.002058s ]
INFO: [ app_begin ] --END-- [ RunTime:0.002304s ]
SQL: SHOW COLUMNS FROM `think_user` [ RunTime:0.012224s ]
SQL: SELECT * FROM `think_user`  [ RunTime:0.005896s ]
INFO: [ app_end ] --START--
INFO: Run Behavior\ShowPageTraceBehavior [ RunTime:0.001837s ]
INFO: [ app_end ] --END-- [ RunTime:0.002028s ]

[ 2015-05-06T10:53:37+08:00 ] 127.0.0.1 /qis/index.php/Admin/User/deleteUser
INFO: [ app_init ] --START--
INFO: Run Behavior\BuildLiteBehavior [ RunTime:0.000037s ]
INFO: [ app_init ] --END-- [ RunTime:0.000876s ]
INFO: [ app_begin ] --START--
INFO: Run Behavior\ReadHtmlCacheBehavior [ RunTime:0.001339s ]
INFO: [ app_begin ] --END-- [ RunTime:0.001542s ]
INFO: [ app_end ] --START--
INFO: Run Behavior\ShowPageTraceBehavior [ RunTime:0.002094s ]
INFO: [ app_end ] --END-- [ RunTime:0.002387s ]

[ 2015-05-06T10:54:44+08:00 ] 127.0.0.1 /qis/index.php/Admin/User/user?_=1430880884371
INFO: [ app_init ] --START--
INFO: Run Behavior\BuildLiteBehavior [ RunTime:0.000046s ]
INFO: [ app_init ] --END-- [ RunTime:0.001363s ]
INFO: [ app_begin ] --START--
INFO: Run Behavior\ReadHtmlCacheBehavior [ RunTime:0.001511s ]
INFO: [ app_begin ] --END-- [ RunTime:0.001683s ]
SQL: SHOW COLUMNS FROM `think_auth_group` [ RunTime:0.011254s ]
SQL: SELECT * FROM `think_auth_group`  [ RunTime:0.000795s ]
INFO: [ view_parse ] --START--
INFO: [ template_filter ] --START--
INFO: Run Behavior\ContentReplaceBehavior [ RunTime:0.000306s ]
INFO: [ template_filter ] --END-- [ RunTime:0.000473s ]
NOTIC: [8] Use of undefined constant GROUP_NAME - assumed 'GROUP_NAME' E:\xampp\htdocs\QIS\Application\Runtime\Cache\Admin\2a29f2db7e5d066ba9b42bfd58f48adc.php 第 3 行.
INFO: Run Behavior\ParseTemplateBehavior [ RunTime:0.030991s ]
INFO: [ view_parse ] --END-- [ RunTime:0.031142s ]
INFO: [ view_filter ] --START--
INFO: Run Behavior\WriteHtmlCacheBehavior [ RunTime:0.000952s ]
INFO: [ view_filter ] --END-- [ RunTime:0.001094s ]
INFO: [ app_end ] --START--
INFO: Run Behavior\ShowPageTraceBehavior [ RunTime:0.004137s ]
INFO: [ app_end ] --END-- [ RunTime:0.004526s ]

[ 2015-05-06T10:54:45+08:00 ] 127.0.0.1 /qis/index.php/Admin/user/userdata
INFO: [ app_init ] --START--
INFO: Run Behavior\BuildLiteBehavior [ RunTime:0.000043s ]
INFO: [ app_init ] --END-- [ RunTime:0.001064s ]
INFO: [ app_begin ] --START--
INFO: Run Behavior\ReadHtmlCacheBehavior [ RunTime:0.001402s ]
INFO: [ app_begin ] --END-- [ RunTime:0.001605s ]
SQL: SHOW COLUMNS FROM `think_user` [ RunTime:0.012066s ]
SQL: SELECT * FROM `think_user`  [ RunTime:0.000931s ]
INFO: [ app_end ] --START--
INFO: Run Behavior\ShowPageTraceBehavior [ RunTime:0.003140s ]
INFO: [ app_end ] --END-- [ RunTime:0.003319s ]

[ 2015-05-06T10:54:47+08:00 ] 127.0.0.1 /qis/index.php/Admin/User/deleteUser
INFO: [ app_init ] --START--
INFO: Run Behavior\BuildLiteBehavior [ RunTime:0.000043s ]
INFO: [ app_init ] --END-- [ RunTime:0.001051s ]
INFO: [ app_begin ] --START--
INFO: Run Behavior\ReadHtmlCacheBehavior [ RunTime:0.002459s ]
INFO: [ app_begin ] --END-- [ RunTime:0.002807s ]
SQL: SHOW COLUMNS FROM `think_user` [ RunTime:0.010287s ]
SQL: DELETE FROM `think_user` WHERE `id` = 56 [ RunTime:0.023700s ]
INFO: [ view_parse ] --START--
INFO: [ template_filter ] --START--
INFO: Run Behavior\ContentReplaceBehavior [ RunTime:0.000144s ]
INFO: [ template_filter ] --END-- [ RunTime:0.001182s ]
INFO: Run Behavior\ParseTemplateBehavior [ RunTime:0.015215s ]
INFO: [ view_parse ] --END-- [ RunTime:0.015383s ]
INFO: [ view_filter ] --START--
INFO: Run Behavior\WriteHtmlCacheBehavior [ RunTime:0.000675s ]
INFO: [ view_filter ] --END-- [ RunTime:0.000793s ]
INFO: [ app_end ] --START--
INFO: Run Behavior\ShowPageTraceBehavior [ RunTime:0.001222s ]
INFO: [ app_end ] --END-- [ RunTime:0.001357s ]

[ 2015-05-06T10:54:47+08:00 ] 127.0.0.1 /qis/index.php/Admin/user/userdata
INFO: [ app_init ] --START--
INFO: Run Behavior\BuildLiteBehavior [ RunTime:0.000039s ]
INFO: [ app_init ] --END-- [ RunTime:0.000978s ]
INFO: [ app_begin ] --START--
INFO: Run Behavior\ReadHtmlCacheBehavior [ RunTime:0.001224s ]
INFO: [ app_begin ] --END-- [ RunTime:0.001388s ]
SQL: SHOW COLUMNS FROM `think_user` [ RunTime:0.011465s ]
SQL: SELECT * FROM `think_user`  [ RunTime:0.000765s ]
INFO: [ app_end ] --START--
INFO: Run Behavior\ShowPageTraceBehavior [ RunTime:0.001527s ]
INFO: [ app_end ] --END-- [ RunTime:0.001702s ]

[ 2015-05-06T10:54:54+08:00 ] 127.0.0.1 /qis/index.php/Admin/User/deleteUser
INFO: [ app_init ] --START--
INFO: Run Behavior\BuildLiteBehavior [ RunTime:0.000059s ]
INFO: [ app_init ] --END-- [ RunTime:0.001758s ]
INFO: [ app_begin ] --START--
INFO: Run Behavior\ReadHtmlCacheBehavior [ RunTime:0.001684s ]
INFO: [ app_begin ] --END-- [ RunTime:0.002132s ]
SQL: SHOW COLUMNS FROM `think_user` [ RunTime:0.009340s ]
SQL: DELETE FROM `think_user` WHERE `id` = 55 [ RunTime:0.001064s ]
INFO: [ view_parse ] --START--
INFO: Run Behavior\ParseTemplateBehavior [ RunTime:0.001667s ]
INFO: [ view_parse ] --END-- [ RunTime:0.001830s ]
INFO: [ view_filter ] --START--
INFO: Run Behavior\WriteHtmlCacheBehavior [ RunTime:0.001044s ]
INFO: [ view_filter ] --END-- [ RunTime:0.001196s ]
INFO: [ app_end ] --START--
INFO: Run Behavior\ShowPageTraceBehavior [ RunTime:0.001466s ]
INFO: [ app_end ] --END-- [ RunTime:0.001604s ]

[ 2015-05-06T10:54:54+08:00 ] 127.0.0.1 /qis/index.php/Admin/user/userdata
INFO: [ app_init ] --START--
INFO: Run Behavior\BuildLiteBehavior [ RunTime:0.000112s ]
INFO: [ app_init ] --END-- [ RunTime:0.002864s ]
INFO: [ app_begin ] --START--
INFO: Run Behavior\ReadHtmlCacheBehavior [ RunTime:0.002316s ]
INFO: [ app_begin ] --END-- [ RunTime:0.002767s ]
SQL: SHOW COLUMNS FROM `think_user` [ RunTime:0.010014s ]
SQL: SELECT * FROM `think_user`  [ RunTime:0.000705s ]
INFO: [ app_end ] --START--
INFO: Run Behavior\ShowPageTraceBehavior [ RunTime:0.002078s ]
INFO: [ app_end ] --END-- [ RunTime:0.002222s ]

[ 2015-05-06T10:56:51+08:00 ] 127.0.0.1 /qis/index.php/Admin/User/user?_=1430881011798
INFO: [ app_init ] --START--
INFO: Run Behavior\BuildLiteBehavior [ RunTime:0.000039s ]
INFO: [ app_init ] --END-- [ RunTime:0.001034s ]
INFO: [ app_begin ] --START--
INFO: Run Behavior\ReadHtmlCacheBehavior [ RunTime:0.001402s ]
INFO: [ app_begin ] --END-- [ RunTime:0.001658s ]
SQL: SHOW COLUMNS FROM `think_auth_group` [ RunTime:0.011265s ]
SQL: SELECT * FROM `think_auth_group`  [ RunTime:0.000752s ]
INFO: [ view_parse ] --START--
INFO: [ template_filter ] --START--
INFO: Run Behavior\ContentReplaceBehavior [ RunTime:0.000299s ]
INFO: [ template_filter ] --END-- [ RunTime:0.000437s ]
NOTIC: [8] Use of undefined constant GROUP_NAME - assumed 'GROUP_NAME' E:\xampp\htdocs\QIS\Application\Runtime\Cache\Admin\2a29f2db7e5d066ba9b42bfd58f48adc.php 第 3 行.
INFO: Run Behavior\ParseTemplateBehavior [ RunTime:0.032108s ]
INFO: [ view_parse ] --END-- [ RunTime:0.032258s ]
INFO: [ view_filter ] --START--
INFO: Run Behavior\WriteHtmlCacheBehavior [ RunTime:0.000715s ]
INFO: [ view_filter ] --END-- [ RunTime:0.001370s ]
INFO: [ app_end ] --START--
INFO: Run Behavior\ShowPageTraceBehavior [ RunTime:0.002746s ]
INFO: [ app_end ] --END-- [ RunTime:0.002962s ]

[ 2015-05-06T10:56:52+08:00 ] 127.0.0.1 /qis/index.php/Admin/user/userdata
INFO: [ app_init ] --START--
INFO: Run Behavior\BuildLiteBehavior [ RunTime:0.000047s ]
INFO: [ app_init ] --END-- [ RunTime:0.001660s ]
INFO: [ app_begin ] --START--
INFO: Run Behavior\ReadHtmlCacheBehavior [ RunTime:0.001376s ]
INFO: [ app_begin ] --END-- [ RunTime:0.001586s ]
SQL: SHOW COLUMNS FROM `think_user` [ RunTime:0.027143s ]
SQL: SELECT * FROM `think_user`  [ RunTime:0.000882s ]
INFO: [ app_end ] --START--
INFO: Run Behavior\ShowPageTraceBehavior [ RunTime:0.001636s ]
INFO: [ app_end ] --END-- [ RunTime:0.001808s ]

[ 2015-05-06T10:56:55+08:00 ] 127.0.0.1 /qis/index.php/Admin/User/deleteUser
INFO: [ app_init ] --START--
INFO: Run Behavior\BuildLiteBehavior [ RunTime:0.000062s ]
INFO: [ app_init ] --END-- [ RunTime:0.002427s ]
INFO: [ app_begin ] --START--
INFO: Run Behavior\ReadHtmlCacheBehavior [ RunTime:0.001659s ]
INFO: [ app_begin ] --END-- [ RunTime:0.001817s ]
SQL: SHOW COLUMNS FROM `think_user` [ RunTime:0.009710s ]
SQL: DELETE FROM `think_user` WHERE `id` = 54 [ RunTime:0.000690s ]
INFO: [ view_parse ] --START--
INFO: Run Behavior\ParseTemplateBehavior [ RunTime:0.000918s ]
INFO: [ view_parse ] --END-- [ RunTime:0.001076s ]
INFO: [ view_filter ] --START--
INFO: Run Behavior\WriteHtmlCacheBehavior [ RunTime:0.000663s ]
INFO: [ view_filter ] --END-- [ RunTime:0.000792s ]
INFO: [ app_end ] --START--
INFO: Run Behavior\ShowPageTraceBehavior [ RunTime:0.001405s ]
INFO: [ app_end ] --END-- [ RunTime:0.001572s ]

[ 2015-05-06T10:56:55+08:00 ] 127.0.0.1 /qis/index.php/Admin/user/userdata
INFO: [ app_init ] --START--
INFO: Run Behavior\BuildLiteBehavior [ RunTime:0.000037s ]
INFO: [ app_init ] --END-- [ RunTime:0.000902s ]
INFO: [ app_begin ] --START--
INFO: Run Behavior\ReadHtmlCacheBehavior [ RunTime:0.001656s ]
INFO: [ app_begin ] --END-- [ RunTime:0.001944s ]
SQL: SHOW COLUMNS FROM `think_user` [ RunTime:0.009915s ]
SQL: SELECT * FROM `think_user`  [ RunTime:0.000722s ]
INFO: [ app_end ] --START--
INFO: Run Behavior\ShowPageTraceBehavior [ RunTime:0.001294s ]
INFO: [ app_end ] --END-- [ RunTime:0.001430s ]

[ 2015-05-06T11:04:15+08:00 ] 127.0.0.1 /qis/index.php/Admin/User/user?_=1430881455542
INFO: [ app_init ] --START--
INFO: Run Behavior\BuildLiteBehavior [ RunTime:0.000044s ]
INFO: [ app_init ] --END-- [ RunTime:0.001382s ]
INFO: [ app_begin ] --START--
INFO: Run Behavior\ReadHtmlCacheBehavior [ RunTime:0.001387s ]
INFO: [ app_begin ] --END-- [ RunTime:0.001570s ]
SQL: SHOW COLUMNS FROM `think_auth_group` [ RunTime:0.011261s ]
SQL: SELECT * FROM `think_auth_group`  [ RunTime:0.001173s ]
INFO: [ view_parse ] --START--
INFO: [ template_filter ] --START--
INFO: Run Behavior\ContentReplaceBehavior [ RunTime:0.000281s ]
INFO: [ template_filter ] --END-- [ RunTime:0.000407s ]
NOTIC: [8] Use of undefined constant GROUP_NAME - assumed 'GROUP_NAME' E:\xampp\htdocs\QIS\Application\Runtime\Cache\Admin\2a29f2db7e5d066ba9b42bfd58f48adc.php 第 3 行.
INFO: Run Behavior\ParseTemplateBehavior [ RunTime:0.035418s ]
INFO: [ view_parse ] --END-- [ RunTime:0.036034s ]
INFO: [ view_filter ] --START--
INFO: Run Behavior\WriteHtmlCacheBehavior [ RunTime:0.001199s ]
INFO: [ view_filter ] --END-- [ RunTime:0.001440s ]
INFO: [ app_end ] --START--
INFO: Run Behavior\ShowPageTraceBehavior [ RunTime:0.004211s ]
INFO: [ app_end ] --END-- [ RunTime:0.004409s ]

[ 2015-05-06T11:04:16+08:00 ] 127.0.0.1 /qis/index.php/Admin/user/userdata
INFO: [ app_init ] --START--
INFO: Run Behavior\BuildLiteBehavior [ RunTime:0.000044s ]
INFO: [ app_init ] --END-- [ RunTime:0.001098s ]
INFO: [ app_begin ] --START--
INFO: Run Behavior\ReadHtmlCacheBehavior [ RunTime:0.001365s ]
INFO: [ app_begin ] --END-- [ RunTime:0.001561s ]
SQL: SHOW COLUMNS FROM `think_user` [ RunTime:0.009604s ]
SQL: SELECT * FROM `think_user`  [ RunTime:0.000828s ]
INFO: [ app_end ] --START--
INFO: Run Behavior\ShowPageTraceBehavior [ RunTime:0.001738s ]
INFO: [ app_end ] --END-- [ RunTime:0.001910s ]

[ 2015-05-06T11:04:29+08:00 ] 127.0.0.1 /qis/index.php/Admin/User/user?_=1430881468927
INFO: [ app_init ] --START--
INFO: Run Behavior\BuildLiteBehavior [ RunTime:0.000039s ]
INFO: [ app_init ] --END-- [ RunTime:0.001241s ]
INFO: [ app_begin ] --START--
INFO: Run Behavior\ReadHtmlCacheBehavior [ RunTime:0.001381s ]
INFO: [ app_begin ] --END-- [ RunTime:0.001784s ]
SQL: SHOW COLUMNS FROM `think_auth_group` [ RunTime:0.009556s ]
SQL: SELECT * FROM `think_auth_group`  [ RunTime:0.000894s ]
INFO: [ view_parse ] --START--
INFO: [ template_filter ] --START--
INFO: Run Behavior\ContentReplaceBehavior [ RunTime:0.000311s ]
INFO: [ template_filter ] --END-- [ RunTime:0.000492s ]
NOTIC: [8] Use of undefined constant GROUP_NAME - assumed 'GROUP_NAME' E:\xampp\htdocs\QIS\Application\Runtime\Cache\Admin\2a29f2db7e5d066ba9b42bfd58f48adc.php 第 3 行.
INFO: Run Behavior\ParseTemplateBehavior [ RunTime:0.032131s ]
INFO: [ view_parse ] --END-- [ RunTime:0.032292s ]
INFO: [ view_filter ] --START--
INFO: Run Behavior\WriteHtmlCacheBehavior [ RunTime:0.001017s ]
INFO: [ view_filter ] --END-- [ RunTime:0.001151s ]
INFO: [ app_end ] --START--
INFO: Run Behavior\ShowPageTraceBehavior [ RunTime:0.003064s ]
INFO: [ app_end ] --END-- [ RunTime:0.003294s ]

[ 2015-05-06T11:04:29+08:00 ] 127.0.0.1 /qis/index.php/Admin/user/userdata
INFO: [ app_init ] --START--
INFO: Run Behavior\BuildLiteBehavior [ RunTime:0.000056s ]
INFO: [ app_init ] --END-- [ RunTime:0.001440s ]
INFO: [ app_begin ] --START--
INFO: Run Behavior\ReadHtmlCacheBehavior [ RunTime:0.001446s ]
INFO: [ app_begin ] --END-- [ RunTime:0.001659s ]
SQL: SHOW COLUMNS FROM `think_user` [ RunTime:0.017871s ]
SQL: SELECT * FROM `think_user`  [ RunTime:0.000687s ]
INFO: [ app_end ] --START--
INFO: Run Behavior\ShowPageTraceBehavior [ RunTime:0.001293s ]
INFO: [ app_end ] --END-- [ RunTime:0.001436s ]

[ 2015-05-06T11:08:29+08:00 ] 127.0.0.1 /qis/index.php/Admin/User/modifyUser
INFO: [ app_init ] --START--
INFO: Run Behavior\BuildLiteBehavior [ RunTime:0.000038s ]
INFO: [ app_init ] --END-- [ RunTime:0.001061s ]
INFO: [ app_begin ] --START--
INFO: Run Behavior\ReadHtmlCacheBehavior [ RunTime:0.001505s ]
INFO: [ app_begin ] --END-- [ RunTime:0.001699s ]
SQL: SHOW COLUMNS FROM `think_user` [ RunTime:0.011097s ]
SQL: UPDATE `think_user` SET `username`='fjp20321',`email`='fjp203@163.com',`group_id`=1 WHERE `id` = 53 [ RunTime:0.201794s ]

[ 2015-05-06T11:08:29+08:00 ] 127.0.0.1 /qis/index.php/Admin/user/userdata
INFO: [ app_init ] --START--
INFO: Run Behavior\BuildLiteBehavior [ RunTime:0.000181s ]
INFO: [ app_init ] --END-- [ RunTime:0.001501s ]
INFO: [ app_begin ] --START--
INFO: Run Behavior\ReadHtmlCacheBehavior [ RunTime:0.003067s ]
INFO: [ app_begin ] --END-- [ RunTime:0.003284s ]
SQL: SHOW COLUMNS FROM `think_user` [ RunTime:0.011304s ]
SQL: SELECT * FROM `think_user`  [ RunTime:0.000887s ]
INFO: [ app_end ] --START--
INFO: Run Behavior\ShowPageTraceBehavior [ RunTime:0.001911s ]
INFO: [ app_end ] --END-- [ RunTime:0.002089s ]

[ 2015-05-06T11:08:37+08:00 ] 127.0.0.1 /qis/index.php/Admin/User/modifyUser
INFO: [ app_init ] --START--
INFO: Run Behavior\BuildLiteBehavior [ RunTime:0.000046s ]
INFO: [ app_init ] --END-- [ RunTime:0.001014s ]
INFO: [ app_begin ] --START--
INFO: Run Behavior\ReadHtmlCacheBehavior [ RunTime:0.002006s ]
INFO: [ app_begin ] --END-- [ RunTime:0.002197s ]
SQL: SHOW COLUMNS FROM `think_user` [ RunTime:0.012658s ]
SQL: UPDATE `think_user` SET `username`='fjp2031',`email`='fjp203@163.com',`group_id`=1 WHERE `id` = 53 [ RunTime:0.001174s ]

[ 2015-05-06T11:08:38+08:00 ] 127.0.0.1 /qis/index.php/Admin/user/userdata
INFO: [ app_init ] --START--
INFO: Run Behavior\BuildLiteBehavior [ RunTime:0.000050s ]
INFO: [ app_init ] --END-- [ RunTime:0.001205s ]
INFO: [ app_begin ] --START--
INFO: Run Behavior\ReadHtmlCacheBehavior [ RunTime:0.001567s ]
INFO: [ app_begin ] --END-- [ RunTime:0.001744s ]
SQL: SHOW COLUMNS FROM `think_user` [ RunTime:0.011732s ]
SQL: SELECT * FROM `think_user`  [ RunTime:0.001262s ]
INFO: [ app_end ] --START--
INFO: Run Behavior\ShowPageTraceBehavior [ RunTime:0.001918s ]
INFO: [ app_end ] --END-- [ RunTime:0.002107s ]

[ 2015-05-06T11:09:36+08:00 ] 127.0.0.1 /qis/index.php/Admin/User/user?_=1430881776369
INFO: [ app_init ] --START--
INFO: Run Behavior\BuildLiteBehavior [ RunTime:0.000039s ]
INFO: [ app_init ] --END-- [ RunTime:0.001164s ]
INFO: [ app_begin ] --START--
INFO: Run Behavior\ReadHtmlCacheBehavior [ RunTime:0.001738s ]
INFO: [ app_begin ] --END-- [ RunTime:0.001931s ]
SQL: SHOW COLUMNS FROM `think_auth_group` [ RunTime:0.009595s ]
SQL: SELECT * FROM `think_auth_group`  [ RunTime:0.000700s ]
INFO: [ view_parse ] --START--
INFO: [ template_filter ] --START--
INFO: Run Behavior\ContentReplaceBehavior [ RunTime:0.000295s ]
INFO: [ template_filter ] --END-- [ RunTime:0.000424s ]
NOTIC: [8] Use of undefined constant GROUP_NAME - assumed 'GROUP_NAME' E:\xampp\htdocs\QIS\Application\Runtime\Cache\Admin\2a29f2db7e5d066ba9b42bfd58f48adc.php 第 3 行.
INFO: Run Behavior\ParseTemplateBehavior [ RunTime:0.028224s ]
INFO: [ view_parse ] --END-- [ RunTime:0.028403s ]
INFO: [ view_filter ] --START--
INFO: Run Behavior\WriteHtmlCacheBehavior [ RunTime:0.000733s ]
INFO: [ view_filter ] --END-- [ RunTime:0.000857s ]
INFO: [ app_end ] --START--
INFO: Run Behavior\ShowPageTraceBehavior [ RunTime:0.003492s ]
INFO: [ app_end ] --END-- [ RunTime:0.003716s ]

[ 2015-05-06T11:09:37+08:00 ] 127.0.0.1 /qis/index.php/Admin/user/userdata
INFO: [ app_init ] --START--
INFO: Run Behavior\BuildLiteBehavior [ RunTime:0.000054s ]
INFO: [ app_init ] --END-- [ RunTime:0.001315s ]
INFO: [ app_begin ] --START--
INFO: Run Behavior\ReadHtmlCacheBehavior [ RunTime:0.001251s ]
INFO: [ app_begin ] --END-- [ RunTime:0.001424s ]
SQL: SHOW COLUMNS FROM `think_user` [ RunTime:0.011429s ]
SQL: SELECT * FROM `think_user`  [ RunTime:0.000729s ]
INFO: [ app_end ] --START--
INFO: Run Behavior\ShowPageTraceBehavior [ RunTime:0.001545s ]
INFO: [ app_end ] --END-- [ RunTime:0.001685s ]

[ 2015-05-06T11:09:41+08:00 ] 127.0.0.1 /qis/index.php/Admin/User/modifyUser
INFO: [ app_init ] --START--
INFO: Run Behavior\BuildLiteBehavior [ RunTime:0.000047s ]
INFO: [ app_init ] --END-- [ RunTime:0.001297s ]
INFO: [ app_begin ] --START--
INFO: Run Behavior\ReadHtmlCacheBehavior [ RunTime:0.007741s ]
INFO: [ app_begin ] --END-- [ RunTime:0.008078s ]
SQL: SHOW COLUMNS FROM `think_user` [ RunTime:0.015917s ]
SQL: UPDATE `think_user` SET `username`='fjp20321f',`email`='fjp203@163.com',`group_id`=1 WHERE `id` = 53 [ RunTime:0.001154s ]
INFO: [ view_parse ] --START--
INFO: [ template_filter ] --START--
INFO: Run Behavior\ContentReplaceBehavior [ RunTime:0.000076s ]
INFO: [ template_filter ] --END-- [ RunTime:0.000263s ]
INFO: Run Behavior\ParseTemplateBehavior [ RunTime:0.015228s ]
INFO: [ view_parse ] --END-- [ RunTime:0.015404s ]
INFO: [ view_filter ] --START--
INFO: Run Behavior\WriteHtmlCacheBehavior [ RunTime:0.000697s ]
INFO: [ view_filter ] --END-- [ RunTime:0.000833s ]
INFO: [ app_end ] --START--
INFO: Run Behavior\ShowPageTraceBehavior [ RunTime:0.001330s ]
INFO: [ app_end ] --END-- [ RunTime:0.001482s ]

[ 2015-05-06T11:09:41+08:00 ] 127.0.0.1 /qis/index.php/Admin/user/userdata
INFO: [ app_init ] --START--
INFO: Run Behavior\BuildLiteBehavior [ RunTime:0.000037s ]
INFO: [ app_init ] --END-- [ RunTime:0.000886s ]
INFO: [ app_begin ] --START--
INFO: Run Behavior\ReadHtmlCacheBehavior [ RunTime:0.028836s ]
INFO: [ app_begin ] --END-- [ RunTime:0.029014s ]
SQL: SHOW COLUMNS FROM `think_user` [ RunTime:0.013312s ]
SQL: SELECT * FROM `think_user`  [ RunTime:0.000746s ]
INFO: [ app_end ] --START--
INFO: Run Behavior\ShowPageTraceBehavior [ RunTime:0.001519s ]
INFO: [ app_end ] --END-- [ RunTime:0.001661s ]

[ 2015-05-06T11:12:01+08:00 ] 127.0.0.1 /qis/index.php/Admin/User/user?_=1430881921196
INFO: [ app_init ] --START--
INFO: Run Behavior\BuildLiteBehavior [ RunTime:0.000044s ]
INFO: [ app_init ] --END-- [ RunTime:0.001463s ]
INFO: [ app_begin ] --START--
INFO: Run Behavior\ReadHtmlCacheBehavior [ RunTime:0.002257s ]
INFO: [ app_begin ] --END-- [ RunTime:0.002429s ]
SQL: SHOW COLUMNS FROM `think_auth_group` [ RunTime:0.011402s ]
SQL: SELECT * FROM `think_auth_group`  [ RunTime:0.000986s ]
INFO: [ view_parse ] --START--
INFO: [ template_filter ] --START--
INFO: Run Behavior\ContentReplaceBehavior [ RunTime:0.000320s ]
INFO: [ template_filter ] --END-- [ RunTime:0.000485s ]
NOTIC: [8] Use of undefined constant GROUP_NAME - assumed 'GROUP_NAME' E:\xampp\htdocs\QIS\Application\Runtime\Cache\Admin\2a29f2db7e5d066ba9b42bfd58f48adc.php 第 3 行.
INFO: Run Behavior\ParseTemplateBehavior [ RunTime:0.034867s ]
INFO: [ view_parse ] --END-- [ RunTime:0.035026s ]
INFO: [ view_filter ] --START--
INFO: Run Behavior\WriteHtmlCacheBehavior [ RunTime:0.000911s ]
INFO: [ view_filter ] --END-- [ RunTime:0.001038s ]
INFO: [ app_end ] --START--
INFO: Run Behavior\ShowPageTraceBehavior [ RunTime:0.002899s ]
INFO: [ app_end ] --END-- [ RunTime:0.003216s ]

[ 2015-05-06T11:12:02+08:00 ] 127.0.0.1 /qis/index.php/Admin/user/userdata
INFO: [ app_init ] --START--
INFO: Run Behavior\BuildLiteBehavior [ RunTime:0.000062s ]
INFO: [ app_init ] --END-- [ RunTime:0.002708s ]
INFO: [ app_begin ] --START--
INFO: Run Behavior\ReadHtmlCacheBehavior [ RunTime:0.001849s ]
INFO: [ app_begin ] --END-- [ RunTime:0.002154s ]
SQL: SHOW COLUMNS FROM `think_user` [ RunTime:0.009198s ]
SQL: SELECT * FROM `think_user`  [ RunTime:0.001089s ]
INFO: [ app_end ] --START--
INFO: Run Behavior\ShowPageTraceBehavior [ RunTime:0.002049s ]
INFO: [ app_end ] --END-- [ RunTime:0.002206s ]

[ 2015-05-06T11:12:18+08:00 ] 127.0.0.1 /qis/index.php/Admin/user/userdata
INFO: [ app_init ] --START--
INFO: Run Behavior\BuildLiteBehavior [ RunTime:0.000037s ]
INFO: [ app_init ] --END-- [ RunTime:0.000899s ]
INFO: [ app_begin ] --START--
INFO: Run Behavior\ReadHtmlCacheBehavior [ RunTime:0.001194s ]
INFO: [ app_begin ] --END-- [ RunTime:0.001479s ]
SQL: SHOW COLUMNS FROM `think_user` [ RunTime:0.011284s ]
SQL: SELECT * FROM `think_user`  [ RunTime:0.000809s ]
INFO: [ app_end ] --START--
INFO: Run Behavior\ShowPageTraceBehavior [ RunTime:0.001302s ]
INFO: [ app_end ] --END-- [ RunTime:0.001460s ]

[ 2015-05-06T11:12:19+08:00 ] 127.0.0.1 /qis/index.php/Admin/user/userdata
INFO: [ app_init ] --START--
INFO: Run Behavior\BuildLiteBehavior [ RunTime:0.000037s ]
INFO: [ app_init ] --END-- [ RunTime:0.001755s ]
INFO: [ app_begin ] --START--
INFO: Run Behavior\ReadHtmlCacheBehavior [ RunTime:0.001194s ]
INFO: [ app_begin ] --END-- [ RunTime:0.001417s ]
SQL: SHOW COLUMNS FROM `think_user` [ RunTime:0.010214s ]
SQL: SELECT * FROM `think_user`  [ RunTime:0.000906s ]
INFO: [ app_end ] --START--
INFO: Run Behavior\ShowPageTraceBehavior [ RunTime:0.001501s ]
INFO: [ app_end ] --END-- [ RunTime:0.001644s ]

[ 2015-05-06T11:12:20+08:00 ] 127.0.0.1 /qis/index.php/Admin/user/userdata
INFO: [ app_init ] --START--
INFO: Run Behavior\BuildLiteBehavior [ RunTime:0.000052s ]
INFO: [ app_init ] --END-- [ RunTime:0.003716s ]
INFO: [ app_begin ] --START--
INFO: Run Behavior\ReadHtmlCacheBehavior [ RunTime:0.001185s ]
INFO: [ app_begin ] --END-- [ RunTime:0.001345s ]
SQL: SHOW COLUMNS FROM `think_user` [ RunTime:0.011688s ]
SQL: SELECT * FROM `think_user`  [ RunTime:0.000687s ]
INFO: [ app_end ] --START--
INFO: Run Behavior\ShowPageTraceBehavior [ RunTime:0.001288s ]
INFO: [ app_end ] --END-- [ RunTime:0.001425s ]

[ 2015-05-06T11:12:31+08:00 ] 127.0.0.1 /qis/index.php/Admin/User/deleteUser
INFO: [ app_init ] --START--
INFO: Run Behavior\BuildLiteBehavior [ RunTime:0.000041s ]
INFO: [ app_init ] --END-- [ RunTime:0.001516s ]
INFO: [ app_begin ] --START--
INFO: Run Behavior\ReadHtmlCacheBehavior [ RunTime:0.002351s ]
INFO: [ app_begin ] --END-- [ RunTime:0.002562s ]
SQL: SHOW COLUMNS FROM `think_user` [ RunTime:0.010259s ]
SQL: DELETE FROM `think_user` WHERE `id` = 53 [ RunTime:0.000827s ]
INFO: [ view_parse ] --START--
INFO: Run Behavior\ParseTemplateBehavior [ RunTime:0.001211s ]
INFO: [ view_parse ] --END-- [ RunTime:0.001370s ]
INFO: [ view_filter ] --START--
INFO: Run Behavior\WriteHtmlCacheBehavior [ RunTime:0.001279s ]
INFO: [ view_filter ] --END-- [ RunTime:0.001442s ]
INFO: [ app_end ] --START--
INFO: Run Behavior\ShowPageTraceBehavior [ RunTime:0.001601s ]
INFO: [ app_end ] --END-- [ RunTime:0.001761s ]

[ 2015-05-06T11:12:32+08:00 ] 127.0.0.1 /qis/index.php/Admin/user/userdata
INFO: [ app_init ] --START--
INFO: Run Behavior\BuildLiteBehavior [ RunTime:0.000047s ]
INFO: [ app_init ] --END-- [ RunTime:0.001505s ]
INFO: [ app_begin ] --START--
INFO: Run Behavior\ReadHtmlCacheBehavior [ RunTime:0.002418s ]
INFO: [ app_begin ] --END-- [ RunTime:0.002596s ]
SQL: SHOW COLUMNS FROM `think_user` [ RunTime:0.010574s ]
SQL: SELECT * FROM `think_user`  [ RunTime:0.000647s ]
INFO: [ app_end ] --START--
INFO: Run Behavior\ShowPageTraceBehavior [ RunTime:0.001828s ]
INFO: [ app_end ] --END-- [ RunTime:0.002003s ]

[ 2015-05-06T11:12:57+08:00 ] 127.0.0.1 /qis/index.php/Admin/User/adduser
INFO: [ app_init ] --START--
INFO: Run Behavior\BuildLiteBehavior [ RunTime:0.000045s ]
INFO: [ app_init ] --END-- [ RunTime:0.001379s ]
INFO: [ app_begin ] --START--
INFO: Run Behavior\ReadHtmlCacheBehavior [ RunTime:0.001427s ]
INFO: [ app_begin ] --END-- [ RunTime:0.001642s ]
SQL: SHOW COLUMNS FROM `think_user` [ RunTime:0.010401s ]
SQL: SELECT * FROM `think_user` WHERE `username` = 'fjp2031' LIMIT 1   [ RunTime:0.001156s ]
SQL: INSERT INTO `think_user` (`username`,`group_id`,`email`,`password`,`status`,`creattime`,`login_num`) VALUES ('fjp2031','3','fjp203@163.com','b077465609ade3c9c657f4f14c2381c3',1,'15-05-06 11:12:56',0) [ RunTime:0.029177s ]
INFO: [ view_parse ] --START--
INFO: Run Behavior\ParseTemplateBehavior [ RunTime:0.001245s ]
INFO: [ view_parse ] --END-- [ RunTime:0.001430s ]
INFO: [ view_filter ] --START--
INFO: Run Behavior\WriteHtmlCacheBehavior [ RunTime:0.000854s ]
INFO: [ view_filter ] --END-- [ RunTime:0.001013s ]
INFO: [ app_end ] --START--
INFO: Run Behavior\ShowPageTraceBehavior [ RunTime:0.001612s ]
INFO: [ app_end ] --END-- [ RunTime:0.001825s ]

[ 2015-05-06T11:12:57+08:00 ] 127.0.0.1 /qis/index.php/Admin/user/userdata
INFO: [ app_init ] --START--
INFO: Run Behavior\BuildLiteBehavior [ RunTime:0.000037s ]
INFO: [ app_init ] --END-- [ RunTime:0.001103s ]
INFO: [ app_begin ] --START--
INFO: Run Behavior\ReadHtmlCacheBehavior [ RunTime:0.001585s ]
INFO: [ app_begin ] --END-- [ RunTime:0.001784s ]
SQL: SHOW COLUMNS FROM `think_user` [ RunTime:0.010415s ]
SQL: SELECT * FROM `think_user`  [ RunTime:0.000684s ]
INFO: [ app_end ] --START--
INFO: Run Behavior\ShowPageTraceBehavior [ RunTime:0.001272s ]
INFO: [ app_end ] --END-- [ RunTime:0.001409s ]

[ 2015-05-06T11:13:29+08:00 ] 127.0.0.1 /qis/index.php/Admin/User/adduser
INFO: [ app_init ] --START--
INFO: Run Behavior\BuildLiteBehavior [ RunTime:0.000037s ]
INFO: [ app_init ] --END-- [ RunTime:0.000886s ]
INFO: [ app_begin ] --START--
INFO: Run Behavior\ReadHtmlCacheBehavior [ RunTime:0.001296s ]
INFO: [ app_begin ] --END-- [ RunTime:0.001498s ]
SQL: SHOW COLUMNS FROM `think_user` [ RunTime:0.011246s ]
SQL: SELECT * FROM `think_user` WHERE `username` = 'fjp2032' LIMIT 1   [ RunTime:0.001017s ]
SQL: INSERT INTO `think_user` (`username`,`group_id`,`email`,`password`,`status`,`creattime`,`login_num`) VALUES ('fjp2032','2','fjp203@163.com','b077465609ade3c9c657f4f14c2381c3',1,'15-05-06 11:13:29',0) [ RunTime:0.000725s ]
INFO: [ view_parse ] --START--
INFO: Run Behavior\ParseTemplateBehavior [ RunTime:0.001038s ]
INFO: [ view_parse ] --END-- [ RunTime:0.001197s ]
INFO: [ view_filter ] --START--
INFO: Run Behavior\WriteHtmlCacheBehavior [ RunTime:0.000731s ]
INFO: [ view_filter ] --END-- [ RunTime:0.000868s ]
INFO: [ app_end ] --START--
INFO: Run Behavior\ShowPageTraceBehavior [ RunTime:0.001386s ]
INFO: [ app_end ] --END-- [ RunTime:0.001568s ]

[ 2015-05-06T11:13:29+08:00 ] 127.0.0.1 /qis/index.php/Admin/user/userdata
INFO: [ app_init ] --START--
INFO: Run Behavior\BuildLiteBehavior [ RunTime:0.000043s ]
INFO: [ app_init ] --END-- [ RunTime:0.001071s ]
INFO: [ app_begin ] --START--
INFO: Run Behavior\ReadHtmlCacheBehavior [ RunTime:0.001441s ]
INFO: [ app_begin ] --END-- [ RunTime:0.001614s ]
SQL: SHOW COLUMNS FROM `think_user` [ RunTime:0.009935s ]
SQL: SELECT * FROM `think_user`  [ RunTime:0.000740s ]
INFO: [ app_end ] --START--
INFO: Run Behavior\ShowPageTraceBehavior [ RunTime:0.001597s ]
INFO: [ app_end ] --END-- [ RunTime:0.001747s ]

[ 2015-05-06T11:13:33+08:00 ] 127.0.0.1 /qis/index.php/Admin/Login/logout
INFO: [ app_init ] --START--
INFO: Run Behavior\BuildLiteBehavior [ RunTime:0.000041s ]
INFO: [ app_init ] --END-- [ RunTime:0.001127s ]
INFO: [ app_begin ] --START--
INFO: Run Behavior\ReadHtmlCacheBehavior [ RunTime:0.001442s ]
INFO: [ app_begin ] --END-- [ RunTime:0.001656s ]
INFO: [ view_parse ] --START--
INFO: [ template_filter ] --START--
INFO: Run Behavior\ContentReplaceBehavior [ RunTime:0.000084s ]
INFO: [ template_filter ] --END-- [ RunTime:0.000220s ]
INFO: Run Behavior\ParseTemplateBehavior [ RunTime:0.037655s ]
INFO: [ view_parse ] --END-- [ RunTime:0.037887s ]
INFO: [ view_filter ] --START--
INFO: Run Behavior\WriteHtmlCacheBehavior [ RunTime:0.001091s ]
INFO: [ view_filter ] --END-- [ RunTime:0.001237s ]
INFO: [ app_end ] --START--
INFO: Run Behavior\ShowPageTraceBehavior [ RunTime:0.001429s ]
INFO: [ app_end ] --END-- [ RunTime:0.001597s ]

[ 2015-05-06T11:13:42+08:00 ] 127.0.0.1 /qis/index.php/Admin/Login/checkLogin
INFO: [ app_init ] --START--
INFO: Run Behavior\BuildLiteBehavior [ RunTime:0.000039s ]
INFO: [ app_init ] --END-- [ RunTime:0.001155s ]
INFO: [ app_begin ] --START--
INFO: Run Behavior\ReadHtmlCacheBehavior [ RunTime:0.001561s ]
INFO: [ app_begin ] --END-- [ RunTime:0.001760s ]
SQL: SHOW COLUMNS FROM `think_user` [ RunTime:0.013789s ]
SQL: SELECT * FROM `think_user` WHERE `username` = 'fjp2032' LIMIT 1   [ RunTime:0.000980s ]
SQL: UPDATE `think_user` SET `login_ip`='127.0.0.1',`last_login_time`='15-05-06 11:13:42' WHERE `id` = 58 [ RunTime:0.000743s ]
SQL: UPDATE `think_user` SET `login_num`=login_num+1 WHERE `id` = 58 [ RunTime:0.137872s ]
INFO: [ view_parse ] --START--
INFO: [ template_filter ] --START--
INFO: Run Behavior\ContentReplaceBehavior [ RunTime:0.000189s ]
INFO: [ template_filter ] --END-- [ RunTime:0.000470s ]
INFO: Run Behavior\ParseTemplateBehavior [ RunTime:0.034103s ]
INFO: [ view_parse ] --END-- [ RunTime:0.034432s ]
INFO: [ view_filter ] --START--
INFO: Run Behavior\WriteHtmlCacheBehavior [ RunTime:0.003206s ]
INFO: [ view_filter ] --END-- [ RunTime:0.003541s ]
INFO: [ app_end ] --START--
INFO: Run Behavior\ShowPageTraceBehavior [ RunTime:0.003350s ]
INFO: [ app_end ] --END-- [ RunTime:0.003658s ]

[ 2015-05-06T11:14:00+08:00 ] 127.0.0.1 /qis/index.php/Admin/Login/logout
INFO: [ app_init ] --START--
INFO: Run Behavior\BuildLiteBehavior [ RunTime:0.000041s ]
INFO: [ app_init ] --END-- [ RunTime:0.001443s ]
INFO: [ app_begin ] --START--
INFO: Run Behavior\ReadHtmlCacheBehavior [ RunTime:0.001156s ]
INFO: [ app_begin ] --END-- [ RunTime:0.001325s ]
INFO: [ view_parse ] --START--
INFO: [ template_filter ] --START--
INFO: Run Behavior\ContentReplaceBehavior [ RunTime:0.000133s ]
INFO: [ template_filter ] --END-- [ RunTime:0.000281s ]
INFO: Run Behavior\ParseTemplateBehavior [ RunTime:0.018278s ]
INFO: [ view_parse ] --END-- [ RunTime:0.018444s ]
INFO: [ view_filter ] --START--
INFO: Run Behavior\WriteHtmlCacheBehavior [ RunTime:0.000968s ]
INFO: [ view_filter ] --END-- [ RunTime:0.001107s ]
INFO: [ app_end ] --START--
INFO: Run Behavior\ShowPageTraceBehavior [ RunTime:0.001590s ]
INFO: [ app_end ] --END-- [ RunTime:0.004106s ]

[ 2015-05-06T11:14:10+08:00 ] 127.0.0.1 /qis/index.php/Admin/Login/checkLogin
INFO: [ app_init ] --START--
INFO: Run Behavior\BuildLiteBehavior [ RunTime:0.000310s ]
INFO: [ app_init ] --END-- [ RunTime:0.001458s ]
INFO: [ app_begin ] --START--
INFO: Run Behavior\ReadHtmlCacheBehavior [ RunTime:0.001246s ]
INFO: [ app_begin ] --END-- [ RunTime:0.001550s ]
SQL: SHOW COLUMNS FROM `think_user` [ RunTime:0.011604s ]
SQL: SELECT * FROM `think_user` WHERE `username` = 'fjp2033' LIMIT 1   [ RunTime:0.000778s ]
INFO: [ view_parse ] --START--
INFO: [ template_filter ] --START--
INFO: Run Behavior\ContentReplaceBehavior [ RunTime:0.000087s ]
INFO: [ template_filter ] --END-- [ RunTime:0.000217s ]
INFO: Run Behavior\ParseTemplateBehavior [ RunTime:0.014966s ]
INFO: [ view_parse ] --END-- [ RunTime:0.015137s ]
INFO: [ view_filter ] --START--
INFO: Run Behavior\WriteHtmlCacheBehavior [ RunTime:0.000861s ]
INFO: [ view_filter ] --END-- [ RunTime:0.001006s ]

[ 2015-05-06T11:14:22+08:00 ] 127.0.0.1 /qis/index.php/Admin/Login/checkLogin
INFO: [ app_init ] --START--
INFO: Run Behavior\BuildLiteBehavior [ RunTime:0.000037s ]
INFO: [ app_init ] --END-- [ RunTime:0.000901s ]
INFO: [ app_begin ] --START--
INFO: Run Behavior\ReadHtmlCacheBehavior [ RunTime:0.003203s ]
INFO: [ app_begin ] --END-- [ RunTime:0.003384s ]
SQL: SHOW COLUMNS FROM `think_user` [ RunTime:0.011024s ]
SQL: SELECT * FROM `think_user` WHERE `username` = 'fjp2033' LIMIT 1   [ RunTime:0.000727s ]
INFO: [ view_parse ] --START--
INFO: [ template_filter ] --START--
INFO: Run Behavior\ContentReplaceBehavior [ RunTime:0.000099s ]
INFO: [ template_filter ] --END-- [ RunTime:0.000260s ]
INFO: Run Behavior\ParseTemplateBehavior [ RunTime:0.015756s ]
INFO: [ view_parse ] --END-- [ RunTime:0.015942s ]
INFO: [ view_filter ] --START--
INFO: Run Behavior\WriteHtmlCacheBehavior [ RunTime:0.001798s ]
INFO: [ view_filter ] --END-- [ RunTime:0.002108s ]

[ 2015-05-06T11:14:37+08:00 ] 127.0.0.1 /qis/index.php/Admin/Login/checkLogin
INFO: [ app_init ] --START--
INFO: Run Behavior\BuildLiteBehavior [ RunTime:0.000046s ]
INFO: [ app_init ] --END-- [ RunTime:0.001078s ]
INFO: [ app_begin ] --START--
INFO: Run Behavior\ReadHtmlCacheBehavior [ RunTime:0.001254s ]
INFO: [ app_begin ] --END-- [ RunTime:0.001456s ]
SQL: SHOW COLUMNS FROM `think_user` [ RunTime:0.010079s ]
SQL: SELECT * FROM `think_user` WHERE `username` = 'fjp2031' LIMIT 1   [ RunTime:0.000856s ]
SQL: UPDATE `think_user` SET `login_ip`='127.0.0.1',`last_login_time`='15-05-06 11:14:37' WHERE `id` = 57 [ RunTime:0.000698s ]
SQL: UPDATE `think_user` SET `login_num`=login_num+1 WHERE `id` = 57 [ RunTime:0.000883s ]
INFO: [ view_parse ] --START--
INFO: [ template_filter ] --START--
INFO: Run Behavior\ContentReplaceBehavior [ RunTime:0.000082s ]
INFO: [ template_filter ] --END-- [ RunTime:0.000403s ]
INFO: Run Behavior\ParseTemplateBehavior [ RunTime:0.015602s ]
INFO: [ view_parse ] --END-- [ RunTime:0.015789s ]
INFO: [ view_filter ] --START--
INFO: Run Behavior\WriteHtmlCacheBehavior [ RunTime:0.000887s ]
INFO: [ view_filter ] --END-- [ RunTime:0.001054s ]
INFO: [ app_end ] --START--
INFO: Run Behavior\ShowPageTraceBehavior [ RunTime:0.002153s ]
INFO: [ app_end ] --END-- [ RunTime:0.002310s ]

[ 2015-05-06T11:19:11+08:00 ] 127.0.0.1 /qis/index.php/Admin/Login/logout
INFO: [ app_init ] --START--
INFO: Run Behavior\BuildLiteBehavior [ RunTime:0.000044s ]
INFO: [ app_init ] --END-- [ RunTime:0.001130s ]
INFO: [ app_begin ] --START--
INFO: Run Behavior\ReadHtmlCacheBehavior [ RunTime:0.001355s ]
INFO: [ app_begin ] --END-- [ RunTime:0.001591s ]
INFO: [ view_parse ] --START--
INFO: [ template_filter ] --START--
INFO: Run Behavior\ContentReplaceBehavior [ RunTime:0.000085s ]
INFO: [ template_filter ] --END-- [ RunTime:0.000223s ]
INFO: Run Behavior\ParseTemplateBehavior [ RunTime:0.015995s ]
INFO: [ view_parse ] --END-- [ RunTime:0.016178s ]
INFO: [ view_filter ] --START--
INFO: Run Behavior\WriteHtmlCacheBehavior [ RunTime:0.001066s ]
INFO: [ view_filter ] --END-- [ RunTime:0.001222s ]
INFO: [ app_end ] --START--
INFO: Run Behavior\ShowPageTraceBehavior [ RunTime:0.001626s ]
INFO: [ app_end ] --END-- [ RunTime:0.001780s ]

[ 2015-05-06T11:19:23+08:00 ] 127.0.0.1 /qis/index.php/Admin/Login/checkLogin
INFO: [ app_init ] --START--
INFO: Run Behavior\BuildLiteBehavior [ RunTime:0.000049s ]
INFO: [ app_init ] --END-- [ RunTime:0.001274s ]
INFO: [ app_begin ] --START--
INFO: Run Behavior\ReadHtmlCacheBehavior [ RunTime:0.001755s ]
INFO: [ app_begin ] --END-- [ RunTime:0.001995s ]
SQL: SHOW COLUMNS FROM `think_user` [ RunTime:0.013259s ]
SQL: SELECT * FROM `think_user` WHERE `username` = 'fjp203' LIMIT 1   [ RunTime:0.001095s ]
INFO: [ view_parse ] --START--
INFO: [ template_filter ] --START--
INFO: Run Behavior\ContentReplaceBehavior [ RunTime:0.000101s ]
INFO: [ template_filter ] --END-- [ RunTime:0.000261s ]
INFO: Run Behavior\ParseTemplateBehavior [ RunTime:0.028394s ]
INFO: [ view_parse ] --END-- [ RunTime:0.028560s ]
INFO: [ view_filter ] --START--
INFO: Run Behavior\WriteHtmlCacheBehavior [ RunTime:0.000887s ]
INFO: [ view_filter ] --END-- [ RunTime:0.001023s ]

[ 2015-05-06T11:19:34+08:00 ] 127.0.0.1 /qis/index.php/Admin/Login/checkLogin
INFO: [ app_init ] --START--
INFO: Run Behavior\BuildLiteBehavior [ RunTime:0.000048s ]
INFO: [ app_init ] --END-- [ RunTime:0.005627s ]
INFO: [ app_begin ] --START--
INFO: Run Behavior\ReadHtmlCacheBehavior [ RunTime:0.001540s ]
INFO: [ app_begin ] --END-- [ RunTime:0.001738s ]
SQL: SHOW COLUMNS FROM `think_user` [ RunTime:0.012489s ]
SQL: SELECT * FROM `think_user` WHERE `username` = 'fjp203' LIMIT 1   [ RunTime:0.000813s ]
SQL: UPDATE `think_user` SET `login_ip`='127.0.0.1',`last_login_time`='15-05-06 11:19:34' WHERE `id` = 52 [ RunTime:0.000871s ]
SQL: UPDATE `think_user` SET `login_num`=login_num+1 WHERE `id` = 52 [ RunTime:0.000540s ]
INFO: [ view_parse ] --START--
INFO: [ template_filter ] --START--
INFO: Run Behavior\ContentReplaceBehavior [ RunTime:0.000193s ]
INFO: [ template_filter ] --END-- [ RunTime:0.000560s ]
INFO: Run Behavior\ParseTemplateBehavior [ RunTime:0.016702s ]
INFO: [ view_parse ] --END-- [ RunTime:0.016882s ]
INFO: [ view_filter ] --START--
INFO: Run Behavior\WriteHtmlCacheBehavior [ RunTime:0.000785s ]
INFO: [ view_filter ] --END-- [ RunTime:0.000934s ]
INFO: [ app_end ] --START--
INFO: Run Behavior\ShowPageTraceBehavior [ RunTime:0.001277s ]
INFO: [ app_end ] --END-- [ RunTime:0.001420s ]

[ 2015-05-06T11:22:23+08:00 ] 127.0.0.1 /qis/index.php/Admin/Login/logout
INFO: [ app_init ] --START--
INFO: Run Behavior\BuildLiteBehavior [ RunTime:0.000041s ]
INFO: [ app_init ] --END-- [ RunTime:0.000996s ]
INFO: [ app_begin ] --START--
INFO: Run Behavior\ReadHtmlCacheBehavior [ RunTime:0.001418s ]
INFO: [ app_begin ] --END-- [ RunTime:0.001624s ]
INFO: [ view_parse ] --START--
INFO: [ template_filter ] --START--
INFO: Run Behavior\ContentReplaceBehavior [ RunTime:0.000103s ]
INFO: [ template_filter ] --END-- [ RunTime:0.000244s ]
INFO: Run Behavior\ParseTemplateBehavior [ RunTime:0.016881s ]
INFO: [ view_parse ] --END-- [ RunTime:0.017095s ]
INFO: [ view_filter ] --START--
INFO: Run Behavior\WriteHtmlCacheBehavior [ RunTime:0.001043s ]
INFO: [ view_filter ] --END-- [ RunTime:0.001188s ]
INFO: [ app_end ] --START--
INFO: Run Behavior\ShowPageTraceBehavior [ RunTime:0.003301s ]
INFO: [ app_end ] --END-- [ RunTime:0.003642s ]

[ 2015-05-06T11:22:27+08:00 ] 127.0.0.1 /qis/index.php/Admin/Login/checkLogin
INFO: [ app_init ] --START--
INFO: Run Behavior\BuildLiteBehavior [ RunTime:0.000041s ]
INFO: [ app_init ] --END-- [ RunTime:0.000964s ]
INFO: [ app_begin ] --START--
INFO: Run Behavior\ReadHtmlCacheBehavior [ RunTime:0.001170s ]
INFO: [ app_begin ] --END-- [ RunTime:0.001339s ]
SQL: SHOW COLUMNS FROM `think_user` [ RunTime:0.015874s ]
SQL: SELECT * FROM `think_user` WHERE `username` = 'fjp203' LIMIT 1   [ RunTime:0.001501s ]
SQL: UPDATE `think_user` SET `login_ip`='127.0.0.1',`last_login_time`='15-05-06 11:22:27' WHERE `id` = 52 [ RunTime:0.004375s ]
SQL: UPDATE `think_user` SET `login_num`=login_num+1 WHERE `id` = 52 [ RunTime:0.003367s ]
INFO: [ view_parse ] --START--
INFO: [ template_filter ] --START--
INFO: Run Behavior\ContentReplaceBehavior [ RunTime:0.000088s ]
INFO: [ template_filter ] --END-- [ RunTime:0.000227s ]
INFO: Run Behavior\ParseTemplateBehavior [ RunTime:0.024090s ]
INFO: [ view_parse ] --END-- [ RunTime:0.024320s ]
INFO: [ view_filter ] --START--
INFO: Run Behavior\WriteHtmlCacheBehavior [ RunTime:0.001164s ]
INFO: [ view_filter ] --END-- [ RunTime:0.001330s ]
INFO: [ app_end ] --START--
INFO: Run Behavior\ShowPageTraceBehavior [ RunTime:0.001736s ]
INFO: [ app_end ] --END-- [ RunTime:0.001993s ]

[ 2015-05-06T11:27:52+08:00 ] 127.0.0.1 /qis/index.php/Admin/Login/logout
INFO: [ app_init ] --START--
INFO: Run Behavior\BuildLiteBehavior [ RunTime:0.000037s ]
INFO: [ app_init ] --END-- [ RunTime:0.000993s ]
INFO: [ app_begin ] --START--
INFO: Run Behavior\ReadHtmlCacheBehavior [ RunTime:0.003952s ]
INFO: [ app_begin ] --END-- [ RunTime:0.004150s ]
INFO: [ view_parse ] --START--
INFO: [ template_filter ] --START--
INFO: Run Behavior\ContentReplaceBehavior [ RunTime:0.000096s ]
INFO: [ template_filter ] --END-- [ RunTime:0.000256s ]
INFO: Run Behavior\ParseTemplateBehavior [ RunTime:0.017805s ]
INFO: [ view_parse ] --END-- [ RunTime:0.018042s ]
INFO: [ view_filter ] --START--
INFO: Run Behavior\WriteHtmlCacheBehavior [ RunTime:0.001174s ]
INFO: [ view_filter ] --END-- [ RunTime:0.001338s ]
INFO: [ app_end ] --START--
INFO: Run Behavior\ShowPageTraceBehavior [ RunTime:0.001365s ]
INFO: [ app_end ] --END-- [ RunTime:0.001518s ]

[ 2015-05-06T11:27:57+08:00 ] 127.0.0.1 /qis/index.php/Admin/Login/checkLogin
INFO: [ app_init ] --START--
INFO: Run Behavior\BuildLiteBehavior [ RunTime:0.000040s ]
INFO: [ app_init ] --END-- [ RunTime:0.000974s ]
INFO: [ app_begin ] --START--
INFO: Run Behavior\ReadHtmlCacheBehavior [ RunTime:0.001207s ]
INFO: [ app_begin ] --END-- [ RunTime:0.001394s ]
SQL: SHOW COLUMNS FROM `think_user` [ RunTime:0.014044s ]
SQL: SELECT * FROM `think_user` WHERE `username` = 'fjp203' LIMIT 1   [ RunTime:0.000982s ]
SQL: UPDATE `think_user` SET `login_ip`='127.0.0.1',`last_login_time`='15-05-06 11:27:57' WHERE `id` = 52 [ RunTime:0.000796s ]
SQL: UPDATE `think_user` SET `login_num`=login_num+1 WHERE `id` = 52 [ RunTime:0.000716s ]
INFO: [ view_parse ] --START--
INFO: [ template_filter ] --START--
INFO: Run Behavior\ContentReplaceBehavior [ RunTime:0.000096s ]
INFO: [ template_filter ] --END-- [ RunTime:0.000246s ]
INFO: Run Behavior\ParseTemplateBehavior [ RunTime:0.017049s ]
INFO: [ view_parse ] --END-- [ RunTime:0.017214s ]
INFO: [ view_filter ] --START--
INFO: Run Behavior\WriteHtmlCacheBehavior [ RunTime:0.000981s ]
INFO: [ view_filter ] --END-- [ RunTime:0.001131s ]
INFO: [ app_end ] --START--
INFO: Run Behavior\ShowPageTraceBehavior [ RunTime:0.001508s ]
INFO: [ app_end ] --END-- [ RunTime:0.001661s ]

[ 2015-05-06T11:30:36+08:00 ] 127.0.0.1 /qis/index.php/Admin/User/user?_=1430883036057
INFO: [ app_init ] --START--
INFO: Run Behavior\BuildLiteBehavior [ RunTime:0.000075s ]
INFO: [ app_init ] --END-- [ RunTime:0.003407s ]
INFO: [ app_begin ] --START--
INFO: Run Behavior\ReadHtmlCacheBehavior [ RunTime:0.001749s ]
INFO: [ app_begin ] --END-- [ RunTime:0.001908s ]
SQL: SHOW COLUMNS FROM `think_auth_group` [ RunTime:0.014175s ]
SQL: SELECT * FROM `think_auth_group`  [ RunTime:0.000905s ]
INFO: [ view_parse ] --START--
INFO: [ template_filter ] --START--
INFO: Run Behavior\ContentReplaceBehavior [ RunTime:0.000286s ]
INFO: [ template_filter ] --END-- [ RunTime:0.000418s ]
NOTIC: [8] Use of undefined constant GROUP_NAME - assumed 'GROUP_NAME' E:\xampp\htdocs\QIS\Application\Runtime\Cache\Admin\2a29f2db7e5d066ba9b42bfd58f48adc.php 第 3 行.
INFO: Run Behavior\ParseTemplateBehavior [ RunTime:0.029758s ]
INFO: [ view_parse ] --END-- [ RunTime:0.029915s ]
INFO: [ view_filter ] --START--
INFO: Run Behavior\WriteHtmlCacheBehavior [ RunTime:0.000670s ]
INFO: [ view_filter ] --END-- [ RunTime:0.000802s ]
INFO: [ app_end ] --START--
INFO: Run Behavior\ShowPageTraceBehavior [ RunTime:0.002147s ]
INFO: [ app_end ] --END-- [ RunTime:0.002340s ]

[ 2015-05-06T11:30:37+08:00 ] 127.0.0.1 /qis/index.php/Admin/user/userdata
INFO: [ app_init ] --START--
INFO: Run Behavior\BuildLiteBehavior [ RunTime:0.000045s ]
INFO: [ app_init ] --END-- [ RunTime:0.001205s ]
INFO: [ app_begin ] --START--
INFO: Run Behavior\ReadHtmlCacheBehavior [ RunTime:0.001350s ]
INFO: [ app_begin ] --END-- [ RunTime:0.001547s ]
SQL: SHOW COLUMNS FROM `think_user` [ RunTime:0.016560s ]
SQL: SELECT * FROM `think_user`  [ RunTime:0.000885s ]
INFO: [ app_end ] --START--
INFO: Run Behavior\ShowPageTraceBehavior [ RunTime:0.001498s ]
INFO: [ app_end ] --END-- [ RunTime:0.001669s ]

