[ 2015-08-27T10:01:42+08:00 ] 127.0.0.1 /qis/index.php/Admin/Login/checkLogin
INFO: [ app_init ] --START--
INFO: Run Behavior\BuildLiteBehavior [ RunTime:0.000052s ]
INFO: [ app_init ] --END-- [ RunTime:0.001478s ]
INFO: [ app_begin ] --START--
INFO: Run Behavior\ReadHtmlCacheBehavior [ RunTime:0.001403s ]
INFO: [ app_begin ] --END-- [ RunTime:0.001673s ]
SQL: SHOW COLUMNS FROM `think_user` [ RunTime:0.0128s ]
SQL: SELECT * FROM `think_user` WHERE `username` = 'fjp203' LIMIT 1   [ RunTime:0.0224s ]
SQL: UPDATE `think_user` SET `login_ip`='127.0.0.1',`last_login_time`='15-08-27 10:01:42' WHERE `id` = 60 [ RunTime:0.0753s ]
SQL: UPDATE `think_user` SET `login_num`=login_num+1 WHERE `id` = 60 [ RunTime:0.0082s ]
INFO: [ view_parse ] --START--
INFO: [ template_filter ] --START--
INFO: Run Behavior\ContentReplaceBehavior [ RunTime:0.000091s ]
INFO: [ template_filter ] --END-- [ RunTime:0.000236s ]
INFO: Run Behavior\ParseTemplateBehavior [ RunTime:0.060056s ]
INFO: [ view_parse ] --END-- [ RunTime:0.060237s ]
INFO: [ view_filter ] --START--
INFO: Run Behavior\WriteHtmlCacheBehavior [ RunTime:0.000960s ]
INFO: [ view_filter ] --END-- [ RunTime:0.001127s ]
INFO: [ app_end ] --START--
INFO: Run Behavior\ShowPageTraceBehavior [ RunTime:0.001256s ]
INFO: [ app_end ] --END-- [ RunTime:0.001383s ]

[ 2015-08-27T13:38:58+08:00 ] 127.0.0.1 /qis/index.php/Admin/Login/checkLogin
INFO: [ app_init ] --START--
INFO: Run Behavior\BuildLiteBehavior [ RunTime:0.000057s ]
INFO: [ app_init ] --END-- [ RunTime:0.001247s ]
INFO: [ app_begin ] --START--
INFO: Run Behavior\ReadHtmlCacheBehavior [ RunTime:0.004101s ]
INFO: [ app_begin ] --END-- [ RunTime:0.004446s ]
SQL: SHOW COLUMNS FROM `think_user` [ RunTime:0.0315s ]
SQL: SELECT * FROM `think_user` WHERE `username` = 'fjp203' LIMIT 1   [ RunTime:0.0467s ]
SQL: UPDATE `think_user` SET `login_ip`='127.0.0.1',`last_login_time`='15-08-27 01:38:57' WHERE `id` = 60 [ RunTime:0.1688s ]
SQL: UPDATE `think_user` SET `login_num`=login_num+1 WHERE `id` = 60 [ RunTime:0.0017s ]
INFO: [ view_parse ] --START--
INFO: [ template_filter ] --START--
INFO: Run Behavior\ContentReplaceBehavior [ RunTime:0.000080s ]
INFO: [ template_filter ] --END-- [ RunTime:0.000208s ]
INFO: Run Behavior\ParseTemplateBehavior [ RunTime:0.175038s ]
INFO: [ view_parse ] --END-- [ RunTime:0.175363s ]
INFO: [ view_filter ] --START--
INFO: Run Behavior\WriteHtmlCacheBehavior [ RunTime:0.001887s ]
INFO: [ view_filter ] --END-- [ RunTime:0.002213s ]
INFO: [ app_end ] --START--
INFO: Run Behavior\ShowPageTraceBehavior [ RunTime:0.002935s ]
INFO: [ app_end ] --END-- [ RunTime:0.003238s ]

